Flow report for DDS_quartus
Wed Sep 27 20:14:41 2023
Quartus II 64-Bit Version 13.1.0 Build 162 10/23/2013 SJ Full Version


---------------------
; Table of Contents ;
---------------------
  1. Legal Notice
  2. Flow Summary
  3. Flow Settings
  4. Flow Non-Default Global Settings
  5. Flow Elapsed Time
  6. Flow OS Summary
  7. Flow Log
  8. Flow Messages
  9. Flow Suppressed Messages



----------------
; Legal Notice ;
----------------
Copyright (C) 1991-2013 Altera Corporation
Your use of Altera Corporation's design tools, logic functions 
and other software and tools, and its AMPP partner logic 
functions, and any output files from any of the foregoing 
(including device programming or simulation files), and any 
associated documentation or information are expressly subject 
to the terms and conditions of the Altera Program License 
Subscription Agreement, Altera MegaCore Function License 
Agreement, or other applicable license agreement, including, 
without limitation, that your use is for the sole purpose of 
programming logic devices manufactured by Altera and sold by 
Altera or its authorized distributors.  Please refer to the 
applicable agreement for further details.



+----------------------------------------------------------------------------------+
; Flow Summary                                                                     ;
+------------------------------------+---------------------------------------------+
; Flow Status                        ; Flow Failed - Wed Sep 27 20:14:41 2023      ;
; Quartus II 64-Bit Version          ; 13.1.0 Build 162 10/23/2013 SJ Full Version ;
; Revision Name                      ; DDS_quartus                                 ;
; Top-level Entity Name              ; DDS_quartus                                 ;
; Family                             ; Cyclone III                                 ;
; Device                             ; EP3C16U484C6                                ;
; Timing Models                      ; Final                                       ;
; Total logic elements               ; N/A until Partition Merge                   ;
;     Total combinational functions  ; N/A until Partition Merge                   ;
;     Dedicated logic registers      ; N/A until Partition Merge                   ;
; Total registers                    ; N/A until Partition Merge                   ;
; Total pins                         ; N/A until Partition Merge                   ;
; Total virtual pins                 ; N/A until Partition Merge                   ;
; Total memory bits                  ; N/A until Partition Merge                   ;
; Embedded Multiplier 9-bit elements ; N/A until Partition Merge                   ;
; Total PLLs                         ; N/A until Partition Merge                   ;
+------------------------------------+---------------------------------------------+


+-----------------------------------------+
; Flow Settings                           ;
+-------------------+---------------------+
; Option            ; Setting             ;
+-------------------+---------------------+
; Start date & time ; 09/19/2023 20:42:41 ;
; Main task         ; Compilation         ;
; Revision Name     ; DDS_quartus         ;
+-------------------+---------------------+


+------------------------------------------------------------------------------------------------------------------+
; Flow Non-Default Global Settings                                                                                 ;
+-------------------------------------+---------------------------------+---------------+-------------+------------+
; Assignment Name                     ; Value                           ; Default Value ; Entity Name ; Section Id ;
+-------------------------------------+---------------------------------+---------------+-------------+------------+
; COMPILER_SIGNATURE_ID               ; 158527627674065.169512736120876 ; --            ; --          ; --         ;
; PARTITION_COLOR                     ; 16764057                        ; --            ; --          ; Top        ;
; PARTITION_FITTER_PRESERVATION_LEVEL ; PLACEMENT_AND_ROUTING           ; --            ; --          ; Top        ;
; PARTITION_NETLIST_TYPE              ; SOURCE                          ; --            ; --          ; Top        ;
+-------------------------------------+---------------------------------+---------------+-------------+------------+


+-------------------------------------------------------------------------------------------------------------------------------+
; Flow Elapsed Time                                                                                                             ;
+---------------------------+--------------+-------------------------+---------------------+------------------------------------+
; Module Name               ; Elapsed Time ; Average Processors Used ; Peak Virtual Memory ; Total CPU Time (on all processors) ;
+---------------------------+--------------+-------------------------+---------------------+------------------------------------+
; Analysis & Synthesis      ; 00:00:06     ; 1.0                     ; 4786 MB             ; 00:00:02                           ;
; Fitter                    ; 00:00:14     ; 2.1                     ; 5627 MB             ; 00:00:06                           ;
; Assembler                 ; 00:00:01     ; 1.0                     ; 4617 MB             ; 00:00:00                           ;
; TimeQuest Timing Analyzer ; 00:00:03     ; 1.0                     ; 4772 MB             ; 00:00:01                           ;
; Analysis & Synthesis      ; 00:00:05     ; 1.4                     ; 4751 MB             ; 00:00:03                           ;
; Partition Merge           ; 00:00:01     ; 1.0                     ; 4690 MB             ; 00:00:01                           ;
; Fitter                    ; 00:00:09     ; 1.0                     ; 5616 MB             ; 00:00:04                           ;
; Assembler                 ; 00:00:01     ; 1.0                     ; 4622 MB             ; 00:00:00                           ;
; TimeQuest Timing Analyzer ; 00:00:02     ; 3.5                     ; 4758 MB             ; 00:00:01                           ;
; Analysis & Synthesis      ; 00:00:09     ; 1.7                     ; 4759 MB             ; 00:00:04                           ;
; Partition Merge           ; 00:00:01     ; 1.0                     ; 4667 MB             ; 00:00:00                           ;
; Fitter                    ; 00:00:08     ; 1.4                     ; 5604 MB             ; 00:00:03                           ;
; Assembler                 ; 00:00:01     ; 1.0                     ; 4614 MB             ; 00:00:00                           ;
; TimeQuest Timing Analyzer ; 00:00:02     ; 1.0                     ; 4745 MB             ; 00:00:01                           ;
; Analysis & Synthesis      ; 00:00:12     ; 1.7                     ; 4751 MB             ; 00:00:05                           ;
; Partition Merge           ; 00:00:02     ; 1.0                     ; 4672 MB             ; 00:00:01                           ;
; Fitter                    ; 00:00:14     ; 1.6                     ; 5645 MB             ; 00:00:08                           ;
; Assembler                 ; 00:00:02     ; 1.0                     ; 4622 MB             ; 00:00:00                           ;
; TimeQuest Timing Analyzer ; 00:00:03     ; 2.5                     ; 4798 MB             ; 00:00:01                           ;
; Analysis & Synthesis      ; 00:00:03     ; 1.0                     ; 4735 MB             ; 00:00:01                           ;
; Partition Merge           ; 00:00:01     ; 1.0                     ; 4694 MB             ; 00:00:01                           ;
; Fitter                    ; 00:00:10     ; 1.6                     ; 5630 MB             ; 00:00:05                           ;
; Assembler                 ; 00:00:01     ; 1.0                     ; 4618 MB             ; 00:00:01                           ;
; TimeQuest Timing Analyzer ; 00:00:03     ; 3.0                     ; 4787 MB             ; 00:00:01                           ;
; Analysis & Synthesis      ; 00:00:03     ; 1.0                     ; 4739 MB             ; 00:00:01                           ;
; Partition Merge           ; 00:00:02     ; 1.0                     ; 4694 MB             ; 00:00:00                           ;
; Fitter                    ; 00:00:10     ; 1.6                     ; 5610 MB             ; 00:00:06                           ;
; Assembler                 ; 00:00:01     ; 1.0                     ; 4622 MB             ; 00:00:01                           ;
; TimeQuest Timing Analyzer ; 00:00:03     ; 1.0                     ; 4777 MB             ; 00:00:01                           ;
; Analysis & Synthesis      ; 00:00:00     ; 1.0                     ; 4626 MB             ; 00:00:00                           ;
; Analysis & Synthesis      ; 00:00:00     ; 1.0                     ; 4621 MB             ; 00:00:00                           ;
; Analysis & Synthesis      ; 00:00:09     ; 1.8                     ; 4763 MB             ; 00:00:04                           ;
; Partition Merge           ; 00:00:00     ; 1.0                     ; 4683 MB             ; 00:00:00                           ;
; Fitter                    ; 00:00:08     ; 1.6                     ; 5610 MB             ; 00:00:04                           ;
; Assembler                 ; 00:00:01     ; 1.0                     ; 4623 MB             ; 00:00:00                           ;
; TimeQuest Timing Analyzer ; 00:00:02     ; 1.0                     ; 4753 MB             ; 00:00:01                           ;
; Analysis & Synthesis      ; 00:00:06     ; 1.5                     ; 4771 MB             ; 00:00:03                           ;
; Partition Merge           ; 00:00:01     ; 1.0                     ; 4694 MB             ; 00:00:01                           ;
; Fitter                    ; 00:00:08     ; 2.3                     ; 5596 MB             ; 00:00:05                           ;
; Assembler                 ; 00:00:01     ; 1.0                     ; 4625 MB             ; 00:00:01                           ;
; TimeQuest Timing Analyzer ; 00:00:02     ; 1.0                     ; 4752 MB             ; 00:00:01                           ;
; Analysis & Synthesis      ; 00:00:06     ; 1.6                     ; 4763 MB             ; 00:00:04                           ;
; Partition Merge           ; 00:00:01     ; 1.0                     ; 4692 MB             ; 00:00:01                           ;
; Fitter                    ; 00:00:08     ; 1.4                     ; 5595 MB             ; 00:00:05                           ;
; Assembler                 ; 00:00:01     ; 1.0                     ; 4622 MB             ; 00:00:00                           ;
; TimeQuest Timing Analyzer ; 00:00:02     ; 1.0                     ; 4753 MB             ; 00:00:01                           ;
; Analysis & Synthesis      ; 00:00:10     ; 1.7                     ; 4751 MB             ; 00:00:06                           ;
; Partition Merge           ; 00:00:01     ; 1.0                     ; 4687 MB             ; 00:00:01                           ;
; Fitter                    ; 00:00:10     ; 1.0                     ; 5643 MB             ; 00:00:06                           ;
; Assembler                 ; 00:00:01     ; 1.0                     ; 4625 MB             ; 00:00:01                           ;
; TimeQuest Timing Analyzer ; 00:00:02     ; 1.0                     ; 4763 MB             ; 00:00:01                           ;
; Analysis & Synthesis      ; 00:00:09     ; 1.7                     ; 4751 MB             ; 00:00:05                           ;
; Partition Merge           ; 00:00:01     ; 1.0                     ; 4682 MB             ; 00:00:01                           ;
; Fitter                    ; 00:00:10     ; 1.6                     ; 5628 MB             ; 00:00:05                           ;
; Assembler                 ; 00:00:01     ; 1.0                     ; 4625 MB             ; 00:00:00                           ;
; TimeQuest Timing Analyzer ; 00:00:02     ; 1.0                     ; 4782 MB             ; 00:00:01                           ;
; Analysis & Synthesis      ; 00:00:10     ; 1.8                     ; 4743 MB             ; 00:00:06                           ;
; Partition Merge           ; 00:00:01     ; 1.0                     ; 4682 MB             ; 00:00:01                           ;
; Fitter                    ; 00:00:10     ; 1.6                     ; 5663 MB             ; 00:00:05                           ;
; Assembler                 ; 00:00:01     ; 1.0                     ; 4617 MB             ; 00:00:01                           ;
; TimeQuest Timing Analyzer ; 00:00:03     ; 1.0                     ; 4763 MB             ; 00:00:01                           ;
; Analysis & Synthesis      ; 00:00:06     ; 1.4                     ; 4756 MB             ; 00:00:03                           ;
; Partition Merge           ; 00:00:01     ; 1.0                     ; 4671 MB             ; 00:00:00                           ;
; Fitter                    ; 00:00:05     ; 1.6                     ; 5586 MB             ; 00:00:03                           ;
; Assembler                 ; 00:00:01     ; 1.0                     ; 4613 MB             ; 00:00:00                           ;
; TimeQuest Timing Analyzer ; 00:00:02     ; 1.0                     ; 4730 MB             ; 00:00:01                           ;
; Analysis & Synthesis      ; 00:00:11     ; 1.7                     ; 4747 MB             ; 00:00:04                           ;
; Partition Merge           ; 00:00:01     ; 1.0                     ; 4682 MB             ; 00:00:00                           ;
; Fitter                    ; 00:00:10     ; 1.3                     ; 5625 MB             ; 00:00:04                           ;
; Assembler                 ; 00:00:02     ; 1.0                     ; 4622 MB             ; 00:00:01                           ;
; TimeQuest Timing Analyzer ; 00:00:02     ; 1.0                     ; 4755 MB             ; 00:00:01                           ;
; Analysis & Synthesis      ; 00:00:10     ; 1.7                     ; 4763 MB             ; 00:00:05                           ;
; Partition Merge           ; 00:00:01     ; 1.0                     ; 4682 MB             ; 00:00:01                           ;
; Fitter                    ; 00:00:09     ; 1.6                     ; 5629 MB             ; 00:00:05                           ;
; Assembler                 ; 00:00:02     ; 1.0                     ; 4617 MB             ; 00:00:00                           ;
; TimeQuest Timing Analyzer ; 00:00:02     ; 1.0                     ; 4760 MB             ; 00:00:01                           ;
; Analysis & Synthesis      ; 00:00:03     ; 1.0                     ; 4739 MB             ; 00:00:01                           ;
; Partition Merge           ; 00:00:01     ; 1.0                     ; 4687 MB             ; 00:00:01                           ;
; Fitter                    ; 00:00:08     ; 1.0                     ; 5606 MB             ; 00:00:05                           ;
; Assembler                 ; 00:00:01     ; 1.0                     ; 4629 MB             ; 00:00:01                           ;
; TimeQuest Timing Analyzer ; 00:00:02     ; 1.0                     ; 4756 MB             ; 00:00:01                           ;
; Analysis & Synthesis      ; 00:00:11     ; 1.6                     ; 4751 MB             ; 00:00:04                           ;
; Partition Merge           ; 00:00:01     ; 1.0                     ; 4687 MB             ; 00:00:00                           ;
; Fitter                    ; 00:00:10     ; 1.5                     ; 5635 MB             ; 00:00:04                           ;
; Assembler                 ; 00:00:01     ; 1.0                     ; 4617 MB             ; 00:00:01                           ;
; TimeQuest Timing Analyzer ; 00:00:03     ; 1.0                     ; 4763 MB             ; 00:00:01                           ;
; Analysis & Synthesis      ; 00:00:10     ; 1.7                     ; 4743 MB             ; 00:00:04                           ;
; Partition Merge           ; 00:00:01     ; 1.0                     ; 4682 MB             ; 00:00:00                           ;
; Fitter                    ; 00:00:09     ; 1.6                     ; 5630 MB             ; 00:00:04                           ;
; Assembler                 ; 00:00:01     ; 1.0                     ; 4617 MB             ; 00:00:00                           ;
; TimeQuest Timing Analyzer ; 00:00:03     ; 1.0                     ; 4766 MB             ; 00:00:01                           ;
; Analysis & Synthesis      ; 00:00:12     ; 1.6                     ; 4752 MB             ; 00:00:05                           ;
; Partition Merge           ; 00:00:02     ; 1.0                     ; 4688 MB             ; 00:00:00                           ;
; Fitter                    ; 00:00:14     ; 1.5                     ; 5636 MB             ; 00:00:06                           ;
; Assembler                 ; 00:00:01     ; 1.0                     ; 4618 MB             ; 00:00:01                           ;
; TimeQuest Timing Analyzer ; 00:00:03     ; 1.0                     ; 4757 MB             ; 00:00:01                           ;
; Analysis & Synthesis      ; 00:00:10     ; 1.6                     ; 4749 MB             ; 00:00:05                           ;
; Analysis & Synthesis      ; 00:00:10     ; 1.6                     ; 4755 MB             ; 00:00:06                           ;
; Partition Merge           ; 00:00:01     ; 1.0                     ; 4683 MB             ; 00:00:01                           ;
; Fitter                    ; 00:00:10     ; 1.8                     ; 5637 MB             ; 00:00:05                           ;
; Assembler                 ; 00:00:01     ; 1.0                     ; 4626 MB             ; 00:00:00                           ;
; TimeQuest Timing Analyzer ; 00:00:02     ; 1.0                     ; 4780 MB             ; 00:00:01                           ;
; Analysis & Synthesis      ; 00:00:11     ; 1.7                     ; 4753 MB             ; 00:00:04                           ;
; Partition Merge           ; 00:00:01     ; 1.0                     ; 4683 MB             ; 00:00:01                           ;
; Fitter                    ; 00:00:09     ; 1.6                     ; 5638 MB             ; 00:00:05                           ;
; Assembler                 ; 00:00:01     ; 1.0                     ; 4626 MB             ; 00:00:00                           ;
; TimeQuest Timing Analyzer ; 00:00:02     ; 1.0                     ; 4784 MB             ; 00:00:01                           ;
; Analysis & Synthesis      ; 00:00:06     ; 1.3                     ; 4749 MB             ; 00:00:02                           ;
; Partition Merge           ; 00:00:00     ; 1.0                     ; 4672 MB             ; 00:00:00                           ;
; Fitter                    ; 00:00:05     ; 1.0                     ; 5588 MB             ; 00:00:02                           ;
; Assembler                 ; 00:00:01     ; 1.0                     ; 4606 MB             ; 00:00:00                           ;
; TimeQuest Timing Analyzer ; 00:00:01     ; 1.0                     ; 4730 MB             ; 00:00:01                           ;
; Analysis & Synthesis      ; 00:00:11     ; 1.6                     ; 4743 MB             ; 00:00:05                           ;
; Partition Merge           ; 00:00:01     ; 1.0                     ; 4683 MB             ; 00:00:00                           ;
; Fitter                    ; 00:00:10     ; 1.3                     ; 5632 MB             ; 00:00:05                           ;
; Assembler                 ; 00:00:01     ; 1.0                     ; 4618 MB             ; 00:00:01                           ;
; TimeQuest Timing Analyzer ; 00:00:02     ; 1.0                     ; 4761 MB             ; 00:00:01                           ;
; Analysis & Synthesis      ; 00:00:04     ; 1.0                     ; 4740 MB             ; 00:00:02                           ;
; Partition Merge           ; 00:00:01     ; 1.0                     ; 4688 MB             ; 00:00:01                           ;
; Fitter                    ; 00:00:09     ; 2.1                     ; 5579 MB             ; 00:00:04                           ;
; Assembler                 ; 00:00:01     ; 1.0                     ; 4626 MB             ; 00:00:00                           ;
; TimeQuest Timing Analyzer ; 00:00:02     ; 3.5                     ; 4762 MB             ; 00:00:01                           ;
; Analysis & Synthesis      ; 00:00:06     ; 1.4                     ; 4757 MB             ; 00:00:03                           ;
; Partition Merge           ; 00:00:01     ; 1.0                     ; 4667 MB             ; 00:00:00                           ;
; Fitter                    ; 00:00:05     ; 1.0                     ; 5605 MB             ; 00:00:02                           ;
; Assembler                 ; 00:00:01     ; 1.0                     ; 4614 MB             ; 00:00:00                           ;
; TimeQuest Timing Analyzer ; 00:00:01     ; 1.0                     ; 4726 MB             ; 00:00:01                           ;
; Analysis & Synthesis      ; 00:00:09     ; 1.7                     ; 4759 MB             ; 00:00:05                           ;
; Partition Merge           ; 00:00:01     ; 1.0                     ; 4683 MB             ; 00:00:00                           ;
; Fitter                    ; 00:00:09     ; 1.0                     ; 5633 MB             ; 00:00:04                           ;
; Assembler                 ; 00:00:01     ; 1.0                     ; 4618 MB             ; 00:00:00                           ;
; TimeQuest Timing Analyzer ; 00:00:02     ; 1.0                     ; 4764 MB             ; 00:00:01                           ;
; Analysis & Synthesis      ; 00:00:01     ; 1.0                     ; 4675 MB             ; 00:00:00                           ;
; Analysis & Synthesis      ; 00:00:00     ; 1.0                     ; 4682 MB             ; 00:00:00                           ;
; Analysis & Synthesis      ; 00:00:03     ; 1.0                     ; 4734 MB             ; 00:00:01                           ;
; Analysis & Synthesis      ; 00:00:02     ; 1.0                     ; 4734 MB             ; 00:00:01                           ;
; Analysis & Synthesis      ; 00:00:09     ; 1.8                     ; 4740 MB             ; 00:00:04                           ;
; Partition Merge           ; 00:00:01     ; 1.0                     ; 4683 MB             ; 00:00:01                           ;
; Fitter                    ; 00:00:10     ; 1.0                     ; 5635 MB             ; 00:00:04                           ;
; Assembler                 ; 00:00:01     ; 1.0                     ; 4626 MB             ; 00:00:01                           ;
; TimeQuest Timing Analyzer ; 00:00:02     ; 1.0                     ; 4756 MB             ; 00:00:01                           ;
; Analysis & Synthesis      ; 00:00:10     ; 1.6                     ; 4749 MB             ; 00:00:04                           ;
; Partition Merge           ; 00:00:01     ; 1.0                     ; 4688 MB             ; 00:00:00                           ;
; Fitter                    ; 00:00:11     ; 2.3                     ; 5661 MB             ; 00:00:04                           ;
; Assembler                 ; 00:00:02     ; 1.0                     ; 4626 MB             ; 00:00:00                           ;
; TimeQuest Timing Analyzer ; 00:00:02     ; 1.0                     ; 4760 MB             ; 00:00:01                           ;
; Analysis & Synthesis      ; 00:00:09     ; 1.7                     ; 4753 MB             ; 00:00:05                           ;
; Partition Merge           ; 00:00:01     ; 1.0                     ; 4688 MB             ; 00:00:01                           ;
; Fitter                    ; 00:00:09     ; 1.0                     ; 5649 MB             ; 00:00:05                           ;
; Assembler                 ; 00:00:01     ; 1.0                     ; 4626 MB             ; 00:00:01                           ;
; TimeQuest Timing Analyzer ; 00:00:02     ; 1.0                     ; 4781 MB             ; 00:00:01                           ;
; Analysis & Synthesis      ; 00:00:00     ; 1.0                     ; 4675 MB             ; 00:00:00                           ;
; Analysis & Synthesis      ; 00:00:01     ; 1.0                     ; 4670 MB             ; 00:00:00                           ;
; Analysis & Synthesis      ; 00:00:01     ; 1.0                     ; 4706 MB             ; 00:00:01                           ;
; Analysis & Synthesis      ; 00:00:01     ; 1.0                     ; 4713 MB             ; 00:00:01                           ;
; Analysis & Synthesis      ; 00:00:02     ; 1.0                     ; 4713 MB             ; 00:00:01                           ;
; Analysis & Synthesis      ; 00:00:02     ; 1.0                     ; 4721 MB             ; 00:00:00                           ;
; Analysis & Synthesis      ; 00:00:00     ; 1.0                     ; 4669 MB             ; 00:00:00                           ;
; Analysis & Synthesis      ; 00:00:02     ; 1.0                     ; 4706 MB             ; 00:00:01                           ;
; Analysis & Synthesis      ; 00:00:01     ; 1.0                     ; 4721 MB             ; 00:00:01                           ;
; Analysis & Synthesis      ; 00:00:00     ; 1.0                     ; 4668 MB             ; 00:00:00                           ;
; Analysis & Synthesis      ; 00:00:01     ; 1.0                     ; 4669 MB             ; 00:00:00                           ;
; Analysis & Synthesis      ; 00:00:02     ; 1.0                     ; 4705 MB             ; 00:00:01                           ;
; Total                     ; 00:11:02     ; --                      ; --                  ; 00:05:12                           ;
+---------------------------+--------------+-------------------------+---------------------+------------------------------------+


+----------------------------------------------------------------------------------------+
; Flow OS Summary                                                                        ;
+---------------------------+------------------+-----------+------------+----------------+
; Module Name               ; Machine Hostname ; OS Name   ; OS Version ; Processor type ;
+---------------------------+------------------+-----------+------------+----------------+
; Analysis & Synthesis      ; MOERJIE_PC       ; Windows 7 ; 6.2        ; x86_64         ;
; Fitter                    ; MOERJIE_PC       ; Windows 7 ; 6.2        ; x86_64         ;
; Assembler                 ; MOERJIE_PC       ; Windows 7 ; 6.2        ; x86_64         ;
; TimeQuest Timing Analyzer ; MOERJIE_PC       ; Windows 7 ; 6.2        ; x86_64         ;
; Analysis & Synthesis      ; MOERJIE_PC       ; Windows 7 ; 6.2        ; x86_64         ;
; Partition Merge           ; MOERJIE_PC       ; Windows 7 ; 6.2        ; x86_64         ;
; Fitter                    ; MOERJIE_PC       ; Windows 7 ; 6.2        ; x86_64         ;
; Assembler                 ; MOERJIE_PC       ; Windows 7 ; 6.2        ; x86_64         ;
; TimeQuest Timing Analyzer ; MOERJIE_PC       ; Windows 7 ; 6.2        ; x86_64         ;
; Analysis & Synthesis      ; MOERJIE_PC       ; Windows 7 ; 6.2        ; x86_64         ;
; Partition Merge           ; MOERJIE_PC       ; Windows 7 ; 6.2        ; x86_64         ;
; Fitter                    ; MOERJIE_PC       ; Windows 7 ; 6.2        ; x86_64         ;
; Assembler                 ; MOERJIE_PC       ; Windows 7 ; 6.2        ; x86_64         ;
; TimeQuest Timing Analyzer ; MOERJIE_PC       ; Windows 7 ; 6.2        ; x86_64         ;
; Analysis & Synthesis      ; MOERJIE_PC       ; Windows 7 ; 6.2        ; x86_64         ;
; Partition Merge           ; MOERJIE_PC       ; Windows 7 ; 6.2        ; x86_64         ;
; Fitter                    ; MOERJIE_PC       ; Windows 7 ; 6.2        ; x86_64         ;
; Assembler                 ; MOERJIE_PC       ; Windows 7 ; 6.2        ; x86_64         ;
; TimeQuest Timing Analyzer ; MOERJIE_PC       ; Windows 7 ; 6.2        ; x86_64         ;
; Analysis & Synthesis      ; MOERJIE_PC       ; Windows 7 ; 6.2        ; x86_64         ;
; Partition Merge           ; MOERJIE_PC       ; Windows 7 ; 6.2        ; x86_64         ;
; Fitter                    ; MOERJIE_PC       ; Windows 7 ; 6.2        ; x86_64         ;
; Assembler                 ; MOERJIE_PC       ; Windows 7 ; 6.2        ; x86_64         ;
; TimeQuest Timing Analyzer ; MOERJIE_PC       ; Windows 7 ; 6.2        ; x86_64         ;
; Analysis & Synthesis      ; MOERJIE_PC       ; Windows 7 ; 6.2        ; x86_64         ;
; Partition Merge           ; MOERJIE_PC       ; Windows 7 ; 6.2        ; x86_64         ;
; Fitter                    ; MOERJIE_PC       ; Windows 7 ; 6.2        ; x86_64         ;
; Assembler                 ; MOERJIE_PC       ; Windows 7 ; 6.2        ; x86_64         ;
; TimeQuest Timing Analyzer ; MOERJIE_PC       ; Windows 7 ; 6.2        ; x86_64         ;
; Analysis & Synthesis      ; MOERJIE_PC       ; Windows 7 ; 6.2        ; x86_64         ;
; Analysis & Synthesis      ; MOERJIE_PC       ; Windows 7 ; 6.2        ; x86_64         ;
; Analysis & Synthesis      ; MOERJIE_PC       ; Windows 7 ; 6.2        ; x86_64         ;
; Partition Merge           ; MOERJIE_PC       ; Windows 7 ; 6.2        ; x86_64         ;
; Fitter                    ; MOERJIE_PC       ; Windows 7 ; 6.2        ; x86_64         ;
; Assembler                 ; MOERJIE_PC       ; Windows 7 ; 6.2        ; x86_64         ;
; TimeQuest Timing Analyzer ; MOERJIE_PC       ; Windows 7 ; 6.2        ; x86_64         ;
; Analysis & Synthesis      ; MOERJIE_PC       ; Windows 7 ; 6.2        ; x86_64         ;
; Partition Merge           ; MOERJIE_PC       ; Windows 7 ; 6.2        ; x86_64         ;
; Fitter                    ; MOERJIE_PC       ; Windows 7 ; 6.2        ; x86_64         ;
; Assembler                 ; MOERJIE_PC       ; Windows 7 ; 6.2        ; x86_64         ;
; TimeQuest Timing Analyzer ; MOERJIE_PC       ; Windows 7 ; 6.2        ; x86_64         ;
; Analysis & Synthesis      ; MOERJIE_PC       ; Windows 7 ; 6.2        ; x86_64         ;
; Partition Merge           ; MOERJIE_PC       ; Windows 7 ; 6.2        ; x86_64         ;
; Fitter                    ; MOERJIE_PC       ; Windows 7 ; 6.2        ; x86_64         ;
; Assembler                 ; MOERJIE_PC       ; Windows 7 ; 6.2        ; x86_64         ;
; TimeQuest Timing Analyzer ; MOERJIE_PC       ; Windows 7 ; 6.2        ; x86_64         ;
; Analysis & Synthesis      ; MOERJIE_PC       ; Windows 7 ; 6.2        ; x86_64         ;
; Partition Merge           ; MOERJIE_PC       ; Windows 7 ; 6.2        ; x86_64         ;
; Fitter                    ; MOERJIE_PC       ; Windows 7 ; 6.2        ; x86_64         ;
; Assembler                 ; MOERJIE_PC       ; Windows 7 ; 6.2        ; x86_64         ;
; TimeQuest Timing Analyzer ; MOERJIE_PC       ; Windows 7 ; 6.2        ; x86_64         ;
; Analysis & Synthesis      ; MOERJIE_PC       ; Windows 7 ; 6.2        ; x86_64         ;
; Partition Merge           ; MOERJIE_PC       ; Windows 7 ; 6.2        ; x86_64         ;
; Fitter                    ; MOERJIE_PC       ; Windows 7 ; 6.2        ; x86_64         ;
; Assembler                 ; MOERJIE_PC       ; Windows 7 ; 6.2        ; x86_64         ;
; TimeQuest Timing Analyzer ; MOERJIE_PC       ; Windows 7 ; 6.2        ; x86_64         ;
; Analysis & Synthesis      ; MOERJIE_PC       ; Windows 7 ; 6.2        ; x86_64         ;
; Partition Merge           ; MOERJIE_PC       ; Windows 7 ; 6.2        ; x86_64         ;
; Fitter                    ; MOERJIE_PC       ; Windows 7 ; 6.2        ; x86_64         ;
; Assembler                 ; MOERJIE_PC       ; Windows 7 ; 6.2        ; x86_64         ;
; TimeQuest Timing Analyzer ; MOERJIE_PC       ; Windows 7 ; 6.2        ; x86_64         ;
; Analysis & Synthesis      ; MOERJIE_PC       ; Windows 7 ; 6.2        ; x86_64         ;
; Partition Merge           ; MOERJIE_PC       ; Windows 7 ; 6.2        ; x86_64         ;
; Fitter                    ; MOERJIE_PC       ; Windows 7 ; 6.2        ; x86_64         ;
; Assembler                 ; MOERJIE_PC       ; Windows 7 ; 6.2        ; x86_64         ;
; TimeQuest Timing Analyzer ; MOERJIE_PC       ; Windows 7 ; 6.2        ; x86_64         ;
; Analysis & Synthesis      ; MOERJIE_PC       ; Windows 7 ; 6.2        ; x86_64         ;
; Partition Merge           ; MOERJIE_PC       ; Windows 7 ; 6.2        ; x86_64         ;
; Fitter                    ; MOERJIE_PC       ; Windows 7 ; 6.2        ; x86_64         ;
; Assembler                 ; MOERJIE_PC       ; Windows 7 ; 6.2        ; x86_64         ;
; TimeQuest Timing Analyzer ; MOERJIE_PC       ; Windows 7 ; 6.2        ; x86_64         ;
; Analysis & Synthesis      ; MOERJIE_PC       ; Windows 7 ; 6.2        ; x86_64         ;
; Partition Merge           ; MOERJIE_PC       ; Windows 7 ; 6.2        ; x86_64         ;
; Fitter                    ; MOERJIE_PC       ; Windows 7 ; 6.2        ; x86_64         ;
; Assembler                 ; MOERJIE_PC       ; Windows 7 ; 6.2        ; x86_64         ;
; TimeQuest Timing Analyzer ; MOERJIE_PC       ; Windows 7 ; 6.2        ; x86_64         ;
; Analysis & Synthesis      ; MOERJIE_PC       ; Windows 7 ; 6.2        ; x86_64         ;
; Partition Merge           ; MOERJIE_PC       ; Windows 7 ; 6.2        ; x86_64         ;
; Fitter                    ; MOERJIE_PC       ; Windows 7 ; 6.2        ; x86_64         ;
; Assembler                 ; MOERJIE_PC       ; Windows 7 ; 6.2        ; x86_64         ;
; TimeQuest Timing Analyzer ; MOERJIE_PC       ; Windows 7 ; 6.2        ; x86_64         ;
; Analysis & Synthesis      ; MOERJIE_PC       ; Windows 7 ; 6.2        ; x86_64         ;
; Partition Merge           ; MOERJIE_PC       ; Windows 7 ; 6.2        ; x86_64         ;
; Fitter                    ; MOERJIE_PC       ; Windows 7 ; 6.2        ; x86_64         ;
; Assembler                 ; MOERJIE_PC       ; Windows 7 ; 6.2        ; x86_64         ;
; TimeQuest Timing Analyzer ; MOERJIE_PC       ; Windows 7 ; 6.2        ; x86_64         ;
; Analysis & Synthesis      ; MOERJIE_PC       ; Windows 7 ; 6.2        ; x86_64         ;
; Partition Merge           ; MOERJIE_PC       ; Windows 7 ; 6.2        ; x86_64         ;
; Fitter                    ; MOERJIE_PC       ; Windows 7 ; 6.2        ; x86_64         ;
; Assembler                 ; MOERJIE_PC       ; Windows 7 ; 6.2        ; x86_64         ;
; TimeQuest Timing Analyzer ; MOERJIE_PC       ; Windows 7 ; 6.2        ; x86_64         ;
; Analysis & Synthesis      ; MOERJIE_PC       ; Windows 7 ; 6.2        ; x86_64         ;
; Partition Merge           ; MOERJIE_PC       ; Windows 7 ; 6.2        ; x86_64         ;
; Fitter                    ; MOERJIE_PC       ; Windows 7 ; 6.2        ; x86_64         ;
; Assembler                 ; MOERJIE_PC       ; Windows 7 ; 6.2        ; x86_64         ;
; TimeQuest Timing Analyzer ; MOERJIE_PC       ; Windows 7 ; 6.2        ; x86_64         ;
; Analysis & Synthesis      ; MOERJIE_PC       ; Windows 7 ; 6.2        ; x86_64         ;
; Analysis & Synthesis      ; MOERJIE_PC       ; Windows 7 ; 6.2        ; x86_64         ;
; Partition Merge           ; MOERJIE_PC       ; Windows 7 ; 6.2        ; x86_64         ;
; Fitter                    ; MOERJIE_PC       ; Windows 7 ; 6.2        ; x86_64         ;
; Assembler                 ; MOERJIE_PC       ; Windows 7 ; 6.2        ; x86_64         ;
; TimeQuest Timing Analyzer ; MOERJIE_PC       ; Windows 7 ; 6.2        ; x86_64         ;
; Analysis & Synthesis      ; MOERJIE_PC       ; Windows 7 ; 6.2        ; x86_64         ;
; Partition Merge           ; MOERJIE_PC       ; Windows 7 ; 6.2        ; x86_64         ;
; Fitter                    ; MOERJIE_PC       ; Windows 7 ; 6.2        ; x86_64         ;
; Assembler                 ; MOERJIE_PC       ; Windows 7 ; 6.2        ; x86_64         ;
; TimeQuest Timing Analyzer ; MOERJIE_PC       ; Windows 7 ; 6.2        ; x86_64         ;
; Analysis & Synthesis      ; MOERJIE_PC       ; Windows 7 ; 6.2        ; x86_64         ;
; Partition Merge           ; MOERJIE_PC       ; Windows 7 ; 6.2        ; x86_64         ;
; Fitter                    ; MOERJIE_PC       ; Windows 7 ; 6.2        ; x86_64         ;
; Assembler                 ; MOERJIE_PC       ; Windows 7 ; 6.2        ; x86_64         ;
; TimeQuest Timing Analyzer ; MOERJIE_PC       ; Windows 7 ; 6.2        ; x86_64         ;
; Analysis & Synthesis      ; MOERJIE_PC       ; Windows 7 ; 6.2        ; x86_64         ;
; Partition Merge           ; MOERJIE_PC       ; Windows 7 ; 6.2        ; x86_64         ;
; Fitter                    ; MOERJIE_PC       ; Windows 7 ; 6.2        ; x86_64         ;
; Assembler                 ; MOERJIE_PC       ; Windows 7 ; 6.2        ; x86_64         ;
; TimeQuest Timing Analyzer ; MOERJIE_PC       ; Windows 7 ; 6.2        ; x86_64         ;
; Analysis & Synthesis      ; MOERJIE_PC       ; Windows 7 ; 6.2        ; x86_64         ;
; Partition Merge           ; MOERJIE_PC       ; Windows 7 ; 6.2        ; x86_64         ;
; Fitter                    ; MOERJIE_PC       ; Windows 7 ; 6.2        ; x86_64         ;
; Assembler                 ; MOERJIE_PC       ; Windows 7 ; 6.2        ; x86_64         ;
; TimeQuest Timing Analyzer ; MOERJIE_PC       ; Windows 7 ; 6.2        ; x86_64         ;
; Analysis & Synthesis      ; MOERJIE_PC       ; Windows 7 ; 6.2        ; x86_64         ;
; Partition Merge           ; MOERJIE_PC       ; Windows 7 ; 6.2        ; x86_64         ;
; Fitter                    ; MOERJIE_PC       ; Windows 7 ; 6.2        ; x86_64         ;
; Assembler                 ; MOERJIE_PC       ; Windows 7 ; 6.2        ; x86_64         ;
; TimeQuest Timing Analyzer ; MOERJIE_PC       ; Windows 7 ; 6.2        ; x86_64         ;
; Analysis & Synthesis      ; MOERJIE_PC       ; Windows 7 ; 6.2        ; x86_64         ;
; Partition Merge           ; MOERJIE_PC       ; Windows 7 ; 6.2        ; x86_64         ;
; Fitter                    ; MOERJIE_PC       ; Windows 7 ; 6.2        ; x86_64         ;
; Assembler                 ; MOERJIE_PC       ; Windows 7 ; 6.2        ; x86_64         ;
; TimeQuest Timing Analyzer ; MOERJIE_PC       ; Windows 7 ; 6.2        ; x86_64         ;
; Analysis & Synthesis      ; MOERJIE_PC       ; Windows 7 ; 6.2        ; x86_64         ;
; Analysis & Synthesis      ; MOERJIE_PC       ; Windows 7 ; 6.2        ; x86_64         ;
; Analysis & Synthesis      ; MOERJIE_PC       ; Windows 7 ; 6.2        ; x86_64         ;
; Analysis & Synthesis      ; MOERJIE_PC       ; Windows 7 ; 6.2        ; x86_64         ;
; Analysis & Synthesis      ; MOERJIE_PC       ; Windows 7 ; 6.2        ; x86_64         ;
; Partition Merge           ; MOERJIE_PC       ; Windows 7 ; 6.2        ; x86_64         ;
; Fitter                    ; MOERJIE_PC       ; Windows 7 ; 6.2        ; x86_64         ;
; Assembler                 ; MOERJIE_PC       ; Windows 7 ; 6.2        ; x86_64         ;
; TimeQuest Timing Analyzer ; MOERJIE_PC       ; Windows 7 ; 6.2        ; x86_64         ;
; Analysis & Synthesis      ; MOERJIE_PC       ; Windows 7 ; 6.2        ; x86_64         ;
; Partition Merge           ; MOERJIE_PC       ; Windows 7 ; 6.2        ; x86_64         ;
; Fitter                    ; MOERJIE_PC       ; Windows 7 ; 6.2        ; x86_64         ;
; Assembler                 ; MOERJIE_PC       ; Windows 7 ; 6.2        ; x86_64         ;
; TimeQuest Timing Analyzer ; MOERJIE_PC       ; Windows 7 ; 6.2        ; x86_64         ;
; Analysis & Synthesis      ; MOERJIE_PC       ; Windows 7 ; 6.2        ; x86_64         ;
; Partition Merge           ; MOERJIE_PC       ; Windows 7 ; 6.2        ; x86_64         ;
; Fitter                    ; MOERJIE_PC       ; Windows 7 ; 6.2        ; x86_64         ;
; Assembler                 ; MOERJIE_PC       ; Windows 7 ; 6.2        ; x86_64         ;
; TimeQuest Timing Analyzer ; MOERJIE_PC       ; Windows 7 ; 6.2        ; x86_64         ;
; Analysis & Synthesis      ; MOERJIE_PC       ; Windows 7 ; 6.2        ; x86_64         ;
; Analysis & Synthesis      ; MOERJIE_PC       ; Windows 7 ; 6.2        ; x86_64         ;
; Analysis & Synthesis      ; MOERJIE_PC       ; Windows 7 ; 6.2        ; x86_64         ;
; Analysis & Synthesis      ; MOERJIE_PC       ; Windows 7 ; 6.2        ; x86_64         ;
; Analysis & Synthesis      ; MOERJIE_PC       ; Windows 7 ; 6.2        ; x86_64         ;
; Analysis & Synthesis      ; MOERJIE_PC       ; Windows 7 ; 6.2        ; x86_64         ;
; Analysis & Synthesis      ; MOERJIE_PC       ; Windows 7 ; 6.2        ; x86_64         ;
; Analysis & Synthesis      ; MOERJIE_PC       ; Windows 7 ; 6.2        ; x86_64         ;
; Analysis & Synthesis      ; MOERJIE_PC       ; Windows 7 ; 6.2        ; x86_64         ;
; Analysis & Synthesis      ; MOERJIE_PC       ; Windows 7 ; 6.2        ; x86_64         ;
; Analysis & Synthesis      ; MOERJIE_PC       ; Windows 7 ; 6.2        ; x86_64         ;
; Analysis & Synthesis      ; MOERJIE_PC       ; Windows 7 ; 6.2        ; x86_64         ;
+---------------------------+------------------+-----------+------------+----------------+


------------
; Flow Log ;
------------
quartus_map --read_settings_files=on --write_settings_files=off DDS_quartus -c DDS_quartus
quartus_fit --read_settings_files=off --write_settings_files=off DDS_quartus -c DDS_quartus
quartus_asm --read_settings_files=off --write_settings_files=off DDS_quartus -c DDS_quartus
quartus_sta DDS_quartus -c DDS_quartus
quartus_map --read_settings_files=on --write_settings_files=off DDS_quartus -c DDS_quartus
quartus_cdb --read_settings_files=off --write_settings_files=off DDS_quartus -c DDS_quartus --merge=on
quartus_fit --read_settings_files=off --write_settings_files=off DDS_quartus -c DDS_quartus
quartus_asm --read_settings_files=off --write_settings_files=off DDS_quartus -c DDS_quartus
quartus_sta DDS_quartus -c DDS_quartus
quartus_map --read_settings_files=on --write_settings_files=off DDS_quartus -c DDS_quartus
quartus_cdb --read_settings_files=off --write_settings_files=off DDS_quartus -c DDS_quartus --merge=on
quartus_fit --read_settings_files=off --write_settings_files=off DDS_quartus -c DDS_quartus
quartus_asm --read_settings_files=off --write_settings_files=off DDS_quartus -c DDS_quartus
quartus_sta DDS_quartus -c DDS_quartus
quartus_map --read_settings_files=on --write_settings_files=off DDS_quartus -c DDS_quartus
quartus_cdb --read_settings_files=off --write_settings_files=off DDS_quartus -c DDS_quartus --merge=on
quartus_fit --read_settings_files=off --write_settings_files=off DDS_quartus -c DDS_quartus
quartus_asm --read_settings_files=off --write_settings_files=off DDS_quartus -c DDS_quartus
quartus_sta DDS_quartus -c DDS_quartus
quartus_map --read_settings_files=on --write_settings_files=off DDS_quartus -c DDS_quartus
quartus_cdb --read_settings_files=off --write_settings_files=off DDS_quartus -c DDS_quartus --merge=on
quartus_fit --read_settings_files=off --write_settings_files=off DDS_quartus -c DDS_quartus
quartus_asm --read_settings_files=off --write_settings_files=off DDS_quartus -c DDS_quartus
quartus_sta DDS_quartus -c DDS_quartus
quartus_map --read_settings_files=on --write_settings_files=off DDS_quartus -c DDS_quartus
quartus_cdb --read_settings_files=off --write_settings_files=off DDS_quartus -c DDS_quartus --merge=on
quartus_fit --read_settings_files=off --write_settings_files=off DDS_quartus -c DDS_quartus
quartus_asm --read_settings_files=off --write_settings_files=off DDS_quartus -c DDS_quartus
quartus_sta DDS_quartus -c DDS_quartus
quartus_map --read_settings_files=on --write_settings_files=off DDS_quartus -c DDS_quartus
quartus_map --read_settings_files=on --write_settings_files=off DDS_quartus -c DDS_quartus
quartus_map --read_settings_files=on --write_settings_files=off DDS_quartus -c DDS_quartus
quartus_cdb --read_settings_files=off --write_settings_files=off DDS_quartus -c DDS_quartus --merge=on
quartus_fit --read_settings_files=off --write_settings_files=off DDS_quartus -c DDS_quartus
quartus_asm --read_settings_files=off --write_settings_files=off DDS_quartus -c DDS_quartus
quartus_sta DDS_quartus -c DDS_quartus
quartus_map --read_settings_files=on --write_settings_files=off DDS_quartus -c DDS_quartus
quartus_cdb --read_settings_files=off --write_settings_files=off DDS_quartus -c DDS_quartus --merge=on
quartus_fit --read_settings_files=off --write_settings_files=off DDS_quartus -c DDS_quartus
quartus_asm --read_settings_files=off --write_settings_files=off DDS_quartus -c DDS_quartus
quartus_sta DDS_quartus -c DDS_quartus
quartus_map --read_settings_files=on --write_settings_files=off DDS_quartus -c DDS_quartus
quartus_cdb --read_settings_files=off --write_settings_files=off DDS_quartus -c DDS_quartus --merge=on
quartus_fit --read_settings_files=off --write_settings_files=off DDS_quartus -c DDS_quartus
quartus_asm --read_settings_files=off --write_settings_files=off DDS_quartus -c DDS_quartus
quartus_sta DDS_quartus -c DDS_quartus
quartus_map --read_settings_files=on --write_settings_files=off DDS_quartus -c DDS_quartus
quartus_cdb --read_settings_files=off --write_settings_files=off DDS_quartus -c DDS_quartus --merge=on
quartus_fit --read_settings_files=off --write_settings_files=off DDS_quartus -c DDS_quartus
quartus_asm --read_settings_files=off --write_settings_files=off DDS_quartus -c DDS_quartus
quartus_sta DDS_quartus -c DDS_quartus
quartus_map --read_settings_files=on --write_settings_files=off DDS_quartus -c DDS_quartus
quartus_cdb --read_settings_files=off --write_settings_files=off DDS_quartus -c DDS_quartus --merge=on
quartus_fit --read_settings_files=off --write_settings_files=off DDS_quartus -c DDS_quartus
quartus_asm --read_settings_files=off --write_settings_files=off DDS_quartus -c DDS_quartus
quartus_sta DDS_quartus -c DDS_quartus
quartus_map --read_settings_files=on --write_settings_files=off DDS_quartus -c DDS_quartus
quartus_cdb --read_settings_files=off --write_settings_files=off DDS_quartus -c DDS_quartus --merge=on
quartus_fit --read_settings_files=off --write_settings_files=off DDS_quartus -c DDS_quartus
quartus_asm --read_settings_files=off --write_settings_files=off DDS_quartus -c DDS_quartus
quartus_sta DDS_quartus -c DDS_quartus
quartus_map --read_settings_files=on --write_settings_files=off DDS_quartus -c DDS_quartus
quartus_cdb --read_settings_files=off --write_settings_files=off DDS_quartus -c DDS_quartus --merge=on
quartus_fit --read_settings_files=off --write_settings_files=off DDS_quartus -c DDS_quartus
quartus_asm --read_settings_files=off --write_settings_files=off DDS_quartus -c DDS_quartus
quartus_sta DDS_quartus -c DDS_quartus
quartus_map --read_settings_files=on --write_settings_files=off DDS_quartus -c DDS_quartus
quartus_cdb --read_settings_files=off --write_settings_files=off DDS_quartus -c DDS_quartus --merge=on
quartus_fit --read_settings_files=off --write_settings_files=off DDS_quartus -c DDS_quartus
quartus_asm --read_settings_files=off --write_settings_files=off DDS_quartus -c DDS_quartus
quartus_sta DDS_quartus -c DDS_quartus
quartus_map --read_settings_files=on --write_settings_files=off DDS_quartus -c DDS_quartus
quartus_cdb --read_settings_files=off --write_settings_files=off DDS_quartus -c DDS_quartus --merge=on
quartus_fit --read_settings_files=off --write_settings_files=off DDS_quartus -c DDS_quartus
quartus_asm --read_settings_files=off --write_settings_files=off DDS_quartus -c DDS_quartus
quartus_sta DDS_quartus -c DDS_quartus
quartus_map --read_settings_files=on --write_settings_files=off DDS_quartus -c DDS_quartus
quartus_cdb --read_settings_files=off --write_settings_files=off DDS_quartus -c DDS_quartus --merge=on
quartus_fit --read_settings_files=off --write_settings_files=off DDS_quartus -c DDS_quartus
quartus_asm --read_settings_files=off --write_settings_files=off DDS_quartus -c DDS_quartus
quartus_sta DDS_quartus -c DDS_quartus
quartus_map --read_settings_files=on --write_settings_files=off DDS_quartus -c DDS_quartus
quartus_cdb --read_settings_files=off --write_settings_files=off DDS_quartus -c DDS_quartus --merge=on
quartus_fit --read_settings_files=off --write_settings_files=off DDS_quartus -c DDS_quartus
quartus_asm --read_settings_files=off --write_settings_files=off DDS_quartus -c DDS_quartus
quartus_sta DDS_quartus -c DDS_quartus
quartus_map --read_settings_files=on --write_settings_files=off DDS_quartus -c DDS_quartus
quartus_cdb --read_settings_files=off --write_settings_files=off DDS_quartus -c DDS_quartus --merge=on
quartus_fit --read_settings_files=off --write_settings_files=off DDS_quartus -c DDS_quartus
quartus_asm --read_settings_files=off --write_settings_files=off DDS_quartus -c DDS_quartus
quartus_sta DDS_quartus -c DDS_quartus
quartus_map --read_settings_files=on --write_settings_files=off DDS_quartus -c DDS_quartus
quartus_cdb --read_settings_files=off --write_settings_files=off DDS_quartus -c DDS_quartus --merge=on
quartus_fit --read_settings_files=off --write_settings_files=off DDS_quartus -c DDS_quartus
quartus_asm --read_settings_files=off --write_settings_files=off DDS_quartus -c DDS_quartus
quartus_sta DDS_quartus -c DDS_quartus
quartus_map --read_settings_files=on --write_settings_files=off DDS_quartus -c DDS_quartus
quartus_map --read_settings_files=on --write_settings_files=off DDS_quartus -c DDS_quartus
quartus_cdb --read_settings_files=off --write_settings_files=off DDS_quartus -c DDS_quartus --merge=on
quartus_fit --read_settings_files=off --write_settings_files=off DDS_quartus -c DDS_quartus
quartus_asm --read_settings_files=off --write_settings_files=off DDS_quartus -c DDS_quartus
quartus_sta DDS_quartus -c DDS_quartus
quartus_map --read_settings_files=on --write_settings_files=off DDS_quartus -c DDS_quartus
quartus_cdb --read_settings_files=off --write_settings_files=off DDS_quartus -c DDS_quartus --merge=on
quartus_fit --read_settings_files=off --write_settings_files=off DDS_quartus -c DDS_quartus
quartus_asm --read_settings_files=off --write_settings_files=off DDS_quartus -c DDS_quartus
quartus_sta DDS_quartus -c DDS_quartus
quartus_map --read_settings_files=on --write_settings_files=off DDS_quartus -c DDS_quartus
quartus_cdb --read_settings_files=off --write_settings_files=off DDS_quartus -c DDS_quartus --merge=on
quartus_fit --read_settings_files=off --write_settings_files=off DDS_quartus -c DDS_quartus
quartus_asm --read_settings_files=off --write_settings_files=off DDS_quartus -c DDS_quartus
quartus_sta DDS_quartus -c DDS_quartus
quartus_map --read_settings_files=on --write_settings_files=off DDS_quartus -c DDS_quartus
quartus_cdb --read_settings_files=off --write_settings_files=off DDS_quartus -c DDS_quartus --merge=on
quartus_fit --read_settings_files=off --write_settings_files=off DDS_quartus -c DDS_quartus
quartus_asm --read_settings_files=off --write_settings_files=off DDS_quartus -c DDS_quartus
quartus_sta DDS_quartus -c DDS_quartus
quartus_map --read_settings_files=on --write_settings_files=off DDS_quartus -c DDS_quartus
quartus_cdb --read_settings_files=off --write_settings_files=off DDS_quartus -c DDS_quartus --merge=on
quartus_fit --read_settings_files=off --write_settings_files=off DDS_quartus -c DDS_quartus
quartus_asm --read_settings_files=off --write_settings_files=off DDS_quartus -c DDS_quartus
quartus_sta DDS_quartus -c DDS_quartus
quartus_map --read_settings_files=on --write_settings_files=off DDS_quartus -c DDS_quartus
quartus_cdb --read_settings_files=off --write_settings_files=off DDS_quartus -c DDS_quartus --merge=on
quartus_fit --read_settings_files=off --write_settings_files=off DDS_quartus -c DDS_quartus
quartus_asm --read_settings_files=off --write_settings_files=off DDS_quartus -c DDS_quartus
quartus_sta DDS_quartus -c DDS_quartus
quartus_map --read_settings_files=on --write_settings_files=off DDS_quartus -c DDS_quartus
quartus_cdb --read_settings_files=off --write_settings_files=off DDS_quartus -c DDS_quartus --merge=on
quartus_fit --read_settings_files=off --write_settings_files=off DDS_quartus -c DDS_quartus
quartus_asm --read_settings_files=off --write_settings_files=off DDS_quartus -c DDS_quartus
quartus_sta DDS_quartus -c DDS_quartus
quartus_map --read_settings_files=on --write_settings_files=off DDS_quartus -c DDS_quartus
quartus_map --read_settings_files=on --write_settings_files=off DDS_quartus -c DDS_quartus
quartus_map --read_settings_files=on --write_settings_files=off DDS_quartus -c DDS_quartus
quartus_map --read_settings_files=on --write_settings_files=off DDS_quartus -c DDS_quartus
quartus_map --read_settings_files=on --write_settings_files=off DDS_quartus -c DDS_quartus
quartus_cdb --read_settings_files=off --write_settings_files=off DDS_quartus -c DDS_quartus --merge=on
quartus_fit --read_settings_files=off --write_settings_files=off DDS_quartus -c DDS_quartus
quartus_asm --read_settings_files=off --write_settings_files=off DDS_quartus -c DDS_quartus
quartus_sta DDS_quartus -c DDS_quartus
quartus_map --read_settings_files=on --write_settings_files=off DDS_quartus -c DDS_quartus
quartus_cdb --read_settings_files=off --write_settings_files=off DDS_quartus -c DDS_quartus --merge=on
quartus_fit --read_settings_files=off --write_settings_files=off DDS_quartus -c DDS_quartus
quartus_asm --read_settings_files=off --write_settings_files=off DDS_quartus -c DDS_quartus
quartus_sta DDS_quartus -c DDS_quartus
quartus_map --read_settings_files=on --write_settings_files=off DDS_quartus -c DDS_quartus
quartus_cdb --read_settings_files=off --write_settings_files=off DDS_quartus -c DDS_quartus --merge=on
quartus_fit --read_settings_files=off --write_settings_files=off DDS_quartus -c DDS_quartus
quartus_asm --read_settings_files=off --write_settings_files=off DDS_quartus -c DDS_quartus
quartus_sta DDS_quartus -c DDS_quartus
quartus_map --read_settings_files=on --write_settings_files=off DDS_quartus -c DDS_quartus
quartus_map --read_settings_files=on --write_settings_files=off DDS_quartus -c DDS_quartus
quartus_map --read_settings_files=on --write_settings_files=off DDS_quartus -c DDS_quartus
quartus_map --read_settings_files=on --write_settings_files=off DDS_quartus -c DDS_quartus
quartus_map --read_settings_files=on --write_settings_files=off DDS_quartus -c DDS_quartus
quartus_map --read_settings_files=on --write_settings_files=off DDS_quartus -c DDS_quartus
quartus_map --read_settings_files=on --write_settings_files=off DDS_quartus -c DDS_quartus
quartus_map --read_settings_files=on --write_settings_files=off DDS_quartus -c DDS_quartus
quartus_map --read_settings_files=on --write_settings_files=off DDS_quartus -c DDS_quartus
quartus_map --read_settings_files=on --write_settings_files=off DDS_quartus -c DDS_quartus
quartus_map --read_settings_files=on --write_settings_files=off DDS_quartus -c DDS_quartus
quartus_map --read_settings_files=on --write_settings_files=off DDS_quartus -c DDS_quartus



