Fri Sep 22 15:49:34 SGT 2023  [debug] AvalonLogSystem initialized using logfile 'velocity.log'
Fri Sep 22 15:49:34 SGT 2023   [info] ************************************************************** 
Fri Sep 22 15:49:34 SGT 2023   [info] Starting Jakarta Velocity v1.4
Fri Sep 22 15:49:34 SGT 2023   [info] RuntimeInstance initializing.
Fri Sep 22 15:49:34 SGT 2023   [info] Default Properties File: org\apache\velocity\runtime\defaults\velocity.properties
Fri Sep 22 15:49:34 SGT 2023   [info] Trying to use logger class org.apache.velocity.runtime.log.AvalonLogSystem
Fri Sep 22 15:49:34 SGT 2023   [info] Using logger class org.apache.velocity.runtime.log.AvalonLogSystem
Fri Sep 22 15:49:34 SGT 2023   [info] Default ResourceManager initializing. (class org.apache.velocity.runtime.resource.ResourceManagerImpl)
Fri Sep 22 15:49:34 SGT 2023   [info] Resource Loader Instantiated: org.apache.velocity.runtime.resource.loader.FileResourceLoader
Fri Sep 22 15:49:34 SGT 2023   [info] FileResourceLoader : initialization starting.
Fri Sep 22 15:49:34 SGT 2023   [info] FileResourceLoader : adding path 'f:\app_download\quartus_13\ip\altera\fir_compiler\lib\ip_toolbench\..\template'
Fri Sep 22 15:49:34 SGT 2023   [info] FileResourceLoader : adding path '.'
Fri Sep 22 15:49:34 SGT 2023   [info] FileResourceLoader : initialization complete.
Fri Sep 22 15:49:34 SGT 2023   [info] Resource Loader Instantiated: org.apache.velocity.runtime.resource.loader.JarResourceLoader
Fri Sep 22 15:49:34 SGT 2023   [info] JarResourceLoader : initialization starting.
Fri Sep 22 15:49:34 SGT 2023   [info] JarResourceLoader # of paths : 0
Fri Sep 22 15:49:34 SGT 2023   [info] JarResourceLoader : initialization complete.
Fri Sep 22 15:49:34 SGT 2023   [info] Resource Loader Instantiated: org.apache.velocity.runtime.resource.loader.ClasspathResourceLoader
Fri Sep 22 15:49:34 SGT 2023   [info] ClasspathResourceLoader : initialization starting.
Fri Sep 22 15:49:34 SGT 2023   [info] ClasspathResourceLoader : initialization complete.
Fri Sep 22 15:49:34 SGT 2023   [info] ResourceCache : initialized. (class org.apache.velocity.runtime.resource.ResourceCacheImpl)
Fri Sep 22 15:49:34 SGT 2023   [info] Default ResourceManager initialization complete.
Fri Sep 22 15:49:34 SGT 2023   [info] Loaded System Directive: org.apache.velocity.runtime.directive.Literal
Fri Sep 22 15:49:34 SGT 2023   [info] Loaded System Directive: org.apache.velocity.runtime.directive.Macro
Fri Sep 22 15:49:34 SGT 2023   [info] Loaded System Directive: org.apache.velocity.runtime.directive.Parse
Fri Sep 22 15:49:34 SGT 2023   [info] Loaded System Directive: org.apache.velocity.runtime.directive.Include
Fri Sep 22 15:49:34 SGT 2023   [info] Loaded System Directive: org.apache.velocity.runtime.directive.Foreach
Fri Sep 22 15:49:34 SGT 2023   [info] Created: 20 parsers.
Fri Sep 22 15:49:34 SGT 2023   [info] Velocimacro : initialization starting.
Fri Sep 22 15:49:34 SGT 2023   [info] Velocimacro : adding VMs from VM library template : VM_global_library.vm
Fri Sep 22 15:49:34 SGT 2023  [error] ResourceManager : unable to find resource 'VM_global_library.vm' in any resource loader.
Fri Sep 22 15:49:34 SGT 2023   [info] Velocimacro : error using  VM library template VM_global_library.vm : org.apache.velocity.exception.ResourceNotFoundException: Unable to find resource 'VM_global_library.vm'
Fri Sep 22 15:49:34 SGT 2023   [info] Velocimacro :  VM library template macro registration complete.
Fri Sep 22 15:49:34 SGT 2023   [info] Velocimacro : allowInline = true : VMs can be defined inline in templates
Fri Sep 22 15:49:34 SGT 2023   [info] Velocimacro : allowInlineToOverride = false : VMs defined inline may NOT replace previous VM definitions
Fri Sep 22 15:49:34 SGT 2023   [info] Velocimacro : allowInlineLocal = false : VMs defined inline will be  global in scope if allowed.
Fri Sep 22 15:49:34 SGT 2023   [info] Velocimacro : messages on  : VM system will output logging messages
Fri Sep 22 15:49:34 SGT 2023   [info] Velocimacro : autoload off  : VM system will not automatically reload global library macros
Fri Sep 22 15:49:34 SGT 2023   [info] Velocimacro : initialization complete.
Fri Sep 22 15:49:34 SGT 2023   [info] Velocity successfully started.
Fri Sep 22 15:49:34 SGT 2023   [info] ResourceManager : found tb_avalon_st.vm with loader org.apache.velocity.runtime.resource.loader.ClasspathResourceLoader
Fri Sep 22 15:49:34 SGT 2023   [info] ResourceManager : found alt_license_vhdl.txt with loader org.apache.velocity.runtime.resource.loader.ClasspathResourceLoader
Fri Sep 22 15:49:34 SGT 2023   [info] ResourceManager : found auk_dspip_fir_top_avalon_streaming.vm with loader org.apache.velocity.runtime.resource.loader.ClasspathResourceLoader
Fri Sep 22 15:49:34 SGT 2023   [info] ResourceManager : found alt_license_vhdl.txt with loader org.apache.velocity.runtime.resource.loader.ClasspathResourceLoader
Fri Sep 22 15:49:34 SGT 2023   [info] ResourceManager : found generic_msim_script.vm with loader org.apache.velocity.runtime.resource.loader.ClasspathResourceLoader
Fri Sep 22 15:49:34 SGT 2023   [info] ResourceManager : found alt_license_tcl.txt with loader org.apache.velocity.runtime.resource.loader.ClasspathResourceLoader
Fri Sep 22 15:49:34 SGT 2023   [info] ResourceManager : found constant_part_of_tcl_script.tcl with loader org.apache.velocity.runtime.resource.loader.ClasspathResourceLoader
Fri Sep 22 15:49:34 SGT 2023   [info] ResourceManager : found fir_input.vm with loader org.apache.velocity.runtime.resource.loader.ClasspathResourceLoader
Fri Sep 22 15:49:34 SGT 2023   [info] ResourceManager : found matlab_model.vm with loader org.apache.velocity.runtime.resource.loader.ClasspathResourceLoader
Fri Sep 22 15:49:34 SGT 2023   [info] ResourceManager : found alt_license_matlab.txt with loader org.apache.velocity.runtime.resource.loader.ClasspathResourceLoader
Fri Sep 22 15:49:34 SGT 2023   [info] ResourceManager : found matlab_model_base.vm with loader org.apache.velocity.runtime.resource.loader.ClasspathResourceLoader
Fri Sep 22 15:49:34 SGT 2023   [info] ResourceManager : found fir_nativelink_tcl.vm with loader org.apache.velocity.runtime.resource.loader.ClasspathResourceLoader
Fri Sep 22 15:49:34 SGT 2023   [info] ResourceManager : found alt_license_tcl.txt with loader org.apache.velocity.runtime.resource.loader.ClasspathResourceLoader
