TimeQuest Timing Analyzer report for dec4to16
Tue Aug 22 19:37:29 2023
Quartus II 64-Bit Version 13.1.0 Build 162 10/23/2013 SJ Full Version


---------------------
; Table of Contents ;
---------------------
  1. Legal Notice
  2. TimeQuest Timing Analyzer Summary
  3. Parallel Compilation
  4. Clocks
  5. Slow 1200mV 85C Model Fmax Summary
  6. Timing Closure Recommendations
  7. Slow 1200mV 85C Model Setup Summary
  8. Slow 1200mV 85C Model Hold Summary
  9. Slow 1200mV 85C Model Recovery Summary
 10. Slow 1200mV 85C Model Removal Summary
 11. Slow 1200mV 85C Model Minimum Pulse Width Summary
 12. Propagation Delay
 13. Minimum Propagation Delay
 14. Slow 1200mV 85C Model Metastability Report
 15. Slow 1200mV 0C Model Fmax Summary
 16. Slow 1200mV 0C Model Setup Summary
 17. Slow 1200mV 0C Model Hold Summary
 18. Slow 1200mV 0C Model Recovery Summary
 19. Slow 1200mV 0C Model Removal Summary
 20. Slow 1200mV 0C Model Minimum Pulse Width Summary
 21. Propagation Delay
 22. Minimum Propagation Delay
 23. Slow 1200mV 0C Model Metastability Report
 24. Fast 1200mV 0C Model Setup Summary
 25. Fast 1200mV 0C Model Hold Summary
 26. Fast 1200mV 0C Model Recovery Summary
 27. Fast 1200mV 0C Model Removal Summary
 28. Fast 1200mV 0C Model Minimum Pulse Width Summary
 29. Propagation Delay
 30. Minimum Propagation Delay
 31. Fast 1200mV 0C Model Metastability Report
 32. Multicorner Timing Analysis Summary
 33. Propagation Delay
 34. Minimum Propagation Delay
 35. Board Trace Model Assignments
 36. Input Transition Times
 37. Slow Corner Signal Integrity Metrics
 38. Fast Corner Signal Integrity Metrics
 39. Clock Transfers
 40. Report TCCS
 41. Report RSKM
 42. Unconstrained Paths
 43. TimeQuest Timing Analyzer Messages



----------------
; Legal Notice ;
----------------
Copyright (C) 1991-2013 Altera Corporation
Your use of Altera Corporation's design tools, logic functions 
and other software and tools, and its AMPP partner logic 
functions, and any output files from any of the foregoing 
(including device programming or simulation files), and any 
associated documentation or information are expressly subject 
to the terms and conditions of the Altera Program License 
Subscription Agreement, Altera MegaCore Function License 
Agreement, or other applicable license agreement, including, 
without limitation, that your use is for the sole purpose of 
programming logic devices manufactured by Altera and sold by 
Altera or its authorized distributors.  Please refer to the 
applicable agreement for further details.



+--------------------------------------------------------------------------+
; TimeQuest Timing Analyzer Summary                                        ;
+--------------------+-----------------------------------------------------+
; Quartus II Version ; Version 13.1.0 Build 162 10/23/2013 SJ Full Version ;
; Revision Name      ; dec4to16                                            ;
; Device Family      ; Cyclone III                                         ;
; Device Name        ; EP3C16F484C6                                        ;
; Timing Models      ; Final                                               ;
; Delay Model        ; Combined                                            ;
; Rise/Fall Delays   ; Enabled                                             ;
+--------------------+-----------------------------------------------------+


+------------------------------------------+
; Parallel Compilation                     ;
+----------------------------+-------------+
; Processors                 ; Number      ;
+----------------------------+-------------+
; Number detected on machine ; 12          ;
; Maximum allowed            ; 6           ;
;                            ;             ;
; Average used               ; 1.00        ;
; Maximum used               ; 6           ;
;                            ;             ;
; Usage by Processor         ; % Time Used ;
;     Processor 1            ; 100.0%      ;
;     Processors 2-6         ; < 0.1%      ;
;     Processors 7-12        ;   0.0%      ;
+----------------------------+-------------+


----------
; Clocks ;
----------
No clocks to report.


--------------------------------------
; Slow 1200mV 85C Model Fmax Summary ;
--------------------------------------
No paths to report.


----------------------------------
; Timing Closure Recommendations ;
----------------------------------
HTML report is unavailable in plain text report export.


---------------------------------------
; Slow 1200mV 85C Model Setup Summary ;
---------------------------------------
No paths to report.


--------------------------------------
; Slow 1200mV 85C Model Hold Summary ;
--------------------------------------
No paths to report.


------------------------------------------
; Slow 1200mV 85C Model Recovery Summary ;
------------------------------------------
No paths to report.


-----------------------------------------
; Slow 1200mV 85C Model Removal Summary ;
-----------------------------------------
No paths to report.


-----------------------------------------------------
; Slow 1200mV 85C Model Minimum Pulse Width Summary ;
-----------------------------------------------------
No paths to report.


+----------------------------------------------------------+
; Propagation Delay                                        ;
+------------+-------------+-------+-------+-------+-------+
; Input Port ; Output Port ; RR    ; RF    ; FR    ; FF    ;
+------------+-------------+-------+-------+-------+-------+
; IN[0]      ; OUT[0]      ;       ; 6.811 ; 7.327 ;       ;
; IN[0]      ; OUT[1]      ; 7.234 ;       ;       ; 7.716 ;
; IN[0]      ; OUT[2]      ;       ; 6.930 ; 7.398 ;       ;
; IN[0]      ; OUT[3]      ; 6.988 ;       ;       ; 7.470 ;
; IN[0]      ; OUT[4]      ;       ; 7.225 ; 7.703 ;       ;
; IN[0]      ; OUT[5]      ; 6.996 ;       ;       ; 7.482 ;
; IN[0]      ; OUT[6]      ;       ; 7.271 ; 7.736 ;       ;
; IN[0]      ; OUT[7]      ; 7.153 ;       ;       ; 7.572 ;
; IN[0]      ; OUT[8]      ;       ; 8.212 ; 8.586 ;       ;
; IN[0]      ; OUT[9]      ; 6.941 ;       ;       ; 7.446 ;
; IN[0]      ; OUT[10]     ;       ; 6.934 ; 7.461 ;       ;
; IN[0]      ; OUT[11]     ; 6.985 ;       ;       ; 7.485 ;
; IN[0]      ; OUT[12]     ;       ; 6.906 ; 7.398 ;       ;
; IN[0]      ; OUT[13]     ; 7.152 ;       ;       ; 7.624 ;
; IN[0]      ; OUT[14]     ;       ; 6.917 ; 7.387 ;       ;
; IN[0]      ; OUT[15]     ; 7.109 ;       ;       ; 7.571 ;
; IN[1]      ; OUT[0]      ;       ; 6.760 ; 7.280 ;       ;
; IN[1]      ; OUT[1]      ;       ; 7.177 ; 7.677 ;       ;
; IN[1]      ; OUT[2]      ; 6.890 ;       ;       ; 7.398 ;
; IN[1]      ; OUT[3]      ; 6.896 ;       ;       ; 7.375 ;
; IN[1]      ; OUT[4]      ;       ; 7.202 ; 7.688 ;       ;
; IN[1]      ; OUT[5]      ;       ; 6.930 ; 7.415 ;       ;
; IN[1]      ; OUT[6]      ; 7.175 ;       ;       ; 7.716 ;
; IN[1]      ; OUT[7]      ; 7.083 ;       ;       ; 7.533 ;
; IN[1]      ; OUT[8]      ;       ; 8.143 ; 8.529 ;       ;
; IN[1]      ; OUT[9]      ;       ; 6.847 ; 7.338 ;       ;
; IN[1]      ; OUT[10]     ; 6.877 ;       ;       ; 7.305 ;
; IN[1]      ; OUT[11]     ; 6.880 ;       ;       ; 7.362 ;
; IN[1]      ; OUT[12]     ;       ; 6.837 ; 7.354 ;       ;
; IN[1]      ; OUT[13]     ;       ; 7.048 ; 7.550 ;       ;
; IN[1]      ; OUT[14]     ; 6.797 ;       ;       ; 7.328 ;
; IN[1]      ; OUT[15]     ; 6.967 ;       ;       ; 7.452 ;
; IN[2]      ; OUT[0]      ;       ; 6.758 ; 7.253 ;       ;
; IN[2]      ; OUT[1]      ;       ; 7.184 ; 7.650 ;       ;
; IN[2]      ; OUT[2]      ;       ; 6.928 ; 7.389 ;       ;
; IN[2]      ; OUT[3]      ;       ; 6.918 ; 7.401 ;       ;
; IN[2]      ; OUT[4]      ; 7.174 ;       ;       ; 7.645 ;
; IN[2]      ; OUT[5]      ; 6.902 ;       ;       ; 7.348 ;
; IN[2]      ; OUT[6]      ; 7.175 ;       ;       ; 7.691 ;
; IN[2]      ; OUT[7]      ; 7.084 ;       ;       ; 7.502 ;
; IN[2]      ; OUT[8]      ;       ; 8.142 ; 8.502 ;       ;
; IN[2]      ; OUT[9]      ;       ; 6.853 ; 7.311 ;       ;
; IN[2]      ; OUT[10]     ;       ; 6.849 ; 7.376 ;       ;
; IN[2]      ; OUT[11]     ;       ; 6.916 ; 7.378 ;       ;
; IN[2]      ; OUT[12]     ; 6.831 ;       ;       ; 7.275 ;
; IN[2]      ; OUT[13]     ; 7.041 ;       ;       ; 7.463 ;
; IN[2]      ; OUT[14]     ; 6.798 ;       ;       ; 7.305 ;
; IN[2]      ; OUT[15]     ; 6.967 ;       ;       ; 7.423 ;
; IN[3]      ; OUT[0]      ;       ; 6.798 ; 7.319 ;       ;
; IN[3]      ; OUT[1]      ;       ; 7.217 ; 7.706 ;       ;
; IN[3]      ; OUT[2]      ;       ; 6.929 ; 7.397 ;       ;
; IN[3]      ; OUT[3]      ;       ; 6.953 ; 7.449 ;       ;
; IN[3]      ; OUT[4]      ;       ; 7.216 ; 7.700 ;       ;
; IN[3]      ; OUT[5]      ;       ; 6.970 ; 7.453 ;       ;
; IN[3]      ; OUT[6]      ;       ; 7.262 ; 7.725 ;       ;
; IN[3]      ; OUT[7]      ;       ; 7.067 ; 7.621 ;       ;
; IN[3]      ; OUT[8]      ; 8.121 ;       ;       ; 8.680 ;
; IN[3]      ; OUT[9]      ; 6.924 ;       ;       ; 7.408 ;
; IN[3]      ; OUT[10]     ; 6.979 ;       ;       ; 7.390 ;
; IN[3]      ; OUT[11]     ; 6.966 ;       ;       ; 7.445 ;
; IN[3]      ; OUT[12]     ; 6.919 ;       ;       ; 7.367 ;
; IN[3]      ; OUT[13]     ; 7.140 ;       ;       ; 7.580 ;
; IN[3]      ; OUT[14]     ; 6.903 ;       ;       ; 7.375 ;
; IN[3]      ; OUT[15]     ; 7.097 ;       ;       ; 7.520 ;
+------------+-------------+-------+-------+-------+-------+


+----------------------------------------------------------+
; Minimum Propagation Delay                                ;
+------------+-------------+-------+-------+-------+-------+
; Input Port ; Output Port ; RR    ; RF    ; FR    ; FF    ;
+------------+-------------+-------+-------+-------+-------+
; IN[0]      ; OUT[0]      ;       ; 6.647 ; 7.149 ;       ;
; IN[0]      ; OUT[1]      ; 7.053 ;       ;       ; 7.519 ;
; IN[0]      ; OUT[2]      ;       ; 6.764 ; 7.219 ;       ;
; IN[0]      ; OUT[3]      ; 6.822 ;       ;       ; 7.288 ;
; IN[0]      ; OUT[4]      ;       ; 7.047 ; 7.512 ;       ;
; IN[0]      ; OUT[5]      ; 6.830 ;       ;       ; 7.300 ;
; IN[0]      ; OUT[6]      ;       ; 7.092 ; 7.544 ;       ;
; IN[0]      ; OUT[7]      ; 6.973 ;       ;       ; 7.379 ;
; IN[0]      ; OUT[8]      ;       ; 8.048 ; 8.408 ;       ;
; IN[0]      ; OUT[9]      ; 6.775 ;       ;       ; 7.264 ;
; IN[0]      ; OUT[10]     ;       ; 6.764 ; 7.277 ;       ;
; IN[0]      ; OUT[11]     ; 6.819 ;       ;       ; 7.304 ;
; IN[0]      ; OUT[12]     ;       ; 6.741 ; 7.220 ;       ;
; IN[0]      ; OUT[13]     ; 6.979 ;       ;       ; 7.438 ;
; IN[0]      ; OUT[14]     ;       ; 6.752 ; 7.209 ;       ;
; IN[0]      ; OUT[15]     ; 6.937 ;       ;       ; 7.385 ;
; IN[1]      ; OUT[0]      ;       ; 6.600 ; 7.105 ;       ;
; IN[1]      ; OUT[1]      ;       ; 6.999 ; 7.485 ;       ;
; IN[1]      ; OUT[2]      ; 6.729 ;       ;       ; 7.220 ;
; IN[1]      ; OUT[3]      ; 6.736 ;       ;       ; 7.199 ;
; IN[1]      ; OUT[4]      ;       ; 7.028 ; 7.499 ;       ;
; IN[1]      ; OUT[5]      ;       ; 6.769 ; 7.239 ;       ;
; IN[1]      ; OUT[6]      ; 7.002 ;       ;       ; 7.527 ;
; IN[1]      ; OUT[7]      ; 6.908 ;       ;       ; 7.343 ;
; IN[1]      ; OUT[8]      ;       ; 7.982 ; 8.356 ;       ;
; IN[1]      ; OUT[9]      ;       ; 6.687 ; 7.165 ;       ;
; IN[1]      ; OUT[10]     ; 6.713 ;       ;       ; 7.127 ;
; IN[1]      ; OUT[11]     ; 6.720 ;       ;       ; 7.188 ;
; IN[1]      ; OUT[12]     ;       ; 6.677 ; 7.180 ;       ;
; IN[1]      ; OUT[13]     ;       ; 6.882 ; 7.369 ;       ;
; IN[1]      ; OUT[14]     ; 6.640 ;       ;       ; 7.153 ;
; IN[1]      ; OUT[15]     ; 6.804 ;       ;       ; 7.272 ;
; IN[2]      ; OUT[0]      ;       ; 6.596 ; 7.078 ;       ;
; IN[2]      ; OUT[1]      ;       ; 7.004 ; 7.457 ;       ;
; IN[2]      ; OUT[2]      ;       ; 6.762 ; 7.211 ;       ;
; IN[2]      ; OUT[3]      ;       ; 6.754 ; 7.225 ;       ;
; IN[2]      ; OUT[4]      ; 7.000 ;       ;       ; 7.456 ;
; IN[2]      ; OUT[5]      ; 6.739 ;       ;       ; 7.173 ;
; IN[2]      ; OUT[6]      ; 7.001 ;       ;       ; 7.501 ;
; IN[2]      ; OUT[7]      ; 6.907 ;       ;       ; 7.312 ;
; IN[2]      ; OUT[8]      ;       ; 7.981 ; 8.329 ;       ;
; IN[2]      ; OUT[9]      ;       ; 6.690 ; 7.138 ;       ;
; IN[2]      ; OUT[10]     ;       ; 6.683 ; 7.196 ;       ;
; IN[2]      ; OUT[11]     ;       ; 6.754 ; 7.203 ;       ;
; IN[2]      ; OUT[12]     ; 6.670 ;       ;       ; 7.101 ;
; IN[2]      ; OUT[13]     ; 6.873 ;       ;       ; 7.284 ;
; IN[2]      ; OUT[14]     ; 6.640 ;       ;       ; 7.129 ;
; IN[2]      ; OUT[15]     ; 6.803 ;       ;       ; 7.243 ;
; IN[3]      ; OUT[0]      ;       ; 6.631 ; 7.141 ;       ;
; IN[3]      ; OUT[1]      ;       ; 7.033 ; 7.512 ;       ;
; IN[3]      ; OUT[2]      ;       ; 6.760 ; 7.219 ;       ;
; IN[3]      ; OUT[3]      ;       ; 6.785 ; 7.270 ;       ;
; IN[3]      ; OUT[4]      ;       ; 7.035 ; 7.509 ;       ;
; IN[3]      ; OUT[5]      ;       ; 6.802 ; 7.273 ;       ;
; IN[3]      ; OUT[6]      ;       ; 7.080 ; 7.533 ;       ;
; IN[3]      ; OUT[7]      ;       ; 6.885 ; 7.427 ;       ;
; IN[3]      ; OUT[8]      ; 7.954 ;       ;       ; 8.501 ;
; IN[3]      ; OUT[9]      ; 6.757 ;       ;       ; 7.227 ;
; IN[3]      ; OUT[10]     ; 6.806 ;       ;       ; 7.206 ;
; IN[3]      ; OUT[11]     ; 6.799 ;       ;       ; 7.265 ;
; IN[3]      ; OUT[12]     ; 6.753 ;       ;       ; 7.188 ;
; IN[3]      ; OUT[13]     ; 6.965 ;       ;       ; 7.395 ;
; IN[3]      ; OUT[14]     ; 6.737 ;       ;       ; 7.196 ;
; IN[3]      ; OUT[15]     ; 6.923 ;       ;       ; 7.336 ;
+------------+-------------+-------+-------+-------+-------+


----------------------------------------------
; Slow 1200mV 85C Model Metastability Report ;
----------------------------------------------
No synchronizer chains to report.


-------------------------------------
; Slow 1200mV 0C Model Fmax Summary ;
-------------------------------------
No paths to report.


--------------------------------------
; Slow 1200mV 0C Model Setup Summary ;
--------------------------------------
No paths to report.


-------------------------------------
; Slow 1200mV 0C Model Hold Summary ;
-------------------------------------
No paths to report.


-----------------------------------------
; Slow 1200mV 0C Model Recovery Summary ;
-----------------------------------------
No paths to report.


----------------------------------------
; Slow 1200mV 0C Model Removal Summary ;
----------------------------------------
No paths to report.


----------------------------------------------------
; Slow 1200mV 0C Model Minimum Pulse Width Summary ;
----------------------------------------------------
No paths to report.


+----------------------------------------------------------+
; Propagation Delay                                        ;
+------------+-------------+-------+-------+-------+-------+
; Input Port ; Output Port ; RR    ; RF    ; FR    ; FF    ;
+------------+-------------+-------+-------+-------+-------+
; IN[0]      ; OUT[0]      ;       ; 6.287 ; 6.737 ;       ;
; IN[0]      ; OUT[1]      ; 6.692 ;       ;       ; 7.059 ;
; IN[0]      ; OUT[2]      ;       ; 6.386 ; 6.806 ;       ;
; IN[0]      ; OUT[3]      ; 6.469 ;       ;       ; 6.865 ;
; IN[0]      ; OUT[4]      ;       ; 6.666 ; 7.087 ;       ;
; IN[0]      ; OUT[5]      ; 6.476 ;       ;       ; 6.864 ;
; IN[0]      ; OUT[6]      ;       ; 6.706 ; 7.116 ;       ;
; IN[0]      ; OUT[7]      ; 6.616 ;       ;       ; 6.955 ;
; IN[0]      ; OUT[8]      ;       ; 7.687 ; 7.993 ;       ;
; IN[0]      ; OUT[9]      ; 6.423 ;       ;       ; 6.826 ;
; IN[0]      ; OUT[10]     ;       ; 6.384 ; 6.871 ;       ;
; IN[0]      ; OUT[11]     ; 6.468 ;       ;       ; 6.864 ;
; IN[0]      ; OUT[12]     ;       ; 6.370 ; 6.806 ;       ;
; IN[0]      ; OUT[13]     ; 6.634 ;       ;       ; 6.988 ;
; IN[0]      ; OUT[14]     ;       ; 6.373 ; 6.796 ;       ;
; IN[0]      ; OUT[15]     ; 6.591 ;       ;       ; 6.959 ;
; IN[1]      ; OUT[0]      ;       ; 6.262 ; 6.718 ;       ;
; IN[1]      ; OUT[1]      ;       ; 6.629 ; 7.092 ;       ;
; IN[1]      ; OUT[2]      ; 6.399 ;       ;       ; 6.809 ;
; IN[1]      ; OUT[3]      ; 6.408 ;       ;       ; 6.806 ;
; IN[1]      ; OUT[4]      ;       ; 6.664 ; 7.100 ;       ;
; IN[1]      ; OUT[5]      ;       ; 6.416 ; 6.851 ;       ;
; IN[1]      ; OUT[6]      ; 6.654 ;       ;       ; 7.104 ;
; IN[1]      ; OUT[7]      ; 6.571 ;       ;       ; 6.952 ;
; IN[1]      ; OUT[8]      ;       ; 7.648 ; 7.974 ;       ;
; IN[1]      ; OUT[9]      ;       ; 6.341 ; 6.782 ;       ;
; IN[1]      ; OUT[10]     ; 6.395 ;       ;       ; 6.718 ;
; IN[1]      ; OUT[11]     ; 6.394 ;       ;       ; 6.782 ;
; IN[1]      ; OUT[12]     ;       ; 6.327 ; 6.795 ;       ;
; IN[1]      ; OUT[13]     ;       ; 6.515 ; 6.990 ;       ;
; IN[1]      ; OUT[14]     ; 6.313 ;       ;       ; 6.744 ;
; IN[1]      ; OUT[15]     ; 6.482 ;       ;       ; 6.878 ;
; IN[2]      ; OUT[0]      ;       ; 6.243 ; 6.676 ;       ;
; IN[2]      ; OUT[1]      ;       ; 6.616 ; 7.048 ;       ;
; IN[2]      ; OUT[2]      ;       ; 6.386 ; 6.806 ;       ;
; IN[2]      ; OUT[3]      ;       ; 6.401 ; 6.822 ;       ;
; IN[2]      ; OUT[4]      ; 6.642 ;       ;       ; 7.025 ;
; IN[2]      ; OUT[5]      ; 6.395 ;       ;       ; 6.752 ;
; IN[2]      ; OUT[6]      ; 6.640 ;       ;       ; 7.062 ;
; IN[2]      ; OUT[7]      ; 6.554 ;       ;       ; 6.902 ;
; IN[2]      ; OUT[8]      ;       ; 7.629 ; 7.928 ;       ;
; IN[2]      ; OUT[9]      ;       ; 6.326 ; 6.738 ;       ;
; IN[2]      ; OUT[10]     ;       ; 6.308 ; 6.800 ;       ;
; IN[2]      ; OUT[11]     ;       ; 6.383 ; 6.802 ;       ;
; IN[2]      ; OUT[12]     ; 6.328 ;       ;       ; 6.686 ;
; IN[2]      ; OUT[13]     ; 6.537 ;       ;       ; 6.851 ;
; IN[2]      ; OUT[14]     ; 6.297 ;       ;       ; 6.702 ;
; IN[2]      ; OUT[15]     ; 6.467 ;       ;       ; 6.832 ;
; IN[3]      ; OUT[0]      ;       ; 6.324 ; 6.757 ;       ;
; IN[3]      ; OUT[1]      ;       ; 6.688 ; 7.115 ;       ;
; IN[3]      ; OUT[2]      ;       ; 6.433 ; 6.832 ;       ;
; IN[3]      ; OUT[3]      ;       ; 6.477 ; 6.883 ;       ;
; IN[3]      ; OUT[4]      ;       ; 6.704 ; 7.111 ;       ;
; IN[3]      ; OUT[5]      ;       ; 6.478 ; 6.886 ;       ;
; IN[3]      ; OUT[6]      ;       ; 6.745 ; 7.132 ;       ;
; IN[3]      ; OUT[7]      ;       ; 6.576 ; 7.035 ;       ;
; IN[3]      ; OUT[8]      ; 7.654 ;       ;       ; 8.107 ;
; IN[3]      ; OUT[9]      ; 6.457 ;       ;       ; 6.816 ;
; IN[3]      ; OUT[10]     ; 6.513 ;       ;       ; 6.794 ;
; IN[3]      ; OUT[11]     ; 6.499 ;       ;       ; 6.845 ;
; IN[3]      ; OUT[12]     ; 6.452 ;       ;       ; 6.784 ;
; IN[3]      ; OUT[13]     ; 6.670 ;       ;       ; 6.974 ;
; IN[3]      ; OUT[14]     ; 6.438 ;       ;       ; 6.780 ;
; IN[3]      ; OUT[15]     ; 6.627 ;       ;       ; 6.940 ;
+------------+-------------+-------+-------+-------+-------+


+----------------------------------------------------------+
; Minimum Propagation Delay                                ;
+------------+-------------+-------+-------+-------+-------+
; Input Port ; Output Port ; RR    ; RF    ; FR    ; FF    ;
+------------+-------------+-------+-------+-------+-------+
; IN[0]      ; OUT[0]      ;       ; 6.145 ; 6.584 ;       ;
; IN[0]      ; OUT[1]      ; 6.537 ;       ;       ; 6.891 ;
; IN[0]      ; OUT[2]      ;       ; 6.245 ; 6.654 ;       ;
; IN[0]      ; OUT[3]      ; 6.327 ;       ;       ; 6.711 ;
; IN[0]      ; OUT[4]      ;       ; 6.513 ; 6.924 ;       ;
; IN[0]      ; OUT[5]      ; 6.334 ;       ;       ; 6.710 ;
; IN[0]      ; OUT[6]      ;       ; 6.552 ; 6.952 ;       ;
; IN[0]      ; OUT[7]      ; 6.461 ;       ;       ; 6.788 ;
; IN[0]      ; OUT[8]      ;       ; 7.546 ; 7.843 ;       ;
; IN[0]      ; OUT[9]      ; 6.280 ;       ;       ; 6.672 ;
; IN[0]      ; OUT[10]     ;       ; 6.239 ; 6.714 ;       ;
; IN[0]      ; OUT[11]     ; 6.326 ;       ;       ; 6.711 ;
; IN[0]      ; OUT[12]     ;       ; 6.230 ; 6.655 ;       ;
; IN[0]      ; OUT[13]     ; 6.485 ;       ;       ; 6.830 ;
; IN[0]      ; OUT[14]     ;       ; 6.232 ; 6.645 ;       ;
; IN[0]      ; OUT[15]     ; 6.443 ;       ;       ; 6.800 ;
; IN[1]      ; OUT[0]      ;       ; 6.124 ; 6.567 ;       ;
; IN[1]      ; OUT[1]      ;       ; 6.475 ; 6.929 ;       ;
; IN[1]      ; OUT[2]      ; 6.261 ;       ;       ; 6.658 ;
; IN[1]      ; OUT[3]      ; 6.270 ;       ;       ; 6.657 ;
; IN[1]      ; OUT[4]      ;       ; 6.514 ; 6.938 ;       ;
; IN[1]      ; OUT[5]      ;       ; 6.278 ; 6.701 ;       ;
; IN[1]      ; OUT[6]      ; 6.506 ;       ;       ; 6.941 ;
; IN[1]      ; OUT[7]      ; 6.420 ;       ;       ; 6.786 ;
; IN[1]      ; OUT[8]      ;       ; 7.511 ; 7.826 ;       ;
; IN[1]      ; OUT[9]      ;       ; 6.203 ; 6.633 ;       ;
; IN[1]      ; OUT[10]     ; 6.253 ;       ;       ; 6.567 ;
; IN[1]      ; OUT[11]     ; 6.257 ;       ;       ; 6.634 ;
; IN[1]      ; OUT[12]     ;       ; 6.191 ; 6.645 ;       ;
; IN[1]      ; OUT[13]     ;       ; 6.375 ; 6.835 ;       ;
; IN[1]      ; OUT[14]     ; 6.178 ;       ;       ; 6.596 ;
; IN[1]      ; OUT[15]     ; 6.341 ;       ;       ; 6.724 ;
; IN[2]      ; OUT[0]      ;       ; 6.105 ; 6.525 ;       ;
; IN[2]      ; OUT[1]      ;       ; 6.461 ; 6.885 ;       ;
; IN[2]      ; OUT[2]      ;       ; 6.246 ; 6.654 ;       ;
; IN[2]      ; OUT[3]      ;       ; 6.262 ; 6.671 ;       ;
; IN[2]      ; OUT[4]      ; 6.491 ;       ;       ; 6.863 ;
; IN[2]      ; OUT[5]      ; 6.256 ;       ;       ; 6.604 ;
; IN[2]      ; OUT[6]      ; 6.489 ;       ;       ; 6.899 ;
; IN[2]      ; OUT[7]      ; 6.403 ;       ;       ; 6.739 ;
; IN[2]      ; OUT[8]      ;       ; 7.491 ; 7.781 ;       ;
; IN[2]      ; OUT[9]      ;       ; 6.188 ; 6.589 ;       ;
; IN[2]      ; OUT[10]     ;       ; 6.168 ; 6.646 ;       ;
; IN[2]      ; OUT[11]     ;       ; 6.246 ; 6.653 ;       ;
; IN[2]      ; OUT[12]     ; 6.190 ;       ;       ; 6.538 ;
; IN[2]      ; OUT[13]     ; 6.393 ;       ;       ; 6.700 ;
; IN[2]      ; OUT[14]     ; 6.161 ;       ;       ; 6.554 ;
; IN[2]      ; OUT[15]     ; 6.325 ;       ;       ; 6.680 ;
; IN[3]      ; OUT[0]      ;       ; 6.179 ; 6.602 ;       ;
; IN[3]      ; OUT[1]      ;       ; 6.528 ; 6.947 ;       ;
; IN[3]      ; OUT[2]      ;       ; 6.288 ; 6.678 ;       ;
; IN[3]      ; OUT[3]      ;       ; 6.332 ; 6.729 ;       ;
; IN[3]      ; OUT[4]      ;       ; 6.548 ; 6.945 ;       ;
; IN[3]      ; OUT[5]      ;       ; 6.333 ; 6.731 ;       ;
; IN[3]      ; OUT[6]      ;       ; 6.587 ; 6.966 ;       ;
; IN[3]      ; OUT[7]      ;       ; 6.417 ; 6.867 ;       ;
; IN[3]      ; OUT[8]      ; 7.510 ;       ;       ; 7.955 ;
; IN[3]      ; OUT[9]      ; 6.311 ;       ;       ; 6.662 ;
; IN[3]      ; OUT[10]     ; 6.362 ;       ;       ; 6.639 ;
; IN[3]      ; OUT[11]     ; 6.354 ;       ;       ; 6.693 ;
; IN[3]      ; OUT[12]     ; 6.307 ;       ;       ; 6.633 ;
; IN[3]      ; OUT[13]     ; 6.518 ;       ;       ; 6.818 ;
; IN[3]      ; OUT[14]     ; 6.293 ;       ;       ; 6.629 ;
; IN[3]      ; OUT[15]     ; 6.476 ;       ;       ; 6.783 ;
+------------+-------------+-------+-------+-------+-------+


---------------------------------------------
; Slow 1200mV 0C Model Metastability Report ;
---------------------------------------------
No synchronizer chains to report.


--------------------------------------
; Fast 1200mV 0C Model Setup Summary ;
--------------------------------------
No paths to report.


-------------------------------------
; Fast 1200mV 0C Model Hold Summary ;
-------------------------------------
No paths to report.


-----------------------------------------
; Fast 1200mV 0C Model Recovery Summary ;
-----------------------------------------
No paths to report.


----------------------------------------
; Fast 1200mV 0C Model Removal Summary ;
----------------------------------------
No paths to report.


----------------------------------------------------
; Fast 1200mV 0C Model Minimum Pulse Width Summary ;
----------------------------------------------------
No paths to report.


+----------------------------------------------------------+
; Propagation Delay                                        ;
+------------+-------------+-------+-------+-------+-------+
; Input Port ; Output Port ; RR    ; RF    ; FR    ; FF    ;
+------------+-------------+-------+-------+-------+-------+
; IN[0]      ; OUT[0]      ;       ; 4.113 ; 4.660 ;       ;
; IN[0]      ; OUT[1]      ; 4.279 ;       ;       ; 4.982 ;
; IN[0]      ; OUT[2]      ;       ; 4.174 ; 4.759 ;       ;
; IN[0]      ; OUT[3]      ; 4.209 ;       ;       ; 4.848 ;
; IN[0]      ; OUT[4]      ;       ; 4.370 ; 4.934 ;       ;
; IN[0]      ; OUT[5]      ; 4.205 ;       ;       ; 4.849 ;
; IN[0]      ; OUT[6]      ;       ; 4.398 ; 4.955 ;       ;
; IN[0]      ; OUT[7]      ; 4.207 ;       ;       ; 4.887 ;
; IN[0]      ; OUT[8]      ;       ; 5.118 ; 5.553 ;       ;
; IN[0]      ; OUT[9]      ; 4.169 ;       ;       ; 4.805 ;
; IN[0]      ; OUT[10]     ;       ; 4.180 ; 4.720 ;       ;
; IN[0]      ; OUT[11]     ; 4.215 ;       ;       ; 4.848 ;
; IN[0]      ; OUT[12]     ;       ; 4.169 ; 4.749 ;       ;
; IN[0]      ; OUT[13]     ; 4.285 ;       ;       ; 4.936 ;
; IN[0]      ; OUT[14]     ;       ; 4.166 ; 4.749 ;       ;
; IN[0]      ; OUT[15]     ; 4.243 ;       ;       ; 4.890 ;
; IN[1]      ; OUT[0]      ;       ; 4.084 ; 4.623 ;       ;
; IN[1]      ; OUT[1]      ;       ; 4.356 ; 4.873 ;       ;
; IN[1]      ; OUT[2]      ; 4.154 ;       ;       ; 4.773 ;
; IN[1]      ; OUT[3]      ; 4.169 ;       ;       ; 4.782 ;
; IN[1]      ; OUT[4]      ;       ; 4.362 ; 4.923 ;       ;
; IN[1]      ; OUT[5]      ;       ; 4.200 ; 4.769 ;       ;
; IN[1]      ; OUT[6]      ; 4.304 ;       ;       ; 4.966 ;
; IN[1]      ; OUT[7]      ; 4.185 ;       ;       ; 4.864 ;
; IN[1]      ; OUT[8]      ;       ; 5.094 ; 5.530 ;       ;
; IN[1]      ; OUT[9]      ;       ; 4.147 ; 4.732 ;       ;
; IN[1]      ; OUT[10]     ; 4.056 ;       ;       ; 4.712 ;
; IN[1]      ; OUT[11]     ; 4.167 ;       ;       ; 4.772 ;
; IN[1]      ; OUT[12]     ;       ; 4.142 ; 4.730 ;       ;
; IN[1]      ; OUT[13]     ;       ; 4.274 ; 4.839 ;       ;
; IN[1]      ; OUT[14]     ; 4.097 ;       ;       ; 4.732 ;
; IN[1]      ; OUT[15]     ; 4.165 ;       ;       ; 4.807 ;
; IN[2]      ; OUT[0]      ;       ; 4.055 ; 4.592 ;       ;
; IN[2]      ; OUT[1]      ;       ; 4.329 ; 4.841 ;       ;
; IN[2]      ; OUT[2]      ;       ; 4.158 ; 4.748 ;       ;
; IN[2]      ; OUT[3]      ;       ; 4.181 ; 4.761 ;       ;
; IN[2]      ; OUT[4]      ; 4.277 ;       ;       ; 4.915 ;
; IN[2]      ; OUT[5]      ; 4.125 ;       ;       ; 4.740 ;
; IN[2]      ; OUT[6]      ; 4.275 ;       ;       ; 4.940 ;
; IN[2]      ; OUT[7]      ; 4.156 ;       ;       ; 4.835 ;
; IN[2]      ; OUT[8]      ;       ; 5.064 ; 5.498 ;       ;
; IN[2]      ; OUT[9]      ;       ; 4.119 ; 4.698 ;       ;
; IN[2]      ; OUT[10]     ;       ; 4.104 ; 4.652 ;       ;
; IN[2]      ; OUT[11]     ;       ; 4.171 ; 4.762 ;       ;
; IN[2]      ; OUT[12]     ; 4.079 ;       ;       ; 4.696 ;
; IN[2]      ; OUT[13]     ; 4.194 ;       ;       ; 4.819 ;
; IN[2]      ; OUT[14]     ; 4.067 ;       ;       ; 4.704 ;
; IN[2]      ; OUT[15]     ; 4.135 ;       ;       ; 4.778 ;
; IN[3]      ; OUT[0]      ;       ; 4.100 ; 4.670 ;       ;
; IN[3]      ; OUT[1]      ;       ; 4.364 ; 4.902 ;       ;
; IN[3]      ; OUT[2]      ;       ; 4.170 ; 4.782 ;       ;
; IN[3]      ; OUT[3]      ;       ; 4.215 ; 4.821 ;       ;
; IN[3]      ; OUT[4]      ;       ; 4.358 ; 4.945 ;       ;
; IN[3]      ; OUT[5]      ;       ; 4.213 ; 4.814 ;       ;
; IN[3]      ; OUT[6]      ;       ; 4.383 ; 4.963 ;       ;
; IN[3]      ; OUT[7]      ;       ; 4.264 ; 4.827 ;       ;
; IN[3]      ; OUT[8]      ; 4.954 ;       ;       ; 5.741 ;
; IN[3]      ; OUT[9]      ; 4.158 ;       ;       ; 4.800 ;
; IN[3]      ; OUT[10]     ; 4.101 ;       ;       ; 4.785 ;
; IN[3]      ; OUT[11]     ; 4.197 ;       ;       ; 4.834 ;
; IN[3]      ; OUT[12]     ; 4.141 ;       ;       ; 4.781 ;
; IN[3]      ; OUT[13]     ; 4.266 ;       ;       ; 4.922 ;
; IN[3]      ; OUT[14]     ; 4.136 ;       ;       ; 4.775 ;
; IN[3]      ; OUT[15]     ; 4.224 ;       ;       ; 4.875 ;
+------------+-------------+-------+-------+-------+-------+


+----------------------------------------------------------+
; Minimum Propagation Delay                                ;
+------------+-------------+-------+-------+-------+-------+
; Input Port ; Output Port ; RR    ; RF    ; FR    ; FF    ;
+------------+-------------+-------+-------+-------+-------+
; IN[0]      ; OUT[0]      ;       ; 4.013 ; 4.554 ;       ;
; IN[0]      ; OUT[1]      ; 4.171 ;       ;       ; 4.865 ;
; IN[0]      ; OUT[2]      ;       ; 4.075 ; 4.653 ;       ;
; IN[0]      ; OUT[3]      ; 4.111 ;       ;       ; 4.741 ;
; IN[0]      ; OUT[4]      ;       ; 4.263 ; 4.821 ;       ;
; IN[0]      ; OUT[5]      ; 4.107 ;       ;       ; 4.741 ;
; IN[0]      ; OUT[6]      ;       ; 4.290 ; 4.842 ;       ;
; IN[0]      ; OUT[7]      ; 4.101 ;       ;       ; 4.770 ;
; IN[0]      ; OUT[8]      ;       ; 5.019 ; 5.448 ;       ;
; IN[0]      ; OUT[9]      ; 4.070 ;       ;       ; 4.698 ;
; IN[0]      ; OUT[10]     ;       ; 4.078 ; 4.611 ;       ;
; IN[0]      ; OUT[11]     ; 4.117 ;       ;       ; 4.741 ;
; IN[0]      ; OUT[12]     ;       ; 4.070 ; 4.644 ;       ;
; IN[0]      ; OUT[13]     ; 4.184 ;       ;       ; 4.826 ;
; IN[0]      ; OUT[14]     ;       ; 4.067 ; 4.644 ;       ;
; IN[0]      ; OUT[15]     ; 4.142 ;       ;       ; 4.779 ;
; IN[1]      ; OUT[0]      ;       ; 3.988 ; 4.522 ;       ;
; IN[1]      ; OUT[1]      ;       ; 4.250 ; 4.761 ;       ;
; IN[1]      ; OUT[2]      ; 4.058 ;       ;       ; 4.669 ;
; IN[1]      ; OUT[3]      ; 4.075 ;       ;       ; 4.679 ;
; IN[1]      ; OUT[4]      ;       ; 4.257 ; 4.813 ;       ;
; IN[1]      ; OUT[5]      ;       ; 4.102 ; 4.666 ;       ;
; IN[1]      ; OUT[6]      ; 4.202 ;       ;       ; 4.854 ;
; IN[1]      ; OUT[7]      ; 4.081 ;       ;       ; 4.750 ;
; IN[1]      ; OUT[8]      ;       ; 4.999 ; 5.428 ;       ;
; IN[1]      ; OUT[9]      ;       ; 4.052 ; 4.629 ;       ;
; IN[1]      ; OUT[10]     ; 3.960 ;       ;       ; 4.608 ;
; IN[1]      ; OUT[11]     ; 4.074 ;       ;       ; 4.670 ;
; IN[1]      ; OUT[12]     ;       ; 4.046 ; 4.628 ;       ;
; IN[1]      ; OUT[13]     ;       ; 4.175 ; 4.735 ;       ;
; IN[1]      ; OUT[14]     ; 4.004 ;       ;       ; 4.629 ;
; IN[1]      ; OUT[15]     ; 4.069 ;       ;       ; 4.701 ;
; IN[2]      ; OUT[0]      ;       ; 3.958 ; 4.491 ;       ;
; IN[2]      ; OUT[1]      ;       ; 4.222 ; 4.729 ;       ;
; IN[2]      ; OUT[2]      ;       ; 4.059 ; 4.643 ;       ;
; IN[2]      ; OUT[3]      ;       ; 4.082 ; 4.657 ;       ;
; IN[2]      ; OUT[4]      ; 4.175 ;       ;       ; 4.805 ;
; IN[2]      ; OUT[5]      ; 4.030 ;       ;       ; 4.637 ;
; IN[2]      ; OUT[6]      ; 4.173 ;       ;       ; 4.826 ;
; IN[2]      ; OUT[7]      ; 4.052 ;       ;       ; 4.721 ;
; IN[2]      ; OUT[8]      ;       ; 4.968 ; 5.396 ;       ;
; IN[2]      ; OUT[9]      ;       ; 4.024 ; 4.595 ;       ;
; IN[2]      ; OUT[10]     ;       ; 4.006 ; 4.548 ;       ;
; IN[2]      ; OUT[11]     ;       ; 4.075 ; 4.660 ;       ;
; IN[2]      ; OUT[12]     ; 3.985 ;       ;       ; 4.594 ;
; IN[2]      ; OUT[13]     ; 4.097 ;       ;       ; 4.713 ;
; IN[2]      ; OUT[14]     ; 3.974 ;       ;       ; 4.601 ;
; IN[2]      ; OUT[15]     ; 4.039 ;       ;       ; 4.672 ;
; IN[3]      ; OUT[0]      ;       ; 4.004 ; 4.566 ;       ;
; IN[3]      ; OUT[1]      ;       ; 4.258 ; 4.788 ;       ;
; IN[3]      ; OUT[2]      ;       ; 4.074 ; 4.676 ;       ;
; IN[3]      ; OUT[3]      ;       ; 4.120 ; 4.716 ;       ;
; IN[3]      ; OUT[4]      ;       ; 4.255 ; 4.834 ;       ;
; IN[3]      ; OUT[5]      ;       ; 4.118 ; 4.710 ;       ;
; IN[3]      ; OUT[6]      ;       ; 4.279 ; 4.850 ;       ;
; IN[3]      ; OUT[7]      ;       ; 4.158 ; 4.714 ;       ;
; IN[3]      ; OUT[8]      ; 4.860 ;       ;       ; 5.636 ;
; IN[3]      ; OUT[9]      ; 4.062 ;       ;       ; 4.694 ;
; IN[3]      ; OUT[10]     ; 4.003 ;       ;       ; 4.678 ;
; IN[3]      ; OUT[11]     ; 4.102 ;       ;       ; 4.729 ;
; IN[3]      ; OUT[12]     ; 4.047 ;       ;       ; 4.677 ;
; IN[3]      ; OUT[13]     ; 4.169 ;       ;       ; 4.813 ;
; IN[3]      ; OUT[14]     ; 4.041 ;       ;       ; 4.671 ;
; IN[3]      ; OUT[15]     ; 4.127 ;       ;       ; 4.767 ;
+------------+-------------+-------+-------+-------+-------+


---------------------------------------------
; Fast 1200mV 0C Model Metastability Report ;
---------------------------------------------
No synchronizer chains to report.


+----------------------------------------------------------------------------+
; Multicorner Timing Analysis Summary                                        ;
+------------------+-------+------+----------+---------+---------------------+
; Clock            ; Setup ; Hold ; Recovery ; Removal ; Minimum Pulse Width ;
+------------------+-------+------+----------+---------+---------------------+
; Worst-case Slack ; N/A   ; N/A  ; N/A      ; N/A     ; N/A                 ;
; Design-wide TNS  ; 0.0   ; 0.0  ; 0.0      ; 0.0     ; 0.0                 ;
+------------------+-------+------+----------+---------+---------------------+


+----------------------------------------------------------+
; Propagation Delay                                        ;
+------------+-------------+-------+-------+-------+-------+
; Input Port ; Output Port ; RR    ; RF    ; FR    ; FF    ;
+------------+-------------+-------+-------+-------+-------+
; IN[0]      ; OUT[0]      ;       ; 6.811 ; 7.327 ;       ;
; IN[0]      ; OUT[1]      ; 7.234 ;       ;       ; 7.716 ;
; IN[0]      ; OUT[2]      ;       ; 6.930 ; 7.398 ;       ;
; IN[0]      ; OUT[3]      ; 6.988 ;       ;       ; 7.470 ;
; IN[0]      ; OUT[4]      ;       ; 7.225 ; 7.703 ;       ;
; IN[0]      ; OUT[5]      ; 6.996 ;       ;       ; 7.482 ;
; IN[0]      ; OUT[6]      ;       ; 7.271 ; 7.736 ;       ;
; IN[0]      ; OUT[7]      ; 7.153 ;       ;       ; 7.572 ;
; IN[0]      ; OUT[8]      ;       ; 8.212 ; 8.586 ;       ;
; IN[0]      ; OUT[9]      ; 6.941 ;       ;       ; 7.446 ;
; IN[0]      ; OUT[10]     ;       ; 6.934 ; 7.461 ;       ;
; IN[0]      ; OUT[11]     ; 6.985 ;       ;       ; 7.485 ;
; IN[0]      ; OUT[12]     ;       ; 6.906 ; 7.398 ;       ;
; IN[0]      ; OUT[13]     ; 7.152 ;       ;       ; 7.624 ;
; IN[0]      ; OUT[14]     ;       ; 6.917 ; 7.387 ;       ;
; IN[0]      ; OUT[15]     ; 7.109 ;       ;       ; 7.571 ;
; IN[1]      ; OUT[0]      ;       ; 6.760 ; 7.280 ;       ;
; IN[1]      ; OUT[1]      ;       ; 7.177 ; 7.677 ;       ;
; IN[1]      ; OUT[2]      ; 6.890 ;       ;       ; 7.398 ;
; IN[1]      ; OUT[3]      ; 6.896 ;       ;       ; 7.375 ;
; IN[1]      ; OUT[4]      ;       ; 7.202 ; 7.688 ;       ;
; IN[1]      ; OUT[5]      ;       ; 6.930 ; 7.415 ;       ;
; IN[1]      ; OUT[6]      ; 7.175 ;       ;       ; 7.716 ;
; IN[1]      ; OUT[7]      ; 7.083 ;       ;       ; 7.533 ;
; IN[1]      ; OUT[8]      ;       ; 8.143 ; 8.529 ;       ;
; IN[1]      ; OUT[9]      ;       ; 6.847 ; 7.338 ;       ;
; IN[1]      ; OUT[10]     ; 6.877 ;       ;       ; 7.305 ;
; IN[1]      ; OUT[11]     ; 6.880 ;       ;       ; 7.362 ;
; IN[1]      ; OUT[12]     ;       ; 6.837 ; 7.354 ;       ;
; IN[1]      ; OUT[13]     ;       ; 7.048 ; 7.550 ;       ;
; IN[1]      ; OUT[14]     ; 6.797 ;       ;       ; 7.328 ;
; IN[1]      ; OUT[15]     ; 6.967 ;       ;       ; 7.452 ;
; IN[2]      ; OUT[0]      ;       ; 6.758 ; 7.253 ;       ;
; IN[2]      ; OUT[1]      ;       ; 7.184 ; 7.650 ;       ;
; IN[2]      ; OUT[2]      ;       ; 6.928 ; 7.389 ;       ;
; IN[2]      ; OUT[3]      ;       ; 6.918 ; 7.401 ;       ;
; IN[2]      ; OUT[4]      ; 7.174 ;       ;       ; 7.645 ;
; IN[2]      ; OUT[5]      ; 6.902 ;       ;       ; 7.348 ;
; IN[2]      ; OUT[6]      ; 7.175 ;       ;       ; 7.691 ;
; IN[2]      ; OUT[7]      ; 7.084 ;       ;       ; 7.502 ;
; IN[2]      ; OUT[8]      ;       ; 8.142 ; 8.502 ;       ;
; IN[2]      ; OUT[9]      ;       ; 6.853 ; 7.311 ;       ;
; IN[2]      ; OUT[10]     ;       ; 6.849 ; 7.376 ;       ;
; IN[2]      ; OUT[11]     ;       ; 6.916 ; 7.378 ;       ;
; IN[2]      ; OUT[12]     ; 6.831 ;       ;       ; 7.275 ;
; IN[2]      ; OUT[13]     ; 7.041 ;       ;       ; 7.463 ;
; IN[2]      ; OUT[14]     ; 6.798 ;       ;       ; 7.305 ;
; IN[2]      ; OUT[15]     ; 6.967 ;       ;       ; 7.423 ;
; IN[3]      ; OUT[0]      ;       ; 6.798 ; 7.319 ;       ;
; IN[3]      ; OUT[1]      ;       ; 7.217 ; 7.706 ;       ;
; IN[3]      ; OUT[2]      ;       ; 6.929 ; 7.397 ;       ;
; IN[3]      ; OUT[3]      ;       ; 6.953 ; 7.449 ;       ;
; IN[3]      ; OUT[4]      ;       ; 7.216 ; 7.700 ;       ;
; IN[3]      ; OUT[5]      ;       ; 6.970 ; 7.453 ;       ;
; IN[3]      ; OUT[6]      ;       ; 7.262 ; 7.725 ;       ;
; IN[3]      ; OUT[7]      ;       ; 7.067 ; 7.621 ;       ;
; IN[3]      ; OUT[8]      ; 8.121 ;       ;       ; 8.680 ;
; IN[3]      ; OUT[9]      ; 6.924 ;       ;       ; 7.408 ;
; IN[3]      ; OUT[10]     ; 6.979 ;       ;       ; 7.390 ;
; IN[3]      ; OUT[11]     ; 6.966 ;       ;       ; 7.445 ;
; IN[3]      ; OUT[12]     ; 6.919 ;       ;       ; 7.367 ;
; IN[3]      ; OUT[13]     ; 7.140 ;       ;       ; 7.580 ;
; IN[3]      ; OUT[14]     ; 6.903 ;       ;       ; 7.375 ;
; IN[3]      ; OUT[15]     ; 7.097 ;       ;       ; 7.520 ;
+------------+-------------+-------+-------+-------+-------+


+----------------------------------------------------------+
; Minimum Propagation Delay                                ;
+------------+-------------+-------+-------+-------+-------+
; Input Port ; Output Port ; RR    ; RF    ; FR    ; FF    ;
+------------+-------------+-------+-------+-------+-------+
; IN[0]      ; OUT[0]      ;       ; 4.013 ; 4.554 ;       ;
; IN[0]      ; OUT[1]      ; 4.171 ;       ;       ; 4.865 ;
; IN[0]      ; OUT[2]      ;       ; 4.075 ; 4.653 ;       ;
; IN[0]      ; OUT[3]      ; 4.111 ;       ;       ; 4.741 ;
; IN[0]      ; OUT[4]      ;       ; 4.263 ; 4.821 ;       ;
; IN[0]      ; OUT[5]      ; 4.107 ;       ;       ; 4.741 ;
; IN[0]      ; OUT[6]      ;       ; 4.290 ; 4.842 ;       ;
; IN[0]      ; OUT[7]      ; 4.101 ;       ;       ; 4.770 ;
; IN[0]      ; OUT[8]      ;       ; 5.019 ; 5.448 ;       ;
; IN[0]      ; OUT[9]      ; 4.070 ;       ;       ; 4.698 ;
; IN[0]      ; OUT[10]     ;       ; 4.078 ; 4.611 ;       ;
; IN[0]      ; OUT[11]     ; 4.117 ;       ;       ; 4.741 ;
; IN[0]      ; OUT[12]     ;       ; 4.070 ; 4.644 ;       ;
; IN[0]      ; OUT[13]     ; 4.184 ;       ;       ; 4.826 ;
; IN[0]      ; OUT[14]     ;       ; 4.067 ; 4.644 ;       ;
; IN[0]      ; OUT[15]     ; 4.142 ;       ;       ; 4.779 ;
; IN[1]      ; OUT[0]      ;       ; 3.988 ; 4.522 ;       ;
; IN[1]      ; OUT[1]      ;       ; 4.250 ; 4.761 ;       ;
; IN[1]      ; OUT[2]      ; 4.058 ;       ;       ; 4.669 ;
; IN[1]      ; OUT[3]      ; 4.075 ;       ;       ; 4.679 ;
; IN[1]      ; OUT[4]      ;       ; 4.257 ; 4.813 ;       ;
; IN[1]      ; OUT[5]      ;       ; 4.102 ; 4.666 ;       ;
; IN[1]      ; OUT[6]      ; 4.202 ;       ;       ; 4.854 ;
; IN[1]      ; OUT[7]      ; 4.081 ;       ;       ; 4.750 ;
; IN[1]      ; OUT[8]      ;       ; 4.999 ; 5.428 ;       ;
; IN[1]      ; OUT[9]      ;       ; 4.052 ; 4.629 ;       ;
; IN[1]      ; OUT[10]     ; 3.960 ;       ;       ; 4.608 ;
; IN[1]      ; OUT[11]     ; 4.074 ;       ;       ; 4.670 ;
; IN[1]      ; OUT[12]     ;       ; 4.046 ; 4.628 ;       ;
; IN[1]      ; OUT[13]     ;       ; 4.175 ; 4.735 ;       ;
; IN[1]      ; OUT[14]     ; 4.004 ;       ;       ; 4.629 ;
; IN[1]      ; OUT[15]     ; 4.069 ;       ;       ; 4.701 ;
; IN[2]      ; OUT[0]      ;       ; 3.958 ; 4.491 ;       ;
; IN[2]      ; OUT[1]      ;       ; 4.222 ; 4.729 ;       ;
; IN[2]      ; OUT[2]      ;       ; 4.059 ; 4.643 ;       ;
; IN[2]      ; OUT[3]      ;       ; 4.082 ; 4.657 ;       ;
; IN[2]      ; OUT[4]      ; 4.175 ;       ;       ; 4.805 ;
; IN[2]      ; OUT[5]      ; 4.030 ;       ;       ; 4.637 ;
; IN[2]      ; OUT[6]      ; 4.173 ;       ;       ; 4.826 ;
; IN[2]      ; OUT[7]      ; 4.052 ;       ;       ; 4.721 ;
; IN[2]      ; OUT[8]      ;       ; 4.968 ; 5.396 ;       ;
; IN[2]      ; OUT[9]      ;       ; 4.024 ; 4.595 ;       ;
; IN[2]      ; OUT[10]     ;       ; 4.006 ; 4.548 ;       ;
; IN[2]      ; OUT[11]     ;       ; 4.075 ; 4.660 ;       ;
; IN[2]      ; OUT[12]     ; 3.985 ;       ;       ; 4.594 ;
; IN[2]      ; OUT[13]     ; 4.097 ;       ;       ; 4.713 ;
; IN[2]      ; OUT[14]     ; 3.974 ;       ;       ; 4.601 ;
; IN[2]      ; OUT[15]     ; 4.039 ;       ;       ; 4.672 ;
; IN[3]      ; OUT[0]      ;       ; 4.004 ; 4.566 ;       ;
; IN[3]      ; OUT[1]      ;       ; 4.258 ; 4.788 ;       ;
; IN[3]      ; OUT[2]      ;       ; 4.074 ; 4.676 ;       ;
; IN[3]      ; OUT[3]      ;       ; 4.120 ; 4.716 ;       ;
; IN[3]      ; OUT[4]      ;       ; 4.255 ; 4.834 ;       ;
; IN[3]      ; OUT[5]      ;       ; 4.118 ; 4.710 ;       ;
; IN[3]      ; OUT[6]      ;       ; 4.279 ; 4.850 ;       ;
; IN[3]      ; OUT[7]      ;       ; 4.158 ; 4.714 ;       ;
; IN[3]      ; OUT[8]      ; 4.860 ;       ;       ; 5.636 ;
; IN[3]      ; OUT[9]      ; 4.062 ;       ;       ; 4.694 ;
; IN[3]      ; OUT[10]     ; 4.003 ;       ;       ; 4.678 ;
; IN[3]      ; OUT[11]     ; 4.102 ;       ;       ; 4.729 ;
; IN[3]      ; OUT[12]     ; 4.047 ;       ;       ; 4.677 ;
; IN[3]      ; OUT[13]     ; 4.169 ;       ;       ; 4.813 ;
; IN[3]      ; OUT[14]     ; 4.041 ;       ;       ; 4.671 ;
; IN[3]      ; OUT[15]     ; 4.127 ;       ;       ; 4.767 ;
+------------+-------------+-------+-------+-------+-------+


+------------------------------------------------------------------------------------------------------------------------------------------------------------------------------------------------------------------------------------------------------------------------------------------------------------------------------------------------------------------------------------------------------------------+
; Board Trace Model Assignments                                                                                                                                                                                                                                                                                                                                                                                    ;
+---------------+--------------+-------------------+-------------------------+-------------------------+---------------+---------------------+----------------+------------------+--------+------------------+------------------------+------------------------+--------------+---------------+-----------------+-------+---------------------+--------------------+---------------+-----------------+-------------+
; Pin           ; I/O Standard ; Near Tline Length ; Near Tline L per Length ; Near Tline C per Length ; Near Series R ; Near Differential R ; Near Pull-up R ; Near Pull-down R ; Near C ; Far Tline Length ; Far Tline L per Length ; Far Tline C per Length ; Far Series R ; Far Pull-up R ; Far Pull-down R ; Far C ; Termination Voltage ; Far Differential R ; EBD File Name ; EBD Signal Name ; EBD Far-end ;
+---------------+--------------+-------------------+-------------------------+-------------------------+---------------+---------------------+----------------+------------------+--------+------------------+------------------------+------------------------+--------------+---------------+-----------------+-------+---------------------+--------------------+---------------+-----------------+-------------+
; OUT[0]        ; 2.5 V        ; 0 in              ; 0 H/in                  ; 0 F/in                  ; short         ; -                   ; open           ; open             ; open   ; 0 in             ; 0 H/in                 ; 0 F/in                 ; short        ; open          ; open            ; open  ; 0 V                 ; -                  ; n/a           ; n/a             ; n/a         ;
; OUT[1]        ; 2.5 V        ; 0 in              ; 0 H/in                  ; 0 F/in                  ; short         ; -                   ; open           ; open             ; open   ; 0 in             ; 0 H/in                 ; 0 F/in                 ; short        ; open          ; open            ; open  ; 0 V                 ; -                  ; n/a           ; n/a             ; n/a         ;
; OUT[2]        ; 2.5 V        ; 0 in              ; 0 H/in                  ; 0 F/in                  ; short         ; -                   ; open           ; open             ; open   ; 0 in             ; 0 H/in                 ; 0 F/in                 ; short        ; open          ; open            ; open  ; 0 V                 ; -                  ; n/a           ; n/a             ; n/a         ;
; OUT[3]        ; 2.5 V        ; 0 in              ; 0 H/in                  ; 0 F/in                  ; short         ; -                   ; open           ; open             ; open   ; 0 in             ; 0 H/in                 ; 0 F/in                 ; short        ; open          ; open            ; open  ; 0 V                 ; -                  ; n/a           ; n/a             ; n/a         ;
; OUT[4]        ; 2.5 V        ; 0 in              ; 0 H/in                  ; 0 F/in                  ; short         ; -                   ; open           ; open             ; open   ; 0 in             ; 0 H/in                 ; 0 F/in                 ; short        ; open          ; open            ; open  ; 0 V                 ; -                  ; n/a           ; n/a             ; n/a         ;
; OUT[5]        ; 2.5 V        ; 0 in              ; 0 H/in                  ; 0 F/in                  ; short         ; -                   ; open           ; open             ; open   ; 0 in             ; 0 H/in                 ; 0 F/in                 ; short        ; open          ; open            ; open  ; 0 V                 ; -                  ; n/a           ; n/a             ; n/a         ;
; OUT[6]        ; 2.5 V        ; 0 in              ; 0 H/in                  ; 0 F/in                  ; short         ; -                   ; open           ; open             ; open   ; 0 in             ; 0 H/in                 ; 0 F/in                 ; short        ; open          ; open            ; open  ; 0 V                 ; -                  ; n/a           ; n/a             ; n/a         ;
; OUT[7]        ; 2.5 V        ; 0 in              ; 0 H/in                  ; 0 F/in                  ; short         ; -                   ; open           ; open             ; open   ; 0 in             ; 0 H/in                 ; 0 F/in                 ; short        ; open          ; open            ; open  ; 0 V                 ; -                  ; n/a           ; n/a             ; n/a         ;
; OUT[8]        ; 2.5 V        ; 0 in              ; 0 H/in                  ; 0 F/in                  ; short         ; -                   ; open           ; open             ; open   ; 0 in             ; 0 H/in                 ; 0 F/in                 ; short        ; open          ; open            ; open  ; 0 V                 ; -                  ; n/a           ; n/a             ; n/a         ;
; OUT[9]        ; 2.5 V        ; 0 in              ; 0 H/in                  ; 0 F/in                  ; short         ; -                   ; open           ; open             ; open   ; 0 in             ; 0 H/in                 ; 0 F/in                 ; short        ; open          ; open            ; open  ; 0 V                 ; -                  ; n/a           ; n/a             ; n/a         ;
; OUT[10]       ; 2.5 V        ; 0 in              ; 0 H/in                  ; 0 F/in                  ; short         ; -                   ; open           ; open             ; open   ; 0 in             ; 0 H/in                 ; 0 F/in                 ; short        ; open          ; open            ; open  ; 0 V                 ; -                  ; n/a           ; n/a             ; n/a         ;
; OUT[11]       ; 2.5 V        ; 0 in              ; 0 H/in                  ; 0 F/in                  ; short         ; -                   ; open           ; open             ; open   ; 0 in             ; 0 H/in                 ; 0 F/in                 ; short        ; open          ; open            ; open  ; 0 V                 ; -                  ; n/a           ; n/a             ; n/a         ;
; OUT[12]       ; 2.5 V        ; 0 in              ; 0 H/in                  ; 0 F/in                  ; short         ; -                   ; open           ; open             ; open   ; 0 in             ; 0 H/in                 ; 0 F/in                 ; short        ; open          ; open            ; open  ; 0 V                 ; -                  ; n/a           ; n/a             ; n/a         ;
; OUT[13]       ; 2.5 V        ; 0 in              ; 0 H/in                  ; 0 F/in                  ; short         ; -                   ; open           ; open             ; open   ; 0 in             ; 0 H/in                 ; 0 F/in                 ; short        ; open          ; open            ; open  ; 0 V                 ; -                  ; n/a           ; n/a             ; n/a         ;
; OUT[14]       ; 2.5 V        ; 0 in              ; 0 H/in                  ; 0 F/in                  ; short         ; -                   ; open           ; open             ; open   ; 0 in             ; 0 H/in                 ; 0 F/in                 ; short        ; open          ; open            ; open  ; 0 V                 ; -                  ; n/a           ; n/a             ; n/a         ;
; OUT[15]       ; 2.5 V        ; 0 in              ; 0 H/in                  ; 0 F/in                  ; short         ; -                   ; open           ; open             ; open   ; 0 in             ; 0 H/in                 ; 0 F/in                 ; short        ; open          ; open            ; open  ; 0 V                 ; -                  ; n/a           ; n/a             ; n/a         ;
; ~ALTERA_DCLK~ ; 2.5 V        ; 0 in              ; 0 H/in                  ; 0 F/in                  ; short         ; -                   ; open           ; open             ; open   ; 0 in             ; 0 H/in                 ; 0 F/in                 ; short        ; open          ; open            ; open  ; 0 V                 ; -                  ; n/a           ; n/a             ; n/a         ;
; ~ALTERA_nCEO~ ; 2.5 V        ; 0 in              ; 0 H/in                  ; 0 F/in                  ; short         ; -                   ; open           ; open             ; open   ; 0 in             ; 0 H/in                 ; 0 F/in                 ; short        ; open          ; open            ; open  ; 0 V                 ; -                  ; n/a           ; n/a             ; n/a         ;
+---------------+--------------+-------------------+-------------------------+-------------------------+---------------+---------------------+----------------+------------------+--------+------------------+------------------------+------------------------+--------------+---------------+-----------------+-------+---------------------+--------------------+---------------+-----------------+-------------+


+----------------------------------------------------------------------------+
; Input Transition Times                                                     ;
+-------------------------+--------------+-----------------+-----------------+
; Pin                     ; I/O Standard ; 10-90 Rise Time ; 90-10 Fall Time ;
+-------------------------+--------------+-----------------+-----------------+
; IN[0]                   ; 2.5 V        ; 2000 ps         ; 2000 ps         ;
; IN[1]                   ; 2.5 V        ; 2000 ps         ; 2000 ps         ;
; IN[2]                   ; 2.5 V        ; 2000 ps         ; 2000 ps         ;
; IN[3]                   ; 2.5 V        ; 2000 ps         ; 2000 ps         ;
; ~ALTERA_ASDO_DATA1~     ; 2.5 V        ; 2000 ps         ; 2000 ps         ;
; ~ALTERA_FLASH_nCE_nCSO~ ; 2.5 V        ; 2000 ps         ; 2000 ps         ;
; ~ALTERA_DATA0~          ; 2.5 V        ; 2000 ps         ; 2000 ps         ;
+-------------------------+--------------+-----------------+-----------------+


+--------------------------------------------------------------------------------------------------------------------------------------------------------------------------------------------------------------------------------------------------------------------------------------------------------------------------------------------------------------------------------------------------------------------------------------------------------------------------------------------------------------------------------------------------------------------------------------------------------------------------------------------------------------------------------------------+
; Slow Corner Signal Integrity Metrics                                                                                                                                                                                                                                                                                                                                                                                                                                                                                                                                                                                                                                                       ;
+---------------+--------------+---------------------+---------------------+------------------------------+------------------------------+---------------------+---------------------+--------------------------------------+--------------------------------------+-----------------------------+-----------------------------+----------------------------+----------------------------+-----------------------------+-----------------------------+--------------------+--------------------+-------------------------------------+-------------------------------------+----------------------------+----------------------------+---------------------------+---------------------------+
; Pin           ; I/O Standard ; Board Delay on Rise ; Board Delay on Fall ; Steady State Voh at FPGA Pin ; Steady State Vol at FPGA Pin ; Voh Max at FPGA Pin ; Vol Min at FPGA Pin ; Ringback Voltage on Rise at FPGA Pin ; Ringback Voltage on Fall at FPGA Pin ; 10-90 Rise Time at FPGA Pin ; 90-10 Fall Time at FPGA Pin ; Monotonic Rise at FPGA Pin ; Monotonic Fall at FPGA Pin ; Steady State Voh at Far-end ; Steady State Vol at Far-end ; Voh Max at Far-end ; Vol Min at Far-end ; Ringback Voltage on Rise at Far-end ; Ringback Voltage on Fall at Far-end ; 10-90 Rise Time at Far-end ; 90-10 Fall Time at Far-end ; Monotonic Rise at Far-end ; Monotonic Fall at Far-end ;
+---------------+--------------+---------------------+---------------------+------------------------------+------------------------------+---------------------+---------------------+--------------------------------------+--------------------------------------+-----------------------------+-----------------------------+----------------------------+----------------------------+-----------------------------+-----------------------------+--------------------+--------------------+-------------------------------------+-------------------------------------+----------------------------+----------------------------+---------------------------+---------------------------+
; OUT[0]        ; 2.5 V        ; 0 s                 ; 0 s                 ; 2.32 V                       ; 7.25e-07 V                   ; 2.36 V              ; -0.00946 V          ; 0.111 V                              ; 0.027 V                              ; 6.46e-10 s                  ; 6.2e-10 s                   ; Yes                        ; Yes                        ; 2.32 V                      ; 7.25e-07 V                  ; 2.36 V             ; -0.00946 V         ; 0.111 V                             ; 0.027 V                             ; 6.46e-10 s                 ; 6.2e-10 s                  ; Yes                       ; Yes                       ;
; OUT[1]        ; 2.5 V        ; 0 s                 ; 0 s                 ; 2.32 V                       ; 7.25e-07 V                   ; 2.36 V              ; -0.00946 V          ; 0.111 V                              ; 0.027 V                              ; 6.46e-10 s                  ; 6.2e-10 s                   ; Yes                        ; Yes                        ; 2.32 V                      ; 7.25e-07 V                  ; 2.36 V             ; -0.00946 V         ; 0.111 V                             ; 0.027 V                             ; 6.46e-10 s                 ; 6.2e-10 s                  ; Yes                       ; Yes                       ;
; OUT[2]        ; 2.5 V        ; 0 s                 ; 0 s                 ; 2.32 V                       ; 7.25e-07 V                   ; 2.35 V              ; -0.0111 V           ; 0.113 V                              ; 0.035 V                              ; 7.76e-10 s                  ; 8.04e-10 s                  ; Yes                        ; Yes                        ; 2.32 V                      ; 7.25e-07 V                  ; 2.35 V             ; -0.0111 V          ; 0.113 V                             ; 0.035 V                             ; 7.76e-10 s                 ; 8.04e-10 s                 ; Yes                       ; Yes                       ;
; OUT[3]        ; 2.5 V        ; 0 s                 ; 0 s                 ; 2.32 V                       ; 7.25e-07 V                   ; 2.35 V              ; -0.0111 V           ; 0.113 V                              ; 0.035 V                              ; 7.76e-10 s                  ; 8.04e-10 s                  ; Yes                        ; Yes                        ; 2.32 V                      ; 7.25e-07 V                  ; 2.35 V             ; -0.0111 V          ; 0.113 V                             ; 0.035 V                             ; 7.76e-10 s                 ; 8.04e-10 s                 ; Yes                       ; Yes                       ;
; OUT[4]        ; 2.5 V        ; 0 s                 ; 0 s                 ; 2.32 V                       ; 7.25e-07 V                   ; 2.35 V              ; -0.0111 V           ; 0.113 V                              ; 0.035 V                              ; 7.76e-10 s                  ; 8.04e-10 s                  ; Yes                        ; Yes                        ; 2.32 V                      ; 7.25e-07 V                  ; 2.35 V             ; -0.0111 V          ; 0.113 V                             ; 0.035 V                             ; 7.76e-10 s                 ; 8.04e-10 s                 ; Yes                       ; Yes                       ;
; OUT[5]        ; 2.5 V        ; 0 s                 ; 0 s                 ; 2.32 V                       ; 7.25e-07 V                   ; 2.35 V              ; -0.0111 V           ; 0.113 V                              ; 0.035 V                              ; 7.76e-10 s                  ; 8.04e-10 s                  ; Yes                        ; Yes                        ; 2.32 V                      ; 7.25e-07 V                  ; 2.35 V             ; -0.0111 V          ; 0.113 V                             ; 0.035 V                             ; 7.76e-10 s                 ; 8.04e-10 s                 ; Yes                       ; Yes                       ;
; OUT[6]        ; 2.5 V        ; 0 s                 ; 0 s                 ; 2.32 V                       ; 7.25e-07 V                   ; 2.35 V              ; -0.0111 V           ; 0.113 V                              ; 0.035 V                              ; 7.76e-10 s                  ; 8.04e-10 s                  ; Yes                        ; Yes                        ; 2.32 V                      ; 7.25e-07 V                  ; 2.35 V             ; -0.0111 V          ; 0.113 V                             ; 0.035 V                             ; 7.76e-10 s                 ; 8.04e-10 s                 ; Yes                       ; Yes                       ;
; OUT[7]        ; 2.5 V        ; 0 s                 ; 0 s                 ; 2.32 V                       ; 1.08e-06 V                   ; 2.36 V              ; -0.0113 V           ; 0.122 V                              ; 0.022 V                              ; 4.5e-10 s                   ; 4.45e-10 s                  ; Yes                        ; Yes                        ; 2.32 V                      ; 1.08e-06 V                  ; 2.36 V             ; -0.0113 V          ; 0.122 V                             ; 0.022 V                             ; 4.5e-10 s                  ; 4.45e-10 s                 ; Yes                       ; Yes                       ;
; OUT[8]        ; 2.5 V        ; 0 s                 ; 0 s                 ; 2.32 V                       ; 7.25e-07 V                   ; 2.33 V              ; -0.00317 V          ; 0.162 V                              ; 0.063 V                              ; 3.54e-09 s                  ; 3.41e-09 s                  ; Yes                        ; Yes                        ; 2.32 V                      ; 7.25e-07 V                  ; 2.33 V             ; -0.00317 V         ; 0.162 V                             ; 0.063 V                             ; 3.54e-09 s                 ; 3.41e-09 s                 ; Yes                       ; Yes                       ;
; OUT[9]        ; 2.5 V        ; 0 s                 ; 0 s                 ; 2.32 V                       ; 7.25e-07 V                   ; 2.35 V              ; -0.0111 V           ; 0.113 V                              ; 0.035 V                              ; 7.76e-10 s                  ; 8.04e-10 s                  ; Yes                        ; Yes                        ; 2.32 V                      ; 7.25e-07 V                  ; 2.35 V             ; -0.0111 V          ; 0.113 V                             ; 0.035 V                             ; 7.76e-10 s                 ; 8.04e-10 s                 ; Yes                       ; Yes                       ;
; OUT[10]       ; 2.5 V        ; 0 s                 ; 0 s                 ; 2.32 V                       ; 7.25e-07 V                   ; 2.36 V              ; -0.00946 V          ; 0.111 V                              ; 0.027 V                              ; 6.46e-10 s                  ; 6.2e-10 s                   ; Yes                        ; Yes                        ; 2.32 V                      ; 7.25e-07 V                  ; 2.36 V             ; -0.00946 V         ; 0.111 V                             ; 0.027 V                             ; 6.46e-10 s                 ; 6.2e-10 s                  ; Yes                       ; Yes                       ;
; OUT[11]       ; 2.5 V        ; 0 s                 ; 0 s                 ; 2.32 V                       ; 7.25e-07 V                   ; 2.35 V              ; -0.0111 V           ; 0.113 V                              ; 0.035 V                              ; 7.76e-10 s                  ; 8.04e-10 s                  ; Yes                        ; Yes                        ; 2.32 V                      ; 7.25e-07 V                  ; 2.35 V             ; -0.0111 V          ; 0.113 V                             ; 0.035 V                             ; 7.76e-10 s                 ; 8.04e-10 s                 ; Yes                       ; Yes                       ;
; OUT[12]       ; 2.5 V        ; 0 s                 ; 0 s                 ; 2.32 V                       ; 7.25e-07 V                   ; 2.35 V              ; -0.0111 V           ; 0.113 V                              ; 0.035 V                              ; 7.76e-10 s                  ; 8.04e-10 s                  ; Yes                        ; Yes                        ; 2.32 V                      ; 7.25e-07 V                  ; 2.35 V             ; -0.0111 V          ; 0.113 V                             ; 0.035 V                             ; 7.76e-10 s                 ; 8.04e-10 s                 ; Yes                       ; Yes                       ;
; OUT[13]       ; 2.5 V        ; 0 s                 ; 0 s                 ; 2.32 V                       ; 7.25e-07 V                   ; 2.35 V              ; -0.0111 V           ; 0.113 V                              ; 0.035 V                              ; 7.76e-10 s                  ; 8.04e-10 s                  ; Yes                        ; Yes                        ; 2.32 V                      ; 7.25e-07 V                  ; 2.35 V             ; -0.0111 V          ; 0.113 V                             ; 0.035 V                             ; 7.76e-10 s                 ; 8.04e-10 s                 ; Yes                       ; Yes                       ;
; OUT[14]       ; 2.5 V        ; 0 s                 ; 0 s                 ; 2.32 V                       ; 7.25e-07 V                   ; 2.35 V              ; -0.0111 V           ; 0.113 V                              ; 0.035 V                              ; 7.76e-10 s                  ; 8.04e-10 s                  ; Yes                        ; Yes                        ; 2.32 V                      ; 7.25e-07 V                  ; 2.35 V             ; -0.0111 V          ; 0.113 V                             ; 0.035 V                             ; 7.76e-10 s                 ; 8.04e-10 s                 ; Yes                       ; Yes                       ;
; OUT[15]       ; 2.5 V        ; 0 s                 ; 0 s                 ; 2.32 V                       ; 7.25e-07 V                   ; 2.35 V              ; -0.0111 V           ; 0.113 V                              ; 0.035 V                              ; 7.76e-10 s                  ; 8.04e-10 s                  ; Yes                        ; Yes                        ; 2.32 V                      ; 7.25e-07 V                  ; 2.35 V             ; -0.0111 V          ; 0.113 V                             ; 0.035 V                             ; 7.76e-10 s                 ; 8.04e-10 s                 ; Yes                       ; Yes                       ;
; ~ALTERA_DCLK~ ; 2.5 V        ; 0 s                 ; 0 s                 ; 2.32 V                       ; 5.68e-07 V                   ; 2.35 V              ; -0.0132 V           ; 0.2 V                                ; 0.027 V                              ; 5.26e-10 s                  ; 4.81e-10 s                  ; Yes                        ; Yes                        ; 2.32 V                      ; 5.68e-07 V                  ; 2.35 V             ; -0.0132 V          ; 0.2 V                               ; 0.027 V                             ; 5.26e-10 s                 ; 4.81e-10 s                 ; Yes                       ; Yes                       ;
; ~ALTERA_nCEO~ ; 2.5 V        ; 0 s                 ; 0 s                 ; 2.32 V                       ; 9.36e-07 V                   ; 2.35 V              ; -0.00444 V          ; 0.18 V                               ; 0.019 V                              ; 7.23e-10 s                  ; 9.82e-10 s                  ; Yes                        ; Yes                        ; 2.32 V                      ; 9.36e-07 V                  ; 2.35 V             ; -0.00444 V         ; 0.18 V                              ; 0.019 V                             ; 7.23e-10 s                 ; 9.82e-10 s                 ; Yes                       ; Yes                       ;
+---------------+--------------+---------------------+---------------------+------------------------------+------------------------------+---------------------+---------------------+--------------------------------------+--------------------------------------+-----------------------------+-----------------------------+----------------------------+----------------------------+-----------------------------+-----------------------------+--------------------+--------------------+-------------------------------------+-------------------------------------+----------------------------+----------------------------+---------------------------+---------------------------+


+--------------------------------------------------------------------------------------------------------------------------------------------------------------------------------------------------------------------------------------------------------------------------------------------------------------------------------------------------------------------------------------------------------------------------------------------------------------------------------------------------------------------------------------------------------------------------------------------------------------------------------------------------------------------------------------------+
; Fast Corner Signal Integrity Metrics                                                                                                                                                                                                                                                                                                                                                                                                                                                                                                                                                                                                                                                       ;
+---------------+--------------+---------------------+---------------------+------------------------------+------------------------------+---------------------+---------------------+--------------------------------------+--------------------------------------+-----------------------------+-----------------------------+----------------------------+----------------------------+-----------------------------+-----------------------------+--------------------+--------------------+-------------------------------------+-------------------------------------+----------------------------+----------------------------+---------------------------+---------------------------+
; Pin           ; I/O Standard ; Board Delay on Rise ; Board Delay on Fall ; Steady State Voh at FPGA Pin ; Steady State Vol at FPGA Pin ; Voh Max at FPGA Pin ; Vol Min at FPGA Pin ; Ringback Voltage on Rise at FPGA Pin ; Ringback Voltage on Fall at FPGA Pin ; 10-90 Rise Time at FPGA Pin ; 90-10 Fall Time at FPGA Pin ; Monotonic Rise at FPGA Pin ; Monotonic Fall at FPGA Pin ; Steady State Voh at Far-end ; Steady State Vol at Far-end ; Voh Max at Far-end ; Vol Min at Far-end ; Ringback Voltage on Rise at Far-end ; Ringback Voltage on Fall at Far-end ; 10-90 Rise Time at Far-end ; 90-10 Fall Time at Far-end ; Monotonic Rise at Far-end ; Monotonic Fall at Far-end ;
+---------------+--------------+---------------------+---------------------+------------------------------+------------------------------+---------------------+---------------------+--------------------------------------+--------------------------------------+-----------------------------+-----------------------------+----------------------------+----------------------------+-----------------------------+-----------------------------+--------------------+--------------------+-------------------------------------+-------------------------------------+----------------------------+----------------------------+---------------------------+---------------------------+
; OUT[0]        ; 2.5 V        ; 0 s                 ; 0 s                 ; 2.62 V                       ; 2.78e-08 V                   ; 2.72 V              ; -0.0408 V           ; 0.163 V                              ; 0.075 V                              ; 4.51e-10 s                  ; 4.33e-10 s                  ; No                         ; Yes                        ; 2.62 V                      ; 2.78e-08 V                  ; 2.72 V             ; -0.0408 V          ; 0.163 V                             ; 0.075 V                             ; 4.51e-10 s                 ; 4.33e-10 s                 ; No                        ; Yes                       ;
; OUT[1]        ; 2.5 V        ; 0 s                 ; 0 s                 ; 2.62 V                       ; 2.78e-08 V                   ; 2.72 V              ; -0.0408 V           ; 0.163 V                              ; 0.075 V                              ; 4.51e-10 s                  ; 4.33e-10 s                  ; No                         ; Yes                        ; 2.62 V                      ; 2.78e-08 V                  ; 2.72 V             ; -0.0408 V          ; 0.163 V                             ; 0.075 V                             ; 4.51e-10 s                 ; 4.33e-10 s                 ; No                        ; Yes                       ;
; OUT[2]        ; 2.5 V        ; 0 s                 ; 0 s                 ; 2.62 V                       ; 2.78e-08 V                   ; 2.71 V              ; -0.0349 V           ; 0.253 V                              ; 0.069 V                              ; 4.96e-10 s                  ; 5.19e-10 s                  ; No                         ; Yes                        ; 2.62 V                      ; 2.78e-08 V                  ; 2.71 V             ; -0.0349 V          ; 0.253 V                             ; 0.069 V                             ; 4.96e-10 s                 ; 5.19e-10 s                 ; No                        ; Yes                       ;
; OUT[3]        ; 2.5 V        ; 0 s                 ; 0 s                 ; 2.62 V                       ; 2.78e-08 V                   ; 2.71 V              ; -0.0349 V           ; 0.253 V                              ; 0.069 V                              ; 4.96e-10 s                  ; 5.19e-10 s                  ; No                         ; Yes                        ; 2.62 V                      ; 2.78e-08 V                  ; 2.71 V             ; -0.0349 V          ; 0.253 V                             ; 0.069 V                             ; 4.96e-10 s                 ; 5.19e-10 s                 ; No                        ; Yes                       ;
; OUT[4]        ; 2.5 V        ; 0 s                 ; 0 s                 ; 2.62 V                       ; 2.78e-08 V                   ; 2.71 V              ; -0.0349 V           ; 0.253 V                              ; 0.069 V                              ; 4.96e-10 s                  ; 5.19e-10 s                  ; No                         ; Yes                        ; 2.62 V                      ; 2.78e-08 V                  ; 2.71 V             ; -0.0349 V          ; 0.253 V                             ; 0.069 V                             ; 4.96e-10 s                 ; 5.19e-10 s                 ; No                        ; Yes                       ;
; OUT[5]        ; 2.5 V        ; 0 s                 ; 0 s                 ; 2.62 V                       ; 2.78e-08 V                   ; 2.71 V              ; -0.0349 V           ; 0.253 V                              ; 0.069 V                              ; 4.96e-10 s                  ; 5.19e-10 s                  ; No                         ; Yes                        ; 2.62 V                      ; 2.78e-08 V                  ; 2.71 V             ; -0.0349 V          ; 0.253 V                             ; 0.069 V                             ; 4.96e-10 s                 ; 5.19e-10 s                 ; No                        ; Yes                       ;
; OUT[6]        ; 2.5 V        ; 0 s                 ; 0 s                 ; 2.62 V                       ; 2.78e-08 V                   ; 2.71 V              ; -0.0349 V           ; 0.253 V                              ; 0.069 V                              ; 4.96e-10 s                  ; 5.19e-10 s                  ; No                         ; Yes                        ; 2.62 V                      ; 2.78e-08 V                  ; 2.71 V             ; -0.0349 V          ; 0.253 V                             ; 0.069 V                             ; 4.96e-10 s                 ; 5.19e-10 s                 ; No                        ; Yes                       ;
; OUT[7]        ; 2.5 V        ; 0 s                 ; 0 s                 ; 2.62 V                       ; 4.11e-08 V                   ; 2.73 V              ; -0.0566 V           ; 0.191 V                              ; 0.12 V                               ; 2.69e-10 s                  ; 2.76e-10 s                  ; Yes                        ; Yes                        ; 2.62 V                      ; 4.11e-08 V                  ; 2.73 V             ; -0.0566 V          ; 0.191 V                             ; 0.12 V                              ; 2.69e-10 s                 ; 2.76e-10 s                 ; Yes                       ; Yes                       ;
; OUT[8]        ; 2.5 V        ; 0 s                 ; 0 s                 ; 2.62 V                       ; 2.78e-08 V                   ; 2.64 V              ; -0.0109 V           ; 0.244 V                              ; 0.16 V                               ; 2.42e-09 s                  ; 2.37e-09 s                  ; No                         ; Yes                        ; 2.62 V                      ; 2.78e-08 V                  ; 2.64 V             ; -0.0109 V          ; 0.244 V                             ; 0.16 V                              ; 2.42e-09 s                 ; 2.37e-09 s                 ; No                        ; Yes                       ;
; OUT[9]        ; 2.5 V        ; 0 s                 ; 0 s                 ; 2.62 V                       ; 2.78e-08 V                   ; 2.71 V              ; -0.0349 V           ; 0.253 V                              ; 0.069 V                              ; 4.96e-10 s                  ; 5.19e-10 s                  ; No                         ; Yes                        ; 2.62 V                      ; 2.78e-08 V                  ; 2.71 V             ; -0.0349 V          ; 0.253 V                             ; 0.069 V                             ; 4.96e-10 s                 ; 5.19e-10 s                 ; No                        ; Yes                       ;
; OUT[10]       ; 2.5 V        ; 0 s                 ; 0 s                 ; 2.62 V                       ; 2.78e-08 V                   ; 2.72 V              ; -0.0408 V           ; 0.163 V                              ; 0.075 V                              ; 4.51e-10 s                  ; 4.33e-10 s                  ; No                         ; Yes                        ; 2.62 V                      ; 2.78e-08 V                  ; 2.72 V             ; -0.0408 V          ; 0.163 V                             ; 0.075 V                             ; 4.51e-10 s                 ; 4.33e-10 s                 ; No                        ; Yes                       ;
; OUT[11]       ; 2.5 V        ; 0 s                 ; 0 s                 ; 2.62 V                       ; 2.78e-08 V                   ; 2.71 V              ; -0.0349 V           ; 0.253 V                              ; 0.069 V                              ; 4.96e-10 s                  ; 5.19e-10 s                  ; No                         ; Yes                        ; 2.62 V                      ; 2.78e-08 V                  ; 2.71 V             ; -0.0349 V          ; 0.253 V                             ; 0.069 V                             ; 4.96e-10 s                 ; 5.19e-10 s                 ; No                        ; Yes                       ;
; OUT[12]       ; 2.5 V        ; 0 s                 ; 0 s                 ; 2.62 V                       ; 2.78e-08 V                   ; 2.71 V              ; -0.0349 V           ; 0.253 V                              ; 0.069 V                              ; 4.96e-10 s                  ; 5.19e-10 s                  ; No                         ; Yes                        ; 2.62 V                      ; 2.78e-08 V                  ; 2.71 V             ; -0.0349 V          ; 0.253 V                             ; 0.069 V                             ; 4.96e-10 s                 ; 5.19e-10 s                 ; No                        ; Yes                       ;
; OUT[13]       ; 2.5 V        ; 0 s                 ; 0 s                 ; 2.62 V                       ; 2.78e-08 V                   ; 2.71 V              ; -0.0349 V           ; 0.253 V                              ; 0.069 V                              ; 4.96e-10 s                  ; 5.19e-10 s                  ; No                         ; Yes                        ; 2.62 V                      ; 2.78e-08 V                  ; 2.71 V             ; -0.0349 V          ; 0.253 V                             ; 0.069 V                             ; 4.96e-10 s                 ; 5.19e-10 s                 ; No                        ; Yes                       ;
; OUT[14]       ; 2.5 V        ; 0 s                 ; 0 s                 ; 2.62 V                       ; 2.78e-08 V                   ; 2.71 V              ; -0.0349 V           ; 0.253 V                              ; 0.069 V                              ; 4.96e-10 s                  ; 5.19e-10 s                  ; No                         ; Yes                        ; 2.62 V                      ; 2.78e-08 V                  ; 2.71 V             ; -0.0349 V          ; 0.253 V                             ; 0.069 V                             ; 4.96e-10 s                 ; 5.19e-10 s                 ; No                        ; Yes                       ;
; OUT[15]       ; 2.5 V        ; 0 s                 ; 0 s                 ; 2.62 V                       ; 2.78e-08 V                   ; 2.71 V              ; -0.0349 V           ; 0.253 V                              ; 0.069 V                              ; 4.96e-10 s                  ; 5.19e-10 s                  ; No                         ; Yes                        ; 2.62 V                      ; 2.78e-08 V                  ; 2.71 V             ; -0.0349 V          ; 0.253 V                             ; 0.069 V                             ; 4.96e-10 s                 ; 5.19e-10 s                 ; No                        ; Yes                       ;
; ~ALTERA_DCLK~ ; 2.5 V        ; 0 s                 ; 0 s                 ; 2.62 V                       ; 2.22e-08 V                   ; 2.72 V              ; -0.0747 V           ; 0.28 V                               ; 0.169 V                              ; 3.1e-10 s                   ; 3.01e-10 s                  ; No                         ; Yes                        ; 2.62 V                      ; 2.22e-08 V                  ; 2.72 V             ; -0.0747 V          ; 0.28 V                              ; 0.169 V                             ; 3.1e-10 s                  ; 3.01e-10 s                 ; No                        ; Yes                       ;
; ~ALTERA_nCEO~ ; 2.5 V        ; 0 s                 ; 0 s                 ; 2.62 V                       ; 3.53e-08 V                   ; 2.7 V               ; -0.0212 V           ; 0.204 V                              ; 0.049 V                              ; 4.85e-10 s                  ; 6.73e-10 s                  ; No                         ; Yes                        ; 2.62 V                      ; 3.53e-08 V                  ; 2.7 V              ; -0.0212 V          ; 0.204 V                             ; 0.049 V                             ; 4.85e-10 s                 ; 6.73e-10 s                 ; No                        ; Yes                       ;
+---------------+--------------+---------------------+---------------------+------------------------------+------------------------------+---------------------+---------------------+--------------------------------------+--------------------------------------+-----------------------------+-----------------------------+----------------------------+----------------------------+-----------------------------+-----------------------------+--------------------+--------------------+-------------------------------------+-------------------------------------+----------------------------+----------------------------+---------------------------+---------------------------+


-------------------
; Clock Transfers ;
-------------------
Nothing to report.


---------------
; Report TCCS ;
---------------
No dedicated SERDES Transmitter circuitry present in device or used in design


---------------
; Report RSKM ;
---------------
No non-DPA dedicated SERDES Receiver circuitry present in device or used in design


+------------------------------------------------+
; Unconstrained Paths                            ;
+---------------------------------+-------+------+
; Property                        ; Setup ; Hold ;
+---------------------------------+-------+------+
; Illegal Clocks                  ; 0     ; 0    ;
; Unconstrained Clocks            ; 0     ; 0    ;
; Unconstrained Input Ports       ; 4     ; 4    ;
; Unconstrained Input Port Paths  ; 64    ; 64   ;
; Unconstrained Output Ports      ; 16    ; 16   ;
; Unconstrained Output Port Paths ; 64    ; 64   ;
+---------------------------------+-------+------+


+------------------------------------+
; TimeQuest Timing Analyzer Messages ;
+------------------------------------+
Info: *******************************************************************
Info: Running Quartus II 64-Bit TimeQuest Timing Analyzer
    Info: Version 13.1.0 Build 162 10/23/2013 SJ Full Version
    Info: Processing started: Tue Aug 22 19:37:28 2023
Info: Command: quartus_sta dec4to16 -c dec4to16
Info: qsta_default_script.tcl version: #1
Info (11104): Parallel Compilation has detected 12 hyper-threaded processors. However, the extra hyper-threaded processors will not be used by default. Parallel Compilation will use 6 of the 6 physical processors detected instead.
Info (21077): Core supply voltage is 1.2V
Info (21077): Low junction temperature is 0 degrees C
Info (21077): High junction temperature is 85 degrees C
Critical Warning (332012): Synopsys Design Constraints File file not found: 'dec4to16.sdc'. A Synopsys Design Constraints File is required by the TimeQuest Timing Analyzer to get proper timing constraints. Without it, the Compiler will not properly optimize the design.
Info (332142): No user constrained base clocks found in the design. Calling "derive_clocks -period 1.0"
Info (332096): The command derive_clocks did not find any clocks to derive.  No clocks were created or changed.
Warning (332068): No clocks defined in design.
Info (332143): No user constrained clock uncertainty found in the design. Calling "derive_clock_uncertainty"
Info (332154): The derive_clock_uncertainty command did not apply clock uncertainty to any clock-to-clock transfers.
Info: Found TIMEQUEST_REPORT_SCRIPT_INCLUDE_DEFAULT_ANALYSIS = ON
Info (332159): No clocks to report
Info: Analyzing Slow 1200mV 85C Model
Info (332140): No fmax paths to report
Info (332140): No Setup paths to report
Info (332140): No Hold paths to report
Info (332140): No Recovery paths to report
Info (332140): No Removal paths to report
Info (332140): No Minimum Pulse Width paths to report
Info: Analyzing Slow 1200mV 0C Model
Info (334003): Started post-fitting delay annotation
Info (334004): Delay annotation completed successfully
Info (332142): No user constrained base clocks found in the design. Calling "derive_clocks -period 1.0"
Info (332096): The command derive_clocks did not find any clocks to derive.  No clocks were created or changed.
Warning (332068): No clocks defined in design.
Info (332154): The derive_clock_uncertainty command did not apply clock uncertainty to any clock-to-clock transfers.
Info (332140): No fmax paths to report
Info (332140): No Setup paths to report
Info (332140): No Hold paths to report
Info (332140): No Recovery paths to report
Info (332140): No Removal paths to report
Info (332140): No Minimum Pulse Width paths to report
Info: Analyzing Fast 1200mV 0C Model
Info (332142): No user constrained base clocks found in the design. Calling "derive_clocks -period 1.0"
Info (332096): The command derive_clocks did not find any clocks to derive.  No clocks were created or changed.
Warning (332068): No clocks defined in design.
Info (332154): The derive_clock_uncertainty command did not apply clock uncertainty to any clock-to-clock transfers.
Info (332140): No Setup paths to report
Info (332140): No Hold paths to report
Info (332140): No Recovery paths to report
Info (332140): No Removal paths to report
Info (332140): No Minimum Pulse Width paths to report
Info (332102): Design is not fully constrained for setup requirements
Info (332102): Design is not fully constrained for hold requirements
Info: Quartus II 64-Bit TimeQuest Timing Analyzer was successful. 0 errors, 4 warnings
    Info: Peak virtual memory: 4714 megabytes
    Info: Processing ended: Tue Aug 22 19:37:29 2023
    Info: Elapsed time: 00:00:01
    Info: Total CPU time (on all processors): 00:00:01


