Partition Merge report for start_4
Tue Aug 15 10:47:26 2023
Quartus II 64-Bit Version 13.1.0 Build 162 10/23/2013 SJ Full Version


---------------------
; Table of Contents ;
---------------------
  1. Legal Notice
  2. Partition Merge Summary
  3. Partition Merge Netlist Types Used
  4. Connections to In-System Debugging Instance "auto_signaltap_0"
  5. Partition Merge Partition Statistics
  6. Partition Merge Partition Pin Processing
  7. Partition Merge Resource Usage Summary
  8. Partition Merge RAM Summary
  9. Partition Merge Messages



----------------
; Legal Notice ;
----------------
Copyright (C) 1991-2013 Altera Corporation
Your use of Altera Corporation's design tools, logic functions 
and other software and tools, and its AMPP partner logic 
functions, and any output files from any of the foregoing 
(including device programming or simulation files), and any 
associated documentation or information are expressly subject 
to the terms and conditions of the Altera Program License 
Subscription Agreement, Altera MegaCore Function License 
Agreement, or other applicable license agreement, including, 
without limitation, that your use is for the sole purpose of 
programming logic devices manufactured by Altera and sold by 
Altera or its authorized distributors.  Please refer to the 
applicable agreement for further details.



+----------------------------------------------------------------------------------+
; Partition Merge Summary                                                          ;
+------------------------------------+---------------------------------------------+
; Partition Merge Status             ; Successful - Tue Aug 15 10:47:26 2023       ;
; Quartus II 64-Bit Version          ; 13.1.0 Build 162 10/23/2013 SJ Full Version ;
; Revision Name                      ; start_4                                     ;
; Top-level Entity Name              ; TIM_CNT                                     ;
; Family                             ; Cyclone III                                 ;
; Total logic elements               ; 1,652 / 15,408 ( 11 % )                     ;
;     Total combinational functions  ; 688 / 15,408 ( 4 % )                        ;
;     Dedicated logic registers      ; 1,384 / 15,408 ( 9 % )                      ;
; Total registers                    ; 1384                                        ;
; Total pins                         ; 28 / 347 ( 8 % )                            ;
; Total virtual pins                 ; 0                                           ;
; Total memory bits                  ; 10,880 / 516,096 ( 2 % )                    ;
; Embedded Multiplier 9-bit elements ; 0 / 112 ( 0 % )                             ;
; Total PLLs                         ; 0 / 4 ( 0 % )                               ;
+------------------------------------+---------------------------------------------+


+-------------------------------------------------------------------------------------------------------------------------------+
; Partition Merge Netlist Types Used                                                                                            ;
+--------------------------------+----------------+-------------------+------------------------+--------------------------------+
; Partition Name                 ; Partition Type ; Netlist Type Used ; Netlist Type Requested ; Partition Contents             ;
+--------------------------------+----------------+-------------------+------------------------+--------------------------------+
; Top                            ; User-created   ; Post-Fit          ; Post-Fit               ;                                ;
; sld_hub:auto_hub               ; Auto-generated ; Post-Synthesis    ; Post-Synthesis         ; sld_hub:auto_hub               ;
; sld_signaltap:auto_signaltap_0 ; Auto-generated ; Post-Synthesis    ; Post-Synthesis         ; sld_signaltap:auto_signaltap_0 ;
; hard_block:auto_generated_inst ; Auto-generated ; Source File       ; Source File            ; hard_block:auto_generated_inst ;
+--------------------------------+----------------+-------------------+------------------------+--------------------------------+


+-------------------------------------------------------------------------------------------------------------------------------------------------------------------------------------------------------------------------------------------------------------------------------------------+
; Connections to In-System Debugging Instance "auto_signaltap_0"                                                                                                                                                                                                                            ;
+------------------------------+--------------+-----------+----------------+-------------------+---------------------------+----------------------------------------------------------------------------------------------------------------------------------------------------------------+
; Name                         ; Type         ; Status    ; Partition Name ; Netlist Type Used ; Actual Connection         ; Details                                                                                                                                                        ;
+------------------------------+--------------+-----------+----------------+-------------------+---------------------------+----------------------------------------------------------------------------------------------------------------------------------------------------------------+
; cnt_en_0to9:inst|CNTVAL[0]   ; post-fitting ; missing   ; Top            ; post-fit          ; GND                       ; The name does not exist in your design or refers to an invalid hierarchy or bus element.  You may have modified your design after creating the debug instance. ;
; cnt_en_0to9:inst|CNTVAL[0]   ; post-fitting ; missing   ; Top            ; post-fit          ; GND                       ; The name does not exist in your design or refers to an invalid hierarchy or bus element.  You may have modified your design after creating the debug instance. ;
; cnt_en_0to9:inst|CNTVAL[1]   ; post-fitting ; missing   ; Top            ; post-fit          ; GND                       ; The name does not exist in your design or refers to an invalid hierarchy or bus element.  You may have modified your design after creating the debug instance. ;
; cnt_en_0to9:inst|CNTVAL[1]   ; post-fitting ; missing   ; Top            ; post-fit          ; GND                       ; The name does not exist in your design or refers to an invalid hierarchy or bus element.  You may have modified your design after creating the debug instance. ;
; cnt_en_0to9:inst|CNTVAL[2]   ; post-fitting ; missing   ; Top            ; post-fit          ; GND                       ; The name does not exist in your design or refers to an invalid hierarchy or bus element.  You may have modified your design after creating the debug instance. ;
; cnt_en_0to9:inst|CNTVAL[2]   ; post-fitting ; missing   ; Top            ; post-fit          ; GND                       ; The name does not exist in your design or refers to an invalid hierarchy or bus element.  You may have modified your design after creating the debug instance. ;
; cnt_en_0to9:inst|CNTVAL[3]   ; post-fitting ; missing   ; Top            ; post-fit          ; GND                       ; The name does not exist in your design or refers to an invalid hierarchy or bus element.  You may have modified your design after creating the debug instance. ;
; cnt_en_0to9:inst|CNTVAL[3]   ; post-fitting ; missing   ; Top            ; post-fit          ; GND                       ; The name does not exist in your design or refers to an invalid hierarchy or bus element.  You may have modified your design after creating the debug instance. ;
; cnt_en_0to9:inst|CNTVAL~0    ; post-fitting ; missing   ; Top            ; post-fit          ; GND                       ; The name does not exist in your design or refers to an invalid hierarchy or bus element.  You may have modified your design after creating the debug instance. ;
; cnt_en_0to9:inst|CNTVAL~0    ; post-fitting ; missing   ; Top            ; post-fit          ; GND                       ; The name does not exist in your design or refers to an invalid hierarchy or bus element.  You may have modified your design after creating the debug instance. ;
; cnt_en_0to9:inst|CNTVAL~1    ; post-fitting ; missing   ; Top            ; post-fit          ; GND                       ; The name does not exist in your design or refers to an invalid hierarchy or bus element.  You may have modified your design after creating the debug instance. ;
; cnt_en_0to9:inst|CNTVAL~1    ; post-fitting ; missing   ; Top            ; post-fit          ; GND                       ; The name does not exist in your design or refers to an invalid hierarchy or bus element.  You may have modified your design after creating the debug instance. ;
; cnt_en_0to9:inst|CNTVAL~2    ; post-fitting ; missing   ; Top            ; post-fit          ; GND                       ; The name does not exist in your design or refers to an invalid hierarchy or bus element.  You may have modified your design after creating the debug instance. ;
; cnt_en_0to9:inst|CNTVAL~2    ; post-fitting ; missing   ; Top            ; post-fit          ; GND                       ; The name does not exist in your design or refers to an invalid hierarchy or bus element.  You may have modified your design after creating the debug instance. ;
; cnt_en_0to9:inst|CNTVAL~3    ; post-fitting ; missing   ; Top            ; post-fit          ; GND                       ; The name does not exist in your design or refers to an invalid hierarchy or bus element.  You may have modified your design after creating the debug instance. ;
; cnt_en_0to9:inst|CNTVAL~3    ; post-fitting ; missing   ; Top            ; post-fit          ; GND                       ; The name does not exist in your design or refers to an invalid hierarchy or bus element.  You may have modified your design after creating the debug instance. ;
; cnt_en_0to9:inst|Equal0~0    ; post-fitting ; missing   ; Top            ; post-fit          ; GND                       ; The name does not exist in your design or refers to an invalid hierarchy or bus element.  You may have modified your design after creating the debug instance. ;
; cnt_en_0to9:inst|Equal0~0    ; post-fitting ; missing   ; Top            ; post-fit          ; GND                       ; The name does not exist in your design or refers to an invalid hierarchy or bus element.  You may have modified your design after creating the debug instance. ;
; cnt_sync:inst2|CNTVAL[0]     ; post-fitting ; missing   ; Top            ; post-fit          ; GND                       ; The name does not exist in your design or refers to an invalid hierarchy or bus element.  You may have modified your design after creating the debug instance. ;
; cnt_sync:inst2|CNTVAL[0]     ; post-fitting ; missing   ; Top            ; post-fit          ; GND                       ; The name does not exist in your design or refers to an invalid hierarchy or bus element.  You may have modified your design after creating the debug instance. ;
; cnt_sync:inst2|CNTVAL[0]~32  ; post-fitting ; missing   ; Top            ; post-fit          ; GND                       ; The name does not exist in your design or refers to an invalid hierarchy or bus element.  You may have modified your design after creating the debug instance. ;
; cnt_sync:inst2|CNTVAL[0]~32  ; post-fitting ; missing   ; Top            ; post-fit          ; GND                       ; The name does not exist in your design or refers to an invalid hierarchy or bus element.  You may have modified your design after creating the debug instance. ;
; cnt_sync:inst2|CNTVAL[10]    ; post-fitting ; missing   ; Top            ; post-fit          ; GND                       ; The name does not exist in your design or refers to an invalid hierarchy or bus element.  You may have modified your design after creating the debug instance. ;
; cnt_sync:inst2|CNTVAL[10]    ; post-fitting ; missing   ; Top            ; post-fit          ; GND                       ; The name does not exist in your design or refers to an invalid hierarchy or bus element.  You may have modified your design after creating the debug instance. ;
; cnt_sync:inst2|CNTVAL[10]~52 ; post-fitting ; missing   ; Top            ; post-fit          ; GND                       ; The name does not exist in your design or refers to an invalid hierarchy or bus element.  You may have modified your design after creating the debug instance. ;
; cnt_sync:inst2|CNTVAL[10]~52 ; post-fitting ; missing   ; Top            ; post-fit          ; GND                       ; The name does not exist in your design or refers to an invalid hierarchy or bus element.  You may have modified your design after creating the debug instance. ;
; cnt_sync:inst2|CNTVAL[11]    ; post-fitting ; missing   ; Top            ; post-fit          ; GND                       ; The name does not exist in your design or refers to an invalid hierarchy or bus element.  You may have modified your design after creating the debug instance. ;
; cnt_sync:inst2|CNTVAL[11]    ; post-fitting ; missing   ; Top            ; post-fit          ; GND                       ; The name does not exist in your design or refers to an invalid hierarchy or bus element.  You may have modified your design after creating the debug instance. ;
; cnt_sync:inst2|CNTVAL[11]~54 ; post-fitting ; missing   ; Top            ; post-fit          ; GND                       ; The name does not exist in your design or refers to an invalid hierarchy or bus element.  You may have modified your design after creating the debug instance. ;
; cnt_sync:inst2|CNTVAL[11]~54 ; post-fitting ; missing   ; Top            ; post-fit          ; GND                       ; The name does not exist in your design or refers to an invalid hierarchy or bus element.  You may have modified your design after creating the debug instance. ;
; cnt_sync:inst2|CNTVAL[12]    ; post-fitting ; missing   ; Top            ; post-fit          ; GND                       ; The name does not exist in your design or refers to an invalid hierarchy or bus element.  You may have modified your design after creating the debug instance. ;
; cnt_sync:inst2|CNTVAL[12]    ; post-fitting ; missing   ; Top            ; post-fit          ; GND                       ; The name does not exist in your design or refers to an invalid hierarchy or bus element.  You may have modified your design after creating the debug instance. ;
; cnt_sync:inst2|CNTVAL[12]~56 ; post-fitting ; missing   ; Top            ; post-fit          ; GND                       ; The name does not exist in your design or refers to an invalid hierarchy or bus element.  You may have modified your design after creating the debug instance. ;
; cnt_sync:inst2|CNTVAL[12]~56 ; post-fitting ; missing   ; Top            ; post-fit          ; GND                       ; The name does not exist in your design or refers to an invalid hierarchy or bus element.  You may have modified your design after creating the debug instance. ;
; cnt_sync:inst2|CNTVAL[13]    ; post-fitting ; missing   ; Top            ; post-fit          ; GND                       ; The name does not exist in your design or refers to an invalid hierarchy or bus element.  You may have modified your design after creating the debug instance. ;
; cnt_sync:inst2|CNTVAL[13]    ; post-fitting ; missing   ; Top            ; post-fit          ; GND                       ; The name does not exist in your design or refers to an invalid hierarchy or bus element.  You may have modified your design after creating the debug instance. ;
; cnt_sync:inst2|CNTVAL[13]~58 ; post-fitting ; missing   ; Top            ; post-fit          ; GND                       ; The name does not exist in your design or refers to an invalid hierarchy or bus element.  You may have modified your design after creating the debug instance. ;
; cnt_sync:inst2|CNTVAL[13]~58 ; post-fitting ; missing   ; Top            ; post-fit          ; GND                       ; The name does not exist in your design or refers to an invalid hierarchy or bus element.  You may have modified your design after creating the debug instance. ;
; cnt_sync:inst2|CNTVAL[14]    ; post-fitting ; missing   ; Top            ; post-fit          ; GND                       ; The name does not exist in your design or refers to an invalid hierarchy or bus element.  You may have modified your design after creating the debug instance. ;
; cnt_sync:inst2|CNTVAL[14]    ; post-fitting ; missing   ; Top            ; post-fit          ; GND                       ; The name does not exist in your design or refers to an invalid hierarchy or bus element.  You may have modified your design after creating the debug instance. ;
; cnt_sync:inst2|CNTVAL[14]~60 ; post-fitting ; missing   ; Top            ; post-fit          ; GND                       ; The name does not exist in your design or refers to an invalid hierarchy or bus element.  You may have modified your design after creating the debug instance. ;
; cnt_sync:inst2|CNTVAL[14]~60 ; post-fitting ; missing   ; Top            ; post-fit          ; GND                       ; The name does not exist in your design or refers to an invalid hierarchy or bus element.  You may have modified your design after creating the debug instance. ;
; cnt_sync:inst2|CNTVAL[15]    ; post-fitting ; missing   ; Top            ; post-fit          ; GND                       ; The name does not exist in your design or refers to an invalid hierarchy or bus element.  You may have modified your design after creating the debug instance. ;
; cnt_sync:inst2|CNTVAL[15]    ; post-fitting ; missing   ; Top            ; post-fit          ; GND                       ; The name does not exist in your design or refers to an invalid hierarchy or bus element.  You may have modified your design after creating the debug instance. ;
; cnt_sync:inst2|CNTVAL[15]~62 ; post-fitting ; missing   ; Top            ; post-fit          ; GND                       ; The name does not exist in your design or refers to an invalid hierarchy or bus element.  You may have modified your design after creating the debug instance. ;
; cnt_sync:inst2|CNTVAL[15]~62 ; post-fitting ; missing   ; Top            ; post-fit          ; GND                       ; The name does not exist in your design or refers to an invalid hierarchy or bus element.  You may have modified your design after creating the debug instance. ;
; cnt_sync:inst2|CNTVAL[16]    ; post-fitting ; missing   ; Top            ; post-fit          ; GND                       ; The name does not exist in your design or refers to an invalid hierarchy or bus element.  You may have modified your design after creating the debug instance. ;
; cnt_sync:inst2|CNTVAL[16]    ; post-fitting ; missing   ; Top            ; post-fit          ; GND                       ; The name does not exist in your design or refers to an invalid hierarchy or bus element.  You may have modified your design after creating the debug instance. ;
; cnt_sync:inst2|CNTVAL[16]~64 ; post-fitting ; missing   ; Top            ; post-fit          ; GND                       ; The name does not exist in your design or refers to an invalid hierarchy or bus element.  You may have modified your design after creating the debug instance. ;
; cnt_sync:inst2|CNTVAL[16]~64 ; post-fitting ; missing   ; Top            ; post-fit          ; GND                       ; The name does not exist in your design or refers to an invalid hierarchy or bus element.  You may have modified your design after creating the debug instance. ;
; cnt_sync:inst2|CNTVAL[17]    ; post-fitting ; missing   ; Top            ; post-fit          ; GND                       ; The name does not exist in your design or refers to an invalid hierarchy or bus element.  You may have modified your design after creating the debug instance. ;
; cnt_sync:inst2|CNTVAL[17]    ; post-fitting ; missing   ; Top            ; post-fit          ; GND                       ; The name does not exist in your design or refers to an invalid hierarchy or bus element.  You may have modified your design after creating the debug instance. ;
; cnt_sync:inst2|CNTVAL[17]~66 ; post-fitting ; missing   ; Top            ; post-fit          ; GND                       ; The name does not exist in your design or refers to an invalid hierarchy or bus element.  You may have modified your design after creating the debug instance. ;
; cnt_sync:inst2|CNTVAL[17]~66 ; post-fitting ; missing   ; Top            ; post-fit          ; GND                       ; The name does not exist in your design or refers to an invalid hierarchy or bus element.  You may have modified your design after creating the debug instance. ;
; cnt_sync:inst2|CNTVAL[18]    ; post-fitting ; missing   ; Top            ; post-fit          ; GND                       ; The name does not exist in your design or refers to an invalid hierarchy or bus element.  You may have modified your design after creating the debug instance. ;
; cnt_sync:inst2|CNTVAL[18]    ; post-fitting ; missing   ; Top            ; post-fit          ; GND                       ; The name does not exist in your design or refers to an invalid hierarchy or bus element.  You may have modified your design after creating the debug instance. ;
; cnt_sync:inst2|CNTVAL[18]~68 ; post-fitting ; missing   ; Top            ; post-fit          ; GND                       ; The name does not exist in your design or refers to an invalid hierarchy or bus element.  You may have modified your design after creating the debug instance. ;
; cnt_sync:inst2|CNTVAL[18]~68 ; post-fitting ; missing   ; Top            ; post-fit          ; GND                       ; The name does not exist in your design or refers to an invalid hierarchy or bus element.  You may have modified your design after creating the debug instance. ;
; cnt_sync:inst2|CNTVAL[19]    ; post-fitting ; missing   ; Top            ; post-fit          ; GND                       ; The name does not exist in your design or refers to an invalid hierarchy or bus element.  You may have modified your design after creating the debug instance. ;
; cnt_sync:inst2|CNTVAL[19]    ; post-fitting ; missing   ; Top            ; post-fit          ; GND                       ; The name does not exist in your design or refers to an invalid hierarchy or bus element.  You may have modified your design after creating the debug instance. ;
; cnt_sync:inst2|CNTVAL[19]~70 ; post-fitting ; missing   ; Top            ; post-fit          ; GND                       ; The name does not exist in your design or refers to an invalid hierarchy or bus element.  You may have modified your design after creating the debug instance. ;
; cnt_sync:inst2|CNTVAL[19]~70 ; post-fitting ; missing   ; Top            ; post-fit          ; GND                       ; The name does not exist in your design or refers to an invalid hierarchy or bus element.  You may have modified your design after creating the debug instance. ;
; cnt_sync:inst2|CNTVAL[1]     ; post-fitting ; missing   ; Top            ; post-fit          ; GND                       ; The name does not exist in your design or refers to an invalid hierarchy or bus element.  You may have modified your design after creating the debug instance. ;
; cnt_sync:inst2|CNTVAL[1]     ; post-fitting ; missing   ; Top            ; post-fit          ; GND                       ; The name does not exist in your design or refers to an invalid hierarchy or bus element.  You may have modified your design after creating the debug instance. ;
; cnt_sync:inst2|CNTVAL[1]~34  ; post-fitting ; missing   ; Top            ; post-fit          ; GND                       ; The name does not exist in your design or refers to an invalid hierarchy or bus element.  You may have modified your design after creating the debug instance. ;
; cnt_sync:inst2|CNTVAL[1]~34  ; post-fitting ; missing   ; Top            ; post-fit          ; GND                       ; The name does not exist in your design or refers to an invalid hierarchy or bus element.  You may have modified your design after creating the debug instance. ;
; cnt_sync:inst2|CNTVAL[20]    ; post-fitting ; missing   ; Top            ; post-fit          ; GND                       ; The name does not exist in your design or refers to an invalid hierarchy or bus element.  You may have modified your design after creating the debug instance. ;
; cnt_sync:inst2|CNTVAL[20]    ; post-fitting ; missing   ; Top            ; post-fit          ; GND                       ; The name does not exist in your design or refers to an invalid hierarchy or bus element.  You may have modified your design after creating the debug instance. ;
; cnt_sync:inst2|CNTVAL[20]~72 ; post-fitting ; missing   ; Top            ; post-fit          ; GND                       ; The name does not exist in your design or refers to an invalid hierarchy or bus element.  You may have modified your design after creating the debug instance. ;
; cnt_sync:inst2|CNTVAL[20]~72 ; post-fitting ; missing   ; Top            ; post-fit          ; GND                       ; The name does not exist in your design or refers to an invalid hierarchy or bus element.  You may have modified your design after creating the debug instance. ;
; cnt_sync:inst2|CNTVAL[21]    ; post-fitting ; missing   ; Top            ; post-fit          ; GND                       ; The name does not exist in your design or refers to an invalid hierarchy or bus element.  You may have modified your design after creating the debug instance. ;
; cnt_sync:inst2|CNTVAL[21]    ; post-fitting ; missing   ; Top            ; post-fit          ; GND                       ; The name does not exist in your design or refers to an invalid hierarchy or bus element.  You may have modified your design after creating the debug instance. ;
; cnt_sync:inst2|CNTVAL[21]~74 ; post-fitting ; missing   ; Top            ; post-fit          ; GND                       ; The name does not exist in your design or refers to an invalid hierarchy or bus element.  You may have modified your design after creating the debug instance. ;
; cnt_sync:inst2|CNTVAL[21]~74 ; post-fitting ; missing   ; Top            ; post-fit          ; GND                       ; The name does not exist in your design or refers to an invalid hierarchy or bus element.  You may have modified your design after creating the debug instance. ;
; cnt_sync:inst2|CNTVAL[22]    ; post-fitting ; missing   ; Top            ; post-fit          ; GND                       ; The name does not exist in your design or refers to an invalid hierarchy or bus element.  You may have modified your design after creating the debug instance. ;
; cnt_sync:inst2|CNTVAL[22]    ; post-fitting ; missing   ; Top            ; post-fit          ; GND                       ; The name does not exist in your design or refers to an invalid hierarchy or bus element.  You may have modified your design after creating the debug instance. ;
; cnt_sync:inst2|CNTVAL[22]~76 ; post-fitting ; missing   ; Top            ; post-fit          ; GND                       ; The name does not exist in your design or refers to an invalid hierarchy or bus element.  You may have modified your design after creating the debug instance. ;
; cnt_sync:inst2|CNTVAL[22]~76 ; post-fitting ; missing   ; Top            ; post-fit          ; GND                       ; The name does not exist in your design or refers to an invalid hierarchy or bus element.  You may have modified your design after creating the debug instance. ;
; cnt_sync:inst2|CNTVAL[23]    ; post-fitting ; missing   ; Top            ; post-fit          ; GND                       ; The name does not exist in your design or refers to an invalid hierarchy or bus element.  You may have modified your design after creating the debug instance. ;
; cnt_sync:inst2|CNTVAL[23]    ; post-fitting ; missing   ; Top            ; post-fit          ; GND                       ; The name does not exist in your design or refers to an invalid hierarchy or bus element.  You may have modified your design after creating the debug instance. ;
; cnt_sync:inst2|CNTVAL[23]~78 ; post-fitting ; missing   ; Top            ; post-fit          ; GND                       ; The name does not exist in your design or refers to an invalid hierarchy or bus element.  You may have modified your design after creating the debug instance. ;
; cnt_sync:inst2|CNTVAL[23]~78 ; post-fitting ; missing   ; Top            ; post-fit          ; GND                       ; The name does not exist in your design or refers to an invalid hierarchy or bus element.  You may have modified your design after creating the debug instance. ;
; cnt_sync:inst2|CNTVAL[24]    ; post-fitting ; missing   ; Top            ; post-fit          ; GND                       ; The name does not exist in your design or refers to an invalid hierarchy or bus element.  You may have modified your design after creating the debug instance. ;
; cnt_sync:inst2|CNTVAL[24]    ; post-fitting ; missing   ; Top            ; post-fit          ; GND                       ; The name does not exist in your design or refers to an invalid hierarchy or bus element.  You may have modified your design after creating the debug instance. ;
; cnt_sync:inst2|CNTVAL[24]~80 ; post-fitting ; missing   ; Top            ; post-fit          ; GND                       ; The name does not exist in your design or refers to an invalid hierarchy or bus element.  You may have modified your design after creating the debug instance. ;
; cnt_sync:inst2|CNTVAL[24]~80 ; post-fitting ; missing   ; Top            ; post-fit          ; GND                       ; The name does not exist in your design or refers to an invalid hierarchy or bus element.  You may have modified your design after creating the debug instance. ;
; cnt_sync:inst2|CNTVAL[25]    ; post-fitting ; missing   ; Top            ; post-fit          ; GND                       ; The name does not exist in your design or refers to an invalid hierarchy or bus element.  You may have modified your design after creating the debug instance. ;
; cnt_sync:inst2|CNTVAL[25]    ; post-fitting ; missing   ; Top            ; post-fit          ; GND                       ; The name does not exist in your design or refers to an invalid hierarchy or bus element.  You may have modified your design after creating the debug instance. ;
; cnt_sync:inst2|CNTVAL[25]~82 ; post-fitting ; missing   ; Top            ; post-fit          ; GND                       ; The name does not exist in your design or refers to an invalid hierarchy or bus element.  You may have modified your design after creating the debug instance. ;
; cnt_sync:inst2|CNTVAL[25]~82 ; post-fitting ; missing   ; Top            ; post-fit          ; GND                       ; The name does not exist in your design or refers to an invalid hierarchy or bus element.  You may have modified your design after creating the debug instance. ;
; cnt_sync:inst2|CNTVAL[26]    ; post-fitting ; missing   ; Top            ; post-fit          ; GND                       ; The name does not exist in your design or refers to an invalid hierarchy or bus element.  You may have modified your design after creating the debug instance. ;
; cnt_sync:inst2|CNTVAL[26]    ; post-fitting ; missing   ; Top            ; post-fit          ; GND                       ; The name does not exist in your design or refers to an invalid hierarchy or bus element.  You may have modified your design after creating the debug instance. ;
; cnt_sync:inst2|CNTVAL[26]~84 ; post-fitting ; missing   ; Top            ; post-fit          ; GND                       ; The name does not exist in your design or refers to an invalid hierarchy or bus element.  You may have modified your design after creating the debug instance. ;
; cnt_sync:inst2|CNTVAL[26]~84 ; post-fitting ; missing   ; Top            ; post-fit          ; GND                       ; The name does not exist in your design or refers to an invalid hierarchy or bus element.  You may have modified your design after creating the debug instance. ;
; cnt_sync:inst2|CNTVAL[27]    ; post-fitting ; missing   ; Top            ; post-fit          ; GND                       ; The name does not exist in your design or refers to an invalid hierarchy or bus element.  You may have modified your design after creating the debug instance. ;
; cnt_sync:inst2|CNTVAL[27]    ; post-fitting ; missing   ; Top            ; post-fit          ; GND                       ; The name does not exist in your design or refers to an invalid hierarchy or bus element.  You may have modified your design after creating the debug instance. ;
; cnt_sync:inst2|CNTVAL[27]~86 ; post-fitting ; missing   ; Top            ; post-fit          ; GND                       ; The name does not exist in your design or refers to an invalid hierarchy or bus element.  You may have modified your design after creating the debug instance. ;
; cnt_sync:inst2|CNTVAL[27]~86 ; post-fitting ; missing   ; Top            ; post-fit          ; GND                       ; The name does not exist in your design or refers to an invalid hierarchy or bus element.  You may have modified your design after creating the debug instance. ;
; cnt_sync:inst2|CNTVAL[28]    ; post-fitting ; missing   ; Top            ; post-fit          ; GND                       ; The name does not exist in your design or refers to an invalid hierarchy or bus element.  You may have modified your design after creating the debug instance. ;
; cnt_sync:inst2|CNTVAL[28]    ; post-fitting ; missing   ; Top            ; post-fit          ; GND                       ; The name does not exist in your design or refers to an invalid hierarchy or bus element.  You may have modified your design after creating the debug instance. ;
; cnt_sync:inst2|CNTVAL[28]~88 ; post-fitting ; missing   ; Top            ; post-fit          ; GND                       ; The name does not exist in your design or refers to an invalid hierarchy or bus element.  You may have modified your design after creating the debug instance. ;
; cnt_sync:inst2|CNTVAL[28]~88 ; post-fitting ; missing   ; Top            ; post-fit          ; GND                       ; The name does not exist in your design or refers to an invalid hierarchy or bus element.  You may have modified your design after creating the debug instance. ;
; cnt_sync:inst2|CNTVAL[29]    ; post-fitting ; missing   ; Top            ; post-fit          ; GND                       ; The name does not exist in your design or refers to an invalid hierarchy or bus element.  You may have modified your design after creating the debug instance. ;
; cnt_sync:inst2|CNTVAL[29]    ; post-fitting ; missing   ; Top            ; post-fit          ; GND                       ; The name does not exist in your design or refers to an invalid hierarchy or bus element.  You may have modified your design after creating the debug instance. ;
; cnt_sync:inst2|CNTVAL[29]~90 ; post-fitting ; missing   ; Top            ; post-fit          ; GND                       ; The name does not exist in your design or refers to an invalid hierarchy or bus element.  You may have modified your design after creating the debug instance. ;
; cnt_sync:inst2|CNTVAL[29]~90 ; post-fitting ; missing   ; Top            ; post-fit          ; GND                       ; The name does not exist in your design or refers to an invalid hierarchy or bus element.  You may have modified your design after creating the debug instance. ;
; cnt_sync:inst2|CNTVAL[2]     ; post-fitting ; missing   ; Top            ; post-fit          ; GND                       ; The name does not exist in your design or refers to an invalid hierarchy or bus element.  You may have modified your design after creating the debug instance. ;
; cnt_sync:inst2|CNTVAL[2]     ; post-fitting ; missing   ; Top            ; post-fit          ; GND                       ; The name does not exist in your design or refers to an invalid hierarchy or bus element.  You may have modified your design after creating the debug instance. ;
; cnt_sync:inst2|CNTVAL[2]~36  ; post-fitting ; missing   ; Top            ; post-fit          ; GND                       ; The name does not exist in your design or refers to an invalid hierarchy or bus element.  You may have modified your design after creating the debug instance. ;
; cnt_sync:inst2|CNTVAL[2]~36  ; post-fitting ; missing   ; Top            ; post-fit          ; GND                       ; The name does not exist in your design or refers to an invalid hierarchy or bus element.  You may have modified your design after creating the debug instance. ;
; cnt_sync:inst2|CNTVAL[30]    ; post-fitting ; missing   ; Top            ; post-fit          ; GND                       ; The name does not exist in your design or refers to an invalid hierarchy or bus element.  You may have modified your design after creating the debug instance. ;
; cnt_sync:inst2|CNTVAL[30]    ; post-fitting ; missing   ; Top            ; post-fit          ; GND                       ; The name does not exist in your design or refers to an invalid hierarchy or bus element.  You may have modified your design after creating the debug instance. ;
; cnt_sync:inst2|CNTVAL[30]~92 ; post-fitting ; missing   ; Top            ; post-fit          ; GND                       ; The name does not exist in your design or refers to an invalid hierarchy or bus element.  You may have modified your design after creating the debug instance. ;
; cnt_sync:inst2|CNTVAL[30]~92 ; post-fitting ; missing   ; Top            ; post-fit          ; GND                       ; The name does not exist in your design or refers to an invalid hierarchy or bus element.  You may have modified your design after creating the debug instance. ;
; cnt_sync:inst2|CNTVAL[31]    ; post-fitting ; missing   ; Top            ; post-fit          ; GND                       ; The name does not exist in your design or refers to an invalid hierarchy or bus element.  You may have modified your design after creating the debug instance. ;
; cnt_sync:inst2|CNTVAL[31]    ; post-fitting ; missing   ; Top            ; post-fit          ; GND                       ; The name does not exist in your design or refers to an invalid hierarchy or bus element.  You may have modified your design after creating the debug instance. ;
; cnt_sync:inst2|CNTVAL[31]~94 ; post-fitting ; missing   ; Top            ; post-fit          ; GND                       ; The name does not exist in your design or refers to an invalid hierarchy or bus element.  You may have modified your design after creating the debug instance. ;
; cnt_sync:inst2|CNTVAL[31]~94 ; post-fitting ; missing   ; Top            ; post-fit          ; GND                       ; The name does not exist in your design or refers to an invalid hierarchy or bus element.  You may have modified your design after creating the debug instance. ;
; cnt_sync:inst2|CNTVAL[3]     ; post-fitting ; missing   ; Top            ; post-fit          ; GND                       ; The name does not exist in your design or refers to an invalid hierarchy or bus element.  You may have modified your design after creating the debug instance. ;
; cnt_sync:inst2|CNTVAL[3]     ; post-fitting ; missing   ; Top            ; post-fit          ; GND                       ; The name does not exist in your design or refers to an invalid hierarchy or bus element.  You may have modified your design after creating the debug instance. ;
; cnt_sync:inst2|CNTVAL[3]~38  ; post-fitting ; missing   ; Top            ; post-fit          ; GND                       ; The name does not exist in your design or refers to an invalid hierarchy or bus element.  You may have modified your design after creating the debug instance. ;
; cnt_sync:inst2|CNTVAL[3]~38  ; post-fitting ; missing   ; Top            ; post-fit          ; GND                       ; The name does not exist in your design or refers to an invalid hierarchy or bus element.  You may have modified your design after creating the debug instance. ;
; cnt_sync:inst2|CNTVAL[4]     ; post-fitting ; missing   ; Top            ; post-fit          ; GND                       ; The name does not exist in your design or refers to an invalid hierarchy or bus element.  You may have modified your design after creating the debug instance. ;
; cnt_sync:inst2|CNTVAL[4]     ; post-fitting ; missing   ; Top            ; post-fit          ; GND                       ; The name does not exist in your design or refers to an invalid hierarchy or bus element.  You may have modified your design after creating the debug instance. ;
; cnt_sync:inst2|CNTVAL[4]~40  ; post-fitting ; missing   ; Top            ; post-fit          ; GND                       ; The name does not exist in your design or refers to an invalid hierarchy or bus element.  You may have modified your design after creating the debug instance. ;
; cnt_sync:inst2|CNTVAL[4]~40  ; post-fitting ; missing   ; Top            ; post-fit          ; GND                       ; The name does not exist in your design or refers to an invalid hierarchy or bus element.  You may have modified your design after creating the debug instance. ;
; cnt_sync:inst2|CNTVAL[5]     ; post-fitting ; missing   ; Top            ; post-fit          ; GND                       ; The name does not exist in your design or refers to an invalid hierarchy or bus element.  You may have modified your design after creating the debug instance. ;
; cnt_sync:inst2|CNTVAL[5]     ; post-fitting ; missing   ; Top            ; post-fit          ; GND                       ; The name does not exist in your design or refers to an invalid hierarchy or bus element.  You may have modified your design after creating the debug instance. ;
; cnt_sync:inst2|CNTVAL[5]~42  ; post-fitting ; missing   ; Top            ; post-fit          ; GND                       ; The name does not exist in your design or refers to an invalid hierarchy or bus element.  You may have modified your design after creating the debug instance. ;
; cnt_sync:inst2|CNTVAL[5]~42  ; post-fitting ; missing   ; Top            ; post-fit          ; GND                       ; The name does not exist in your design or refers to an invalid hierarchy or bus element.  You may have modified your design after creating the debug instance. ;
; cnt_sync:inst2|CNTVAL[6]     ; post-fitting ; missing   ; Top            ; post-fit          ; GND                       ; The name does not exist in your design or refers to an invalid hierarchy or bus element.  You may have modified your design after creating the debug instance. ;
; cnt_sync:inst2|CNTVAL[6]     ; post-fitting ; missing   ; Top            ; post-fit          ; GND                       ; The name does not exist in your design or refers to an invalid hierarchy or bus element.  You may have modified your design after creating the debug instance. ;
; cnt_sync:inst2|CNTVAL[6]~44  ; post-fitting ; missing   ; Top            ; post-fit          ; GND                       ; The name does not exist in your design or refers to an invalid hierarchy or bus element.  You may have modified your design after creating the debug instance. ;
; cnt_sync:inst2|CNTVAL[6]~44  ; post-fitting ; missing   ; Top            ; post-fit          ; GND                       ; The name does not exist in your design or refers to an invalid hierarchy or bus element.  You may have modified your design after creating the debug instance. ;
; cnt_sync:inst2|CNTVAL[7]     ; post-fitting ; missing   ; Top            ; post-fit          ; GND                       ; The name does not exist in your design or refers to an invalid hierarchy or bus element.  You may have modified your design after creating the debug instance. ;
; cnt_sync:inst2|CNTVAL[7]     ; post-fitting ; missing   ; Top            ; post-fit          ; GND                       ; The name does not exist in your design or refers to an invalid hierarchy or bus element.  You may have modified your design after creating the debug instance. ;
; cnt_sync:inst2|CNTVAL[7]~46  ; post-fitting ; missing   ; Top            ; post-fit          ; GND                       ; The name does not exist in your design or refers to an invalid hierarchy or bus element.  You may have modified your design after creating the debug instance. ;
; cnt_sync:inst2|CNTVAL[7]~46  ; post-fitting ; missing   ; Top            ; post-fit          ; GND                       ; The name does not exist in your design or refers to an invalid hierarchy or bus element.  You may have modified your design after creating the debug instance. ;
; cnt_sync:inst2|CNTVAL[8]     ; post-fitting ; missing   ; Top            ; post-fit          ; GND                       ; The name does not exist in your design or refers to an invalid hierarchy or bus element.  You may have modified your design after creating the debug instance. ;
; cnt_sync:inst2|CNTVAL[8]     ; post-fitting ; missing   ; Top            ; post-fit          ; GND                       ; The name does not exist in your design or refers to an invalid hierarchy or bus element.  You may have modified your design after creating the debug instance. ;
; cnt_sync:inst2|CNTVAL[8]~48  ; post-fitting ; missing   ; Top            ; post-fit          ; GND                       ; The name does not exist in your design or refers to an invalid hierarchy or bus element.  You may have modified your design after creating the debug instance. ;
; cnt_sync:inst2|CNTVAL[8]~48  ; post-fitting ; missing   ; Top            ; post-fit          ; GND                       ; The name does not exist in your design or refers to an invalid hierarchy or bus element.  You may have modified your design after creating the debug instance. ;
; cnt_sync:inst2|CNTVAL[9]     ; post-fitting ; missing   ; Top            ; post-fit          ; GND                       ; The name does not exist in your design or refers to an invalid hierarchy or bus element.  You may have modified your design after creating the debug instance. ;
; cnt_sync:inst2|CNTVAL[9]     ; post-fitting ; missing   ; Top            ; post-fit          ; GND                       ; The name does not exist in your design or refers to an invalid hierarchy or bus element.  You may have modified your design after creating the debug instance. ;
; cnt_sync:inst2|CNTVAL[9]~50  ; post-fitting ; missing   ; Top            ; post-fit          ; GND                       ; The name does not exist in your design or refers to an invalid hierarchy or bus element.  You may have modified your design after creating the debug instance. ;
; cnt_sync:inst2|CNTVAL[9]~50  ; post-fitting ; missing   ; Top            ; post-fit          ; GND                       ; The name does not exist in your design or refers to an invalid hierarchy or bus element.  You may have modified your design after creating the debug instance. ;
; cnt_sync:inst2|Equal0~0      ; post-fitting ; missing   ; Top            ; post-fit          ; GND                       ; The name does not exist in your design or refers to an invalid hierarchy or bus element.  You may have modified your design after creating the debug instance. ;
; cnt_sync:inst2|Equal0~0      ; post-fitting ; missing   ; Top            ; post-fit          ; GND                       ; The name does not exist in your design or refers to an invalid hierarchy or bus element.  You may have modified your design after creating the debug instance. ;
; cnt_sync:inst2|Equal0~1      ; post-fitting ; missing   ; Top            ; post-fit          ; GND                       ; The name does not exist in your design or refers to an invalid hierarchy or bus element.  You may have modified your design after creating the debug instance. ;
; cnt_sync:inst2|Equal0~1      ; post-fitting ; missing   ; Top            ; post-fit          ; GND                       ; The name does not exist in your design or refers to an invalid hierarchy or bus element.  You may have modified your design after creating the debug instance. ;
; cnt_sync:inst2|Equal0~10     ; post-fitting ; missing   ; Top            ; post-fit          ; GND                       ; The name does not exist in your design or refers to an invalid hierarchy or bus element.  You may have modified your design after creating the debug instance. ;
; cnt_sync:inst2|Equal0~10     ; post-fitting ; missing   ; Top            ; post-fit          ; GND                       ; The name does not exist in your design or refers to an invalid hierarchy or bus element.  You may have modified your design after creating the debug instance. ;
; cnt_sync:inst2|Equal0~2      ; post-fitting ; missing   ; Top            ; post-fit          ; GND                       ; The name does not exist in your design or refers to an invalid hierarchy or bus element.  You may have modified your design after creating the debug instance. ;
; cnt_sync:inst2|Equal0~2      ; post-fitting ; missing   ; Top            ; post-fit          ; GND                       ; The name does not exist in your design or refers to an invalid hierarchy or bus element.  You may have modified your design after creating the debug instance. ;
; cnt_sync:inst2|Equal0~3      ; post-fitting ; missing   ; Top            ; post-fit          ; GND                       ; The name does not exist in your design or refers to an invalid hierarchy or bus element.  You may have modified your design after creating the debug instance. ;
; cnt_sync:inst2|Equal0~3      ; post-fitting ; missing   ; Top            ; post-fit          ; GND                       ; The name does not exist in your design or refers to an invalid hierarchy or bus element.  You may have modified your design after creating the debug instance. ;
; cnt_sync:inst2|Equal0~4      ; post-fitting ; missing   ; Top            ; post-fit          ; GND                       ; The name does not exist in your design or refers to an invalid hierarchy or bus element.  You may have modified your design after creating the debug instance. ;
; cnt_sync:inst2|Equal0~4      ; post-fitting ; missing   ; Top            ; post-fit          ; GND                       ; The name does not exist in your design or refers to an invalid hierarchy or bus element.  You may have modified your design after creating the debug instance. ;
; cnt_sync:inst2|Equal0~5      ; post-fitting ; missing   ; Top            ; post-fit          ; GND                       ; The name does not exist in your design or refers to an invalid hierarchy or bus element.  You may have modified your design after creating the debug instance. ;
; cnt_sync:inst2|Equal0~5      ; post-fitting ; missing   ; Top            ; post-fit          ; GND                       ; The name does not exist in your design or refers to an invalid hierarchy or bus element.  You may have modified your design after creating the debug instance. ;
; cnt_sync:inst2|Equal0~6      ; post-fitting ; missing   ; Top            ; post-fit          ; GND                       ; The name does not exist in your design or refers to an invalid hierarchy or bus element.  You may have modified your design after creating the debug instance. ;
; cnt_sync:inst2|Equal0~6      ; post-fitting ; missing   ; Top            ; post-fit          ; GND                       ; The name does not exist in your design or refers to an invalid hierarchy or bus element.  You may have modified your design after creating the debug instance. ;
; cnt_sync:inst2|Equal0~7      ; post-fitting ; missing   ; Top            ; post-fit          ; GND                       ; The name does not exist in your design or refers to an invalid hierarchy or bus element.  You may have modified your design after creating the debug instance. ;
; cnt_sync:inst2|Equal0~7      ; post-fitting ; missing   ; Top            ; post-fit          ; GND                       ; The name does not exist in your design or refers to an invalid hierarchy or bus element.  You may have modified your design after creating the debug instance. ;
; cnt_sync:inst2|Equal0~8      ; post-fitting ; missing   ; Top            ; post-fit          ; GND                       ; The name does not exist in your design or refers to an invalid hierarchy or bus element.  You may have modified your design after creating the debug instance. ;
; cnt_sync:inst2|Equal0~8      ; post-fitting ; missing   ; Top            ; post-fit          ; GND                       ; The name does not exist in your design or refers to an invalid hierarchy or bus element.  You may have modified your design after creating the debug instance. ;
; cnt_sync:inst2|Equal0~9      ; post-fitting ; missing   ; Top            ; post-fit          ; GND                       ; The name does not exist in your design or refers to an invalid hierarchy or bus element.  You may have modified your design after creating the debug instance. ;
; cnt_sync:inst2|Equal0~9      ; post-fitting ; missing   ; Top            ; post-fit          ; GND                       ; The name does not exist in your design or refers to an invalid hierarchy or bus element.  You may have modified your design after creating the debug instance. ;
; cnt_sync:inst2|LessThan0~0   ; post-fitting ; missing   ; Top            ; post-fit          ; GND                       ; The name does not exist in your design or refers to an invalid hierarchy or bus element.  You may have modified your design after creating the debug instance. ;
; cnt_sync:inst2|LessThan0~0   ; post-fitting ; missing   ; Top            ; post-fit          ; GND                       ; The name does not exist in your design or refers to an invalid hierarchy or bus element.  You may have modified your design after creating the debug instance. ;
; auto_stp_external_clock_0    ; dynamic pin  ; connected ; Top            ; post-fit          ; auto_stp_external_clock_0 ; N/A                                                                                                                                                            ;
+------------------------------+--------------+-----------+----------------+-------------------+---------------------------+----------------------------------------------------------------------------------------------------------------------------------------------------------------+


+-------------------------------------------------------------------------------------------------------------------------------------------------------------+
; Partition Merge Partition Statistics                                                                                                                        ;
+---------------------------------------------+---------------------+-----------------------+--------------------------------+--------------------------------+
; Statistic                                   ; Top                 ; sld_hub:auto_hub      ; sld_signaltap:auto_signaltap_0 ; hard_block:auto_generated_inst ;
+---------------------------------------------+---------------------+-----------------------+--------------------------------+--------------------------------+
; Estimated Total logic elements              ; 2 / 15408 ( < 1 % ) ; 147 / 15408 ( < 1 % ) ; 1504 / 15408 ( 10 % )          ; 0 / 15408 ( 0 % )              ;
;                                             ;                     ;                       ;                                ;                                ;
; Total combinational functions               ; 2                   ; 121                   ; 565                            ; 0                              ;
; Logic element usage by number of LUT inputs ;                     ;                       ;                                ;                                ;
;     -- 4 input functions                    ; 0                   ; 52                    ; 303                            ; 0                              ;
;     -- 3 input functions                    ; 0                   ; 32                    ; 163                            ; 0                              ;
;     -- <=2 input functions                  ; 2                   ; 37                    ; 99                             ; 0                              ;
;                                             ;                     ;                       ;                                ;                                ;
; Logic elements by mode                      ;                     ;                       ;                                ;                                ;
;     -- normal mode                          ; 2                   ; 113                   ; 497                            ; 0                              ;
;     -- arithmetic mode                      ; 0                   ; 8                     ; 68                             ; 0                              ;
;                                             ;                     ;                       ;                                ;                                ;
; Total registers                             ; 0                   ; 90                    ; 1294                           ; 0                              ;
;     -- Dedicated logic registers            ; 0 / 15408 ( 0 % )   ; 90 / 15408 ( < 1 % )  ; 1294 / 15408 ( 8 % )           ; 0 / 15408 ( 0 % )              ;
;     -- I/O registers                        ; 0                   ; 0                     ; 0                              ; 0                              ;
;                                             ;                     ;                       ;                                ;                                ;
; Virtual pins                                ; 0                   ; 0                     ; 0                              ; 0                              ;
; I/O pins                                    ; 28                  ; 0                     ; 0                              ; 0                              ;
; Embedded Multiplier 9-bit elements          ; 0 / 112 ( 0 % )     ; 0 / 112 ( 0 % )       ; 0 / 112 ( 0 % )                ; 0 / 112 ( 0 % )                ;
; Total memory bits                           ; 0                   ; 0                     ; 10880                          ; 0                              ;
; Total RAM block bits                        ; 0                   ; 0                     ; 27648                          ; 0                              ;
; JTAG                                        ; 1 / 1 ( 100 % )     ; 0 / 1 ( 0 % )         ; 0 / 1 ( 0 % )                  ; 0 / 1 ( 0 % )                  ;
; M9K                                         ; 0 / 56 ( 0 % )      ; 0 / 56 ( 0 % )        ; 3 / 56 ( 5 % )                 ; 0 / 56 ( 0 % )                 ;
;                                             ;                     ;                       ;                                ;                                ;
; Connections                                 ;                     ;                       ;                                ;                                ;
;     -- Input Connections                    ; 1                   ; 133                   ; 1857                           ; 0                              ;
;     -- Registered Input Connections         ; 0                   ; 101                   ; 1483                           ; 0                              ;
;     -- Output Connections                   ; 1762                ; 228                   ; 1                              ; 0                              ;
;     -- Registered Output Connections        ; 0                   ; 227                   ; 0                              ; 0                              ;
;                                             ;                     ;                       ;                                ;                                ;
; Internal Connections                        ;                     ;                       ;                                ;                                ;
;     -- Total Connections                    ; 1799                ; 895                   ; 7202                           ; 0                              ;
;     -- Registered Connections               ; 0                   ; 672                   ; 5321                           ; 0                              ;
;                                             ;                     ;                       ;                                ;                                ;
; External Connections                        ;                     ;                       ;                                ;                                ;
;     -- Top                                  ; 0                   ; 123                   ; 1640                           ; 0                              ;
;     -- sld_hub:auto_hub                     ; 123                 ; 20                    ; 218                            ; 0                              ;
;     -- sld_signaltap:auto_signaltap_0       ; 1640                ; 218                   ; 0                              ; 0                              ;
;     -- hard_block:auto_generated_inst       ; 0                   ; 0                     ; 0                              ; 0                              ;
;                                             ;                     ;                       ;                                ;                                ;
; Partition Interface                         ;                     ;                       ;                                ;                                ;
;     -- Input Ports                          ; 7                   ; 21                    ; 229                            ; 0                              ;
;     -- Output Ports                         ; 25                  ; 39                    ; 182                            ; 0                              ;
;     -- Bidir Ports                          ; 0                   ; 0                     ; 0                              ; 0                              ;
;                                             ;                     ;                       ;                                ;                                ;
; Registered Ports                            ;                     ;                       ;                                ;                                ;
;     -- Registered Input Ports               ; 0                   ; 4                     ; 175                            ; 0                              ;
;     -- Registered Output Ports              ; 0                   ; 28                    ; 171                            ; 0                              ;
;                                             ;                     ;                       ;                                ;                                ;
; Port Connectivity                           ;                     ;                       ;                                ;                                ;
;     -- Input Ports driven by GND            ; 0                   ; 1                     ; 170                            ; 0                              ;
;     -- Output Ports driven by GND           ; 0                   ; 1                     ; 0                              ; 0                              ;
;     -- Input Ports driven by VCC            ; 0                   ; 0                     ; 0                              ; 0                              ;
;     -- Output Ports driven by VCC           ; 0                   ; 0                     ; 0                              ; 0                              ;
;     -- Input Ports with no Source           ; 0                   ; 1                     ; 35                             ; 0                              ;
;     -- Output Ports with no Source          ; 0                   ; 0                     ; 0                              ; 0                              ;
;     -- Input Ports with no Fanout           ; 0                   ; 2                     ; 40                             ; 0                              ;
;     -- Output Ports with no Fanout          ; 0                   ; 15                    ; 171                            ; 0                              ;
+---------------------------------------------+---------------------+-----------------------+--------------------------------+--------------------------------+
Note: Resource usage numbers presented for Partitions containing post-synthesis logic are estimates.  For Partitions containing post-fit logic, resource usage numbers are accurate based on previous placement information.  Actual Fitter results may vary depending on current Fitter Preservation Level assignments.


+-------------------------------------------------------------------------------------------------------------------------------------------------------------------+
; Partition Merge Partition Pin Processing                                                                                                                          ;
+-----------------------------------------------+--------------------------------+---------------+--------------------+---------------------------------------------+
; Name                                          ; Partition                      ; Type          ; Location           ; Status                                      ;
+-----------------------------------------------+--------------------------------+---------------+--------------------+---------------------------------------------+
; CDOT                                          ; Top                            ; Output Port   ; n/a                ;                                             ;
;     -- CDOT                                   ; Top                            ; Output Pad    ; IOPAD_X26_Y29_N28  ; Preserved from Post-Fit or Imported Netlist ;
;     -- CDOT~output                            ; Top                            ; Output Buffer ; IOOBUF_X26_Y29_N30 ; Preserved from Post-Fit or Imported Netlist ;
;                                               ;                                ;               ;                    ;                                             ;
; CLK_50                                        ; Top                            ; Input Port    ; n/a                ;                                             ;
;     -- CLK_50                                 ; Top                            ; Input Pad     ; IOPAD_X41_Y15_N0   ; Preserved from Post-Fit or Imported Netlist ;
;     -- CLK_50~input                           ; Top                            ; Input Buffer  ; IOIBUF_X41_Y15_N1  ; Preserved from Post-Fit or Imported Netlist ;
;                                               ;                                ;               ;                    ;                                             ;
; CTRL_STOP                                     ; Top                            ; Input Port    ; n/a                ;                                             ;
;     -- CTRL_STOP                              ; Top                            ; Input Pad     ; IOPAD_X0_Y21_N7    ; Preserved from Post-Fit or Imported Netlist ;
;     -- CTRL_STOP~input                        ; Top                            ; Input Buffer  ; IOIBUF_X0_Y21_N8   ; Preserved from Post-Fit or Imported Netlist ;
;                                               ;                                ;               ;                    ;                                             ;
; CTRL_clear                                    ; Top                            ; Input Port    ; n/a                ;                                             ;
;     -- CTRL_clear                             ; Top                            ; Input Pad     ; IOPAD_X0_Y23_N14   ; Preserved from Post-Fit or Imported Netlist ;
;     -- CTRL_clear~input                       ; Top                            ; Input Buffer  ; IOIBUF_X0_Y23_N15  ; Preserved from Post-Fit or Imported Netlist ;
;                                               ;                                ;               ;                    ;                                             ;
; HEX_HIGH[0]                                   ; Top                            ; Output Port   ; n/a                ;                                             ;
;     -- HEX_HIGH[0]                            ; Top                            ; Output Pad    ; IOPAD_X21_Y29_N0   ; Preserved from Post-Fit or Imported Netlist ;
;     -- HEX_HIGH[0]~output                     ; Top                            ; Output Buffer ; IOOBUF_X21_Y29_N2  ; Preserved from Post-Fit or Imported Netlist ;
;                                               ;                                ;               ;                    ;                                             ;
; HEX_HIGH[1]                                   ; Top                            ; Output Port   ; n/a                ;                                             ;
;     -- HEX_HIGH[1]                            ; Top                            ; Output Pad    ; IOPAD_X21_Y29_N7   ; Preserved from Post-Fit or Imported Netlist ;
;     -- HEX_HIGH[1]~output                     ; Top                            ; Output Buffer ; IOOBUF_X21_Y29_N9  ; Preserved from Post-Fit or Imported Netlist ;
;                                               ;                                ;               ;                    ;                                             ;
; HEX_HIGH[2]                                   ; Top                            ; Output Port   ; n/a                ;                                             ;
;     -- HEX_HIGH[2]                            ; Top                            ; Output Pad    ; IOPAD_X23_Y29_N0   ; Preserved from Post-Fit or Imported Netlist ;
;     -- HEX_HIGH[2]~output                     ; Top                            ; Output Buffer ; IOOBUF_X23_Y29_N2  ; Preserved from Post-Fit or Imported Netlist ;
;                                               ;                                ;               ;                    ;                                             ;
; HEX_HIGH[3]                                   ; Top                            ; Output Port   ; n/a                ;                                             ;
;     -- HEX_HIGH[3]                            ; Top                            ; Output Pad    ; IOPAD_X23_Y29_N21  ; Preserved from Post-Fit or Imported Netlist ;
;     -- HEX_HIGH[3]~output                     ; Top                            ; Output Buffer ; IOOBUF_X23_Y29_N23 ; Preserved from Post-Fit or Imported Netlist ;
;                                               ;                                ;               ;                    ;                                             ;
; HEX_HIGH[4]                                   ; Top                            ; Output Port   ; n/a                ;                                             ;
;     -- HEX_HIGH[4]                            ; Top                            ; Output Pad    ; IOPAD_X23_Y29_N28  ; Preserved from Post-Fit or Imported Netlist ;
;     -- HEX_HIGH[4]~output                     ; Top                            ; Output Buffer ; IOOBUF_X23_Y29_N30 ; Preserved from Post-Fit or Imported Netlist ;
;                                               ;                                ;               ;                    ;                                             ;
; HEX_HIGH[5]                                   ; Top                            ; Output Port   ; n/a                ;                                             ;
;     -- HEX_HIGH[5]                            ; Top                            ; Output Pad    ; IOPAD_X28_Y29_N14  ; Preserved from Post-Fit or Imported Netlist ;
;     -- HEX_HIGH[5]~output                     ; Top                            ; Output Buffer ; IOOBUF_X28_Y29_N16 ; Preserved from Post-Fit or Imported Netlist ;
;                                               ;                                ;               ;                    ;                                             ;
; HEX_HIGH[6]                                   ; Top                            ; Output Port   ; n/a                ;                                             ;
;     -- HEX_HIGH[6]                            ; Top                            ; Output Pad    ; IOPAD_X26_Y29_N21  ; Preserved from Post-Fit or Imported Netlist ;
;     -- HEX_HIGH[6]~output                     ; Top                            ; Output Buffer ; IOOBUF_X26_Y29_N23 ; Preserved from Post-Fit or Imported Netlist ;
;                                               ;                                ;               ;                    ;                                             ;
; HEX_LOW[0]                                    ; Top                            ; Output Port   ; n/a                ;                                             ;
;     -- HEX_LOW[0]                             ; Top                            ; Output Pad    ; IOPAD_X21_Y29_N21  ; Preserved from Post-Fit or Imported Netlist ;
;     -- HEX_LOW[0]~output                      ; Top                            ; Output Buffer ; IOOBUF_X21_Y29_N23 ; Preserved from Post-Fit or Imported Netlist ;
;                                               ;                                ;               ;                    ;                                             ;
; HEX_LOW[1]                                    ; Top                            ; Output Port   ; n/a                ;                                             ;
;     -- HEX_LOW[1]                             ; Top                            ; Output Pad    ; IOPAD_X21_Y29_N28  ; Preserved from Post-Fit or Imported Netlist ;
;     -- HEX_LOW[1]~output                      ; Top                            ; Output Buffer ; IOOBUF_X21_Y29_N30 ; Preserved from Post-Fit or Imported Netlist ;
;                                               ;                                ;               ;                    ;                                             ;
; HEX_LOW[2]                                    ; Top                            ; Output Port   ; n/a                ;                                             ;
;     -- HEX_LOW[2]                             ; Top                            ; Output Pad    ; IOPAD_X26_Y29_N0   ; Preserved from Post-Fit or Imported Netlist ;
;     -- HEX_LOW[2]~output                      ; Top                            ; Output Buffer ; IOOBUF_X26_Y29_N2  ; Preserved from Post-Fit or Imported Netlist ;
;                                               ;                                ;               ;                    ;                                             ;
; HEX_LOW[3]                                    ; Top                            ; Output Port   ; n/a                ;                                             ;
;     -- HEX_LOW[3]                             ; Top                            ; Output Pad    ; IOPAD_X28_Y29_N28  ; Preserved from Post-Fit or Imported Netlist ;
;     -- HEX_LOW[3]~output                      ; Top                            ; Output Buffer ; IOOBUF_X28_Y29_N30 ; Preserved from Post-Fit or Imported Netlist ;
;                                               ;                                ;               ;                    ;                                             ;
; HEX_LOW[4]                                    ; Top                            ; Output Port   ; n/a                ;                                             ;
;     -- HEX_LOW[4]                             ; Top                            ; Output Pad    ; IOPAD_X26_Y29_N7   ; Preserved from Post-Fit or Imported Netlist ;
;     -- HEX_LOW[4]~output                      ; Top                            ; Output Buffer ; IOOBUF_X26_Y29_N9  ; Preserved from Post-Fit or Imported Netlist ;
;                                               ;                                ;               ;                    ;                                             ;
; HEX_LOW[5]                                    ; Top                            ; Output Port   ; n/a                ;                                             ;
;     -- HEX_LOW[5]                             ; Top                            ; Output Pad    ; IOPAD_X28_Y29_N21  ; Preserved from Post-Fit or Imported Netlist ;
;     -- HEX_LOW[5]~output                      ; Top                            ; Output Buffer ; IOOBUF_X28_Y29_N23 ; Preserved from Post-Fit or Imported Netlist ;
;                                               ;                                ;               ;                    ;                                             ;
; HEX_LOW[6]                                    ; Top                            ; Output Port   ; n/a                ;                                             ;
;     -- HEX_LOW[6]                             ; Top                            ; Output Pad    ; IOPAD_X26_Y29_N14  ; Preserved from Post-Fit or Imported Netlist ;
;     -- HEX_LOW[6]~output                      ; Top                            ; Output Buffer ; IOOBUF_X26_Y29_N16 ; Preserved from Post-Fit or Imported Netlist ;
;                                               ;                                ;               ;                    ;                                             ;
; OVERFLOW                                      ; Top                            ; Output Port   ; n/a                ;                                             ;
;     -- OVERFLOW                               ; Top                            ; Output Pad    ; IOPAD_X0_Y20_N7    ; Preserved from Post-Fit or Imported Netlist ;
;     -- OVERFLOW~output                        ; Top                            ; Output Buffer ; IOOBUF_X0_Y20_N9   ; Preserved from Post-Fit or Imported Netlist ;
;                                               ;                                ;               ;                    ;                                             ;
; altera_reserved_tck                           ; Top                            ; Input Port    ; n/a                ;                                             ;
;     -- altera_reserved_tck                    ; Top                            ; Input Pad     ; Unplaced           ; Synthesized                                 ;
;     -- altera_reserved_tck~input              ; Top                            ; Input Buffer  ; Unplaced           ; Synthesized                                 ;
;                                               ;                                ;               ;                    ;                                             ;
; altera_reserved_tdi                           ; Top                            ; Input Port    ; n/a                ;                                             ;
;     -- altera_reserved_tdi                    ; Top                            ; Input Pad     ; Unplaced           ; Synthesized                                 ;
;     -- altera_reserved_tdi~input              ; Top                            ; Input Buffer  ; Unplaced           ; Synthesized                                 ;
;                                               ;                                ;               ;                    ;                                             ;
; altera_reserved_tdo                           ; Top                            ; Output Port   ; n/a                ;                                             ;
;     -- altera_reserved_tdo                    ; Top                            ; Output Pad    ; Unplaced           ; Synthesized                                 ;
;     -- altera_reserved_tdo~output             ; Top                            ; Output Buffer ; Unplaced           ; Synthesized                                 ;
;                                               ;                                ;               ;                    ;                                             ;
; altera_reserved_tms                           ; Top                            ; Input Port    ; n/a                ;                                             ;
;     -- altera_reserved_tms                    ; Top                            ; Input Pad     ; Unplaced           ; Synthesized                                 ;
;     -- altera_reserved_tms~input              ; Top                            ; Input Buffer  ; Unplaced           ; Synthesized                                 ;
;                                               ;                                ;               ;                    ;                                             ;
; auto_stp_external_clock_0                     ; Top                            ; Input Port    ; n/a                ;                                             ;
;     -- auto_stp_external_clock_0              ; Top                            ; Input Pad     ; Unplaced           ; Synthesized                                 ;
;     -- auto_stp_external_clock_0~input        ; Top                            ; Input Buffer  ; Unplaced           ; Synthesized                                 ;
;     -- sld_signaltap:auto_signaltap_0|acq_clk ; sld_signaltap:auto_signaltap_0 ; Input Port    ; n/a                ;                                             ;
;                                               ;                                ;               ;                    ;                                             ;
; high[0]                                       ; Top                            ; Output Port   ; n/a                ;                                             ;
;     -- high[0]                                ; Top                            ; Output Pad    ; IOPAD_X16_Y29_N28  ; Preserved from Post-Fit or Imported Netlist ;
;     -- high[0]~output                         ; Top                            ; Output Buffer ; IOOBUF_X16_Y29_N30 ; Preserved from Post-Fit or Imported Netlist ;
;                                               ;                                ;               ;                    ;                                             ;
; high[1]                                       ; Top                            ; Output Port   ; n/a                ;                                             ;
;     -- high[1]                                ; Top                            ; Output Pad    ; IOPAD_X1_Y29_N14   ; Preserved from Post-Fit or Imported Netlist ;
;     -- high[1]~output                         ; Top                            ; Output Buffer ; IOOBUF_X1_Y29_N16  ; Preserved from Post-Fit or Imported Netlist ;
;                                               ;                                ;               ;                    ;                                             ;
; high[2]                                       ; Top                            ; Output Port   ; n/a                ;                                             ;
;     -- high[2]                                ; Top                            ; Output Pad    ; IOPAD_X9_Y0_N7     ; Preserved from Post-Fit or Imported Netlist ;
;     -- high[2]~output                         ; Top                            ; Output Buffer ; IOOBUF_X9_Y0_N9    ; Preserved from Post-Fit or Imported Netlist ;
;                                               ;                                ;               ;                    ;                                             ;
; high[3]                                       ; Top                            ; Output Port   ; n/a                ;                                             ;
;     -- high[3]                                ; Top                            ; Output Pad    ; IOPAD_X0_Y3_N7     ; Preserved from Post-Fit or Imported Netlist ;
;     -- high[3]~output                         ; Top                            ; Output Buffer ; IOOBUF_X0_Y3_N9    ; Preserved from Post-Fit or Imported Netlist ;
;                                               ;                                ;               ;                    ;                                             ;
; low[0]                                        ; Top                            ; Output Port   ; n/a                ;                                             ;
;     -- low[0]                                 ; Top                            ; Output Pad    ; IOPAD_X23_Y29_N7   ; Preserved from Post-Fit or Imported Netlist ;
;     -- low[0]~output                          ; Top                            ; Output Buffer ; IOOBUF_X23_Y29_N9  ; Preserved from Post-Fit or Imported Netlist ;
;                                               ;                                ;               ;                    ;                                             ;
; low[1]                                        ; Top                            ; Output Port   ; n/a                ;                                             ;
;     -- low[1]                                 ; Top                            ; Output Pad    ; IOPAD_X41_Y22_N21  ; Preserved from Post-Fit or Imported Netlist ;
;     -- low[1]~output                          ; Top                            ; Output Buffer ; IOOBUF_X41_Y22_N23 ; Preserved from Post-Fit or Imported Netlist ;
;                                               ;                                ;               ;                    ;                                             ;
; low[2]                                        ; Top                            ; Output Port   ; n/a                ;                                             ;
;     -- low[2]                                 ; Top                            ; Output Pad    ; IOPAD_X11_Y0_N14   ; Preserved from Post-Fit or Imported Netlist ;
;     -- low[2]~output                          ; Top                            ; Output Buffer ; IOOBUF_X11_Y0_N16  ; Preserved from Post-Fit or Imported Netlist ;
;                                               ;                                ;               ;                    ;                                             ;
; low[3]                                        ; Top                            ; Output Port   ; n/a                ;                                             ;
;     -- low[3]                                 ; Top                            ; Output Pad    ; IOPAD_X28_Y0_N0    ; Preserved from Post-Fit or Imported Netlist ;
;     -- low[3]~output                          ; Top                            ; Output Buffer ; IOOBUF_X28_Y0_N2   ; Preserved from Post-Fit or Imported Netlist ;
;                                               ;                                ;               ;                    ;                                             ;
+-----------------------------------------------+--------------------------------+---------------+--------------------+---------------------------------------------+


+-------------------------------------------------------------------------------+
; Partition Merge Resource Usage Summary                                        ;
+---------------------------------------------+---------------------------------+
; Resource                                    ; Usage                           ;
+---------------------------------------------+---------------------------------+
; Estimated Total logic elements              ; 1,652 / 15,408 ( 10 % )         ;
;                                             ;                                 ;
; Total combinational functions               ; 688                             ;
; Logic element usage by number of LUT inputs ;                                 ;
;     -- 4 input functions                    ; 355                             ;
;     -- 3 input functions                    ; 195                             ;
;     -- <=2 input functions                  ; 138                             ;
;                                             ;                                 ;
; Logic elements by mode                      ;                                 ;
;     -- normal mode                          ; 612                             ;
;     -- arithmetic mode                      ; 76                              ;
;                                             ;                                 ;
; Total registers                             ; 1384                            ;
;     -- Dedicated logic registers            ; 1384                            ;
;     -- I/O registers                        ; 0                               ;
;                                             ;                                 ;
; I/O pins                                    ; 28                              ;
; Total memory bits                           ; 10880                           ;
; Embedded Multiplier 9-bit elements          ; 0                               ;
; Maximum fan-out node                        ; auto_stp_external_clock_0~input ;
; Maximum fan-out                             ; 865                             ;
; Total fan-out                               ; 7817                            ;
; Average fan-out                             ; 3.52                            ;
+---------------------------------------------+---------------------------------+


+------------------------------------------------------------------------------------------------------------------------------------------------------------------------------------------------------------------------------------------------------------------------------------------------------------+
; Partition Merge RAM Summary                                                                                                                                                                                                                                                                                ;
+-------------------------------------------------------------------------------------------------------------------------------------------------------------------------------------------------------+------+------------------+--------------+--------------+--------------+--------------+-------+------+
; Name                                                                                                                                                                                                  ; Type ; Mode             ; Port A Depth ; Port A Width ; Port B Depth ; Port B Width ; Size  ; MIF  ;
+-------------------------------------------------------------------------------------------------------------------------------------------------------------------------------------------------------+------+------------------+--------------+--------------+--------------+--------------+-------+------+
; sld_signaltap:auto_signaltap_0|sld_signaltap_impl:sld_signaltap_body|sld_signaltap_implb:sld_signaltap_body|altsyncram:\stp_non_zero_ram_gen:stp_buffer_ram|altsyncram_ht14:auto_generated|ALTSYNCRAM ; AUTO ; Simple Dual Port ; 128          ; 85           ; 128          ; 85           ; 10880 ; None ;
+-------------------------------------------------------------------------------------------------------------------------------------------------------------------------------------------------------+------+------------------+--------------+--------------+--------------+--------------+-------+------+


+--------------------------+
; Partition Merge Messages ;
+--------------------------+
Info: *******************************************************************
Info: Running Quartus II 64-Bit Partition Merge
    Info: Version 13.1.0 Build 162 10/23/2013 SJ Full Version
    Info: Processing started: Tue Aug 15 10:47:25 2023
Info: Command: quartus_cdb --read_settings_files=off --write_settings_files=off start_4 -c start_4 --merge=on
Info (35006): Using previously generated Fitter netlist for partition "Top"
Info (35007): Using synthesis netlist for partition "sld_hub:auto_hub"
Info (35007): Using synthesis netlist for partition "sld_signaltap:auto_signaltap_0"
Critical Warning (35025): Partially connected in-system debug instance "auto_signaltap_0" to 1 of its 171 required data inputs, trigger inputs, acquisition clocks, and dynamic pins.  There were 0 illegal, 0 inaccessible, and 170 missing sources or connections.
Info (35002): Resolved and merged 3 partition(s)
Info (16010): Generating hard_block partition "hard_block:auto_generated_inst"
    Info (16011): Adding 0 node(s), including 0 DDIO, 0 PLL, 0 transceiver and 0 LCELL
Warning (21074): Design contains 3 input pin(s) that do not drive logic
    Warning (15610): No output dependent on input pin "CLK_50"
    Warning (15610): No output dependent on input pin "CTRL_STOP"
    Warning (15610): No output dependent on input pin "CTRL_clear"
Info (21057): Implemented 1783 device resources after synthesis - the final resource count might be different
    Info (21058): Implemented 7 input pins
    Info (21059): Implemented 25 output pins
    Info (21061): Implemented 1665 logic cells
    Info (21064): Implemented 85 RAM segments
Info: Quartus II 64-Bit Partition Merge was successful. 0 errors, 5 warnings
    Info: Peak virtual memory: 4679 megabytes
    Info: Processing ended: Tue Aug 15 10:47:26 2023
    Info: Elapsed time: 00:00:01
    Info: Total CPU time (on all processors): 00:00:01


