Flow report for NCO_quartus
Wed Sep 27 20:11:04 2023
Quartus II 64-Bit Version 13.1.0 Build 162 10/23/2013 SJ Full Version


---------------------
; Table of Contents ;
---------------------
  1. Legal Notice
  2. Flow Summary
  3. Flow Settings
  4. Flow Non-Default Global Settings
  5. Flow Elapsed Time
  6. Flow OS Summary
  7. Flow Log
  8. Flow Messages
  9. Flow Suppressed Messages



----------------
; Legal Notice ;
----------------
Copyright (C) 1991-2013 Altera Corporation
Your use of Altera Corporation's design tools, logic functions 
and other software and tools, and its AMPP partner logic 
functions, and any output files from any of the foregoing 
(including device programming or simulation files), and any 
associated documentation or information are expressly subject 
to the terms and conditions of the Altera Program License 
Subscription Agreement, Altera MegaCore Function License 
Agreement, or other applicable license agreement, including, 
without limitation, that your use is for the sole purpose of 
programming logic devices manufactured by Altera and sold by 
Altera or its authorized distributors.  Please refer to the 
applicable agreement for further details.



+----------------------------------------------------------------------------------+
; Flow Summary                                                                     ;
+------------------------------------+---------------------------------------------+
; Flow Status                        ; Successful - Wed Sep 27 20:11:01 2023       ;
; Quartus II 64-Bit Version          ; 13.1.0 Build 162 10/23/2013 SJ Full Version ;
; Revision Name                      ; NCO_quartus                                 ;
; Top-level Entity Name              ; NCO_quartus                                 ;
; Family                             ; Cyclone III                                 ;
; Device                             ; EP3C16F484C6                                ;
; Timing Models                      ; Final                                       ;
; Total logic elements               ; 3,716 / 15,408 ( 24 % )                     ;
;     Total combinational functions  ; 2,611 / 15,408 ( 17 % )                     ;
;     Dedicated logic registers      ; 3,364 / 15,408 ( 22 % )                     ;
; Total registers                    ; 3364                                        ;
; Total pins                         ; 32 / 347 ( 9 % )                            ;
; Total virtual pins                 ; 0                                           ;
; Total memory bits                  ; 17,600 / 516,096 ( 3 % )                    ;
; Embedded Multiplier 9-bit elements ; 80 / 112 ( 71 % )                           ;
; Total PLLs                         ; 2 / 4 ( 50 % )                              ;
+------------------------------------+---------------------------------------------+


+-----------------------------------------+
; Flow Settings                           ;
+-------------------+---------------------+
; Option            ; Setting             ;
+-------------------+---------------------+
; Start date & time ; 09/27/2023 16:09:10 ;
; Main task         ; Compilation         ;
; Revision Name     ; NCO_quartus         ;
+-------------------+---------------------+


+------------------------------------------------------------------------------------------------------------------+
; Flow Non-Default Global Settings                                                                                 ;
+-------------------------------------+---------------------------------+---------------+-------------+------------+
; Assignment Name                     ; Value                           ; Default Value ; Entity Name ; Section Id ;
+-------------------------------------+---------------------------------+---------------+-------------+------------+
; COMPILER_SIGNATURE_ID               ; 158527627674065.169580215012780 ; --            ; --          ; --         ;
; PARTITION_COLOR                     ; 16764057                        ; --            ; --          ; Top        ;
; PARTITION_FITTER_PRESERVATION_LEVEL ; PLACEMENT_AND_ROUTING           ; --            ; --          ; Top        ;
; PARTITION_NETLIST_TYPE              ; SOURCE                          ; --            ; --          ; Top        ;
+-------------------------------------+---------------------------------+---------------+-------------+------------+


+-------------------------------------------------------------------------------------------------------------------------------+
; Flow Elapsed Time                                                                                                             ;
+---------------------------+--------------+-------------------------+---------------------+------------------------------------+
; Module Name               ; Elapsed Time ; Average Processors Used ; Peak Virtual Memory ; Total CPU Time (on all processors) ;
+---------------------------+--------------+-------------------------+---------------------+------------------------------------+
; Analysis & Synthesis      ; 00:00:25     ; 1.0                     ; 4801 MB             ; 00:00:12                           ;
; Fitter                    ; 00:00:23     ; 2.2                     ; 5635 MB             ; 00:00:10                           ;
; Assembler                 ; 00:00:01     ; 1.0                     ; 4618 MB             ; 00:00:00                           ;
; TimeQuest Timing Analyzer ; 00:00:05     ; 1.3                     ; 4812 MB             ; 00:00:02                           ;
; Analysis & Synthesis      ; 00:00:05     ; 1.4                     ; 4780 MB             ; 00:00:03                           ;
; Partition Merge           ; 00:00:01     ; 1.0                     ; 4698 MB             ; 00:00:01                           ;
; Fitter                    ; 00:00:09     ; 1.6                     ; 5585 MB             ; 00:00:05                           ;
; Assembler                 ; 00:00:01     ; 1.0                     ; 4622 MB             ; 00:00:00                           ;
; TimeQuest Timing Analyzer ; 00:00:02     ; 3.5                     ; 4759 MB             ; 00:00:01                           ;
; Analysis & Synthesis      ; 00:00:06     ; 1.4                     ; 4795 MB             ; 00:00:03                           ;
; Partition Merge           ; 00:00:02     ; 1.0                     ; 4695 MB             ; 00:00:00                           ;
; Fitter                    ; 00:00:09     ; 1.0                     ; 5599 MB             ; 00:00:04                           ;
; Assembler                 ; 00:00:01     ; 1.0                     ; 4618 MB             ; 00:00:00                           ;
; TimeQuest Timing Analyzer ; 00:00:02     ; 1.0                     ; 4759 MB             ; 00:00:01                           ;
; Analysis & Synthesis      ; 00:00:06     ; 1.4                     ; 4783 MB             ; 00:00:04                           ;
; Partition Merge           ; 00:00:01     ; 1.0                     ; 4694 MB             ; 00:00:01                           ;
; Fitter                    ; 00:00:09     ; 2.1                     ; 5595 MB             ; 00:00:04                           ;
; Assembler                 ; 00:00:01     ; 1.0                     ; 4623 MB             ; 00:00:01                           ;
; TimeQuest Timing Analyzer ; 00:00:02     ; 1.0                     ; 4759 MB             ; 00:00:01                           ;
; Total                     ; 00:01:51     ; --                      ; --                  ; 00:00:53                           ;
+---------------------------+--------------+-------------------------+---------------------+------------------------------------+


+----------------------------------------------------------------------------------------+
; Flow OS Summary                                                                        ;
+---------------------------+------------------+-----------+------------+----------------+
; Module Name               ; Machine Hostname ; OS Name   ; OS Version ; Processor type ;
+---------------------------+------------------+-----------+------------+----------------+
; Analysis & Synthesis      ; MOERJIE_PC       ; Windows 7 ; 6.2        ; x86_64         ;
; Fitter                    ; MOERJIE_PC       ; Windows 7 ; 6.2        ; x86_64         ;
; Assembler                 ; MOERJIE_PC       ; Windows 7 ; 6.2        ; x86_64         ;
; TimeQuest Timing Analyzer ; MOERJIE_PC       ; Windows 7 ; 6.2        ; x86_64         ;
; Analysis & Synthesis      ; MOERJIE_PC       ; Windows 7 ; 6.2        ; x86_64         ;
; Partition Merge           ; MOERJIE_PC       ; Windows 7 ; 6.2        ; x86_64         ;
; Fitter                    ; MOERJIE_PC       ; Windows 7 ; 6.2        ; x86_64         ;
; Assembler                 ; MOERJIE_PC       ; Windows 7 ; 6.2        ; x86_64         ;
; TimeQuest Timing Analyzer ; MOERJIE_PC       ; Windows 7 ; 6.2        ; x86_64         ;
; Analysis & Synthesis      ; MOERJIE_PC       ; Windows 7 ; 6.2        ; x86_64         ;
; Partition Merge           ; MOERJIE_PC       ; Windows 7 ; 6.2        ; x86_64         ;
; Fitter                    ; MOERJIE_PC       ; Windows 7 ; 6.2        ; x86_64         ;
; Assembler                 ; MOERJIE_PC       ; Windows 7 ; 6.2        ; x86_64         ;
; TimeQuest Timing Analyzer ; MOERJIE_PC       ; Windows 7 ; 6.2        ; x86_64         ;
; Analysis & Synthesis      ; MOERJIE_PC       ; Windows 7 ; 6.2        ; x86_64         ;
; Partition Merge           ; MOERJIE_PC       ; Windows 7 ; 6.2        ; x86_64         ;
; Fitter                    ; MOERJIE_PC       ; Windows 7 ; 6.2        ; x86_64         ;
; Assembler                 ; MOERJIE_PC       ; Windows 7 ; 6.2        ; x86_64         ;
; TimeQuest Timing Analyzer ; MOERJIE_PC       ; Windows 7 ; 6.2        ; x86_64         ;
+---------------------------+------------------+-----------+------------+----------------+


------------
; Flow Log ;
------------
quartus_map --read_settings_files=on --write_settings_files=off NCO_quartus -c NCO_quartus
quartus_fit --read_settings_files=off --write_settings_files=off NCO_quartus -c NCO_quartus
quartus_asm --read_settings_files=off --write_settings_files=off NCO_quartus -c NCO_quartus
quartus_sta NCO_quartus -c NCO_quartus
quartus_eda --read_settings_files=on --write_settings_files=off NCO_quartus -c NCO_quartus
quartus_map --read_settings_files=on --write_settings_files=off NCO_quartus -c NCO_quartus
quartus_cdb --read_settings_files=off --write_settings_files=off NCO_quartus -c NCO_quartus --merge=on
quartus_fit --read_settings_files=off --write_settings_files=off NCO_quartus -c NCO_quartus
quartus_asm --read_settings_files=off --write_settings_files=off NCO_quartus -c NCO_quartus
quartus_sta NCO_quartus -c NCO_quartus
quartus_eda --read_settings_files=on --write_settings_files=off NCO_quartus -c NCO_quartus
quartus_map --read_settings_files=on --write_settings_files=off NCO_quartus -c NCO_quartus
quartus_cdb --read_settings_files=off --write_settings_files=off NCO_quartus -c NCO_quartus --merge=on
quartus_fit --read_settings_files=off --write_settings_files=off NCO_quartus -c NCO_quartus
quartus_asm --read_settings_files=off --write_settings_files=off NCO_quartus -c NCO_quartus
quartus_sta NCO_quartus -c NCO_quartus
quartus_map --read_settings_files=on --write_settings_files=off NCO_quartus -c NCO_quartus
quartus_cdb --read_settings_files=off --write_settings_files=off NCO_quartus -c NCO_quartus --merge=on
quartus_fit --read_settings_files=off --write_settings_files=off NCO_quartus -c NCO_quartus
quartus_asm --read_settings_files=off --write_settings_files=off NCO_quartus -c NCO_quartus
quartus_sta NCO_quartus -c NCO_quartus



