Assembler report for start_lab
Sat Nov 16 13:35:42 2013
Quartus II Version 7.2 Build 207 03/18/2008 Service Pack 3 SJ Full Version


---------------------
; Table of Contents ;
---------------------
  1. Legal Notice
  2. Assembler Summary
  3. Assembler Settings
  4. Assembler Generated Files
  5. Assembler Device Options: D:/ECDAV_course/EDU_LAB/FPGA_LAB/fpga_start_lab/lab6/project_q72/start_lab.sof
  6. Assembler Device Options: D:/ECDAV_course/EDU_LAB/FPGA_LAB/fpga_start_lab/lab6/project_q72/start_lab.pof
  7. Assembler Messages



----------------
; Legal Notice ;
----------------
Copyright (C) 1991-2007 Altera Corporation
Your use of Altera Corporation's design tools, logic functions 
and other software and tools, and its AMPP partner logic 
functions, and any output files from any of the foregoing 
(including device programming or simulation files), and any 
associated documentation or information are expressly subject 
to the terms and conditions of the Altera Program License 
Subscription Agreement, Altera MegaCore Function License 
Agreement, or other applicable license agreement, including, 
without limitation, that your use is for the sole purpose of 
programming logic devices manufactured by Altera and sold by 
Altera or its authorized distributors.  Please refer to the 
applicable agreement for further details.



+---------------------------------------------------------------+
; Assembler Summary                                             ;
+-----------------------+---------------------------------------+
; Assembler Status      ; Successful - Sat Nov 16 13:35:42 2013 ;
; Revision Name         ; start_lab                             ;
; Top-level Entity Name ; start_lab                             ;
; Family                ; Cyclone III                           ;
; Device                ; EP3C16F484C6                          ;
+-----------------------+---------------------------------------+


+--------------------------------------------------------------------------------------------------------+
; Assembler Settings                                                                                     ;
+-----------------------------------------------------------------------------+----------+---------------+
; Option                                                                      ; Setting  ; Default Value ;
+-----------------------------------------------------------------------------+----------+---------------+
; Use smart compilation                                                       ; Off      ; Off           ;
; Maximum processors allowed for parallel compilation                         ; 1        ; 1             ;
; Generate compressed bitstreams                                              ; On       ; On            ;
; Compression mode                                                            ; Off      ; Off           ;
; Clock source for configuration device                                       ; Internal ; Internal      ;
; Clock frequency of the configuration device                                 ; 10 MHZ   ; 10 MHz        ;
; Divide clock frequency by                                                   ; 1        ; 1             ;
; JTAG user code for target device                                            ; Ffffffff ; Ffffffff      ;
; Auto user code                                                              ; Off      ; Off           ;
; Configuration device                                                        ; Auto     ; Auto          ;
; JTAG user code for configuration device                                     ; Ffffffff ; Ffffffff      ;
; Configuration device auto user code                                         ; Off      ; Off           ;
; Generate Tabular Text File (.ttf) For Target Device                         ; Off      ; Off           ;
; Generate Raw Binary File (.rbf) For Target Device                           ; Off      ; Off           ;
; Generate Hexadecimal (Intel-Format) Output File (.hexout) for Target Device ; Off      ; Off           ;
; Hexadecimal Output File start address                                       ; 0        ; 0             ;
; Hexadecimal Output File count direction                                     ; Up       ; Up            ;
; Release clears before tri-states                                            ; Off      ; Off           ;
; Auto-restart configuration after error                                      ; On       ; On            ;
; Enable OCT_DONE                                                             ; Off      ; Off           ;
+-----------------------------------------------------------------------------+----------+---------------+


+--------------------------------------------------------------------------------+
; Assembler Generated Files                                                      ;
+--------------------------------------------------------------------------------+
; File Name                                                                      ;
+--------------------------------------------------------------------------------+
; D:/ECDAV_course/EDU_LAB/FPGA_LAB/fpga_start_lab/lab6/project_q72/start_lab.sof ;
; D:/ECDAV_course/EDU_LAB/FPGA_LAB/fpga_start_lab/lab6/project_q72/start_lab.pof ;
+--------------------------------------------------------------------------------+


+----------------------------------------------------------------------------------------------------------+
; Assembler Device Options: D:/ECDAV_course/EDU_LAB/FPGA_LAB/fpga_start_lab/lab6/project_q72/start_lab.sof ;
+----------------+-----------------------------------------------------------------------------------------+
; Option         ; Setting                                                                                 ;
+----------------+-----------------------------------------------------------------------------------------+
; Device         ; EP3C16F484C6                                                                            ;
; JTAG usercode  ; 0xFFFFFFFF                                                                              ;
; Checksum       ; 0x00129BF8                                                                              ;
+----------------+-----------------------------------------------------------------------------------------+


+----------------------------------------------------------------------------------------------------------+
; Assembler Device Options: D:/ECDAV_course/EDU_LAB/FPGA_LAB/fpga_start_lab/lab6/project_q72/start_lab.pof ;
+--------------------+-------------------------------------------------------------------------------------+
; Option             ; Setting                                                                             ;
+--------------------+-------------------------------------------------------------------------------------+
; Device             ; EPCS4                                                                               ;
; JTAG usercode      ; 0x00000000                                                                          ;
; Checksum           ; 0x05CE0558                                                                          ;
; Compression Ratio  ; 3                                                                                   ;
+--------------------+-------------------------------------------------------------------------------------+


+--------------------+
; Assembler Messages ;
+--------------------+
Info: *******************************************************************
Info: Running Quartus II Assembler
    Info: Version 7.2 Build 207 03/18/2008 Service Pack 3 SJ Full Version
    Info: Processing started: Sat Nov 16 13:35:40 2013
Info: Command: quartus_asm --read_settings_files=off --write_settings_files=off start_lab -c start_lab
Info: Writing out detailed assembly data for power analysis
Info: Assembler is generating device programming files
Info: Quartus II Assembler was successful. 0 errors, 0 warnings
    Info: Allocated 201 megabytes of memory during processing
    Info: Processing ended: Sat Nov 16 13:35:42 2013
    Info: Elapsed time: 00:00:02


