Flow report for start_lab
Sat Nov 16 13:35:45 2013
Quartus II Version 7.2 Build 207 03/18/2008 Service Pack 3 SJ Full Version


---------------------
; Table of Contents ;
---------------------
  1. Legal Notice
  2. Flow Summary
  3. Flow Settings
  4. Flow Non-Default Global Settings
  5. Flow Elapsed Time
  6. Flow Log



----------------
; Legal Notice ;
----------------
Copyright (C) 1991-2007 Altera Corporation
Your use of Altera Corporation's design tools, logic functions 
and other software and tools, and its AMPP partner logic 
functions, and any output files from any of the foregoing 
(including device programming or simulation files), and any 
associated documentation or information are expressly subject 
to the terms and conditions of the Altera Program License 
Subscription Agreement, Altera MegaCore Function License 
Agreement, or other applicable license agreement, including, 
without limitation, that your use is for the sole purpose of 
programming logic devices manufactured by Altera and sold by 
Altera or its authorized distributors.  Please refer to the 
applicable agreement for further details.



+------------------------------------------------------------------------------------+
; Flow Summary                                                                       ;
+------------------------------------+-----------------------------------------------+
; Flow Status                        ; Successful - Sat Nov 16 13:35:42 2013         ;
; Quartus II Version                 ; 7.2 Build 207 03/18/2008 SP 3 SJ Full Version ;
; Revision Name                      ; start_lab                                     ;
; Top-level Entity Name              ; start_lab                                     ;
; Family                             ; Cyclone III                                   ;
; Device                             ; EP3C16F484C6                                  ;
; Timing Models                      ; Preliminary                                   ;
; Met timing requirements            ; N/A                                           ;
; Total logic elements               ; 691 / 15,408 ( 4 % )                          ;
;     Total combinational functions  ; 404 / 15,408 ( 3 % )                          ;
;     Dedicated logic registers      ; 556 / 15,408 ( 4 % )                          ;
; Total registers                    ; 556                                           ;
; Total pins                         ; 27 / 347 ( 8 % )                              ;
; Total virtual pins                 ; 23                                            ;
; Total memory bits                  ; 12,288 / 516,096 ( 2 % )                      ;
; Embedded Multiplier 9-bit elements ; 0 / 112 ( 0 % )                               ;
; Total PLLs                         ; 0 / 4 ( 0 % )                                 ;
+------------------------------------+-----------------------------------------------+


+-----------------------------------------+
; Flow Settings                           ;
+-------------------+---------------------+
; Option            ; Setting             ;
+-------------------+---------------------+
; Start date & time ; 11/16/2013 13:35:30 ;
; Main task         ; Compilation         ;
; Revision Name     ; start_lab           ;
+-------------------+---------------------+


+----------------------------------------------------------------------------------------------------------------------------------------------------------------------------------------------------+
; Flow Non-Default Global Settings                                                                                                                                                                   ;
+------------------------------------+--------------------------------------------------------------------------------------------------------------+---------------+-------------+------------------+
; Assignment Name                    ; Value                                                                                                        ; Default Value ; Entity Name ; Section Id       ;
+------------------------------------+--------------------------------------------------------------------------------------------------------------+---------------+-------------+------------------+
; ENABLE_ADVANCED_IO_TIMING          ; On                                                                                                           ; --            ; --          ; --               ;
; ENABLE_SIGNALTAP                   ; On                                                                                                           ; --            ; --          ; --               ;
; PARTITION_COLOR                    ; 2147039                                                                                                      ; --            ; --          ; Top              ;
; PARTITION_NETLIST_TYPE             ; SOURCE                                                                                                       ; --            ; --          ; Top              ;
; SLD_NODE_CREATOR_ID                ; 110                                                                                                          ; --            ; --          ; auto_signaltap_0 ;
; SLD_NODE_ENTITY_NAME               ; sld_signaltap                                                                                                ; --            ; --          ; auto_signaltap_0 ;
; SLD_NODE_PARAMETER_ASSIGNMENT      ; SLD_NODE_INFO=805334528                                                                                      ; --            ; --          ; auto_signaltap_0 ;
; SLD_NODE_PARAMETER_ASSIGNMENT      ; SLD_POWER_UP_TRIGGER=0                                                                                       ; --            ; --          ; auto_signaltap_0 ;
; SLD_NODE_PARAMETER_ASSIGNMENT      ; SLD_STATE_FLOW_USE_GENERATED=0                                                                               ; --            ; --          ; auto_signaltap_0 ;
; SLD_NODE_PARAMETER_ASSIGNMENT      ; SLD_STATE_BITS=11                                                                                            ; --            ; --          ; auto_signaltap_0 ;
; SLD_NODE_PARAMETER_ASSIGNMENT      ; SLD_BUFFER_FULL_STOP=1                                                                                       ; --            ; --          ; auto_signaltap_0 ;
; SLD_NODE_PARAMETER_ASSIGNMENT      ; SLD_CURRENT_RESOURCE_WIDTH=1                                                                                 ; --            ; --          ; auto_signaltap_0 ;
; SLD_NODE_PARAMETER_ASSIGNMENT      ; SLD_TRIGGER_LEVEL=1                                                                                          ; --            ; --          ; auto_signaltap_0 ;
; SLD_NODE_PARAMETER_ASSIGNMENT      ; SLD_TRIGGER_IN_ENABLED=0                                                                                     ; --            ; --          ; auto_signaltap_0 ;
; SLD_NODE_PARAMETER_ASSIGNMENT      ; SLD_ADVANCED_TRIGGER_ENTITY=basic,1,                                                                         ; --            ; --          ; auto_signaltap_0 ;
; SLD_NODE_PARAMETER_ASSIGNMENT      ; SLD_TRIGGER_LEVEL_PIPELINE=1                                                                                 ; --            ; --          ; auto_signaltap_0 ;
; SLD_NODE_PARAMETER_ASSIGNMENT      ; SLD_ENABLE_ADVANCED_TRIGGER=0                                                                                ; --            ; --          ; auto_signaltap_0 ;
; SLD_NODE_PARAMETER_ASSIGNMENT      ; SLD_DATA_BITS=22                                                                                             ; --            ; --          ; auto_signaltap_0 ;
; SLD_NODE_PARAMETER_ASSIGNMENT      ; SLD_TRIGGER_BITS=22                                                                                          ; --            ; --          ; auto_signaltap_0 ;
; SLD_NODE_PARAMETER_ASSIGNMENT      ; SLD_NODE_CRC_LOWORD=57993                                                                                    ; --            ; --          ; auto_signaltap_0 ;
; SLD_NODE_PARAMETER_ASSIGNMENT      ; SLD_INVERSION_MASK=00000000000000000000000000000000000000000000000000000000000000000000000000000000000000000 ; --            ; --          ; auto_signaltap_0 ;
; SLD_NODE_PARAMETER_ASSIGNMENT      ; SLD_INVERSION_MASK_LENGTH=89                                                                                 ; --            ; --          ; auto_signaltap_0 ;
; SLD_NODE_PARAMETER_ASSIGNMENT      ; SLD_SEGMENT_SIZE=512                                                                                         ; --            ; --          ; auto_signaltap_0 ;
; SLD_NODE_PARAMETER_ASSIGNMENT      ; SLD_NODE_CRC_HIWORD=63022                                                                                    ; --            ; --          ; auto_signaltap_0 ;
; SLD_NODE_PARAMETER_ASSIGNMENT      ; SLD_SAMPLE_DEPTH=512                                                                                         ; --            ; --          ; auto_signaltap_0 ;
; USE_GENERATED_PHYSICAL_CONSTRAINTS ; Off                                                                                                          ; --            ; --          ; eda_palace       ;
; USE_SIGNALTAP_FILE                 ; stp1.stp                                                                                                     ; --            ; --          ; --               ;
+------------------------------------+--------------------------------------------------------------------------------------------------------------+---------------+-------------+------------------+


+--------------------------------------------------------------------+
; Flow Elapsed Time                                                  ;
+---------------------------+--------------+-------------------------+
; Module Name               ; Elapsed Time ; Average Processors Used ;
+---------------------------+--------------+-------------------------+
; Analysis & Synthesis      ; 00:00:03     ; 1.0                     ;
; Fitter                    ; 00:00:04     ; 1.0                     ;
; Assembler                 ; 00:00:02     ; 1.0                     ;
; TimeQuest Timing Analyzer ; 00:00:02     ; 1.0                     ;
; Total                     ; 00:00:11     ; --                      ;
+---------------------------+--------------+-------------------------+


------------
; Flow Log ;
------------
quartus_map --read_settings_files=on --write_settings_files=off start_lab -c start_lab
quartus_fit --read_settings_files=off --write_settings_files=off start_lab -c start_lab
quartus_asm --read_settings_files=off --write_settings_files=off start_lab -c start_lab
quartus_sta start_lab -c start_lab



