Flow report for 8_encoder
Tue Aug 22 19:23:50 2023
Quartus II 64-Bit Version 13.1.0 Build 162 10/23/2013 SJ Full Version


---------------------
; Table of Contents ;
---------------------
  1. Legal Notice
  2. Flow Summary
  3. Flow Settings
  4. Flow Non-Default Global Settings
  5. Flow Elapsed Time
  6. Flow OS Summary
  7. Flow Log
  8. Flow Messages
  9. Flow Suppressed Messages



----------------
; Legal Notice ;
----------------
Copyright (C) 1991-2013 Altera Corporation
Your use of Altera Corporation's design tools, logic functions 
and other software and tools, and its AMPP partner logic 
functions, and any output files from any of the foregoing 
(including device programming or simulation files), and any 
associated documentation or information are expressly subject 
to the terms and conditions of the Altera Program License 
Subscription Agreement, Altera MegaCore Function License 
Agreement, or other applicable license agreement, including, 
without limitation, that your use is for the sole purpose of 
programming logic devices manufactured by Altera and sold by 
Altera or its authorized distributors.  Please refer to the 
applicable agreement for further details.



+----------------------------------------------------------------------------------+
; Flow Summary                                                                     ;
+------------------------------------+---------------------------------------------+
; Flow Status                        ; Successful - Tue Aug 22 19:23:50 2023       ;
; Quartus II 64-Bit Version          ; 13.1.0 Build 162 10/23/2013 SJ Full Version ;
; Revision Name                      ; 8_encoder                                   ;
; Top-level Entity Name              ; encoder8                                    ;
; Family                             ; Cyclone III                                 ;
; Device                             ; EP3C16F484C6                                ;
; Timing Models                      ; Final                                       ;
; Total logic elements               ; 10 / 15,408 ( < 1 % )                       ;
;     Total combinational functions  ; 10 / 15,408 ( < 1 % )                       ;
;     Dedicated logic registers      ; 0 / 15,408 ( 0 % )                          ;
; Total registers                    ; 0                                           ;
; Total pins                         ; 12 / 347 ( 3 % )                            ;
; Total virtual pins                 ; 0                                           ;
; Total memory bits                  ; 0 / 516,096 ( 0 % )                         ;
; Embedded Multiplier 9-bit elements ; 0 / 112 ( 0 % )                             ;
; Total PLLs                         ; 0 / 4 ( 0 % )                               ;
+------------------------------------+---------------------------------------------+


+-----------------------------------------+
; Flow Settings                           ;
+-------------------+---------------------+
; Option            ; Setting             ;
+-------------------+---------------------+
; Start date & time ; 08/22/2023 19:21:04 ;
; Main task         ; Compilation         ;
; Revision Name     ; 8_encoder           ;
+-------------------+---------------------+


+----------------------------------------------------------------------------------------------------------------------+
; Flow Non-Default Global Settings                                                                                     ;
+-------------------------------------+---------------------------------+---------------+-------------+----------------+
; Assignment Name                     ; Value                           ; Default Value ; Entity Name ; Section Id     ;
+-------------------------------------+---------------------------------+---------------+-------------+----------------+
; COMPILER_SIGNATURE_ID               ; 158527627674065.169270326412944 ; --            ; --          ; --             ;
; EDA_OUTPUT_DATA_FORMAT              ; Verilog Hdl                     ; --            ; --          ; eda_simulation ;
; EDA_SIMULATION_TOOL                 ; ModelSim (Verilog)              ; <None>        ; --          ; --             ;
; EDA_TIME_SCALE                      ; 1 ps                            ; --            ; --          ; eda_simulation ;
; MAX_CORE_JUNCTION_TEMP              ; 85                              ; --            ; --          ; --             ;
; MIN_CORE_JUNCTION_TEMP              ; 0                               ; --            ; --          ; --             ;
; NOMINAL_CORE_SUPPLY_VOLTAGE         ; 1.2V                            ; --            ; --          ; --             ;
; PARTITION_COLOR                     ; 16764057                        ; --            ; encoder8    ; Top            ;
; PARTITION_FITTER_PRESERVATION_LEVEL ; PLACEMENT_AND_ROUTING           ; --            ; encoder8    ; Top            ;
; PARTITION_NETLIST_TYPE              ; SOURCE                          ; --            ; encoder8    ; Top            ;
; PROJECT_OUTPUT_DIRECTORY            ; output_files                    ; --            ; --          ; --             ;
; TOP_LEVEL_ENTITY                    ; encoder8                        ; 8_encoder     ; --          ; --             ;
+-------------------------------------+---------------------------------+---------------+-------------+----------------+


+-------------------------------------------------------------------------------------------------------------------------------+
; Flow Elapsed Time                                                                                                             ;
+---------------------------+--------------+-------------------------+---------------------+------------------------------------+
; Module Name               ; Elapsed Time ; Average Processors Used ; Peak Virtual Memory ; Total CPU Time (on all processors) ;
+---------------------------+--------------+-------------------------+---------------------+------------------------------------+
; Analysis & Synthesis      ; 00:00:01     ; 1.0                     ; 4671 MB             ; 00:00:01                           ;
; Fitter                    ; 00:00:03     ; 1.0                     ; 5535 MB             ; 00:00:02                           ;
; Assembler                 ; 00:00:01     ; 1.0                     ; 4603 MB             ; 00:00:01                           ;
; TimeQuest Timing Analyzer ; 00:00:01     ; 1.0                     ; 4716 MB             ; 00:00:01                           ;
; EDA Netlist Writer        ; 00:00:00     ; 1.0                     ; 4554 MB             ; 00:00:00                           ;
; EDA Netlist Writer        ; 00:00:01     ; 1.0                     ; 4566 MB             ; 00:00:00                           ;
; EDA Netlist Writer        ; 00:00:01     ; 1.0                     ; 4566 MB             ; 00:00:00                           ;
; EDA Netlist Writer        ; 00:00:00     ; 1.0                     ; 4566 MB             ; 00:00:00                           ;
; EDA Netlist Writer        ; 00:00:00     ; 1.0                     ; 4566 MB             ; 00:00:00                           ;
; Total                     ; 00:00:08     ; --                      ; --                  ; 00:00:05                           ;
+---------------------------+--------------+-------------------------+---------------------+------------------------------------+


+----------------------------------------------------------------------------------------+
; Flow OS Summary                                                                        ;
+---------------------------+------------------+-----------+------------+----------------+
; Module Name               ; Machine Hostname ; OS Name   ; OS Version ; Processor type ;
+---------------------------+------------------+-----------+------------+----------------+
; Analysis & Synthesis      ; MOERJIE_PC       ; Windows 7 ; 6.1        ; x86_64         ;
; Fitter                    ; MOERJIE_PC       ; Windows 7 ; 6.1        ; x86_64         ;
; Assembler                 ; MOERJIE_PC       ; Windows 7 ; 6.1        ; x86_64         ;
; TimeQuest Timing Analyzer ; MOERJIE_PC       ; Windows 7 ; 6.1        ; x86_64         ;
; EDA Netlist Writer        ; MOERJIE_PC       ; Windows 7 ; 6.1        ; x86_64         ;
; EDA Netlist Writer        ; MOERJIE_PC       ; Windows 7 ; 6.1        ; x86_64         ;
; EDA Netlist Writer        ; MOERJIE_PC       ; Windows 7 ; 6.1        ; x86_64         ;
; EDA Netlist Writer        ; MOERJIE_PC       ; Windows 7 ; 6.1        ; x86_64         ;
; EDA Netlist Writer        ; MOERJIE_PC       ; Windows 7 ; 6.1        ; x86_64         ;
+---------------------------+------------------+-----------+------------+----------------+


------------
; Flow Log ;
------------
quartus_map --read_settings_files=on --write_settings_files=off 8_encoder -c 8_encoder
quartus_fit --read_settings_files=off --write_settings_files=off 8_encoder -c 8_encoder
quartus_asm --read_settings_files=off --write_settings_files=off 8_encoder -c 8_encoder
quartus_sta 8_encoder -c 8_encoder
quartus_eda --read_settings_files=off --write_settings_files=off 8_encoder -c 8_encoder
quartus_eda --gen_testbench --check_outputs=on --tool=modelsim_oem --format=verilog 8_encoder -c 8_encoder --vector_source=F:/APP_Download/Quartus_13/Project/RTL/priority_encoder/Waveform.vwf --testbench_file=F:/APP_Download/Quartus_13/Project/RTL/priority_encoder/simulation/qsim/Waveform.vwf.vt
quartus_eda --functional=on --flatten_buses=off --simulation=on --tool=modelsim_oem --format=verilog --output_directory=F:/APP_Download/Quartus_13/Project/RTL/priority_encoder/simulation/qsim/ 8_encoder -c 8_encoder
quartus_eda --gen_testbench --check_outputs=on --tool=modelsim_oem --format=verilog 8_encoder -c 8_encoder --vector_source=F:/APP_Download/Quartus_13/Project/RTL/priority_encoder/Waveform.vwf --testbench_file=F:/APP_Download/Quartus_13/Project/RTL/priority_encoder/simulation/qsim/Waveform.vwf.vt
quartus_eda --functional=on --flatten_buses=off --simulation=on --tool=modelsim_oem --format=verilog --output_directory=F:/APP_Download/Quartus_13/Project/RTL/priority_encoder/simulation/qsim/ 8_encoder -c 8_encoder



