Task "Perform Logic Synthesis" successful.
Generated logfile: 
Info: *******************************************************************
Info: Running Quartus II 32-bit TimeQuest Timing Analyzer
    Info: Version 13.1.0 Build 162 10/23/2013 SJ Full Version
    Info: Copyright (C) 1991-2013 Altera Corporation. All rights reserved.
    Info: Your use of Altera Corporation's design tools, logic functions 
    Info: and other software and tools, and its AMPP partner logic 
    Info: functions, and any output files from any of the foregoing 
    Info: (including device programming or simulation files), and any 
    Info: associated documentation or information are expressly subject 
    Info: to the terms and conditions of the Altera Program License 
    Info: Subscription Agreement, Altera MegaCore Function License 
    Info: Agreement, or other applicable license agreement, including, 
    Info: without limitation, that your use is for the sole purpose of 
    Info: programming logic devices manufactured by Altera and sold by 
    Info: Altera or its authorized distributors.  Please refer to the 
    Info: applicable agreement for further details.
    Info: Processing started: Mon Sep 18 13:13:05 2023
Info: Command: quartus_sta -t NCO_Altera_QUARTUS_II_run.tcl
### Open existing Altera QUARTUS II 13.1.0 project F:\Git_Repository\FPGA_myself\DDS\DDS_4\quartus_prj\NCO_quartus.qpf
### Running Synthesis in Altera QUARTUS II 13.1.0 ...
Info: *******************************************************************
Info: Running Quartus II 32-bit Analysis & Synthesis
    Info: Version 13.1.0 Build 162 10/23/2013 SJ Full Version
    Info: Processing started: Mon Sep 18 13:13:07 2023
Info: Command: quartus_map --read_settings_files=on --write_settings_files=off NCO_quartus -c NCO_quartus
Info (11104): Parallel Compilation has detected 12 hyper-threaded processors. However, the extra hyper-threaded processors will not be used by default. Parallel Compilation will use 6 of the 6 physical processors detected instead.
Info (12021): Found 1 design units, including 1 entities, in source file /git_repository/fpga_myself/dds/dds_4/hdlsrc/nco/filtercoef.v
    Info (12023): Found entity 1: FilterCoef
Info (12021): Found 1 design units, including 1 entities, in source file /git_repository/fpga_myself/dds/dds_4/hdlsrc/nco/filtertapsystolicpreaddwvlin.v
    Info (12023): Found entity 1: FilterTapSystolicPreAddWvlIn
Info (12021): Found 1 design units, including 1 entities, in source file /git_repository/fpga_myself/dds/dds_4/hdlsrc/nco/subfilter.v
    Info (12023): Found entity 1: subFilter
Info (12021): Found 1 design units, including 1 entities, in source file /git_repository/fpga_myself/dds/dds_4/hdlsrc/nco/filter.v
    Info (12023): Found entity 1: Filter
Info (12021): Found 1 design units, including 1 entities, in source file /git_repository/fpga_myself/dds/dds_4/hdlsrc/nco/discrete_fir_filter.v
    Info (12023): Found entity 1: Discrete_FIR_Filter
Info (12021): Found 1 design units, including 1 entities, in source file /git_repository/fpga_myself/dds/dds_4/hdlsrc/nco/dithergen.v
    Info (12023): Found entity 1: DitherGen
Info (12021): Found 1 design units, including 1 entities, in source file /git_repository/fpga_myself/dds/dds_4/hdlsrc/nco/lookuptablegen.v
    Info (12023): Found entity 1: LookUpTableGen
Info (12021): Found 1 design units, including 1 entities, in source file /git_repository/fpga_myself/dds/dds_4/hdlsrc/nco/waveformgen.v
    Info (12023): Found entity 1: WaveformGen
Info (12021): Found 1 design units, including 1 entities, in source file /git_repository/fpga_myself/dds/dds_4/hdlsrc/nco/nco_block.v
    Info (12023): Found entity 1: NCO_block
Info (12021): Found 1 design units, including 1 entities, in source file /git_repository/fpga_myself/dds/dds_4/hdlsrc/nco/subsystem.v
    Info (12023): Found entity 1: Subsystem
Info (12021): Found 1 design units, including 1 entities, in source file /git_repository/fpga_myself/dds/dds_4/hdlsrc/nco/nco.v
    Info (12023): Found entity 1: NCO
Info (12127): Elaborating entity "NCO" for the top level hierarchy
Info (12128): Elaborating entity "Subsystem" for hierarchy "Subsystem:u_Subsystem"
Info (12128): Elaborating entity "NCO_block" for hierarchy "Subsystem:u_Subsystem|NCO_block:u_NCO"
Info (12128): Elaborating entity "DitherGen" for hierarchy "Subsystem:u_Subsystem|NCO_block:u_NCO|DitherGen:u_dither_inst"
Info (12128): Elaborating entity "WaveformGen" for hierarchy "Subsystem:u_Subsystem|NCO_block:u_NCO|WaveformGen:u_Wave_inst"
Info (12128): Elaborating entity "LookUpTableGen" for hierarchy "Subsystem:u_Subsystem|NCO_block:u_NCO|WaveformGen:u_Wave_inst|LookUpTableGen:u_SineWave_inst"
Info (12128): Elaborating entity "Discrete_FIR_Filter" for hierarchy "Subsystem:u_Subsystem|Discrete_FIR_Filter:u_Discrete_FIR_Filter"
Info (12128): Elaborating entity "Filter" for hierarchy "Subsystem:u_Subsystem|Discrete_FIR_Filter:u_Discrete_FIR_Filter|Filter:u_FilterBank"
Info (12128): Elaborating entity "FilterCoef" for hierarchy "Subsystem:u_Subsystem|Discrete_FIR_Filter:u_Discrete_FIR_Filter|Filter:u_FilterBank|FilterCoef:u_CoefTable_1"
Info (12128): Elaborating entity "subFilter" for hierarchy "Subsystem:u_Subsystem|Discrete_FIR_Filter:u_Discrete_FIR_Filter|Filter:u_FilterBank|subFilter:u_subFilter_1_re"
Info (12128): Elaborating entity "FilterTapSystolicPreAddWvlIn" for hierarchy "Subsystem:u_Subsystem|Discrete_FIR_Filter:u_Discrete_FIR_Filter|Filter:u_FilterBank|subFilter:u_subFilter_1_re|FilterTapSystolicPreAddWvlIn:u_FilterTap_1"
Info (19000): Inferred 1 megafunctions from design logic
    Info (276031): Inferred altsyncram megafunction from the following design logic: "Subsystem:u_Subsystem|NCO_block:u_NCO|WaveformGen:u_Wave_inst|LookUpTableGen:u_SineWave_inst|Mux6_rtl_0"
        Info (286033): Parameter OPERATION_MODE set to ROM
        Info (286033): Parameter WIDTH_A set to 7
        Info (286033): Parameter WIDTHAD_A set to 10
        Info (286033): Parameter NUMWORDS_A set to 1024
        Info (286033): Parameter OUTDATA_REG_A set to UNREGISTERED
        Info (286033): Parameter RAM_BLOCK_TYPE set to AUTO
        Info (286033): Parameter INIT_FILE set to NCO_quartus.NCO0.rtl.mif
Info (278001): Inferred 24 megafunctions from design logic
    Info (278003): Inferred multiplier megafunction ("lpm_mult") from the following logic: "Subsystem:u_Subsystem|Discrete_FIR_Filter:u_Discrete_FIR_Filter|Filter:u_FilterBank|subFilter:u_subFilter_1_re|FilterTapSystolicPreAddWvlIn:u_FilterTap_40|Mult0"
    Info (278003): Inferred multiplier megafunction ("lpm_mult") from the following logic: "Subsystem:u_Subsystem|Discrete_FIR_Filter:u_Discrete_FIR_Filter|Filter:u_FilterBank|subFilter:u_subFilter_1_re|FilterTapSystolicPreAddWvlIn:u_FilterTap_39|Mult0"
    Info (278003): Inferred multiplier megafunction ("lpm_mult") from the following logic: "Subsystem:u_Subsystem|Discrete_FIR_Filter:u_Discrete_FIR_Filter|Filter:u_FilterBank|subFilter:u_subFilter_1_re|FilterTapSystolicPreAddWvlIn:u_FilterTap_38|Mult0"
    Info (278003): Inferred multiplier megafunction ("lpm_mult") from the following logic: "Subsystem:u_Subsystem|Discrete_FIR_Filter:u_Discrete_FIR_Filter|Filter:u_FilterBank|subFilter:u_subFilter_1_re|FilterTapSystolicPreAddWvlIn:u_FilterTap_37|Mult0"
    Info (278003): Inferred multiplier megafunction ("lpm_mult") from the following logic: "Subsystem:u_Subsystem|Discrete_FIR_Filter:u_Discrete_FIR_Filter|Filter:u_FilterBank|subFilter:u_subFilter_1_re|FilterTapSystolicPreAddWvlIn:u_FilterTap_36|Mult0"
    Info (278003): Inferred multiplier megafunction ("lpm_mult") from the following logic: "Subsystem:u_Subsystem|Discrete_FIR_Filter:u_Discrete_FIR_Filter|Filter:u_FilterBank|subFilter:u_subFilter_1_re|FilterTapSystolicPreAddWvlIn:u_FilterTap_35|Mult0"
    Info (278003): Inferred multiplier megafunction ("lpm_mult") from the following logic: "Subsystem:u_Subsystem|Discrete_FIR_Filter:u_Discrete_FIR_Filter|Filter:u_FilterBank|subFilter:u_subFilter_1_re|FilterTapSystolicPreAddWvlIn:u_FilterTap_34|Mult0"
    Info (278003): Inferred multiplier megafunction ("lpm_mult") from the following logic: "Subsystem:u_Subsystem|Discrete_FIR_Filter:u_Discrete_FIR_Filter|Filter:u_FilterBank|subFilter:u_subFilter_1_re|FilterTapSystolicPreAddWvlIn:u_FilterTap_33|Mult0"
    Info (278003): Inferred multiplier megafunction ("lpm_mult") from the following logic: "Subsystem:u_Subsystem|Discrete_FIR_Filter:u_Discrete_FIR_Filter|Filter:u_FilterBank|subFilter:u_subFilter_1_re|FilterTapSystolicPreAddWvlIn:u_FilterTap_32|Mult0"
    Info (278003): Inferred multiplier megafunction ("lpm_mult") from the following logic: "Subsystem:u_Subsystem|Discrete_FIR_Filter:u_Discrete_FIR_Filter|Filter:u_FilterBank|subFilter:u_subFilter_1_re|FilterTapSystolicPreAddWvlIn:u_FilterTap_31|Mult0"
    Info (278003): Inferred multiplier megafunction ("lpm_mult") from the following logic: "Subsystem:u_Subsystem|Discrete_FIR_Filter:u_Discrete_FIR_Filter|Filter:u_FilterBank|subFilter:u_subFilter_1_re|FilterTapSystolicPreAddWvlIn:u_FilterTap_30|Mult0"
    Info (278003): Inferred multiplier megafunction ("lpm_mult") from the following logic: "Subsystem:u_Subsystem|Discrete_FIR_Filter:u_Discrete_FIR_Filter|Filter:u_FilterBank|subFilter:u_subFilter_1_re|FilterTapSystolicPreAddWvlIn:u_FilterTap_29|Mult0"
    Info (278003): Inferred multiplier megafunction ("lpm_mult") from the following logic: "Subsystem:u_Subsystem|Discrete_FIR_Filter:u_Discrete_FIR_Filter|Filter:u_FilterBank|subFilter:u_subFilter_1_re|FilterTapSystolicPreAddWvlIn:u_FilterTap_28|Mult0"
    Info (278003): Inferred multiplier megafunction ("lpm_mult") from the following logic: "Subsystem:u_Subsystem|Discrete_FIR_Filter:u_Discrete_FIR_Filter|Filter:u_FilterBank|subFilter:u_subFilter_1_re|FilterTapSystolicPreAddWvlIn:u_FilterTap_26|Mult0"
    Info (278003): Inferred multiplier megafunction ("lpm_mult") from the following logic: "Subsystem:u_Subsystem|Discrete_FIR_Filter:u_Discrete_FIR_Filter|Filter:u_FilterBank|subFilter:u_subFilter_1_re|FilterTapSystolicPreAddWvlIn:u_FilterTap_25|Mult0"
    Info (278003): Inferred multiplier megafunction ("lpm_mult") from the following logic: "Subsystem:u_Subsystem|Discrete_FIR_Filter:u_Discrete_FIR_Filter|Filter:u_FilterBank|subFilter:u_subFilter_1_re|FilterTapSystolicPreAddWvlIn:u_FilterTap_24|Mult0"
    Info (278003): Inferred multiplier megafunction ("lpm_mult") from the following logic: "Subsystem:u_Subsystem|Discrete_FIR_Filter:u_Discrete_FIR_Filter|Filter:u_FilterBank|subFilter:u_subFilter_1_re|FilterTapSystolicPreAddWvlIn:u_FilterTap_23|Mult0"
    Info (278003): Inferred multiplier megafunction ("lpm_mult") from the following logic: "Subsystem:u_Subsystem|Discrete_FIR_Filter:u_Discrete_FIR_Filter|Filter:u_FilterBank|subFilter:u_subFilter_1_re|FilterTapSystolicPreAddWvlIn:u_FilterTap_22|Mult0"
    Info (278003): Inferred multiplier megafunction ("lpm_mult") from the following logic: "Subsystem:u_Subsystem|Discrete_FIR_Filter:u_Discrete_FIR_Filter|Filter:u_FilterBank|subFilter:u_subFilter_1_re|FilterTapSystolicPreAddWvlIn:u_FilterTap_21|Mult0"
    Info (278003): Inferred multiplier megafunction ("lpm_mult") from the following logic: "Subsystem:u_Subsystem|Discrete_FIR_Filter:u_Discrete_FIR_Filter|Filter:u_FilterBank|subFilter:u_subFilter_1_re|FilterTapSystolicPreAddWvlIn:u_FilterTap_20|Mult0"
    Info (278003): Inferred multiplier megafunction ("lpm_mult") from the following logic: "Subsystem:u_Subsystem|Discrete_FIR_Filter:u_Discrete_FIR_Filter|Filter:u_FilterBank|subFilter:u_subFilter_1_re|FilterTapSystolicPreAddWvlIn:u_FilterTap_19|Mult0"
    Info (278003): Inferred multiplier megafunction ("lpm_mult") from the following logic: "Subsystem:u_Subsystem|Discrete_FIR_Filter:u_Discrete_FIR_Filter|Filter:u_FilterBank|subFilter:u_subFilter_1_re|FilterTapSystolicPreAddWvlIn:u_FilterTap_18|Mult0"
    Info (278003): Inferred multiplier megafunction ("lpm_mult") from the following logic: "Subsystem:u_Subsystem|Discrete_FIR_Filter:u_Discrete_FIR_Filter|Filter:u_FilterBank|subFilter:u_subFilter_1_re|FilterTapSystolicPreAddWvlIn:u_FilterTap_16|Mult0"
    Info (278003): Inferred multiplier megafunction ("lpm_mult") from the following logic: "Subsystem:u_Subsystem|Discrete_FIR_Filter:u_Discrete_FIR_Filter|Filter:u_FilterBank|subFilter:u_subFilter_1_re|FilterTapSystolicPreAddWvlIn:u_FilterTap_15|Mult0"
Info (12130): Elaborated megafunction instantiation "Subsystem:u_Subsystem|NCO_block:u_NCO|WaveformGen:u_Wave_inst|LookUpTableGen:u_SineWave_inst|altsyncram:Mux6_rtl_0"
Info (12133): Instantiated megafunction "Subsystem:u_Subsystem|NCO_block:u_NCO|WaveformGen:u_Wave_inst|LookUpTableGen:u_SineWave_inst|altsyncram:Mux6_rtl_0" with the following parameter:
    Info (12134): Parameter "OPERATION_MODE" = "ROM"
    Info (12134): Parameter "WIDTH_A" = "7"
    Info (12134): Parameter "WIDTHAD_A" = "10"
    Info (12134): Parameter "NUMWORDS_A" = "1024"
    Info (12134): Parameter "OUTDATA_REG_A" = "UNREGISTERED"
    Info (12134): Parameter "RAM_BLOCK_TYPE" = "AUTO"
    Info (12134): Parameter "INIT_FILE" = "NCO_quartus.NCO0.rtl.mif"
Info (12021): Found 1 design units, including 1 entities, in source file db/altsyncram_3f01.tdf
    Info (12023): Found entity 1: altsyncram_3f01
Info (12130): Elaborated megafunction instantiation "Subsystem:u_Subsystem|Discrete_FIR_Filter:u_Discrete_FIR_Filter|Filter:u_FilterBank|subFilter:u_subFilter_1_re|FilterTapSystolicPreAddWvlIn:u_FilterTap_40|lpm_mult:Mult0"
Info (12133): Instantiated megafunction "Subsystem:u_Subsystem|Discrete_FIR_Filter:u_Discrete_FIR_Filter|Filter:u_FilterBank|subFilter:u_subFilter_1_re|FilterTapSystolicPreAddWvlIn:u_FilterTap_40|lpm_mult:Mult0" with the following parameter:
    Info (12134): Parameter "LPM_WIDTHA" = "9"
    Info (12134): Parameter "LPM_WIDTHB" = "8"
    Info (12134): Parameter "LPM_WIDTHP" = "17"
    Info (12134): Parameter "LPM_WIDTHR" = "17"
    Info (12134): Parameter "LPM_WIDTHS" = "1"
    Info (12134): Parameter "LPM_REPRESENTATION" = "SIGNED"
    Info (12134): Parameter "INPUT_A_IS_CONSTANT" = "NO"
    Info (12134): Parameter "INPUT_B_IS_CONSTANT" = "NO"
    Info (12134): Parameter "MAXIMIZE_SPEED" = "5"
Info (12021): Found 1 design units, including 1 entities, in source file db/mult_02t.tdf
    Info (12023): Found entity 1: mult_02t
Info (12130): Elaborated megafunction instantiation "Subsystem:u_Subsystem|Discrete_FIR_Filter:u_Discrete_FIR_Filter|Filter:u_FilterBank|subFilter:u_subFilter_1_re|FilterTapSystolicPreAddWvlIn:u_FilterTap_39|lpm_mult:Mult0"
Info (12133): Instantiated megafunction "Subsystem:u_Subsystem|Discrete_FIR_Filter:u_Discrete_FIR_Filter|Filter:u_FilterBank|subFilter:u_subFilter_1_re|FilterTapSystolicPreAddWvlIn:u_FilterTap_39|lpm_mult:Mult0" with the following parameter:
    Info (12134): Parameter "LPM_WIDTHA" = "9"
    Info (12134): Parameter "LPM_WIDTHB" = "7"
    Info (12134): Parameter "LPM_WIDTHP" = "16"
    Info (12134): Parameter "LPM_WIDTHR" = "16"
    Info (12134): Parameter "LPM_WIDTHS" = "1"
    Info (12134): Parameter "LPM_REPRESENTATION" = "SIGNED"
    Info (12134): Parameter "INPUT_A_IS_CONSTANT" = "NO"
    Info (12134): Parameter "INPUT_B_IS_CONSTANT" = "NO"
    Info (12134): Parameter "MAXIMIZE_SPEED" = "5"
Info (12021): Found 1 design units, including 1 entities, in source file db/mult_u1t.tdf
    Info (12023): Found entity 1: mult_u1t
Info (12130): Elaborated megafunction instantiation "Subsystem:u_Subsystem|Discrete_FIR_Filter:u_Discrete_FIR_Filter|Filter:u_FilterBank|subFilter:u_subFilter_1_re|FilterTapSystolicPreAddWvlIn:u_FilterTap_38|lpm_mult:Mult0"
Info (12133): Instantiated megafunction "Subsystem:u_Subsystem|Discrete_FIR_Filter:u_Discrete_FIR_Filter|Filter:u_FilterBank|subFilter:u_subFilter_1_re|FilterTapSystolicPreAddWvlIn:u_FilterTap_38|lpm_mult:Mult0" with the following parameter:
    Info (12134): Parameter "LPM_WIDTHA" = "9"
    Info (12134): Parameter "LPM_WIDTHB" = "6"
    Info (12134): Parameter "LPM_WIDTHP" = "15"
    Info (12134): Parameter "LPM_WIDTHR" = "15"
    Info (12134): Parameter "LPM_WIDTHS" = "1"
    Info (12134): Parameter "LPM_REPRESENTATION" = "SIGNED"
    Info (12134): Parameter "INPUT_A_IS_CONSTANT" = "NO"
    Info (12134): Parameter "INPUT_B_IS_CONSTANT" = "NO"
    Info (12134): Parameter "MAXIMIZE_SPEED" = "5"
Info (12021): Found 1 design units, including 1 entities, in source file db/mult_s1t.tdf
    Info (12023): Found entity 1: mult_s1t
Info (12130): Elaborated megafunction instantiation "Subsystem:u_Subsystem|Discrete_FIR_Filter:u_Discrete_FIR_Filter|Filter:u_FilterBank|subFilter:u_subFilter_1_re|FilterTapSystolicPreAddWvlIn:u_FilterTap_37|lpm_mult:Mult0"
Info (12133): Instantiated megafunction "Subsystem:u_Subsystem|Discrete_FIR_Filter:u_Discrete_FIR_Filter|Filter:u_FilterBank|subFilter:u_subFilter_1_re|FilterTapSystolicPreAddWvlIn:u_FilterTap_37|lpm_mult:Mult0" with the following parameter:
    Info (12134): Parameter "LPM_WIDTHA" = "9"
    Info (12134): Parameter "LPM_WIDTHB" = "3"
    Info (12134): Parameter "LPM_WIDTHP" = "12"
    Info (12134): Parameter "LPM_WIDTHR" = "12"
    Info (12134): Parameter "LPM_WIDTHS" = "1"
    Info (12134): Parameter "LPM_REPRESENTATION" = "SIGNED"
    Info (12134): Parameter "INPUT_A_IS_CONSTANT" = "NO"
    Info (12134): Parameter "INPUT_B_IS_CONSTANT" = "NO"
    Info (12134): Parameter "MAXIMIZE_SPEED" = "5"
Info (12131): Elaborated megafunction instantiation "Subsystem:u_Subsystem|Discrete_FIR_Filter:u_Discrete_FIR_Filter|Filter:u_FilterBank|subFilter:u_subFilter_1_re|FilterTapSystolicPreAddWvlIn:u_FilterTap_37|lpm_mult:Mult0|multcore:mult_core", which is child of megafunction instantiation "Subsystem:u_Subsystem|Discrete_FIR_Filter:u_Discrete_FIR_Filter|Filter:u_FilterBank|subFilter:u_subFilter_1_re|FilterTapSystolicPreAddWvlIn:u_FilterTap_37|lpm_mult:Mult0"
Info (12131): Elaborated megafunction instantiation "Subsystem:u_Subsystem|Discrete_FIR_Filter:u_Discrete_FIR_Filter|Filter:u_FilterBank|subFilter:u_subFilter_1_re|FilterTapSystolicPreAddWvlIn:u_FilterTap_37|lpm_mult:Mult0|multcore:mult_core|mul_lfrg:mul_lfrg_first_mod", which is child of megafunction instantiation "Subsystem:u_Subsystem|Discrete_FIR_Filter:u_Discrete_FIR_Filter|Filter:u_FilterBank|subFilter:u_subFilter_1_re|FilterTapSystolicPreAddWvlIn:u_FilterTap_37|lpm_mult:Mult0"
Info (12131): Elaborated megafunction instantiation "Subsystem:u_Subsystem|Discrete_FIR_Filter:u_Discrete_FIR_Filter|Filter:u_FilterBank|subFilter:u_subFilter_1_re|FilterTapSystolicPreAddWvlIn:u_FilterTap_37|lpm_mult:Mult0|multcore:mult_core|mul_lfrg:mul_lfrg_last_mod", which is child of megafunction instantiation "Subsystem:u_Subsystem|Discrete_FIR_Filter:u_Discrete_FIR_Filter|Filter:u_FilterBank|subFilter:u_subFilter_1_re|FilterTapSystolicPreAddWvlIn:u_FilterTap_37|lpm_mult:Mult0"
Info (12131): Elaborated megafunction instantiation "Subsystem:u_Subsystem|Discrete_FIR_Filter:u_Discrete_FIR_Filter|Filter:u_FilterBank|subFilter:u_subFilter_1_re|FilterTapSystolicPreAddWvlIn:u_FilterTap_37|lpm_mult:Mult0|multcore:mult_core|mpar_add:padder", which is child of megafunction instantiation "Subsystem:u_Subsystem|Discrete_FIR_Filter:u_Discrete_FIR_Filter|Filter:u_FilterBank|subFilter:u_subFilter_1_re|FilterTapSystolicPreAddWvlIn:u_FilterTap_37|lpm_mult:Mult0"
Info (12131): Elaborated megafunction instantiation "Subsystem:u_Subsystem|Discrete_FIR_Filter:u_Discrete_FIR_Filter|Filter:u_FilterBank|subFilter:u_subFilter_1_re|FilterTapSystolicPreAddWvlIn:u_FilterTap_37|lpm_mult:Mult0|multcore:mult_core|mpar_add:padder|lpm_add_sub:booth_adder_right", which is child of megafunction instantiation "Subsystem:u_Subsystem|Discrete_FIR_Filter:u_Discrete_FIR_Filter|Filter:u_FilterBank|subFilter:u_subFilter_1_re|FilterTapSystolicPreAddWvlIn:u_FilterTap_37|lpm_mult:Mult0"
Info (12021): Found 1 design units, including 1 entities, in source file db/add_sub_tmf.tdf
    Info (12023): Found entity 1: add_sub_tmf
Info (12131): Elaborated megafunction instantiation "Subsystem:u_Subsystem|Discrete_FIR_Filter:u_Discrete_FIR_Filter|Filter:u_FilterBank|subFilter:u_subFilter_1_re|FilterTapSystolicPreAddWvlIn:u_FilterTap_37|lpm_mult:Mult0|multcore:mult_core|mpar_add:padder|lpm_add_sub:adder[0]", which is child of megafunction instantiation "Subsystem:u_Subsystem|Discrete_FIR_Filter:u_Discrete_FIR_Filter|Filter:u_FilterBank|subFilter:u_subFilter_1_re|FilterTapSystolicPreAddWvlIn:u_FilterTap_37|lpm_mult:Mult0"
Info (12021): Found 1 design units, including 1 entities, in source file db/add_sub_m4h.tdf
    Info (12023): Found entity 1: add_sub_m4h
Info (12131): Elaborated megafunction instantiation "Subsystem:u_Subsystem|Discrete_FIR_Filter:u_Discrete_FIR_Filter|Filter:u_FilterBank|subFilter:u_subFilter_1_re|FilterTapSystolicPreAddWvlIn:u_FilterTap_37|lpm_mult:Mult0|multcore:mult_core|mul_lfrg:$00031", which is child of megafunction instantiation "Subsystem:u_Subsystem|Discrete_FIR_Filter:u_Discrete_FIR_Filter|Filter:u_FilterBank|subFilter:u_subFilter_1_re|FilterTapSystolicPreAddWvlIn:u_FilterTap_37|lpm_mult:Mult0"
Info (12131): Elaborated megafunction instantiation "Subsystem:u_Subsystem|Discrete_FIR_Filter:u_Discrete_FIR_Filter|Filter:u_FilterBank|subFilter:u_subFilter_1_re|FilterTapSystolicPreAddWvlIn:u_FilterTap_37|lpm_mult:Mult0|multcore:mult_core|mul_lfrg:$00033", which is child of megafunction instantiation "Subsystem:u_Subsystem|Discrete_FIR_Filter:u_Discrete_FIR_Filter|Filter:u_FilterBank|subFilter:u_subFilter_1_re|FilterTapSystolicPreAddWvlIn:u_FilterTap_37|lpm_mult:Mult0"
Info (12131): Elaborated megafunction instantiation "Subsystem:u_Subsystem|Discrete_FIR_Filter:u_Discrete_FIR_Filter|Filter:u_FilterBank|subFilter:u_subFilter_1_re|FilterTapSystolicPreAddWvlIn:u_FilterTap_37|lpm_mult:Mult0|multcore:mult_core|mul_lfrg:$00035", which is child of megafunction instantiation "Subsystem:u_Subsystem|Discrete_FIR_Filter:u_Discrete_FIR_Filter|Filter:u_FilterBank|subFilter:u_subFilter_1_re|FilterTapSystolicPreAddWvlIn:u_FilterTap_37|lpm_mult:Mult0"
Info (12131): Elaborated megafunction instantiation "Subsystem:u_Subsystem|Discrete_FIR_Filter:u_Discrete_FIR_Filter|Filter:u_FilterBank|subFilter:u_subFilter_1_re|FilterTapSystolicPreAddWvlIn:u_FilterTap_37|lpm_mult:Mult0|multcore:mult_core|mul_lfrg:$00037", which is child of megafunction instantiation "Subsystem:u_Subsystem|Discrete_FIR_Filter:u_Discrete_FIR_Filter|Filter:u_FilterBank|subFilter:u_subFilter_1_re|FilterTapSystolicPreAddWvlIn:u_FilterTap_37|lpm_mult:Mult0"
Info (12131): Elaborated megafunction instantiation "Subsystem:u_Subsystem|Discrete_FIR_Filter:u_Discrete_FIR_Filter|Filter:u_FilterBank|subFilter:u_subFilter_1_re|FilterTapSystolicPreAddWvlIn:u_FilterTap_37|lpm_mult:Mult0|altshift:external_latency_ffs", which is child of megafunction instantiation "Subsystem:u_Subsystem|Discrete_FIR_Filter:u_Discrete_FIR_Filter|Filter:u_FilterBank|subFilter:u_subFilter_1_re|FilterTapSystolicPreAddWvlIn:u_FilterTap_37|lpm_mult:Mult0"
Info (12130): Elaborated megafunction instantiation "Subsystem:u_Subsystem|Discrete_FIR_Filter:u_Discrete_FIR_Filter|Filter:u_FilterBank|subFilter:u_subFilter_1_re|FilterTapSystolicPreAddWvlIn:u_FilterTap_36|lpm_mult:Mult0"
Info (12133): Instantiated megafunction "Subsystem:u_Subsystem|Discrete_FIR_Filter:u_Discrete_FIR_Filter|Filter:u_FilterBank|subFilter:u_subFilter_1_re|FilterTapSystolicPreAddWvlIn:u_FilterTap_36|lpm_mult:Mult0" with the following parameter:
    Info (12134): Parameter "LPM_WIDTHA" = "9"
    Info (12134): Parameter "LPM_WIDTHB" = "5"
    Info (12134): Parameter "LPM_WIDTHP" = "14"
    Info (12134): Parameter "LPM_WIDTHR" = "14"
    Info (12134): Parameter "LPM_WIDTHS" = "1"
    Info (12134): Parameter "LPM_REPRESENTATION" = "SIGNED"
    Info (12134): Parameter "INPUT_A_IS_CONSTANT" = "NO"
    Info (12134): Parameter "INPUT_B_IS_CONSTANT" = "NO"
    Info (12134): Parameter "MAXIMIZE_SPEED" = "5"
Info (12021): Found 1 design units, including 1 entities, in source file db/mult_q1t.tdf
    Info (12023): Found entity 1: mult_q1t
Info (12130): Elaborated megafunction instantiation "Subsystem:u_Subsystem|Discrete_FIR_Filter:u_Discrete_FIR_Filter|Filter:u_FilterBank|subFilter:u_subFilter_1_re|FilterTapSystolicPreAddWvlIn:u_FilterTap_35|lpm_mult:Mult0"
Info (12133): Instantiated megafunction "Subsystem:u_Subsystem|Discrete_FIR_Filter:u_Discrete_FIR_Filter|Filter:u_FilterBank|subFilter:u_subFilter_1_re|FilterTapSystolicPreAddWvlIn:u_FilterTap_35|lpm_mult:Mult0" with the following parameter:
    Info (12134): Parameter "LPM_WIDTHA" = "9"
    Info (12134): Parameter "LPM_WIDTHB" = "5"
    Info (12134): Parameter "LPM_WIDTHP" = "14"
    Info (12134): Parameter "LPM_WIDTHR" = "14"
    Info (12134): Parameter "LPM_WIDTHS" = "1"
    Info (12134): Parameter "LPM_REPRESENTATION" = "SIGNED"
    Info (12134): Parameter "INPUT_A_IS_CONSTANT" = "NO"
    Info (12134): Parameter "INPUT_B_IS_CONSTANT" = "NO"
    Info (12134): Parameter "MAXIMIZE_SPEED" = "5"
Info (12130): Elaborated megafunction instantiation "Subsystem:u_Subsystem|Discrete_FIR_Filter:u_Discrete_FIR_Filter|Filter:u_FilterBank|subFilter:u_subFilter_1_re|FilterTapSystolicPreAddWvlIn:u_FilterTap_34|lpm_mult:Mult0"
Info (12133): Instantiated megafunction "Subsystem:u_Subsystem|Discrete_FIR_Filter:u_Discrete_FIR_Filter|Filter:u_FilterBank|subFilter:u_subFilter_1_re|FilterTapSystolicPreAddWvlIn:u_FilterTap_34|lpm_mult:Mult0" with the following parameter:
    Info (12134): Parameter "LPM_WIDTHA" = "9"
    Info (12134): Parameter "LPM_WIDTHB" = "2"
    Info (12134): Parameter "LPM_WIDTHP" = "11"
    Info (12134): Parameter "LPM_WIDTHR" = "11"
    Info (12134): Parameter "LPM_WIDTHS" = "1"
    Info (12134): Parameter "LPM_REPRESENTATION" = "SIGNED"
    Info (12134): Parameter "INPUT_A_IS_CONSTANT" = "NO"
    Info (12134): Parameter "INPUT_B_IS_CONSTANT" = "NO"
    Info (12134): Parameter "MAXIMIZE_SPEED" = "5"
Info (12131): Elaborated megafunction instantiation "Subsystem:u_Subsystem|Discrete_FIR_Filter:u_Discrete_FIR_Filter|Filter:u_FilterBank|subFilter:u_subFilter_1_re|FilterTapSystolicPreAddWvlIn:u_FilterTap_34|lpm_mult:Mult0|multcore:mult_core", which is child of megafunction instantiation "Subsystem:u_Subsystem|Discrete_FIR_Filter:u_Discrete_FIR_Filter|Filter:u_FilterBank|subFilter:u_subFilter_1_re|FilterTapSystolicPreAddWvlIn:u_FilterTap_34|lpm_mult:Mult0"
Info (12131): Elaborated megafunction instantiation "Subsystem:u_Subsystem|Discrete_FIR_Filter:u_Discrete_FIR_Filter|Filter:u_FilterBank|subFilter:u_subFilter_1_re|FilterTapSystolicPreAddWvlIn:u_FilterTap_34|lpm_mult:Mult0|multcore:mult_core|mpar_add:padder", which is child of megafunction instantiation "Subsystem:u_Subsystem|Discrete_FIR_Filter:u_Discrete_FIR_Filter|Filter:u_FilterBank|subFilter:u_subFilter_1_re|FilterTapSystolicPreAddWvlIn:u_FilterTap_34|lpm_mult:Mult0"
Info (12131): Elaborated megafunction instantiation "Subsystem:u_Subsystem|Discrete_FIR_Filter:u_Discrete_FIR_Filter|Filter:u_FilterBank|subFilter:u_subFilter_1_re|FilterTapSystolicPreAddWvlIn:u_FilterTap_34|lpm_mult:Mult0|multcore:mult_core|mpar_add:padder|lpm_add_sub:adder[0]", which is child of megafunction instantiation "Subsystem:u_Subsystem|Discrete_FIR_Filter:u_Discrete_FIR_Filter|Filter:u_FilterBank|subFilter:u_subFilter_1_re|FilterTapSystolicPreAddWvlIn:u_FilterTap_34|lpm_mult:Mult0"
Info (12021): Found 1 design units, including 1 entities, in source file db/add_sub_ffh.tdf
    Info (12023): Found entity 1: add_sub_ffh
Info (12131): Elaborated megafunction instantiation "Subsystem:u_Subsystem|Discrete_FIR_Filter:u_Discrete_FIR_Filter|Filter:u_FilterBank|subFilter:u_subFilter_1_re|FilterTapSystolicPreAddWvlIn:u_FilterTap_34|lpm_mult:Mult0|altshift:external_latency_ffs", which is child of megafunction instantiation "Subsystem:u_Subsystem|Discrete_FIR_Filter:u_Discrete_FIR_Filter|Filter:u_FilterBank|subFilter:u_subFilter_1_re|FilterTapSystolicPreAddWvlIn:u_FilterTap_34|lpm_mult:Mult0"
Info (12130): Elaborated megafunction instantiation "Subsystem:u_Subsystem|Discrete_FIR_Filter:u_Discrete_FIR_Filter|Filter:u_FilterBank|subFilter:u_subFilter_1_re|FilterTapSystolicPreAddWvlIn:u_FilterTap_33|lpm_mult:Mult0"
Info (12133): Instantiated megafunction "Subsystem:u_Subsystem|Discrete_FIR_Filter:u_Discrete_FIR_Filter|Filter:u_FilterBank|subFilter:u_subFilter_1_re|FilterTapSystolicPreAddWvlIn:u_FilterTap_33|lpm_mult:Mult0" with the following parameter:
    Info (12134): Parameter "LPM_WIDTHA" = "9"
    Info (12134): Parameter "LPM_WIDTHB" = "4"
    Info (12134): Parameter "LPM_WIDTHP" = "13"
    Info (12134): Parameter "LPM_WIDTHR" = "13"
    Info (12134): Parameter "LPM_WIDTHS" = "1"
    Info (12134): Parameter "LPM_REPRESENTATION" = "SIGNED"
    Info (12134): Parameter "INPUT_A_IS_CONSTANT" = "NO"
    Info (12134): Parameter "INPUT_B_IS_CONSTANT" = "NO"
    Info (12134): Parameter "MAXIMIZE_SPEED" = "5"
Info (12021): Found 1 design units, including 1 entities, in source file db/mult_o1t.tdf
    Info (12023): Found entity 1: mult_o1t
Info (12130): Elaborated megafunction instantiation "Subsystem:u_Subsystem|Discrete_FIR_Filter:u_Discrete_FIR_Filter|Filter:u_FilterBank|subFilter:u_subFilter_1_re|FilterTapSystolicPreAddWvlIn:u_FilterTap_32|lpm_mult:Mult0"
Info (12133): Instantiated megafunction "Subsystem:u_Subsystem|Discrete_FIR_Filter:u_Discrete_FIR_Filter|Filter:u_FilterBank|subFilter:u_subFilter_1_re|FilterTapSystolicPreAddWvlIn:u_FilterTap_32|lpm_mult:Mult0" with the following parameter:
    Info (12134): Parameter "LPM_WIDTHA" = "9"
    Info (12134): Parameter "LPM_WIDTHB" = "5"
    Info (12134): Parameter "LPM_WIDTHP" = "14"
    Info (12134): Parameter "LPM_WIDTHR" = "14"
    Info (12134): Parameter "LPM_WIDTHS" = "1"
    Info (12134): Parameter "LPM_REPRESENTATION" = "SIGNED"
    Info (12134): Parameter "INPUT_A_IS_CONSTANT" = "NO"
    Info (12134): Parameter "INPUT_B_IS_CONSTANT" = "NO"
    Info (12134): Parameter "MAXIMIZE_SPEED" = "5"
Info (12130): Elaborated megafunction instantiation "Subsystem:u_Subsystem|Discrete_FIR_Filter:u_Discrete_FIR_Filter|Filter:u_FilterBank|subFilter:u_subFilter_1_re|FilterTapSystolicPreAddWvlIn:u_FilterTap_31|lpm_mult:Mult0"
Info (12133): Instantiated megafunction "Subsystem:u_Subsystem|Discrete_FIR_Filter:u_Discrete_FIR_Filter|Filter:u_FilterBank|subFilter:u_subFilter_1_re|FilterTapSystolicPreAddWvlIn:u_FilterTap_31|lpm_mult:Mult0" with the following parameter:
    Info (12134): Parameter "LPM_WIDTHA" = "9"
    Info (12134): Parameter "LPM_WIDTHB" = "3"
    Info (12134): Parameter "LPM_WIDTHP" = "12"
    Info (12134): Parameter "LPM_WIDTHR" = "12"
    Info (12134): Parameter "LPM_WIDTHS" = "1"
    Info (12134): Parameter "LPM_REPRESENTATION" = "SIGNED"
    Info (12134): Parameter "INPUT_A_IS_CONSTANT" = "NO"
    Info (12134): Parameter "INPUT_B_IS_CONSTANT" = "NO"
    Info (12134): Parameter "MAXIMIZE_SPEED" = "5"
Info (12130): Elaborated megafunction instantiation "Subsystem:u_Subsystem|Discrete_FIR_Filter:u_Discrete_FIR_Filter|Filter:u_FilterBank|subFilter:u_subFilter_1_re|FilterTapSystolicPreAddWvlIn:u_FilterTap_29|lpm_mult:Mult0"
Info (12133): Instantiated megafunction "Subsystem:u_Subsystem|Discrete_FIR_Filter:u_Discrete_FIR_Filter|Filter:u_FilterBank|subFilter:u_subFilter_1_re|FilterTapSystolicPreAddWvlIn:u_FilterTap_29|lpm_mult:Mult0" with the following parameter:
    Info (12134): Parameter "LPM_WIDTHA" = "9"
    Info (12134): Parameter "LPM_WIDTHB" = "4"
    Info (12134): Parameter "LPM_WIDTHP" = "13"
    Info (12134): Parameter "LPM_WIDTHR" = "13"
    Info (12134): Parameter "LPM_WIDTHS" = "1"
    Info (12134): Parameter "LPM_REPRESENTATION" = "SIGNED"
    Info (12134): Parameter "INPUT_A_IS_CONSTANT" = "NO"
    Info (12134): Parameter "INPUT_B_IS_CONSTANT" = "NO"
    Info (12134): Parameter "MAXIMIZE_SPEED" = "5"
Info (12130): Elaborated megafunction instantiation "Subsystem:u_Subsystem|Discrete_FIR_Filter:u_Discrete_FIR_Filter|Filter:u_FilterBank|subFilter:u_subFilter_1_re|FilterTapSystolicPreAddWvlIn:u_FilterTap_24|lpm_mult:Mult0"
Info (12133): Instantiated megafunction "Subsystem:u_Subsystem|Discrete_FIR_Filter:u_Discrete_FIR_Filter|Filter:u_FilterBank|subFilter:u_subFilter_1_re|FilterTapSystolicPreAddWvlIn:u_FilterTap_24|lpm_mult:Mult0" with the following parameter:
    Info (12134): Parameter "LPM_WIDTHA" = "9"
    Info (12134): Parameter "LPM_WIDTHB" = "2"
    Info (12134): Parameter "LPM_WIDTHP" = "11"
    Info (12134): Parameter "LPM_WIDTHR" = "11"
    Info (12134): Parameter "LPM_WIDTHS" = "1"
    Info (12134): Parameter "LPM_REPRESENTATION" = "SIGNED"
    Info (12134): Parameter "INPUT_A_IS_CONSTANT" = "NO"
    Info (12134): Parameter "INPUT_B_IS_CONSTANT" = "NO"
    Info (12134): Parameter "MAXIMIZE_SPEED" = "5"
Info (12130): Elaborated megafunction instantiation "Subsystem:u_Subsystem|Discrete_FIR_Filter:u_Discrete_FIR_Filter|Filter:u_FilterBank|subFilter:u_subFilter_1_re|FilterTapSystolicPreAddWvlIn:u_FilterTap_21|lpm_mult:Mult0"
Info (12133): Instantiated megafunction "Subsystem:u_Subsystem|Discrete_FIR_Filter:u_Discrete_FIR_Filter|Filter:u_FilterBank|subFilter:u_subFilter_1_re|FilterTapSystolicPreAddWvlIn:u_FilterTap_21|lpm_mult:Mult0" with the following parameter:
    Info (12134): Parameter "LPM_WIDTHA" = "9"
    Info (12134): Parameter "LPM_WIDTHB" = "1"
    Info (12134): Parameter "LPM_WIDTHP" = "10"
    Info (12134): Parameter "LPM_WIDTHR" = "10"
    Info (12134): Parameter "LPM_WIDTHS" = "1"
    Info (12134): Parameter "LPM_REPRESENTATION" = "SIGNED"
    Info (12134): Parameter "INPUT_A_IS_CONSTANT" = "NO"
    Info (12134): Parameter "INPUT_B_IS_CONSTANT" = "NO"
    Info (12134): Parameter "MAXIMIZE_SPEED" = "5"
Info (12131): Elaborated megafunction instantiation "Subsystem:u_Subsystem|Discrete_FIR_Filter:u_Discrete_FIR_Filter|Filter:u_FilterBank|subFilter:u_subFilter_1_re|FilterTapSystolicPreAddWvlIn:u_FilterTap_21|lpm_mult:Mult0|multcore:mult_core", which is child of megafunction instantiation "Subsystem:u_Subsystem|Discrete_FIR_Filter:u_Discrete_FIR_Filter|Filter:u_FilterBank|subFilter:u_subFilter_1_re|FilterTapSystolicPreAddWvlIn:u_FilterTap_21|lpm_mult:Mult0"
Info (12131): Elaborated megafunction instantiation "Subsystem:u_Subsystem|Discrete_FIR_Filter:u_Discrete_FIR_Filter|Filter:u_FilterBank|subFilter:u_subFilter_1_re|FilterTapSystolicPreAddWvlIn:u_FilterTap_21|lpm_mult:Mult0|multcore:mult_core|lpm_add_sub:adder", which is child of megafunction instantiation "Subsystem:u_Subsystem|Discrete_FIR_Filter:u_Discrete_FIR_Filter|Filter:u_FilterBank|subFilter:u_subFilter_1_re|FilterTapSystolicPreAddWvlIn:u_FilterTap_21|lpm_mult:Mult0"
Info (12021): Found 1 design units, including 1 entities, in source file db/add_sub_j4h.tdf
    Info (12023): Found entity 1: add_sub_j4h
Info (12131): Elaborated megafunction instantiation "Subsystem:u_Subsystem|Discrete_FIR_Filter:u_Discrete_FIR_Filter|Filter:u_FilterBank|subFilter:u_subFilter_1_re|FilterTapSystolicPreAddWvlIn:u_FilterTap_21|lpm_mult:Mult0|altshift:external_latency_ffs", which is child of megafunction instantiation "Subsystem:u_Subsystem|Discrete_FIR_Filter:u_Discrete_FIR_Filter|Filter:u_FilterBank|subFilter:u_subFilter_1_re|FilterTapSystolicPreAddWvlIn:u_FilterTap_21|lpm_mult:Mult0"
Info (13014): Ignored 113 buffer(s)
    Info (13016): Ignored 4 CARRY_SUM buffer(s)
    Info (13019): Ignored 109 SOFT buffer(s)
Info (13000): Registers with preset signals will power-up high
Info (13003): DEV_CLRn pin will set, and not reset, register with preset signal due to NOT Gate Push-Back
Info (286030): Timing-Driven Synthesis is running
Info (17049): 1054 registers lost all their fanouts during netlist optimizations.
Info (16010): Generating hard_block partition "hard_block:auto_generated_inst"
    Info (16011): Adding 0 node(s), including 0 DDIO, 0 PLL, 0 transceiver and 0 LCELL
Info (21057): Implemented 2288 device resources after synthesis - the final resource count might be different
    Info (21058): Implemented 19 input pins
    Info (21059): Implemented 11 output pins
    Info (21061): Implemented 2245 logic cells
    Info (21064): Implemented 7 RAM segments
    Info (21062): Implemented 6 DSP elements
Info: Quartus II 32-bit Analysis & Synthesis was successful. 0 errors, 0 warnings
    Info: Peak virtual memory: 470 megabytes
    Info: Processing ended: Mon Sep 18 13:13:12 2023
    Info: Elapsed time: 00:00:05
    Info: Total CPU time (on all processors): 00:00:03
### Synthesis Complete.
### Close Altera QUARTUS II 13.1.0 project.
Info (23030): Evaluation of Tcl script NCO_Altera_QUARTUS_II_run.tcl was successful
Info: Quartus II 32-bit TimeQuest Timing Analyzer was successful. 0 errors, 0 warnings
    Info: Peak virtual memory: 358 megabytes
    Info: Processing ended: Mon Sep 18 13:13:13 2023
    Info: Elapsed time: 00:00:08
    Info: Total CPU time (on all processors): 00:00:00

Elapsed time is 8.7557 seconds.
