Partition Merge report for NCO_quartus
Mon Sep 18 14:16:20 2023
Quartus II 64-Bit Version 13.1.0 Build 162 10/23/2013 SJ Full Version


---------------------
; Table of Contents ;
---------------------
  1. Legal Notice
  2. Partition Merge Summary
  3. Partition Merge Netlist Types Used
  4. Connections to In-System Debugging Instance "auto_signaltap_0"
  5. Partition Merge Partition Statistics
  6. Partition Merge Partition Pin Processing
  7. Partition Merge Resource Usage Summary
  8. Partition Merge RAM Summary
  9. Partition Merge DSP Block Usage Summary
 10. Partition Merge Messages



----------------
; Legal Notice ;
----------------
Copyright (C) 1991-2013 Altera Corporation
Your use of Altera Corporation's design tools, logic functions 
and other software and tools, and its AMPP partner logic 
functions, and any output files from any of the foregoing 
(including device programming or simulation files), and any 
associated documentation or information are expressly subject 
to the terms and conditions of the Altera Program License 
Subscription Agreement, Altera MegaCore Function License 
Agreement, or other applicable license agreement, including, 
without limitation, that your use is for the sole purpose of 
programming logic devices manufactured by Altera and sold by 
Altera or its authorized distributors.  Please refer to the 
applicable agreement for further details.



+----------------------------------------------------------------------------------+
; Partition Merge Summary                                                          ;
+------------------------------------+---------------------------------------------+
; Partition Merge Status             ; Successful - Mon Sep 18 14:16:20 2023       ;
; Quartus II 64-Bit Version          ; 13.1.0 Build 162 10/23/2013 SJ Full Version ;
; Revision Name                      ; NCO_quartus                                 ;
; Top-level Entity Name              ; NCO_quartus                                 ;
; Family                             ; Cyclone III                                 ;
; Total logic elements               ; 2,225                                       ;
;     Total combinational functions  ; 1,489                                       ;
;     Dedicated logic registers      ; 1,425                                       ;
; Total registers                    ; 1425                                        ;
; Total pins                         ; 25                                          ;
; Total virtual pins                 ; 0                                           ;
; Total memory bits                  ; 2,720                                       ;
; Embedded Multiplier 9-bit elements ; 6                                           ;
; Total PLLs                         ; 1                                           ;
+------------------------------------+---------------------------------------------+


+-------------------------------------------------------------------------------------------------------------------------------+
; Partition Merge Netlist Types Used                                                                                            ;
+--------------------------------+----------------+-------------------+------------------------+--------------------------------+
; Partition Name                 ; Partition Type ; Netlist Type Used ; Netlist Type Requested ; Partition Contents             ;
+--------------------------------+----------------+-------------------+------------------------+--------------------------------+
; Top                            ; User-created   ; Source File       ; Post-Fit               ;                                ;
; sld_hub:auto_hub               ; Auto-generated ; Post-Synthesis    ; Post-Synthesis         ; sld_hub:auto_hub               ;
; sld_signaltap:auto_signaltap_0 ; Auto-generated ; Post-Synthesis    ; Post-Synthesis         ; sld_signaltap:auto_signaltap_0 ;
; hard_block:auto_generated_inst ; Auto-generated ; Source File       ; Source File            ; hard_block:auto_generated_inst ;
+--------------------------------+----------------+-------------------+------------------------+--------------------------------+


+---------------------------------------------------------------------------------------------------------------------------------------------+
; Connections to In-System Debugging Instance "auto_signaltap_0"                                                                              ;
+---------------------------------+--------------+-----------+----------------+-------------------+---------------------------------+---------+
; Name                            ; Type         ; Status    ; Partition Name ; Netlist Type Used ; Actual Connection               ; Details ;
+---------------------------------+--------------+-----------+----------------+-------------------+---------------------------------+---------+
; CLOCK_50                        ; post-fitting ; connected ; Top            ; post-synthesis    ; CLOCK_50                        ; N/A     ;
; DAC_interface:inst2|DAT2DAC[10] ; post-fitting ; connected ; Top            ; post-synthesis    ; DAC_interface:inst2|DAT2DAC[10] ; N/A     ;
; DAC_interface:inst2|DAT2DAC[10] ; post-fitting ; connected ; Top            ; post-synthesis    ; DAC_interface:inst2|DAT2DAC[10] ; N/A     ;
; DAC_interface:inst2|DAT2DAC[11] ; post-fitting ; connected ; Top            ; post-synthesis    ; DAC_interface:inst2|DAT2DAC[11] ; N/A     ;
; DAC_interface:inst2|DAT2DAC[11] ; post-fitting ; connected ; Top            ; post-synthesis    ; DAC_interface:inst2|DAT2DAC[11] ; N/A     ;
; DAC_interface:inst2|DAT2DAC[1]  ; post-fitting ; connected ; Top            ; post-synthesis    ; DAC_interface:inst2|DAT2DAC[1]  ; N/A     ;
; DAC_interface:inst2|DAT2DAC[1]  ; post-fitting ; connected ; Top            ; post-synthesis    ; DAC_interface:inst2|DAT2DAC[1]  ; N/A     ;
; DAC_interface:inst2|DAT2DAC[2]  ; post-fitting ; connected ; Top            ; post-synthesis    ; DAC_interface:inst2|DAT2DAC[2]  ; N/A     ;
; DAC_interface:inst2|DAT2DAC[2]  ; post-fitting ; connected ; Top            ; post-synthesis    ; DAC_interface:inst2|DAT2DAC[2]  ; N/A     ;
; DAC_interface:inst2|DAT2DAC[3]  ; post-fitting ; connected ; Top            ; post-synthesis    ; DAC_interface:inst2|DAT2DAC[3]  ; N/A     ;
; DAC_interface:inst2|DAT2DAC[3]  ; post-fitting ; connected ; Top            ; post-synthesis    ; DAC_interface:inst2|DAT2DAC[3]  ; N/A     ;
; DAC_interface:inst2|DAT2DAC[4]  ; post-fitting ; connected ; Top            ; post-synthesis    ; DAC_interface:inst2|DAT2DAC[4]  ; N/A     ;
; DAC_interface:inst2|DAT2DAC[4]  ; post-fitting ; connected ; Top            ; post-synthesis    ; DAC_interface:inst2|DAT2DAC[4]  ; N/A     ;
; DAC_interface:inst2|DAT2DAC[5]  ; post-fitting ; connected ; Top            ; post-synthesis    ; DAC_interface:inst2|DAT2DAC[5]  ; N/A     ;
; DAC_interface:inst2|DAT2DAC[5]  ; post-fitting ; connected ; Top            ; post-synthesis    ; DAC_interface:inst2|DAT2DAC[5]  ; N/A     ;
; DAC_interface:inst2|DAT2DAC[6]  ; post-fitting ; connected ; Top            ; post-synthesis    ; DAC_interface:inst2|DAT2DAC[6]  ; N/A     ;
; DAC_interface:inst2|DAT2DAC[6]  ; post-fitting ; connected ; Top            ; post-synthesis    ; DAC_interface:inst2|DAT2DAC[6]  ; N/A     ;
; DAC_interface:inst2|DAT2DAC[7]  ; post-fitting ; connected ; Top            ; post-synthesis    ; DAC_interface:inst2|DAT2DAC[7]  ; N/A     ;
; DAC_interface:inst2|DAT2DAC[7]  ; post-fitting ; connected ; Top            ; post-synthesis    ; DAC_interface:inst2|DAT2DAC[7]  ; N/A     ;
; DAC_interface:inst2|DAT2DAC[8]  ; post-fitting ; connected ; Top            ; post-synthesis    ; DAC_interface:inst2|DAT2DAC[8]  ; N/A     ;
; DAC_interface:inst2|DAT2DAC[8]  ; post-fitting ; connected ; Top            ; post-synthesis    ; DAC_interface:inst2|DAT2DAC[8]  ; N/A     ;
; DAC_interface:inst2|DAT2DAC[9]  ; post-fitting ; connected ; Top            ; post-synthesis    ; DAC_interface:inst2|DAT2DAC[9]  ; N/A     ;
; DAC_interface:inst2|DAT2DAC[9]  ; post-fitting ; connected ; Top            ; post-synthesis    ; DAC_interface:inst2|DAT2DAC[9]  ; N/A     ;
; SW[0]                           ; post-fitting ; connected ; Top            ; post-synthesis    ; SW[0]                           ; N/A     ;
; SW[0]                           ; post-fitting ; connected ; Top            ; post-synthesis    ; SW[0]                           ; N/A     ;
; SW[1]                           ; post-fitting ; connected ; Top            ; post-synthesis    ; SW[1]                           ; N/A     ;
; SW[1]                           ; post-fitting ; connected ; Top            ; post-synthesis    ; SW[1]                           ; N/A     ;
; SW[2]                           ; post-fitting ; connected ; Top            ; post-synthesis    ; SW[2]                           ; N/A     ;
; SW[2]                           ; post-fitting ; connected ; Top            ; post-synthesis    ; SW[2]                           ; N/A     ;
; SW[3]                           ; post-fitting ; connected ; Top            ; post-synthesis    ; SW[3]                           ; N/A     ;
; SW[3]                           ; post-fitting ; connected ; Top            ; post-synthesis    ; SW[3]                           ; N/A     ;
; SW[4]                           ; post-fitting ; connected ; Top            ; post-synthesis    ; SW[4]                           ; N/A     ;
; SW[4]                           ; post-fitting ; connected ; Top            ; post-synthesis    ; SW[4]                           ; N/A     ;
; SW[5]                           ; post-fitting ; connected ; Top            ; post-synthesis    ; SW[5]                           ; N/A     ;
; SW[5]                           ; post-fitting ; connected ; Top            ; post-synthesis    ; SW[5]                           ; N/A     ;
; SW[6]                           ; post-fitting ; connected ; Top            ; post-synthesis    ; SW[6]                           ; N/A     ;
; SW[6]                           ; post-fitting ; connected ; Top            ; post-synthesis    ; SW[6]                           ; N/A     ;
; SW[7]                           ; post-fitting ; connected ; Top            ; post-synthesis    ; SW[7]                           ; N/A     ;
; SW[7]                           ; post-fitting ; connected ; Top            ; post-synthesis    ; SW[7]                           ; N/A     ;
+---------------------------------+--------------+-----------+----------------+-------------------+---------------------------------+---------+


+-----------------------------------------------------------------------------------------------------------------------------------------+
; Partition Merge Partition Statistics                                                                                                    ;
+---------------------------------------------+------+------------------+--------------------------------+--------------------------------+
; Statistic                                   ; Top  ; sld_hub:auto_hub ; sld_signaltap:auto_signaltap_0 ; hard_block:auto_generated_inst ;
+---------------------------------------------+------+------------------+--------------------------------+--------------------------------+
; Estimated Total logic elements              ; 1456 ; 148              ; 621                            ; 0                              ;
;                                             ;      ;                  ;                                ;                                ;
; Total combinational functions               ; 1025 ; 122              ; 342                            ; 0                              ;
; Logic element usage by number of LUT inputs ;      ;                  ;                                ;                                ;
;     -- 4 input functions                    ; 40   ; 51               ; 148                            ; 0                              ;
;     -- 3 input functions                    ; 728  ; 33               ; 96                             ; 0                              ;
;     -- <=2 input functions                  ; 257  ; 38               ; 98                             ; 0                              ;
;                                             ;      ;                  ;                                ;                                ;
; Logic elements by mode                      ;      ;                  ;                                ;                                ;
;     -- normal mode                          ; 306  ; 114              ; 276                            ; 0                              ;
;     -- arithmetic mode                      ; 719  ; 8                ; 66                             ; 0                              ;
;                                             ;      ;                  ;                                ;                                ;
; Total registers                             ; 835  ; 90               ; 500                            ; 0                              ;
;     -- Dedicated logic registers            ; 835  ; 90               ; 500                            ; 0                              ;
;     -- I/O registers                        ; 0    ; 0                ; 0                              ; 0                              ;
;                                             ;      ;                  ;                                ;                                ;
; Virtual pins                                ; 0    ; 0                ; 0                              ; 0                              ;
; I/O pins                                    ; 25   ; 0                ; 0                              ; 0                              ;
; Embedded Multiplier 9-bit elements          ; 6    ; 0                ; 0                              ; 0                              ;
; Total memory bits                           ; 288  ; 0                ; 2432                           ; 0                              ;
; Total RAM block bits                        ; 0    ; 0                ; 0                              ; 0                              ;
; JTAG                                        ; 1    ; 0                ; 0                              ; 0                              ;
; PLL                                         ; 0    ; 0                ; 0                              ; 1                              ;
;                                             ;      ;                  ;                                ;                                ;
; Connections                                 ;      ;                  ;                                ;                                ;
;     -- Input Connections                    ; 21   ; 133              ; 730                            ; 1                              ;
;     -- Registered Input Connections         ; 19   ; 101              ; 557                            ; 0                              ;
;     -- Output Connections                   ; 705  ; 159              ; 1                              ; 20                             ;
;     -- Registered Output Connections        ; 22   ; 158              ; 0                              ; 0                              ;
;                                             ;      ;                  ;                                ;                                ;
; Internal Connections                        ;      ;                  ;                                ;                                ;
;     -- Total Connections                    ; 5595 ; 827              ; 3005                           ; 22                             ;
;     -- Registered Connections               ; 1863 ; 602              ; 1886                           ; 0                              ;
;                                             ;      ;                  ;                                ;                                ;
; External Connections                        ;      ;                  ;                                ;                                ;
;     -- Top                                  ; 0    ; 123              ; 582                            ; 21                             ;
;     -- sld_hub:auto_hub                     ; 123  ; 20               ; 149                            ; 0                              ;
;     -- sld_signaltap:auto_signaltap_0       ; 582  ; 149              ; 0                              ; 0                              ;
;     -- hard_block:auto_generated_inst       ; 21   ; 0                ; 0                              ; 0                              ;
;                                             ;      ;                  ;                                ;                                ;
; Partition Interface                         ;      ;                  ;                                ;                                ;
;     -- Input Ports                          ; 14   ; 21               ; 97                             ; 1                              ;
;     -- Output Ports                         ; 15   ; 39               ; 50                             ; 1                              ;
;     -- Bidir Ports                          ; 0    ; 0                ; 0                              ; 0                              ;
;                                             ;      ;                  ;                                ;                                ;
; Registered Ports                            ;      ;                  ;                                ;                                ;
;     -- Registered Input Ports               ; 0    ; 4                ; 43                             ; 0                              ;
;     -- Registered Output Ports              ; 0    ; 28               ; 39                             ; 0                              ;
;                                             ;      ;                  ;                                ;                                ;
; Port Connectivity                           ;      ;                  ;                                ;                                ;
;     -- Input Ports driven by GND            ; 0    ; 1                ; 0                              ; 0                              ;
;     -- Output Ports driven by GND           ; 0    ; 1                ; 0                              ; 0                              ;
;     -- Input Ports driven by VCC            ; 0    ; 0                ; 0                              ; 0                              ;
;     -- Output Ports driven by VCC           ; 0    ; 0                ; 0                              ; 0                              ;
;     -- Input Ports with no Source           ; 0    ; 1                ; 35                             ; 0                              ;
;     -- Output Ports with no Source          ; 0    ; 0                ; 0                              ; 0                              ;
;     -- Input Ports with no Fanout           ; 0    ; 2                ; 40                             ; 0                              ;
;     -- Output Ports with no Fanout          ; 0    ; 15               ; 39                             ; 0                              ;
+---------------------------------------------+------+------------------+--------------------------------+--------------------------------+
Note: Resource usage numbers presented for Partitions containing post-synthesis logic are estimates.  For Partitions containing post-fit logic, resource usage numbers are accurate based on previous placement information.  Actual Fitter results may vary depending on current Fitter Preservation Level assignments.


+----------------------------------------------------------------------------------------+
; Partition Merge Partition Pin Processing                                               ;
+-----------------------------------+-----------+---------------+----------+-------------+
; Name                              ; Partition ; Type          ; Location ; Status      ;
+-----------------------------------+-----------+---------------+----------+-------------+
; CLK_DAC                           ; Top       ; Output Port   ; n/a      ;             ;
;     -- CLK_DAC                    ; Top       ; Output Pad    ; Unplaced ; Synthesized ;
;     -- CLK_DAC~output             ; Top       ; Output Buffer ; Unplaced ; Synthesized ;
;                                   ;           ;               ;          ;             ;
; CLOCK_50                          ; Top       ; Input Port    ; n/a      ;             ;
;     -- CLOCK_50                   ; Top       ; Input Pad     ; Unplaced ; Synthesized ;
;     -- CLOCK_50~input             ; Top       ; Input Buffer  ; Unplaced ; Synthesized ;
;                                   ;           ;               ;          ;             ;
; DAT_DAC[0]                        ; Top       ; Output Port   ; n/a      ;             ;
;     -- DAT_DAC[0]                 ; Top       ; Output Pad    ; Unplaced ; Synthesized ;
;     -- DAT_DAC[0]~output          ; Top       ; Output Buffer ; Unplaced ; Synthesized ;
;                                   ;           ;               ;          ;             ;
; DAT_DAC[10]                       ; Top       ; Output Port   ; n/a      ;             ;
;     -- DAT_DAC[10]                ; Top       ; Output Pad    ; Unplaced ; Synthesized ;
;     -- DAT_DAC[10]~output         ; Top       ; Output Buffer ; Unplaced ; Synthesized ;
;                                   ;           ;               ;          ;             ;
; DAT_DAC[11]                       ; Top       ; Output Port   ; n/a      ;             ;
;     -- DAT_DAC[11]                ; Top       ; Output Pad    ; Unplaced ; Synthesized ;
;     -- DAT_DAC[11]~output         ; Top       ; Output Buffer ; Unplaced ; Synthesized ;
;                                   ;           ;               ;          ;             ;
; DAT_DAC[1]                        ; Top       ; Output Port   ; n/a      ;             ;
;     -- DAT_DAC[1]                 ; Top       ; Output Pad    ; Unplaced ; Synthesized ;
;     -- DAT_DAC[1]~output          ; Top       ; Output Buffer ; Unplaced ; Synthesized ;
;                                   ;           ;               ;          ;             ;
; DAT_DAC[2]                        ; Top       ; Output Port   ; n/a      ;             ;
;     -- DAT_DAC[2]                 ; Top       ; Output Pad    ; Unplaced ; Synthesized ;
;     -- DAT_DAC[2]~output          ; Top       ; Output Buffer ; Unplaced ; Synthesized ;
;                                   ;           ;               ;          ;             ;
; DAT_DAC[3]                        ; Top       ; Output Port   ; n/a      ;             ;
;     -- DAT_DAC[3]                 ; Top       ; Output Pad    ; Unplaced ; Synthesized ;
;     -- DAT_DAC[3]~output          ; Top       ; Output Buffer ; Unplaced ; Synthesized ;
;                                   ;           ;               ;          ;             ;
; DAT_DAC[4]                        ; Top       ; Output Port   ; n/a      ;             ;
;     -- DAT_DAC[4]                 ; Top       ; Output Pad    ; Unplaced ; Synthesized ;
;     -- DAT_DAC[4]~output          ; Top       ; Output Buffer ; Unplaced ; Synthesized ;
;                                   ;           ;               ;          ;             ;
; DAT_DAC[5]                        ; Top       ; Output Port   ; n/a      ;             ;
;     -- DAT_DAC[5]                 ; Top       ; Output Pad    ; Unplaced ; Synthesized ;
;     -- DAT_DAC[5]~output          ; Top       ; Output Buffer ; Unplaced ; Synthesized ;
;                                   ;           ;               ;          ;             ;
; DAT_DAC[6]                        ; Top       ; Output Port   ; n/a      ;             ;
;     -- DAT_DAC[6]                 ; Top       ; Output Pad    ; Unplaced ; Synthesized ;
;     -- DAT_DAC[6]~output          ; Top       ; Output Buffer ; Unplaced ; Synthesized ;
;                                   ;           ;               ;          ;             ;
; DAT_DAC[7]                        ; Top       ; Output Port   ; n/a      ;             ;
;     -- DAT_DAC[7]                 ; Top       ; Output Pad    ; Unplaced ; Synthesized ;
;     -- DAT_DAC[7]~output          ; Top       ; Output Buffer ; Unplaced ; Synthesized ;
;                                   ;           ;               ;          ;             ;
; DAT_DAC[8]                        ; Top       ; Output Port   ; n/a      ;             ;
;     -- DAT_DAC[8]                 ; Top       ; Output Pad    ; Unplaced ; Synthesized ;
;     -- DAT_DAC[8]~output          ; Top       ; Output Buffer ; Unplaced ; Synthesized ;
;                                   ;           ;               ;          ;             ;
; DAT_DAC[9]                        ; Top       ; Output Port   ; n/a      ;             ;
;     -- DAT_DAC[9]                 ; Top       ; Output Pad    ; Unplaced ; Synthesized ;
;     -- DAT_DAC[9]~output          ; Top       ; Output Buffer ; Unplaced ; Synthesized ;
;                                   ;           ;               ;          ;             ;
; NCO_EN                            ; Top       ; Output Port   ; n/a      ;             ;
;     -- NCO_EN                     ; Top       ; Output Pad    ; Unplaced ; Synthesized ;
;     -- NCO_EN~output              ; Top       ; Output Buffer ; Unplaced ; Synthesized ;
;                                   ;           ;               ;          ;             ;
; SW[0]                             ; Top       ; Input Port    ; n/a      ;             ;
;     -- SW[0]                      ; Top       ; Input Pad     ; Unplaced ; Synthesized ;
;     -- SW[0]~input                ; Top       ; Input Buffer  ; Unplaced ; Synthesized ;
;                                   ;           ;               ;          ;             ;
; SW[1]                             ; Top       ; Input Port    ; n/a      ;             ;
;     -- SW[1]                      ; Top       ; Input Pad     ; Unplaced ; Synthesized ;
;     -- SW[1]~input                ; Top       ; Input Buffer  ; Unplaced ; Synthesized ;
;                                   ;           ;               ;          ;             ;
; SW[2]                             ; Top       ; Input Port    ; n/a      ;             ;
;     -- SW[2]                      ; Top       ; Input Pad     ; Unplaced ; Synthesized ;
;     -- SW[2]~input                ; Top       ; Input Buffer  ; Unplaced ; Synthesized ;
;                                   ;           ;               ;          ;             ;
; SW[3]                             ; Top       ; Input Port    ; n/a      ;             ;
;     -- SW[3]                      ; Top       ; Input Pad     ; Unplaced ; Synthesized ;
;     -- SW[3]~input                ; Top       ; Input Buffer  ; Unplaced ; Synthesized ;
;                                   ;           ;               ;          ;             ;
; SW[4]                             ; Top       ; Input Port    ; n/a      ;             ;
;     -- SW[4]                      ; Top       ; Input Pad     ; Unplaced ; Synthesized ;
;     -- SW[4]~input                ; Top       ; Input Buffer  ; Unplaced ; Synthesized ;
;                                   ;           ;               ;          ;             ;
; SW[5]                             ; Top       ; Input Port    ; n/a      ;             ;
;     -- SW[5]                      ; Top       ; Input Pad     ; Unplaced ; Synthesized ;
;     -- SW[5]~input                ; Top       ; Input Buffer  ; Unplaced ; Synthesized ;
;                                   ;           ;               ;          ;             ;
; SW[6]                             ; Top       ; Input Port    ; n/a      ;             ;
;     -- SW[6]                      ; Top       ; Input Pad     ; Unplaced ; Synthesized ;
;     -- SW[6]~input                ; Top       ; Input Buffer  ; Unplaced ; Synthesized ;
;                                   ;           ;               ;          ;             ;
; SW[7]                             ; Top       ; Input Port    ; n/a      ;             ;
;     -- SW[7]                      ; Top       ; Input Pad     ; Unplaced ; Synthesized ;
;     -- SW[7]~input                ; Top       ; Input Buffer  ; Unplaced ; Synthesized ;
;                                   ;           ;               ;          ;             ;
; SW[8]                             ; Top       ; Input Port    ; n/a      ;             ;
;     -- SW[8]                      ; Top       ; Input Pad     ; Unplaced ; Synthesized ;
;     -- SW[8]~input                ; Top       ; Input Buffer  ; Unplaced ; Synthesized ;
;                                   ;           ;               ;          ;             ;
; SW[9]                             ; Top       ; Input Port    ; n/a      ;             ;
;     -- SW[9]                      ; Top       ; Input Pad     ; Unplaced ; Synthesized ;
;     -- SW[9]~input                ; Top       ; Input Buffer  ; Unplaced ; Synthesized ;
;                                   ;           ;               ;          ;             ;
; altera_reserved_tck               ; Top       ; Input Port    ; n/a      ;             ;
;     -- altera_reserved_tck        ; Top       ; Input Pad     ; Unplaced ; Synthesized ;
;     -- altera_reserved_tck~input  ; Top       ; Input Buffer  ; Unplaced ; Synthesized ;
;                                   ;           ;               ;          ;             ;
; altera_reserved_tdi               ; Top       ; Input Port    ; n/a      ;             ;
;     -- altera_reserved_tdi        ; Top       ; Input Pad     ; Unplaced ; Synthesized ;
;     -- altera_reserved_tdi~input  ; Top       ; Input Buffer  ; Unplaced ; Synthesized ;
;                                   ;           ;               ;          ;             ;
; altera_reserved_tdo               ; Top       ; Output Port   ; n/a      ;             ;
;     -- altera_reserved_tdo        ; Top       ; Output Pad    ; Unplaced ; Synthesized ;
;     -- altera_reserved_tdo~output ; Top       ; Output Buffer ; Unplaced ; Synthesized ;
;                                   ;           ;               ;          ;             ;
; altera_reserved_tms               ; Top       ; Input Port    ; n/a      ;             ;
;     -- altera_reserved_tms        ; Top       ; Input Pad     ; Unplaced ; Synthesized ;
;     -- altera_reserved_tms~input  ; Top       ; Input Buffer  ; Unplaced ; Synthesized ;
;                                   ;           ;               ;          ;             ;
+-----------------------------------+-----------+---------------+----------+-------------+


+--------------------------------------------------------------+
; Partition Merge Resource Usage Summary                       ;
+---------------------------------------------+----------------+
; Resource                                    ; Usage          ;
+---------------------------------------------+----------------+
; Estimated Total logic elements              ; 2,225          ;
;                                             ;                ;
; Total combinational functions               ; 1489           ;
; Logic element usage by number of LUT inputs ;                ;
;     -- 4 input functions                    ; 239            ;
;     -- 3 input functions                    ; 857            ;
;     -- <=2 input functions                  ; 393            ;
;                                             ;                ;
; Logic elements by mode                      ;                ;
;     -- normal mode                          ; 696            ;
;     -- arithmetic mode                      ; 793            ;
;                                             ;                ;
; Total registers                             ; 1425           ;
;     -- Dedicated logic registers            ; 1425           ;
;     -- I/O registers                        ; 0              ;
;                                             ;                ;
; I/O pins                                    ; 25             ;
; Total memory bits                           ; 2720           ;
; Embedded Multiplier 9-bit elements          ; 6              ;
; Total PLLs                                  ; 1              ;
;     -- PLLs                                 ; 1              ;
;                                             ;                ;
; Maximum fan-out node                        ; CLOCK_50~input ;
; Maximum fan-out                             ; 1112           ;
; Total fan-out                               ; 8391           ;
; Average fan-out                             ; 2.77           ;
+---------------------------------------------+----------------+


+---------------------------------------------------------------------------------------------------------------------------------------------------------------------------------------------------------------------------------------------------------------------------------------------------------------------------------------------------------------------------------+
; Partition Merge RAM Summary                                                                                                                                                                                                                                                                                                                                                     ;
+-----------------------------------------------------------------------------------------------------------------------------------------------------------------------------------------------------------------------------------------------------------------------------+------+------------------+--------------+--------------+--------------+--------------+------+------+
; Name                                                                                                                                                                                                                                                                        ; Type ; Mode             ; Port A Depth ; Port A Width ; Port B Depth ; Port B Width ; Size ; MIF  ;
+-----------------------------------------------------------------------------------------------------------------------------------------------------------------------------------------------------------------------------------------------------------------------------+------+------------------+--------------+--------------+--------------+--------------+------+------+
; NCO:inst|Subsystem:u_Subsystem|Discrete_FIR_Filter:u_Discrete_FIR_Filter|Filter:u_FilterBank|subFilter:u_subFilter_1_re|FilterTapSystolicPreAddWvlIn:u_FilterTap_27|altshift_taps:fTap_din1_reg2_rtl_0|shift_taps_45m:auto_generated|altsyncram_lc81:altsyncram2|ALTSYNCRAM ; AUTO ; Simple Dual Port ; 2            ; 16           ; 2            ; 16           ; 32   ; None ;
; NCO:inst|Subsystem:u_Subsystem|NCO_block:u_NCO|altshift_taps:sine_1_rtl_0|shift_taps_85m:auto_generated|altsyncram_5d81:altsyncram2|ALTSYNCRAM                                                                                                                              ; AUTO ; Simple Dual Port ; 32           ; 8            ; 32           ; 8            ; 256  ; None ;
; sld_signaltap:auto_signaltap_0|sld_signaltap_impl:sld_signaltap_body|sld_signaltap_implb:sld_signaltap_body|altsyncram:\stp_non_zero_ram_gen:stp_buffer_ram|altsyncram_bt14:auto_generated|ALTSYNCRAM                                                                       ; AUTO ; Simple Dual Port ; 128          ; 19           ; 128          ; 19           ; 2432 ; None ;
+-----------------------------------------------------------------------------------------------------------------------------------------------------------------------------------------------------------------------------------------------------------------------------+------+------------------+--------------+--------------+--------------+--------------+------+------+


+-----------------------------------------------------+
; Partition Merge DSP Block Usage Summary             ;
+---------------------------------------+-------------+
; Statistic                             ; Number Used ;
+---------------------------------------+-------------+
; Simple Multipliers (9-bit)            ; 6           ;
; Simple Multipliers (18-bit)           ; 0           ;
; Embedded Multiplier Blocks            ; --          ;
; Embedded Multiplier 9-bit elements    ; 6           ;
; Signed Embedded Multipliers           ; 6           ;
; Unsigned Embedded Multipliers         ; 0           ;
; Mixed Sign Embedded Multipliers       ; 0           ;
; Variable Sign Embedded Multipliers    ; 0           ;
; Dedicated Input Shift Register Chains ; 0           ;
+---------------------------------------+-------------+
Note: number of Embedded Multiplier Blocks used is only available after a successful fit.


+--------------------------+
; Partition Merge Messages ;
+--------------------------+
Info: *******************************************************************
Info: Running Quartus II 64-Bit Partition Merge
    Info: Version 13.1.0 Build 162 10/23/2013 SJ Full Version
    Info: Processing started: Mon Sep 18 14:16:19 2023
Info: Command: quartus_cdb --read_settings_files=off --write_settings_files=off NCO_quartus -c NCO_quartus --merge=on
Warning (35010): Previously generated Fitter netlist for partition "Top" is older than current Synthesis netlist -- using the current Synthesis netlist instead to ensure that the latest source changes are included
    Info (35011): Set the option to Ignore source file changes to force the Quartus II software to always use a previously generated Fitter netlist
Info (35007): Using synthesis netlist for partition "Top"
Info (35007): Using synthesis netlist for partition "sld_hub:auto_hub"
Info (35007): Using synthesis netlist for partition "sld_signaltap:auto_signaltap_0"
Info (35024): Succesfully connected in-system debug instance "auto_signaltap_0" to all 39 required data inputs, trigger inputs, acquisition clocks, and dynamic pins
Info (35002): Resolved and merged 3 partition(s)
Info (16010): Generating hard_block partition "hard_block:auto_generated_inst"
    Info (16011): Adding 1 node(s), including 0 DDIO, 1 PLL, 0 transceiver and 0 LCELL
Warning (15899): PLL "pll_DAC_ADC:inst3|altpll:altpll_component|pll_DAC_ADC_altpll:auto_generated|pll1" has parameters clk1_multiply_by and clk1_divide_by specified but port CLK[1] is not connected
Info (21057): Implemented 2322 device resources after synthesis - the final resource count might be different
    Info (21058): Implemented 14 input pins
    Info (21059): Implemented 15 output pins
    Info (21061): Implemented 2242 logic cells
    Info (21064): Implemented 43 RAM segments
    Info (21065): Implemented 1 PLLs
    Info (21062): Implemented 6 DSP elements
Info: Quartus II 64-Bit Partition Merge was successful. 0 errors, 2 warnings
    Info: Peak virtual memory: 4665 megabytes
    Info: Processing ended: Mon Sep 18 14:16:20 2023
    Info: Elapsed time: 00:00:01
    Info: Total CPU time (on all processors): 00:00:00


