Flow report for Subsystem_quartus
Thu Sep 14 20:33:01 2023
Quartus II 64-Bit Version 13.1.0 Build 162 10/23/2013 SJ Full Version


---------------------
; Table of Contents ;
---------------------
  1. Legal Notice
  2. Flow Summary
  3. Flow Settings
  4. Flow Non-Default Global Settings
  5. Flow Elapsed Time
  6. Flow OS Summary
  7. Flow Log
  8. Flow Messages
  9. Flow Suppressed Messages



----------------
; Legal Notice ;
----------------
Copyright (C) 1991-2013 Altera Corporation
Your use of Altera Corporation's design tools, logic functions 
and other software and tools, and its AMPP partner logic 
functions, and any output files from any of the foregoing 
(including device programming or simulation files), and any 
associated documentation or information are expressly subject 
to the terms and conditions of the Altera Program License 
Subscription Agreement, Altera MegaCore Function License 
Agreement, or other applicable license agreement, including, 
without limitation, that your use is for the sole purpose of 
programming logic devices manufactured by Altera and sold by 
Altera or its authorized distributors.  Please refer to the 
applicable agreement for further details.



+----------------------------------------------------------------------------------+
; Flow Summary                                                                     ;
+------------------------------------+---------------------------------------------+
; Flow Status                        ; Successful - Thu Sep 14 20:33:01 2023       ;
; Quartus II 64-Bit Version          ; 13.1.0 Build 162 10/23/2013 SJ Full Version ;
; Revision Name                      ; Subsystem_quartus                           ;
; Top-level Entity Name              ; Subsystem_quartus                           ;
; Family                             ; Cyclone III                                 ;
; Device                             ; EP3C40F484C7                                ;
; Timing Models                      ; Final                                       ;
; Total logic elements               ; 116 / 39,600 ( < 1 % )                      ;
;     Total combinational functions  ; 84 / 39,600 ( < 1 % )                       ;
;     Dedicated logic registers      ; 99 / 39,600 ( < 1 % )                       ;
; Total registers                    ; 99                                          ;
; Total pins                         ; 33 / 332 ( 10 % )                           ;
; Total virtual pins                 ; 0                                           ;
; Total memory bits                  ; 15,360 / 1,161,216 ( 1 % )                  ;
; Embedded Multiplier 9-bit elements ; 0 / 252 ( 0 % )                             ;
; Total PLLs                         ; 0 / 4 ( 0 % )                               ;
+------------------------------------+---------------------------------------------+


+-----------------------------------------+
; Flow Settings                           ;
+-------------------+---------------------+
; Option            ; Setting             ;
+-------------------+---------------------+
; Start date & time ; 09/14/2023 20:31:40 ;
; Main task         ; Compilation         ;
; Revision Name     ; Subsystem_quartus   ;
+-------------------+---------------------+


+-------------------------------------------------------------------------------------------------------------------------------------------------------------+
; Flow Non-Default Global Settings                                                                                                                            ;
+-------------------------------------+------------------------------------------------------------------------+---------------+-------------+----------------+
; Assignment Name                     ; Value                                                                  ; Default Value ; Entity Name ; Section Id     ;
+-------------------------------------+------------------------------------------------------------------------+---------------+-------------+----------------+
; COMPILER_SIGNATURE_ID               ; 158527627674065.169469470001696                                        ; --            ; --          ; --             ;
; EDA_GENERATE_FUNCTIONAL_NETLIST     ; On                                                                     ; --            ; --          ; eda_simulation ;
; EDA_NETLIST_WRITER_OUTPUT_DIR       ; F:/Git_Repository/FPGA_myself/DDS/hdl_prj/quartus_prj/simulation/qsim/ ; --            ; --          ; eda_simulation ;
; EDA_OUTPUT_DATA_FORMAT              ; Verilog Hdl                                                            ; --            ; --          ; eda_simulation ;
; EDA_SIMULATION_TOOL                 ; ModelSim-Altera (Verilog)                                              ; <None>        ; --          ; --             ;
; PARTITION_COLOR                     ; 16764057                                                               ; --            ; --          ; Top            ;
; PARTITION_FITTER_PRESERVATION_LEVEL ; PLACEMENT_AND_ROUTING                                                  ; --            ; --          ; Top            ;
; PARTITION_NETLIST_TYPE              ; SOURCE                                                                 ; --            ; --          ; Top            ;
+-------------------------------------+------------------------------------------------------------------------+---------------+-------------+----------------+


+-------------------------------------------------------------------------------------------------------------------------------+
; Flow Elapsed Time                                                                                                             ;
+---------------------------+--------------+-------------------------+---------------------+------------------------------------+
; Module Name               ; Elapsed Time ; Average Processors Used ; Peak Virtual Memory ; Total CPU Time (on all processors) ;
+---------------------------+--------------+-------------------------+---------------------+------------------------------------+
; Analysis & Synthesis      ; 00:00:01     ; 1.0                     ; 4691 MB             ; 00:00:01                           ;
; Fitter                    ; 00:00:05     ; 1.0                     ; 5589 MB             ; 00:00:03                           ;
; Assembler                 ; 00:00:01     ; 1.0                     ; 4618 MB             ; 00:00:01                           ;
; TimeQuest Timing Analyzer ; 00:00:01     ; 1.0                     ; 4739 MB             ; 00:00:01                           ;
; EDA Netlist Writer        ; 00:00:01     ; 1.0                     ; 4556 MB             ; 00:00:00                           ;
; EDA Netlist Writer        ; 00:00:00     ; 1.0                     ; 4577 MB             ; 00:00:00                           ;
; EDA Netlist Writer        ; 00:00:00     ; 1.0                     ; 4577 MB             ; 00:00:00                           ;
; Total                     ; 00:00:09     ; --                      ; --                  ; 00:00:06                           ;
+---------------------------+--------------+-------------------------+---------------------+------------------------------------+


+----------------------------------------------------------------------------------------+
; Flow OS Summary                                                                        ;
+---------------------------+------------------+-----------+------------+----------------+
; Module Name               ; Machine Hostname ; OS Name   ; OS Version ; Processor type ;
+---------------------------+------------------+-----------+------------+----------------+
; Analysis & Synthesis      ; MOERJIE_PC       ; Windows 7 ; 6.2        ; x86_64         ;
; Fitter                    ; MOERJIE_PC       ; Windows 7 ; 6.2        ; x86_64         ;
; Assembler                 ; MOERJIE_PC       ; Windows 7 ; 6.2        ; x86_64         ;
; TimeQuest Timing Analyzer ; MOERJIE_PC       ; Windows 7 ; 6.2        ; x86_64         ;
; EDA Netlist Writer        ; MOERJIE_PC       ; Windows 7 ; 6.2        ; x86_64         ;
; EDA Netlist Writer        ; MOERJIE_PC       ; Windows 7 ; 6.2        ; x86_64         ;
; EDA Netlist Writer        ; MOERJIE_PC       ; Windows 7 ; 6.2        ; x86_64         ;
+---------------------------+------------------+-----------+------------+----------------+


------------
; Flow Log ;
------------
quartus_map --read_settings_files=on --write_settings_files=off Subsystem_quartus -c Subsystem_quartus
quartus_fit --read_settings_files=off --write_settings_files=off Subsystem_quartus -c Subsystem_quartus
quartus_asm --read_settings_files=off --write_settings_files=off Subsystem_quartus -c Subsystem_quartus
quartus_sta Subsystem_quartus -c Subsystem_quartus
quartus_eda --read_settings_files=off --write_settings_files=off Subsystem_quartus -c Subsystem_quartus
quartus_eda --gen_testbench --check_outputs=on --tool=modelsim_oem --format=verilog Subsystem_quartus -c Subsystem_quartus --vector_source=F:/Git_Repository/FPGA_myself/DDS/hdl_prj/quartus_prj/Waveform.vwf --testbench_file=F:/Git_Repository/FPGA_myself/DDS/hdl_prj/quartus_prj/simulation/qsim/Waveform.vwf.vt
quartus_eda --functional=on --flatten_buses=off --simulation=on --tool=modelsim_oem --format=verilog --output_directory=F:/Git_Repository/FPGA_myself/DDS/hdl_prj/quartus_prj/simulation/qsim/ Subsystem_quartus -c Subsystem_quartus



