Analysis & Synthesis report for Subsystem_quartus
Thu Sep 14 20:31:42 2023
Quartus II 64-Bit Version 13.1.0 Build 162 10/23/2013 SJ Full Version


---------------------
; Table of Contents ;
---------------------
  1. Legal Notice
  2. Analysis & Synthesis Summary
  3. Analysis & Synthesis Settings
  4. Parallel Compilation
  5. Analysis & Synthesis Source Files Read
  6. Analysis & Synthesis Resource Usage Summary
  7. Analysis & Synthesis Resource Utilization by Entity
  8. Analysis & Synthesis RAM Summary
  9. Registers Removed During Synthesis
 10. Removed Registers Triggering Further Register Optimizations
 11. General Register Statistics
 12. Registers Packed Into Inferred Megafunctions
 13. Multiplexer Restructuring Statistics (Restructuring Performed)
 14. Source assignments for NCO:inst|WaveformGen:u_Wave_inst|LookUpTableGen:u_SineWave_inst|altsyncram:Mux14_rtl_0|altsyncram_lt11:auto_generated
 15. Parameter Settings for Inferred Entity Instance: NCO:inst|WaveformGen:u_Wave_inst|LookUpTableGen:u_SineWave_inst|altsyncram:Mux14_rtl_0
 16. altsyncram Parameter Settings by Entity Instance
 17. Port Connectivity Checks: "Filter:inst2|subFilter:u_subFilter_1_re|FilterTapSystolicPreAddWvlIn:u_FilterTap_40"
 18. Port Connectivity Checks: "Filter:inst2|subFilter:u_subFilter_1_re|FilterTapSystolicPreAddWvlIn:u_FilterTap_1"
 19. Elapsed Time Per Partition
 20. Analysis & Synthesis Messages



----------------
; Legal Notice ;
----------------
Copyright (C) 1991-2013 Altera Corporation
Your use of Altera Corporation's design tools, logic functions 
and other software and tools, and its AMPP partner logic 
functions, and any output files from any of the foregoing 
(including device programming or simulation files), and any 
associated documentation or information are expressly subject 
to the terms and conditions of the Altera Program License 
Subscription Agreement, Altera MegaCore Function License 
Agreement, or other applicable license agreement, including, 
without limitation, that your use is for the sole purpose of 
programming logic devices manufactured by Altera and sold by 
Altera or its authorized distributors.  Please refer to the 
applicable agreement for further details.



+----------------------------------------------------------------------------------+
; Analysis & Synthesis Summary                                                     ;
+------------------------------------+---------------------------------------------+
; Analysis & Synthesis Status        ; Successful - Thu Sep 14 20:31:42 2023       ;
; Quartus II 64-Bit Version          ; 13.1.0 Build 162 10/23/2013 SJ Full Version ;
; Revision Name                      ; Subsystem_quartus                           ;
; Top-level Entity Name              ; Subsystem_quartus                           ;
; Family                             ; Cyclone III                                 ;
; Total logic elements               ; 139                                         ;
;     Total combinational functions  ; 84                                          ;
;     Dedicated logic registers      ; 114                                         ;
; Total registers                    ; 114                                         ;
; Total pins                         ; 33                                          ;
; Total virtual pins                 ; 0                                           ;
; Total memory bits                  ; 15,360                                      ;
; Embedded Multiplier 9-bit elements ; 0                                           ;
; Total PLLs                         ; 0                                           ;
+------------------------------------+---------------------------------------------+


+----------------------------------------------------------------------------------------------------------------------+
; Analysis & Synthesis Settings                                                                                        ;
+----------------------------------------------------------------------------+--------------------+--------------------+
; Option                                                                     ; Setting            ; Default Value      ;
+----------------------------------------------------------------------------+--------------------+--------------------+
; Device                                                                     ; EP3C40F484C7       ;                    ;
; Top-level entity name                                                      ; Subsystem_quartus  ; Subsystem_quartus  ;
; Family name                                                                ; Cyclone III        ; Cyclone IV GX      ;
; Use smart compilation                                                      ; Off                ; Off                ;
; Enable parallel Assembler and TimeQuest Timing Analyzer during compilation ; On                 ; On                 ;
; Enable compact report table                                                ; Off                ; Off                ;
; Restructure Multiplexers                                                   ; Auto               ; Auto               ;
; Create Debugging Nodes for IP Cores                                        ; Off                ; Off                ;
; Preserve fewer node names                                                  ; On                 ; On                 ;
; Disable OpenCore Plus hardware evaluation                                  ; Off                ; Off                ;
; Verilog Version                                                            ; Verilog_2001       ; Verilog_2001       ;
; VHDL Version                                                               ; VHDL_1993          ; VHDL_1993          ;
; State Machine Processing                                                   ; Auto               ; Auto               ;
; Safe State Machine                                                         ; Off                ; Off                ;
; Extract Verilog State Machines                                             ; On                 ; On                 ;
; Extract VHDL State Machines                                                ; On                 ; On                 ;
; Ignore Verilog initial constructs                                          ; Off                ; Off                ;
; Iteration limit for constant Verilog loops                                 ; 5000               ; 5000               ;
; Iteration limit for non-constant Verilog loops                             ; 250                ; 250                ;
; Add Pass-Through Logic to Inferred RAMs                                    ; On                 ; On                 ;
; Infer RAMs from Raw Logic                                                  ; On                 ; On                 ;
; Parallel Synthesis                                                         ; On                 ; On                 ;
; DSP Block Balancing                                                        ; Auto               ; Auto               ;
; NOT Gate Push-Back                                                         ; On                 ; On                 ;
; Power-Up Don't Care                                                        ; On                 ; On                 ;
; Remove Redundant Logic Cells                                               ; Off                ; Off                ;
; Remove Duplicate Registers                                                 ; On                 ; On                 ;
; Ignore CARRY Buffers                                                       ; Off                ; Off                ;
; Ignore CASCADE Buffers                                                     ; Off                ; Off                ;
; Ignore GLOBAL Buffers                                                      ; Off                ; Off                ;
; Ignore ROW GLOBAL Buffers                                                  ; Off                ; Off                ;
; Ignore LCELL Buffers                                                       ; Off                ; Off                ;
; Ignore SOFT Buffers                                                        ; On                 ; On                 ;
; Limit AHDL Integers to 32 Bits                                             ; Off                ; Off                ;
; Optimization Technique                                                     ; Balanced           ; Balanced           ;
; Carry Chain Length                                                         ; 70                 ; 70                 ;
; Auto Carry Chains                                                          ; On                 ; On                 ;
; Auto Open-Drain Pins                                                       ; On                 ; On                 ;
; Perform WYSIWYG Primitive Resynthesis                                      ; Off                ; Off                ;
; Auto ROM Replacement                                                       ; On                 ; On                 ;
; Auto RAM Replacement                                                       ; On                 ; On                 ;
; Auto DSP Block Replacement                                                 ; On                 ; On                 ;
; Auto Shift Register Replacement                                            ; Auto               ; Auto               ;
; Allow Shift Register Merging across Hierarchies                            ; Auto               ; Auto               ;
; Auto Clock Enable Replacement                                              ; On                 ; On                 ;
; Strict RAM Replacement                                                     ; Off                ; Off                ;
; Allow Synchronous Control Signals                                          ; On                 ; On                 ;
; Force Use of Synchronous Clear Signals                                     ; Off                ; Off                ;
; Auto RAM Block Balancing                                                   ; On                 ; On                 ;
; Auto RAM to Logic Cell Conversion                                          ; Off                ; Off                ;
; Auto Resource Sharing                                                      ; Off                ; Off                ;
; Allow Any RAM Size For Recognition                                         ; Off                ; Off                ;
; Allow Any ROM Size For Recognition                                         ; Off                ; Off                ;
; Allow Any Shift Register Size For Recognition                              ; Off                ; Off                ;
; Use LogicLock Constraints during Resource Balancing                        ; On                 ; On                 ;
; Ignore translate_off and synthesis_off directives                          ; Off                ; Off                ;
; Timing-Driven Synthesis                                                    ; On                 ; On                 ;
; Report Parameter Settings                                                  ; On                 ; On                 ;
; Report Source Assignments                                                  ; On                 ; On                 ;
; Report Connectivity Checks                                                 ; On                 ; On                 ;
; Ignore Maximum Fan-Out Assignments                                         ; Off                ; Off                ;
; Synchronization Register Chain Length                                      ; 2                  ; 2                  ;
; PowerPlay Power Optimization                                               ; Normal compilation ; Normal compilation ;
; HDL message level                                                          ; Level2             ; Level2             ;
; Suppress Register Optimization Related Messages                            ; Off                ; Off                ;
; Number of Removed Registers Reported in Synthesis Report                   ; 5000               ; 5000               ;
; Number of Swept Nodes Reported in Synthesis Report                         ; 5000               ; 5000               ;
; Number of Inverted Registers Reported in Synthesis Report                  ; 100                ; 100                ;
; Clock MUX Protection                                                       ; On                 ; On                 ;
; Auto Gated Clock Conversion                                                ; Off                ; Off                ;
; Block Design Naming                                                        ; Auto               ; Auto               ;
; SDC constraint protection                                                  ; Off                ; Off                ;
; Synthesis Effort                                                           ; Auto               ; Auto               ;
; Shift Register Replacement - Allow Asynchronous Clear Signal               ; On                 ; On                 ;
; Pre-Mapping Resynthesis Optimization                                       ; Off                ; Off                ;
; Analysis & Synthesis Message Level                                         ; Medium             ; Medium             ;
; Disable Register Merging Across Hierarchies                                ; Auto               ; Auto               ;
; Resource Aware Inference For Block RAM                                     ; On                 ; On                 ;
; Synthesis Seed                                                             ; 1                  ; 1                  ;
+----------------------------------------------------------------------------+--------------------+--------------------+


+------------------------------------------+
; Parallel Compilation                     ;
+----------------------------+-------------+
; Processors                 ; Number      ;
+----------------------------+-------------+
; Number detected on machine ; 12          ;
; Maximum allowed            ; 6           ;
;                            ;             ;
; Average used               ; 1.00        ;
; Maximum used               ; 1           ;
;                            ;             ;
; Usage by Processor         ; % Time Used ;
;     Processor 1            ; 100.0%      ;
;     Processors 2-12        ;   0.0%      ;
+----------------------------+-------------+


+------------------------------------------------------------------------------------------------------------------------------------------------------------------------------------------------------------------------------------------+
; Analysis & Synthesis Source Files Read                                                                                                                                                                                                   ;
+----------------------------------------------+-----------------+-------------------------------------------------------+-------------------------------------------------------------------------------------------------------+---------+
; File Name with User-Entered Path             ; Used in Netlist ; File Type                                             ; File Name with Absolute Path                                                                          ; Library ;
+----------------------------------------------+-----------------+-------------------------------------------------------+-------------------------------------------------------------------------------------------------------+---------+
; ../hdlsrc/NCO/FilterCoef.v                   ; yes             ; User Verilog HDL File                                 ; F:/Git_Repository/FPGA_myself/DDS/hdl_prj/hdlsrc/NCO/FilterCoef.v                                     ;         ;
; ../hdlsrc/NCO/FilterTapSystolicPreAddWvlIn.v ; yes             ; User Verilog HDL File                                 ; F:/Git_Repository/FPGA_myself/DDS/hdl_prj/hdlsrc/NCO/FilterTapSystolicPreAddWvlIn.v                   ;         ;
; ../hdlsrc/NCO/subFilter.v                    ; yes             ; User Verilog HDL File                                 ; F:/Git_Repository/FPGA_myself/DDS/hdl_prj/hdlsrc/NCO/subFilter.v                                      ;         ;
; ../hdlsrc/NCO/Filter.v                       ; yes             ; User Verilog HDL File                                 ; F:/Git_Repository/FPGA_myself/DDS/hdl_prj/hdlsrc/NCO/Filter.v                                         ;         ;
; ../hdlsrc/NCO/DitherGen.v                    ; yes             ; User Verilog HDL File                                 ; F:/Git_Repository/FPGA_myself/DDS/hdl_prj/hdlsrc/NCO/DitherGen.v                                      ;         ;
; ../hdlsrc/NCO/LookUpTableGen.v               ; yes             ; User Verilog HDL File                                 ; F:/Git_Repository/FPGA_myself/DDS/hdl_prj/hdlsrc/NCO/LookUpTableGen.v                                 ;         ;
; ../hdlsrc/NCO/WaveformGen.v                  ; yes             ; User Verilog HDL File                                 ; F:/Git_Repository/FPGA_myself/DDS/hdl_prj/hdlsrc/NCO/WaveformGen.v                                    ;         ;
; ../hdlsrc/NCO/NCO.v                          ; yes             ; User Verilog HDL File                                 ; F:/Git_Repository/FPGA_myself/DDS/hdl_prj/hdlsrc/NCO/NCO.v                                            ;         ;
; Subsystem_quartus.bdf                        ; yes             ; User Block Diagram/Schematic File                     ; F:/Git_Repository/FPGA_myself/DDS/hdl_prj/quartus_prj/Subsystem_quartus.bdf                           ;         ;
; altsyncram.tdf                               ; yes             ; Megafunction                                          ; f:/app_download/quartus_13/quartus/libraries/megafunctions/altsyncram.tdf                             ;         ;
; stratix_ram_block.inc                        ; yes             ; Megafunction                                          ; f:/app_download/quartus_13/quartus/libraries/megafunctions/stratix_ram_block.inc                      ;         ;
; lpm_mux.inc                                  ; yes             ; Megafunction                                          ; f:/app_download/quartus_13/quartus/libraries/megafunctions/lpm_mux.inc                                ;         ;
; lpm_decode.inc                               ; yes             ; Megafunction                                          ; f:/app_download/quartus_13/quartus/libraries/megafunctions/lpm_decode.inc                             ;         ;
; aglobal131.inc                               ; yes             ; Megafunction                                          ; f:/app_download/quartus_13/quartus/libraries/megafunctions/aglobal131.inc                             ;         ;
; a_rdenreg.inc                                ; yes             ; Megafunction                                          ; f:/app_download/quartus_13/quartus/libraries/megafunctions/a_rdenreg.inc                              ;         ;
; altrom.inc                                   ; yes             ; Megafunction                                          ; f:/app_download/quartus_13/quartus/libraries/megafunctions/altrom.inc                                 ;         ;
; altram.inc                                   ; yes             ; Megafunction                                          ; f:/app_download/quartus_13/quartus/libraries/megafunctions/altram.inc                                 ;         ;
; altdpram.inc                                 ; yes             ; Megafunction                                          ; f:/app_download/quartus_13/quartus/libraries/megafunctions/altdpram.inc                               ;         ;
; db/altsyncram_lt11.tdf                       ; yes             ; Auto-Generated Megafunction                           ; F:/Git_Repository/FPGA_myself/DDS/hdl_prj/quartus_prj/db/altsyncram_lt11.tdf                          ;         ;
; Subsystem_quartus.Subsystem_quartus0.rtl.mif ; yes             ; Auto-Generated Auto-Found Memory Initialization File  ; F:/Git_Repository/FPGA_myself/DDS/hdl_prj/quartus_prj/db/Subsystem_quartus.Subsystem_quartus0.rtl.mif ;         ;
+----------------------------------------------+-----------------+-------------------------------------------------------+-------------------------------------------------------------------------------------------------------+---------+


+---------------------------------------------------------+
; Analysis & Synthesis Resource Usage Summary             ;
+---------------------------------------------+-----------+
; Resource                                    ; Usage     ;
+---------------------------------------------+-----------+
; Estimated Total logic elements              ; 139       ;
;                                             ;           ;
; Total combinational functions               ; 84        ;
; Logic element usage by number of LUT inputs ;           ;
;     -- 4 input functions                    ; 6         ;
;     -- 3 input functions                    ; 47        ;
;     -- <=2 input functions                  ; 31        ;
;                                             ;           ;
; Logic elements by mode                      ;           ;
;     -- normal mode                          ; 30        ;
;     -- arithmetic mode                      ; 54        ;
;                                             ;           ;
; Total registers                             ; 114       ;
;     -- Dedicated logic registers            ; 114       ;
;     -- I/O registers                        ; 0         ;
;                                             ;           ;
; I/O pins                                    ; 33        ;
; Total memory bits                           ; 15360     ;
; Embedded Multiplier 9-bit elements          ; 0         ;
; Maximum fan-out node                        ; CLK~input ;
; Maximum fan-out                             ; 129       ;
; Total fan-out                               ; 667       ;
; Average fan-out                             ; 2.39      ;
+---------------------------------------------+-----------+


+-----------------------------------------------------------------------------------------------------------------------------------------------------------------------------------------------------------------------------------------------------------------------------------------------------------------------+
; Analysis & Synthesis Resource Utilization by Entity                                                                                                                                                                                                                                                                   ;
+-------------------------------------------------+-------------------+--------------+-------------+--------------+---------+-----------+------+--------------+------------------------------------------------------------------------------------------------------------------------------------------+--------------+
; Compilation Hierarchy Node                      ; LC Combinationals ; LC Registers ; Memory Bits ; DSP Elements ; DSP 9x9 ; DSP 18x18 ; Pins ; Virtual Pins ; Full Hierarchy Name                                                                                                                      ; Library Name ;
+-------------------------------------------------+-------------------+--------------+-------------+--------------+---------+-----------+------+--------------+------------------------------------------------------------------------------------------------------------------------------------------+--------------+
; |Subsystem_quartus                              ; 84 (0)            ; 114 (0)      ; 15360       ; 0            ; 0       ; 0         ; 33   ; 0            ; |Subsystem_quartus                                                                                                                       ; work         ;
;    |NCO:inst|                                   ; 84 (32)           ; 114 (52)     ; 15360       ; 0            ; 0       ; 0         ; 0    ; 0            ; |Subsystem_quartus|NCO:inst                                                                                                              ; work         ;
;       |DitherGen:u_dither_inst|                 ; 6 (6)             ; 19 (19)      ; 0           ; 0            ; 0       ; 0         ; 0    ; 0            ; |Subsystem_quartus|NCO:inst|DitherGen:u_dither_inst                                                                                      ; work         ;
;       |WaveformGen:u_Wave_inst|                 ; 46 (36)           ; 43 (18)      ; 15360       ; 0            ; 0       ; 0         ; 0    ; 0            ; |Subsystem_quartus|NCO:inst|WaveformGen:u_Wave_inst                                                                                      ; work         ;
;          |LookUpTableGen:u_SineWave_inst|       ; 10 (10)           ; 25 (25)      ; 15360       ; 0            ; 0       ; 0         ; 0    ; 0            ; |Subsystem_quartus|NCO:inst|WaveformGen:u_Wave_inst|LookUpTableGen:u_SineWave_inst                                                       ; work         ;
;             |altsyncram:Mux14_rtl_0|            ; 0 (0)             ; 0 (0)        ; 15360       ; 0            ; 0       ; 0         ; 0    ; 0            ; |Subsystem_quartus|NCO:inst|WaveformGen:u_Wave_inst|LookUpTableGen:u_SineWave_inst|altsyncram:Mux14_rtl_0                                ; work         ;
;                |altsyncram_lt11:auto_generated| ; 0 (0)             ; 0 (0)        ; 15360       ; 0            ; 0       ; 0         ; 0    ; 0            ; |Subsystem_quartus|NCO:inst|WaveformGen:u_Wave_inst|LookUpTableGen:u_SineWave_inst|altsyncram:Mux14_rtl_0|altsyncram_lt11:auto_generated ; work         ;
+-------------------------------------------------+-------------------+--------------+-------------+--------------+---------+-----------+------+--------------+------------------------------------------------------------------------------------------------------------------------------------------+--------------+
Note: For table entries with two numbers listed, the numbers in parentheses indicate the number of resources of the given type used by the specific entity alone. The numbers listed outside of parentheses indicate the total resources of the given type used by the specific entity and all of its sub-entities in the hierarchy.


+-------------------------------------------------------------------------------------------------------------------------------------------------------------------------------------------------------------------------------------------------------------------+
; Analysis & Synthesis RAM Summary                                                                                                                                                                                                                                  ;
+----------------------------------------------------------------------------------------------------------------------------------+------+------+--------------+--------------+--------------+--------------+-------+----------------------------------------------+
; Name                                                                                                                             ; Type ; Mode ; Port A Depth ; Port A Width ; Port B Depth ; Port B Width ; Size  ; MIF                                          ;
+----------------------------------------------------------------------------------------------------------------------------------+------+------+--------------+--------------+--------------+--------------+-------+----------------------------------------------+
; NCO:inst|WaveformGen:u_Wave_inst|LookUpTableGen:u_SineWave_inst|altsyncram:Mux14_rtl_0|altsyncram_lt11:auto_generated|ALTSYNCRAM ; AUTO ; ROM  ; 1024         ; 15           ; --           ; --           ; 15360 ; Subsystem_quartus.Subsystem_quartus0.rtl.mif ;
+----------------------------------------------------------------------------------------------------------------------------------+------+------+--------------+--------------+--------------+--------------+-------+----------------------------------------------+


+--------------------------------------------------------------------------------------------------------------------------+
; Registers Removed During Synthesis                                                                                       ;
+---------------------------------------------------------------------------------+----------------------------------------+
; Register name                                                                   ; Reason for Removal                     ;
+---------------------------------------------------------------------------------+----------------------------------------+
; NCO:inst|outsel_reg_reg[0..4]                                                   ; Stuck at VCC due to stuck port data_in ;
; NCO:inst|dither_reg[4..15]                                                      ; Stuck at GND due to stuck port data_in ;
; NCO:inst|WaveformGen:u_Wave_inst|LookUpTableGen:u_SineWave_inst|lutout_reg[15]  ; Stuck at GND due to stuck port data_in ;
; NCO:inst|WaveformGen:u_Wave_inst|LookUpTableGen:u_SineWave_inst|lutoutput_1[15] ; Stuck at GND due to stuck port data_in ;
; Total Number of Removed Registers = 19                                          ;                                        ;
+---------------------------------------------------------------------------------+----------------------------------------+


+--------------------------------------------------------------------------------------------------------------------------------------------------------------------------------------------------+
; Removed Registers Triggering Further Register Optimizations                                                                                                                                      ;
+--------------------------------------------------------------------------------+---------------------------+-------------------------------------------------------------------------------------+
; Register name                                                                  ; Reason for Removal        ; Registers Removed due to This Register                                              ;
+--------------------------------------------------------------------------------+---------------------------+-------------------------------------------------------------------------------------+
; NCO:inst|outsel_reg_reg[0]                                                     ; Stuck at VCC              ; NCO:inst|outsel_reg_reg[1], NCO:inst|outsel_reg_reg[2], NCO:inst|outsel_reg_reg[3], ;
;                                                                                ; due to stuck port data_in ; NCO:inst|outsel_reg_reg[4]                                                          ;
; NCO:inst|WaveformGen:u_Wave_inst|LookUpTableGen:u_SineWave_inst|lutout_reg[15] ; Stuck at GND              ; NCO:inst|WaveformGen:u_Wave_inst|LookUpTableGen:u_SineWave_inst|lutoutput_1[15]     ;
;                                                                                ; due to stuck port data_in ;                                                                                     ;
+--------------------------------------------------------------------------------+---------------------------+-------------------------------------------------------------------------------------+


+------------------------------------------------------+
; General Register Statistics                          ;
+----------------------------------------------+-------+
; Statistic                                    ; Value ;
+----------------------------------------------+-------+
; Total registers                              ; 114   ;
; Number of registers using Synchronous Clear  ; 0     ;
; Number of registers using Synchronous Load   ; 0     ;
; Number of registers using Asynchronous Clear ; 0     ;
; Number of registers using Asynchronous Load  ; 0     ;
; Number of registers using Clock Enable       ; 0     ;
; Number of registers using Preset             ; 0     ;
+----------------------------------------------+-------+


+------------------------------------------------------------------------------------------------------------------------------------------------------------------------+
; Registers Packed Into Inferred Megafunctions                                                                                                                           ;
+-----------------------------------------------------------------------------------+-----------------------------------------------------------------------------+------+
; Register Name                                                                     ; Megafunction                                                                ; Type ;
+-----------------------------------------------------------------------------------+-----------------------------------------------------------------------------+------+
; NCO:inst|WaveformGen:u_Wave_inst|LookUpTableGen:u_SineWave_inst|lutout_reg[0..14] ; NCO:inst|WaveformGen:u_Wave_inst|LookUpTableGen:u_SineWave_inst|Mux14_rtl_0 ; ROM  ;
+-----------------------------------------------------------------------------------+-----------------------------------------------------------------------------+------+


+--------------------------------------------------------------------------------------------------------------------------------------------------------------------------------------------------------------------+
; Multiplexer Restructuring Statistics (Restructuring Performed)                                                                                                                                                     ;
+--------------------+-----------+---------------+----------------------+------------------------+------------+------------------------------------------------------------------------------------------------------+
; Multiplexer Inputs ; Bus Width ; Baseline Area ; Area if Restructured ; Saving if Restructured ; Registered ; Example Multiplexer Output                                                                           ;
+--------------------+-----------+---------------+----------------------+------------------------+------------+------------------------------------------------------------------------------------------------------+
; 3:1                ; 10 bits   ; 20 LEs        ; 20 LEs               ; 0 LEs                  ; No         ; |Subsystem_quartus|NCO:inst|WaveformGen:u_Wave_inst|LookUpTableGen:u_SineWave_inst|Lookup_Table_k[7] ;
+--------------------+-----------+---------------+----------------------+------------------------+------------+------------------------------------------------------------------------------------------------------+


+----------------------------------------------------------------------------------------------------------------------------------------------+
; Source assignments for NCO:inst|WaveformGen:u_Wave_inst|LookUpTableGen:u_SineWave_inst|altsyncram:Mux14_rtl_0|altsyncram_lt11:auto_generated ;
+---------------------------------+--------------------+------+--------------------------------------------------------------------------------+
; Assignment                      ; Value              ; From ; To                                                                             ;
+---------------------------------+--------------------+------+--------------------------------------------------------------------------------+
; OPTIMIZE_POWER_DURING_SYNTHESIS ; NORMAL_COMPILATION ; -    ; -                                                                              ;
+---------------------------------+--------------------+------+--------------------------------------------------------------------------------+


+-----------------------------------------------------------------------------------------------------------------------------------------+
; Parameter Settings for Inferred Entity Instance: NCO:inst|WaveformGen:u_Wave_inst|LookUpTableGen:u_SineWave_inst|altsyncram:Mux14_rtl_0 ;
+------------------------------------+----------------------------------------------+-----------------------------------------------------+
; Parameter Name                     ; Value                                        ; Type                                                ;
+------------------------------------+----------------------------------------------+-----------------------------------------------------+
; BYTE_SIZE_BLOCK                    ; 8                                            ; Untyped                                             ;
; AUTO_CARRY_CHAINS                  ; ON                                           ; AUTO_CARRY                                          ;
; IGNORE_CARRY_BUFFERS               ; OFF                                          ; IGNORE_CARRY                                        ;
; AUTO_CASCADE_CHAINS                ; ON                                           ; AUTO_CASCADE                                        ;
; IGNORE_CASCADE_BUFFERS             ; OFF                                          ; IGNORE_CASCADE                                      ;
; WIDTH_BYTEENA                      ; 1                                            ; Untyped                                             ;
; OPERATION_MODE                     ; ROM                                          ; Untyped                                             ;
; WIDTH_A                            ; 15                                           ; Untyped                                             ;
; WIDTHAD_A                          ; 10                                           ; Untyped                                             ;
; NUMWORDS_A                         ; 1024                                         ; Untyped                                             ;
; OUTDATA_REG_A                      ; UNREGISTERED                                 ; Untyped                                             ;
; ADDRESS_ACLR_A                     ; NONE                                         ; Untyped                                             ;
; OUTDATA_ACLR_A                     ; NONE                                         ; Untyped                                             ;
; WRCONTROL_ACLR_A                   ; NONE                                         ; Untyped                                             ;
; INDATA_ACLR_A                      ; NONE                                         ; Untyped                                             ;
; BYTEENA_ACLR_A                     ; NONE                                         ; Untyped                                             ;
; WIDTH_B                            ; 1                                            ; Untyped                                             ;
; WIDTHAD_B                          ; 1                                            ; Untyped                                             ;
; NUMWORDS_B                         ; 1                                            ; Untyped                                             ;
; INDATA_REG_B                       ; CLOCK1                                       ; Untyped                                             ;
; WRCONTROL_WRADDRESS_REG_B          ; CLOCK1                                       ; Untyped                                             ;
; RDCONTROL_REG_B                    ; CLOCK1                                       ; Untyped                                             ;
; ADDRESS_REG_B                      ; CLOCK1                                       ; Untyped                                             ;
; OUTDATA_REG_B                      ; UNREGISTERED                                 ; Untyped                                             ;
; BYTEENA_REG_B                      ; CLOCK1                                       ; Untyped                                             ;
; INDATA_ACLR_B                      ; NONE                                         ; Untyped                                             ;
; WRCONTROL_ACLR_B                   ; NONE                                         ; Untyped                                             ;
; ADDRESS_ACLR_B                     ; NONE                                         ; Untyped                                             ;
; OUTDATA_ACLR_B                     ; NONE                                         ; Untyped                                             ;
; RDCONTROL_ACLR_B                   ; NONE                                         ; Untyped                                             ;
; BYTEENA_ACLR_B                     ; NONE                                         ; Untyped                                             ;
; WIDTH_BYTEENA_A                    ; 1                                            ; Untyped                                             ;
; WIDTH_BYTEENA_B                    ; 1                                            ; Untyped                                             ;
; RAM_BLOCK_TYPE                     ; AUTO                                         ; Untyped                                             ;
; BYTE_SIZE                          ; 8                                            ; Untyped                                             ;
; READ_DURING_WRITE_MODE_MIXED_PORTS ; DONT_CARE                                    ; Untyped                                             ;
; READ_DURING_WRITE_MODE_PORT_A      ; NEW_DATA_NO_NBE_READ                         ; Untyped                                             ;
; READ_DURING_WRITE_MODE_PORT_B      ; NEW_DATA_NO_NBE_READ                         ; Untyped                                             ;
; INIT_FILE                          ; Subsystem_quartus.Subsystem_quartus0.rtl.mif ; Untyped                                             ;
; INIT_FILE_LAYOUT                   ; PORT_A                                       ; Untyped                                             ;
; MAXIMUM_DEPTH                      ; 0                                            ; Untyped                                             ;
; CLOCK_ENABLE_INPUT_A               ; NORMAL                                       ; Untyped                                             ;
; CLOCK_ENABLE_INPUT_B               ; NORMAL                                       ; Untyped                                             ;
; CLOCK_ENABLE_OUTPUT_A              ; NORMAL                                       ; Untyped                                             ;
; CLOCK_ENABLE_OUTPUT_B              ; NORMAL                                       ; Untyped                                             ;
; CLOCK_ENABLE_CORE_A                ; USE_INPUT_CLKEN                              ; Untyped                                             ;
; CLOCK_ENABLE_CORE_B                ; USE_INPUT_CLKEN                              ; Untyped                                             ;
; ENABLE_ECC                         ; FALSE                                        ; Untyped                                             ;
; ECC_PIPELINE_STAGE_ENABLED         ; FALSE                                        ; Untyped                                             ;
; WIDTH_ECCSTATUS                    ; 3                                            ; Untyped                                             ;
; DEVICE_FAMILY                      ; Cyclone III                                  ; Untyped                                             ;
; CBXI_PARAMETER                     ; altsyncram_lt11                              ; Untyped                                             ;
+------------------------------------+----------------------------------------------+-----------------------------------------------------+
Note: In order to hide this table in the UI and the text report file, please set the "Show Parameter Settings in Synthesis Report" option in "Analysis and Synthesis Settings -> More Settings" to "Off".


+------------------------------------------------------------------------------------------------------------------------------------+
; altsyncram Parameter Settings by Entity Instance                                                                                   ;
+-------------------------------------------+----------------------------------------------------------------------------------------+
; Name                                      ; Value                                                                                  ;
+-------------------------------------------+----------------------------------------------------------------------------------------+
; Number of entity instances                ; 1                                                                                      ;
; Entity Instance                           ; NCO:inst|WaveformGen:u_Wave_inst|LookUpTableGen:u_SineWave_inst|altsyncram:Mux14_rtl_0 ;
;     -- OPERATION_MODE                     ; ROM                                                                                    ;
;     -- WIDTH_A                            ; 15                                                                                     ;
;     -- NUMWORDS_A                         ; 1024                                                                                   ;
;     -- OUTDATA_REG_A                      ; UNREGISTERED                                                                           ;
;     -- WIDTH_B                            ; 1                                                                                      ;
;     -- NUMWORDS_B                         ; 1                                                                                      ;
;     -- ADDRESS_REG_B                      ; CLOCK1                                                                                 ;
;     -- OUTDATA_REG_B                      ; UNREGISTERED                                                                           ;
;     -- RAM_BLOCK_TYPE                     ; AUTO                                                                                   ;
;     -- READ_DURING_WRITE_MODE_MIXED_PORTS ; DONT_CARE                                                                              ;
+-------------------------------------------+----------------------------------------------------------------------------------------+


+--------------------------------------------------------------------------------------------------------------------------+
; Port Connectivity Checks: "Filter:inst2|subFilter:u_subFilter_1_re|FilterTapSystolicPreAddWvlIn:u_FilterTap_40"          ;
+----------------+--------+----------+-------------------------------------------------------------------------------------+
; Port           ; Type   ; Severity ; Details                                                                             ;
+----------------+--------+----------+-------------------------------------------------------------------------------------+
; tapout[43..34] ; Output ; Info     ; Connected to dangling logic. Logic that only feeds a dangling port will be removed. ;
; tapout[17..0]  ; Output ; Info     ; Connected to dangling logic. Logic that only feeds a dangling port will be removed. ;
+----------------+--------+----------+-------------------------------------------------------------------------------------+


+----------------------------------------------------------------------------------------------------------------+
; Port Connectivity Checks: "Filter:inst2|subFilter:u_subFilter_1_re|FilterTapSystolicPreAddWvlIn:u_FilterTap_1" ;
+-------+-------+----------+-------------------------------------------------------------------------------------+
; Port  ; Type  ; Severity ; Details                                                                             ;
+-------+-------+----------+-------------------------------------------------------------------------------------+
; addin ; Input ; Info     ; Stuck at GND                                                                        ;
+-------+-------+----------+-------------------------------------------------------------------------------------+


+-------------------------------+
; Elapsed Time Per Partition    ;
+----------------+--------------+
; Partition Name ; Elapsed Time ;
+----------------+--------------+
; Top            ; 00:00:00     ;
+----------------+--------------+


+-------------------------------+
; Analysis & Synthesis Messages ;
+-------------------------------+
Info: *******************************************************************
Info: Running Quartus II 64-Bit Analysis & Synthesis
    Info: Version 13.1.0 Build 162 10/23/2013 SJ Full Version
    Info: Processing started: Thu Sep 14 20:31:40 2023
Info: Command: quartus_map --read_settings_files=on --write_settings_files=off Subsystem_quartus -c Subsystem_quartus
Info (11104): Parallel Compilation has detected 12 hyper-threaded processors. However, the extra hyper-threaded processors will not be used by default. Parallel Compilation will use 6 of the 6 physical processors detected instead.
Info (12021): Found 1 design units, including 1 entities, in source file /git_repository/fpga_myself/dds/hdl_prj/hdlsrc/nco/filtercoef.v
    Info (12023): Found entity 1: FilterCoef
Info (12021): Found 1 design units, including 1 entities, in source file /git_repository/fpga_myself/dds/hdl_prj/hdlsrc/nco/filtertapsystolicpreaddwvlin.v
    Info (12023): Found entity 1: FilterTapSystolicPreAddWvlIn
Info (12021): Found 1 design units, including 1 entities, in source file /git_repository/fpga_myself/dds/hdl_prj/hdlsrc/nco/subfilter.v
    Info (12023): Found entity 1: subFilter
Info (12021): Found 1 design units, including 1 entities, in source file /git_repository/fpga_myself/dds/hdl_prj/hdlsrc/nco/filter.v
    Info (12023): Found entity 1: Filter
Info (12021): Found 1 design units, including 1 entities, in source file /git_repository/fpga_myself/dds/hdl_prj/hdlsrc/nco/discrete_fir_filter.v
    Info (12023): Found entity 1: Discrete_FIR_Filter
Info (12021): Found 1 design units, including 1 entities, in source file /git_repository/fpga_myself/dds/hdl_prj/hdlsrc/nco/dithergen.v
    Info (12023): Found entity 1: DitherGen
Info (12021): Found 1 design units, including 1 entities, in source file /git_repository/fpga_myself/dds/hdl_prj/hdlsrc/nco/lookuptablegen.v
    Info (12023): Found entity 1: LookUpTableGen
Info (12021): Found 1 design units, including 1 entities, in source file /git_repository/fpga_myself/dds/hdl_prj/hdlsrc/nco/waveformgen.v
    Info (12023): Found entity 1: WaveformGen
Info (12021): Found 1 design units, including 1 entities, in source file /git_repository/fpga_myself/dds/hdl_prj/hdlsrc/nco/nco.v
    Info (12023): Found entity 1: NCO
Info (12021): Found 1 design units, including 1 entities, in source file /git_repository/fpga_myself/dds/hdl_prj/hdlsrc/nco/subsystem.v
    Info (12023): Found entity 1: Subsystem
Info (12021): Found 1 design units, including 1 entities, in source file subsystem_quartus.bdf
    Info (12023): Found entity 1: Subsystem_quartus
Info (12127): Elaborating entity "Subsystem_quartus" for the top level hierarchy
Info (12128): Elaborating entity "NCO" for hierarchy "NCO:inst"
Info (12128): Elaborating entity "DitherGen" for hierarchy "NCO:inst|DitherGen:u_dither_inst"
Info (12128): Elaborating entity "WaveformGen" for hierarchy "NCO:inst|WaveformGen:u_Wave_inst"
Info (12128): Elaborating entity "LookUpTableGen" for hierarchy "NCO:inst|WaveformGen:u_Wave_inst|LookUpTableGen:u_SineWave_inst"
Info (12128): Elaborating entity "Filter" for hierarchy "Filter:inst2"
Info (12128): Elaborating entity "FilterCoef" for hierarchy "Filter:inst2|FilterCoef:u_CoefTable_1"
Info (12128): Elaborating entity "subFilter" for hierarchy "Filter:inst2|subFilter:u_subFilter_1_re"
Info (12128): Elaborating entity "FilterTapSystolicPreAddWvlIn" for hierarchy "Filter:inst2|subFilter:u_subFilter_1_re|FilterTapSystolicPreAddWvlIn:u_FilterTap_1"
Info (19000): Inferred 1 megafunctions from design logic
    Info (276031): Inferred altsyncram megafunction from the following design logic: "NCO:inst|WaveformGen:u_Wave_inst|LookUpTableGen:u_SineWave_inst|Mux14_rtl_0"
        Info (286033): Parameter OPERATION_MODE set to ROM
        Info (286033): Parameter WIDTH_A set to 15
        Info (286033): Parameter WIDTHAD_A set to 10
        Info (286033): Parameter NUMWORDS_A set to 1024
        Info (286033): Parameter OUTDATA_REG_A set to UNREGISTERED
        Info (286033): Parameter RAM_BLOCK_TYPE set to AUTO
        Info (286033): Parameter INIT_FILE set to Subsystem_quartus.Subsystem_quartus0.rtl.mif
Info (12130): Elaborated megafunction instantiation "NCO:inst|WaveformGen:u_Wave_inst|LookUpTableGen:u_SineWave_inst|altsyncram:Mux14_rtl_0"
Info (12133): Instantiated megafunction "NCO:inst|WaveformGen:u_Wave_inst|LookUpTableGen:u_SineWave_inst|altsyncram:Mux14_rtl_0" with the following parameter:
    Info (12134): Parameter "OPERATION_MODE" = "ROM"
    Info (12134): Parameter "WIDTH_A" = "15"
    Info (12134): Parameter "WIDTHAD_A" = "10"
    Info (12134): Parameter "NUMWORDS_A" = "1024"
    Info (12134): Parameter "OUTDATA_REG_A" = "UNREGISTERED"
    Info (12134): Parameter "RAM_BLOCK_TYPE" = "AUTO"
    Info (12134): Parameter "INIT_FILE" = "Subsystem_quartus.Subsystem_quartus0.rtl.mif"
Info (12021): Found 1 design units, including 1 entities, in source file db/altsyncram_lt11.tdf
    Info (12023): Found entity 1: altsyncram_lt11
Info (286030): Timing-Driven Synthesis is running
Info (16010): Generating hard_block partition "hard_block:auto_generated_inst"
    Info (16011): Adding 0 node(s), including 0 DDIO, 0 PLL, 0 transceiver and 0 LCELL
Info (21057): Implemented 187 device resources after synthesis - the final resource count might be different
    Info (21058): Implemented 17 input pins
    Info (21059): Implemented 16 output pins
    Info (21061): Implemented 139 logic cells
    Info (21064): Implemented 15 RAM segments
Info: Quartus II 64-Bit Analysis & Synthesis was successful. 0 errors, 0 warnings
    Info: Peak virtual memory: 4691 megabytes
    Info: Processing ended: Thu Sep 14 20:31:42 2023
    Info: Elapsed time: 00:00:02
    Info: Total CPU time (on all processors): 00:00:01


