Flow report for NCO_quartus
Mon Sep 18 13:09:02 2023
Quartus II 64-Bit Version 13.1.0 Build 162 10/23/2013 SJ Full Version


---------------------
; Table of Contents ;
---------------------
  1. Legal Notice
  2. Flow Summary
  3. Flow Settings
  4. Flow Non-Default Global Settings
  5. Flow Elapsed Time
  6. Flow OS Summary
  7. Flow Log
  8. Flow Messages
  9. Flow Suppressed Messages



----------------
; Legal Notice ;
----------------
Copyright (C) 1991-2013 Altera Corporation
Your use of Altera Corporation's design tools, logic functions 
and other software and tools, and its AMPP partner logic 
functions, and any output files from any of the foregoing 
(including device programming or simulation files), and any 
associated documentation or information are expressly subject 
to the terms and conditions of the Altera Program License 
Subscription Agreement, Altera MegaCore Function License 
Agreement, or other applicable license agreement, including, 
without limitation, that your use is for the sole purpose of 
programming logic devices manufactured by Altera and sold by 
Altera or its authorized distributors.  Please refer to the 
applicable agreement for further details.



+----------------------------------------------------------------------------------+
; Flow Summary                                                                     ;
+------------------------------------+---------------------------------------------+
; Flow Status                        ; Successful - Mon Sep 18 13:09:02 2023       ;
; Quartus II 64-Bit Version          ; 13.1.0 Build 162 10/23/2013 SJ Full Version ;
; Revision Name                      ; NCO_quartus                                 ;
; Top-level Entity Name              ; NCO_quartus                                 ;
; Family                             ; Cyclone III                                 ;
; Device                             ; EP3C40F484C6                                ;
; Timing Models                      ; Final                                       ;
; Total logic elements               ; 1,200 / 39,600 ( 3 % )                      ;
;     Total combinational functions  ; 1,029 / 39,600 ( 3 % )                      ;
;     Dedicated logic registers      ; 860 / 39,600 ( 2 % )                        ;
; Total registers                    ; 860                                         ;
; Total pins                         ; 35 / 332 ( 11 % )                           ;
; Total virtual pins                 ; 0                                           ;
; Total memory bits                  ; 7,460 / 1,161,216 ( < 1 % )                 ;
; Embedded Multiplier 9-bit elements ; 6 / 252 ( 2 % )                             ;
; Total PLLs                         ; 1 / 4 ( 25 % )                              ;
+------------------------------------+---------------------------------------------+


+-----------------------------------------+
; Flow Settings                           ;
+-------------------+---------------------+
; Option            ; Setting             ;
+-------------------+---------------------+
; Start date & time ; 09/18/2023 13:08:01 ;
; Main task         ; Compilation         ;
; Revision Name     ; NCO_quartus         ;
+-------------------+---------------------+


+--------------------------------------------------------------------------------------------------------------------------------------------------------------------+
; Flow Non-Default Global Settings                                                                                                                                   ;
+-------------------------------------+-------------------------------------------------------------------------------+---------------+-------------+----------------+
; Assignment Name                     ; Value                                                                         ; Default Value ; Entity Name ; Section Id     ;
+-------------------------------------+-------------------------------------------------------------------------------+---------------+-------------+----------------+
; COMPILER_SIGNATURE_ID               ; 158527627674065.169501368122184                                               ; --            ; --          ; --             ;
; EDA_GENERATE_FUNCTIONAL_NETLIST     ; On                                                                            ; --            ; --          ; eda_simulation ;
; EDA_NETLIST_WRITER_OUTPUT_DIR       ; F:/Git_Repository/FPGA_myself/DDS/DDS_NEW/hdlsrc/quartus_prj/simulation/qsim/ ; --            ; --          ; eda_simulation ;
; EDA_OUTPUT_DATA_FORMAT              ; Verilog Hdl                                                                   ; --            ; --          ; eda_simulation ;
; EDA_SIMULATION_TOOL                 ; ModelSim-Altera (Verilog)                                                     ; <None>        ; --          ; --             ;
; PARTITION_COLOR                     ; 16764057                                                                      ; --            ; --          ; Top            ;
; PARTITION_FITTER_PRESERVATION_LEVEL ; PLACEMENT_AND_ROUTING                                                         ; --            ; --          ; Top            ;
; PARTITION_NETLIST_TYPE              ; SOURCE                                                                        ; --            ; --          ; Top            ;
+-------------------------------------+-------------------------------------------------------------------------------+---------------+-------------+----------------+


+-------------------------------------------------------------------------------------------------------------------------------+
; Flow Elapsed Time                                                                                                             ;
+---------------------------+--------------+-------------------------+---------------------+------------------------------------+
; Module Name               ; Elapsed Time ; Average Processors Used ; Peak Virtual Memory ; Total CPU Time (on all processors) ;
+---------------------------+--------------+-------------------------+---------------------+------------------------------------+
; Analysis & Synthesis      ; 00:00:04     ; 1.0                     ; 4720 MB             ; 00:00:02                           ;
; Fitter                    ; 00:00:09     ; 1.4                     ; 5640 MB             ; 00:00:05                           ;
; Assembler                 ; 00:00:02     ; 1.0                     ; 4614 MB             ; 00:00:01                           ;
; TimeQuest Timing Analyzer ; 00:00:02     ; 2.0                     ; 4758 MB             ; 00:00:01                           ;
; EDA Netlist Writer        ; 00:00:00     ; 1.0                     ; 4578 MB             ; 00:00:00                           ;
; EDA Netlist Writer        ; 00:00:01     ; 1.0                     ; 4587 MB             ; 00:00:00                           ;
; EDA Netlist Writer        ; 00:00:01     ; 1.0                     ; 4587 MB             ; 00:00:00                           ;
; Total                     ; 00:00:19     ; --                      ; --                  ; 00:00:09                           ;
+---------------------------+--------------+-------------------------+---------------------+------------------------------------+


+----------------------------------------------------------------------------------------+
; Flow OS Summary                                                                        ;
+---------------------------+------------------+-----------+------------+----------------+
; Module Name               ; Machine Hostname ; OS Name   ; OS Version ; Processor type ;
+---------------------------+------------------+-----------+------------+----------------+
; Analysis & Synthesis      ; MOERJIE_PC       ; Windows 7 ; 6.2        ; x86_64         ;
; Fitter                    ; MOERJIE_PC       ; Windows 7 ; 6.2        ; x86_64         ;
; Assembler                 ; MOERJIE_PC       ; Windows 7 ; 6.2        ; x86_64         ;
; TimeQuest Timing Analyzer ; MOERJIE_PC       ; Windows 7 ; 6.2        ; x86_64         ;
; EDA Netlist Writer        ; MOERJIE_PC       ; Windows 7 ; 6.2        ; x86_64         ;
; EDA Netlist Writer        ; MOERJIE_PC       ; Windows 7 ; 6.2        ; x86_64         ;
; EDA Netlist Writer        ; MOERJIE_PC       ; Windows 7 ; 6.2        ; x86_64         ;
+---------------------------+------------------+-----------+------------+----------------+


------------
; Flow Log ;
------------
quartus_map --read_settings_files=on --write_settings_files=off NCO_quartus -c NCO_quartus
quartus_fit --read_settings_files=off --write_settings_files=off NCO_quartus -c NCO_quartus
quartus_asm --read_settings_files=off --write_settings_files=off NCO_quartus -c NCO_quartus
quartus_sta NCO_quartus -c NCO_quartus
quartus_eda --read_settings_files=off --write_settings_files=off NCO_quartus -c NCO_quartus
quartus_eda --gen_testbench --check_outputs=on --tool=modelsim_oem --format=verilog NCO_quartus -c NCO_quartus --vector_source=F:/Git_Repository/FPGA_myself/DDS/DDS_NEW/hdlsrc/hdlsrc/Waveform.vwf --testbench_file=F:/Git_Repository/FPGA_myself/DDS/DDS_NEW/hdlsrc/quartus_prj/simulation/qsim/Waveform.vwf.vt
quartus_eda --functional=on --flatten_buses=off --simulation=on --tool=modelsim_oem --format=verilog --output_directory=F:/Git_Repository/FPGA_myself/DDS/DDS_NEW/hdlsrc/quartus_prj/simulation/qsim/ NCO_quartus -c NCO_quartus



