Analysis & Synthesis report for i2s
Sun Oct 22 20:07:00 2023
Quartus II 64-Bit Version 13.1.0 Build 162 10/23/2013 SJ Full Version


---------------------
; Table of Contents ;
---------------------
  1. Legal Notice
  2. Analysis & Synthesis Summary
  3. Analysis & Synthesis Settings
  4. Parallel Compilation
  5. Analysis & Synthesis Messages



----------------
; Legal Notice ;
----------------
Copyright (C) 1991-2013 Altera Corporation
Your use of Altera Corporation's design tools, logic functions 
and other software and tools, and its AMPP partner logic 
functions, and any output files from any of the foregoing 
(including device programming or simulation files), and any 
associated documentation or information are expressly subject 
to the terms and conditions of the Altera Program License 
Subscription Agreement, Altera MegaCore Function License 
Agreement, or other applicable license agreement, including, 
without limitation, that your use is for the sole purpose of 
programming logic devices manufactured by Altera and sold by 
Altera or its authorized distributors.  Please refer to the 
applicable agreement for further details.



+----------------------------------------------------------------------------------+
; Analysis & Synthesis Summary                                                     ;
+------------------------------------+---------------------------------------------+
; Analysis & Synthesis Status        ; Failed - Sun Oct 22 20:07:00 2023           ;
; Quartus II 64-Bit Version          ; 13.1.0 Build 162 10/23/2013 SJ Full Version ;
; Revision Name                      ; i2s                                         ;
; Top-level Entity Name              ; i2s                                         ;
; Family                             ; Cyclone III                                 ;
; Total logic elements               ; N/A until Partition Merge                   ;
;     Total combinational functions  ; N/A until Partition Merge                   ;
;     Dedicated logic registers      ; N/A until Partition Merge                   ;
; Total registers                    ; N/A until Partition Merge                   ;
; Total pins                         ; N/A until Partition Merge                   ;
; Total virtual pins                 ; N/A until Partition Merge                   ;
; Total memory bits                  ; N/A until Partition Merge                   ;
; Embedded Multiplier 9-bit elements ; N/A until Partition Merge                   ;
; Total PLLs                         ; N/A until Partition Merge                   ;
+------------------------------------+---------------------------------------------+


+----------------------------------------------------------------------------------------------------------------------+
; Analysis & Synthesis Settings                                                                                        ;
+----------------------------------------------------------------------------+--------------------+--------------------+
; Option                                                                     ; Setting            ; Default Value      ;
+----------------------------------------------------------------------------+--------------------+--------------------+
; Device                                                                     ; EP3C16F484C6       ;                    ;
; Top-level entity name                                                      ; i2s                ; i2s                ;
; Family name                                                                ; Cyclone III        ; Cyclone IV GX      ;
; Use smart compilation                                                      ; Off                ; Off                ;
; Enable parallel Assembler and TimeQuest Timing Analyzer during compilation ; On                 ; On                 ;
; Enable compact report table                                                ; Off                ; Off                ;
; Restructure Multiplexers                                                   ; Auto               ; Auto               ;
; Create Debugging Nodes for IP Cores                                        ; Off                ; Off                ;
; Preserve fewer node names                                                  ; On                 ; On                 ;
; Disable OpenCore Plus hardware evaluation                                  ; Off                ; Off                ;
; Verilog Version                                                            ; Verilog_2001       ; Verilog_2001       ;
; VHDL Version                                                               ; VHDL_1993          ; VHDL_1993          ;
; State Machine Processing                                                   ; Auto               ; Auto               ;
; Safe State Machine                                                         ; Off                ; Off                ;
; Extract Verilog State Machines                                             ; On                 ; On                 ;
; Extract VHDL State Machines                                                ; On                 ; On                 ;
; Ignore Verilog initial constructs                                          ; Off                ; Off                ;
; Iteration limit for constant Verilog loops                                 ; 5000               ; 5000               ;
; Iteration limit for non-constant Verilog loops                             ; 250                ; 250                ;
; Add Pass-Through Logic to Inferred RAMs                                    ; On                 ; On                 ;
; Infer RAMs from Raw Logic                                                  ; On                 ; On                 ;
; Parallel Synthesis                                                         ; On                 ; On                 ;
; DSP Block Balancing                                                        ; Auto               ; Auto               ;
; NOT Gate Push-Back                                                         ; On                 ; On                 ;
; Power-Up Don't Care                                                        ; On                 ; On                 ;
; Remove Redundant Logic Cells                                               ; Off                ; Off                ;
; Remove Duplicate Registers                                                 ; On                 ; On                 ;
; Ignore CARRY Buffers                                                       ; Off                ; Off                ;
; Ignore CASCADE Buffers                                                     ; Off                ; Off                ;
; Ignore GLOBAL Buffers                                                      ; Off                ; Off                ;
; Ignore ROW GLOBAL Buffers                                                  ; Off                ; Off                ;
; Ignore LCELL Buffers                                                       ; Off                ; Off                ;
; Ignore SOFT Buffers                                                        ; On                 ; On                 ;
; Limit AHDL Integers to 32 Bits                                             ; Off                ; Off                ;
; Optimization Technique                                                     ; Balanced           ; Balanced           ;
; Carry Chain Length                                                         ; 70                 ; 70                 ;
; Auto Carry Chains                                                          ; On                 ; On                 ;
; Auto Open-Drain Pins                                                       ; On                 ; On                 ;
; Perform WYSIWYG Primitive Resynthesis                                      ; Off                ; Off                ;
; Auto ROM Replacement                                                       ; On                 ; On                 ;
; Auto RAM Replacement                                                       ; On                 ; On                 ;
; Auto DSP Block Replacement                                                 ; On                 ; On                 ;
; Auto Shift Register Replacement                                            ; Auto               ; Auto               ;
; Allow Shift Register Merging across Hierarchies                            ; Auto               ; Auto               ;
; Auto Clock Enable Replacement                                              ; On                 ; On                 ;
; Strict RAM Replacement                                                     ; Off                ; Off                ;
; Allow Synchronous Control Signals                                          ; On                 ; On                 ;
; Force Use of Synchronous Clear Signals                                     ; Off                ; Off                ;
; Auto RAM Block Balancing                                                   ; On                 ; On                 ;
; Auto RAM to Logic Cell Conversion                                          ; Off                ; Off                ;
; Auto Resource Sharing                                                      ; Off                ; Off                ;
; Allow Any RAM Size For Recognition                                         ; Off                ; Off                ;
; Allow Any ROM Size For Recognition                                         ; Off                ; Off                ;
; Allow Any Shift Register Size For Recognition                              ; Off                ; Off                ;
; Use LogicLock Constraints during Resource Balancing                        ; On                 ; On                 ;
; Ignore translate_off and synthesis_off directives                          ; Off                ; Off                ;
; Timing-Driven Synthesis                                                    ; On                 ; On                 ;
; Report Parameter Settings                                                  ; On                 ; On                 ;
; Report Source Assignments                                                  ; On                 ; On                 ;
; Report Connectivity Checks                                                 ; On                 ; On                 ;
; Ignore Maximum Fan-Out Assignments                                         ; Off                ; Off                ;
; Synchronization Register Chain Length                                      ; 2                  ; 2                  ;
; PowerPlay Power Optimization                                               ; Normal compilation ; Normal compilation ;
; HDL message level                                                          ; Level2             ; Level2             ;
; Suppress Register Optimization Related Messages                            ; Off                ; Off                ;
; Number of Removed Registers Reported in Synthesis Report                   ; 5000               ; 5000               ;
; Number of Swept Nodes Reported in Synthesis Report                         ; 5000               ; 5000               ;
; Number of Inverted Registers Reported in Synthesis Report                  ; 100                ; 100                ;
; Clock MUX Protection                                                       ; On                 ; On                 ;
; Auto Gated Clock Conversion                                                ; Off                ; Off                ;
; Block Design Naming                                                        ; Auto               ; Auto               ;
; SDC constraint protection                                                  ; Off                ; Off                ;
; Synthesis Effort                                                           ; Auto               ; Auto               ;
; Shift Register Replacement - Allow Asynchronous Clear Signal               ; On                 ; On                 ;
; Pre-Mapping Resynthesis Optimization                                       ; Off                ; Off                ;
; Analysis & Synthesis Message Level                                         ; Medium             ; Medium             ;
; Disable Register Merging Across Hierarchies                                ; Auto               ; Auto               ;
; Resource Aware Inference For Block RAM                                     ; On                 ; On                 ;
; Synthesis Seed                                                             ; 1                  ; 1                  ;
+----------------------------------------------------------------------------+--------------------+--------------------+


+------------------------------------------+
; Parallel Compilation                     ;
+----------------------------+-------------+
; Processors                 ; Number      ;
+----------------------------+-------------+
; Number detected on machine ; 12          ;
; Maximum allowed            ; 6           ;
;                            ;             ;
; Average used               ; 1.00        ;
; Maximum used               ; 1           ;
;                            ;             ;
; Usage by Processor         ; % Time Used ;
;     Processor 1            ; 100.0%      ;
;     Processors 2-12        ;   0.0%      ;
+----------------------------+-------------+


+-------------------------------+
; Analysis & Synthesis Messages ;
+-------------------------------+
Info: *******************************************************************
Info: Running Quartus II 64-Bit Analysis & Synthesis
    Info: Version 13.1.0 Build 162 10/23/2013 SJ Full Version
    Info: Processing started: Sun Oct 22 20:06:59 2023
Info: Command: quartus_map --read_settings_files=on --write_settings_files=off i2s -c i2s
Info (11104): Parallel Compilation has detected 12 hyper-threaded processors. However, the extra hyper-threaded processors will not be used by default. Parallel Compilation will use 6 of the 6 physical processors detected instead.
Info (12021): Found 1 design units, including 1 entities, in source file auout_cs4334.v
    Info (12023): Found entity 1: auout_cs4334
Info (12021): Found 1 design units, including 1 entities, in source file myi2s.v
    Info (12023): Found entity 1: myi2s
Info (12021): Found 1 design units, including 1 entities, in source file /git_repository/fpga_myself/dds/i2s/hdlsrc/gen_lrclk/hdlsrc/gen_lrclk/gen_lrclk_block.v
    Info (12023): Found entity 1: GEN_LRCLK_block
Info (12021): Found 1 design units, including 1 entities, in source file /git_repository/fpga_myself/dds/i2s/hdlsrc/gen_lrclk/hdlsrc/gen_lrclk/gen_lrclk.v
    Info (12023): Found entity 1: GEN_LRCLK
Error (10228): Verilog HDL error at auout_cs4334.v(2): module "auout_cs4334" cannot be declared more than once File: F:/Git_Repository/FPGA_myself/DDS/I2S/DDS_32BIT/hdlsrc/auout_cs4334.v Line: 2
Info (10499): HDL info at auout_cs4334.v(2): see declaration for object "auout_cs4334"
Info (12021): Found 0 design units, including 0 entities, in source file /git_repository/fpga_myself/dds/i2s/dds_32bit/hdlsrc/auout_cs4334.v
Info (12021): Found 1 design units, including 1 entities, in source file /git_repository/fpga_myself/dds/i2s/hdl_prj/nco/hdlsrc/nco_32/waveformgen.v
    Info (12023): Found entity 1: WaveformGen
Info (12021): Found 1 design units, including 1 entities, in source file /git_repository/fpga_myself/dds/i2s/hdl_prj/nco/hdlsrc/nco_32/subsystem.v
    Info (12023): Found entity 1: Subsystem
Info (12021): Found 1 design units, including 1 entities, in source file /git_repository/fpga_myself/dds/i2s/hdl_prj/nco/hdlsrc/nco_32/subfilter.v
    Info (12023): Found entity 1: subFilter
Info (12021): Found 1 design units, including 1 entities, in source file /git_repository/fpga_myself/dds/i2s/hdl_prj/nco/hdlsrc/nco_32/nco_32.v
    Info (12023): Found entity 1: NCO_32
Info (12021): Found 1 design units, including 1 entities, in source file /git_repository/fpga_myself/dds/i2s/hdl_prj/nco/hdlsrc/nco_32/nco.v
    Info (12023): Found entity 1: NCO
Info (12021): Found 1 design units, including 1 entities, in source file /git_repository/fpga_myself/dds/i2s/hdl_prj/nco/hdlsrc/nco_32/lookuptablegen.v
    Info (12023): Found entity 1: LookUpTableGen
Info (12021): Found 1 design units, including 1 entities, in source file /git_repository/fpga_myself/dds/i2s/hdl_prj/nco/hdlsrc/nco_32/lookup_table.v
    Info (12023): Found entity 1: Lookup_Table
Info (12021): Found 1 design units, including 1 entities, in source file /git_repository/fpga_myself/dds/i2s/hdl_prj/nco/hdlsrc/nco_32/filtertapsystolicpreaddwvlin.v
    Info (12023): Found entity 1: FilterTapSystolicPreAddWvlIn
Info (12021): Found 1 design units, including 1 entities, in source file /git_repository/fpga_myself/dds/i2s/hdl_prj/nco/hdlsrc/nco_32/filtercoef.v
    Info (12023): Found entity 1: FilterCoef
Info (12021): Found 1 design units, including 1 entities, in source file /git_repository/fpga_myself/dds/i2s/hdl_prj/nco/hdlsrc/nco_32/filter.v
    Info (12023): Found entity 1: Filter
Info (12021): Found 1 design units, including 1 entities, in source file /git_repository/fpga_myself/dds/i2s/hdl_prj/nco/hdlsrc/nco_32/dithergen.v
    Info (12023): Found entity 1: DitherGen
Info (12021): Found 1 design units, including 1 entities, in source file /git_repository/fpga_myself/dds/i2s/hdl_prj/nco/hdlsrc/nco_32/discrete_fir_filter.v
    Info (12023): Found entity 1: Discrete_FIR_Filter
Info (12021): Found 2 design units, including 2 entities, in source file module.v
    Info (12023): Found entity 1: piso_shift_reg
    Info (12023): Found entity 2: bus_LSB_staff_zero
Info (12021): Found 8 design units, including 8 entities, in source file /git_repository/fpga_myself/dds/i2s/dds_32bit/hdlsrc/rtl_module.v
    Info (12023): Found entity 1: ADC_interface
    Info (12023): Found entity 2: DAC_interface
    Info (12023): Found entity 3: shift_reg_SIPO
    Info (12023): Found entity 4: cnt_sync
    Info (12023): Found entity 5: cnt_incr
    Info (12023): Found entity 6: cnt_en_0to9
    Info (12023): Found entity 7: cnt_0to9
    Info (12023): Found entity 8: dec_2to4
Info (12021): Found 1 design units, including 1 entities, in source file /git_repository/fpga_myself/dds/i2s/dds_32bit/hdlsrc/pll_mclk.v
    Info (12023): Found entity 1: pll_MCLK
Info (12021): Found 1 design units, including 1 entities, in source file /git_repository/fpga_myself/dds/i2s/dds_32bit/hdlsrc/pll_dac_adc.v
    Info (12023): Found entity 1: pll_DAC_ADC
Warning (12090): Entity "mux" obtained from "../DDS_32BIT/hdlsrc/mux.v" instead of from Quartus II megafunction library
Info (12021): Found 2 design units, including 2 entities, in source file /git_repository/fpga_myself/dds/i2s/dds_32bit/hdlsrc/mux.v
    Info (12023): Found entity 1: mux
    Info (12023): Found entity 2: mux_2
Info (12021): Found 3 design units, including 3 entities, in source file /git_repository/fpga_myself/dds/i2s/dds_32bit/hdlsrc/fre_sel.v
    Info (12023): Found entity 1: fre_sel
    Info (12023): Found entity 2: fre_sel_32b
    Info (12023): Found entity 3: fre_sel_audio
Info (12021): Found 1 design units, including 1 entities, in source file i2s.bdf
    Info (12023): Found entity 1: i2s
Info (12021): Found 1 design units, including 1 entities, in source file new.bdf
    Info (12023): Found entity 1: NEW
Error: Quartus II 64-Bit Analysis & Synthesis was unsuccessful. 1 error, 1 warning
    Error: Peak virtual memory: 4607 megabytes
    Error: Processing ended: Sun Oct 22 20:07:00 2023
    Error: Elapsed time: 00:00:01
    Error: Total CPU time (on all processors): 00:00:00


